<!DOCTYPE html><html><head><title>IRC channel logs</title><style>html {
  background: #fdfdfd;
}

h1 {
  font-weight: 300;
}

h2 {
  font-weight: 200;
}

h3 {
  padding: .5em 0;
  border-top: 3px dotted #ddd;
  margin-bottom: 0;
}

form {
  width: 400px;
  display: flex;
}

input {
  width: 100%;
  display: flex;
  border-radius: .25em 0 0 .25em;
  border: 1px solid #aaa;
  border-right: 0;
  padding: 0.5em;
}

button {
  display: flex;
  border-radius: 0 .25em .25em 0;
  background-color: #007bff;
  border: 1px solid #007bff;
  padding: .5em;
  cursor: pointer;
  color: white;
}

button:hover {
  background-color: #0069d9;
  border-color: #0062cc;
}

a {
  color: #007bff;
  text-decoration: none;
}

a:hover {
  text-decoration: underline;
}

h4 {
  margin-bottom: .5em;
}

table td {
  padding: 0.75em;
}

table tr:hover {
  background: #eee;
}

.year {
  display: table;
}

.month {
  display: table-cell;
  padding-right: 1em;
}

ul {
  margin: 0;
  padding: 0;
  list-style: none;
}

.nick {
  padding-right: 0.6rem;
  font-weight: bold;
  text-align: right;
  width: 13rem;
  display: table-cell;
}

.nick a {
  color: inherit;
  text-decoration: none;
}

.message {
  display: table-cell;
  padding-left: 0.6rem;
  border-left: 2px solid #333;
}

.notice {
  color: #859900;
  font-style: italic;
}

.line {
  line-height: 1.8rem;
  display: table;
}

#logs {
  margin-top: 1.5rem;
  padding: 1.5rem;
}
</style></head><body><h1>IRC channel logs</h1><h2>2019-10-06.log</h2><p><a href="/bootstrappable">back to list of logs</a></p><div id="logs"><div class="line" id="102036"><span class="nick" style="color:#8dd3c7"><a href="#102036" label="[10:20:36]">*</a></span><span class="message">janneke distilled another gash sed bug from patch-2.5.9</span></div><div class="line" id="110217"><span class="nick" style="color:#2e2a4a"><a href="#110217" label="[11:02:17]">&lt;janneke&gt;</a></span><span class="message">brought under test and fixed</span></div><div class="line" id="114613"><span class="nick" style="color:#2e2a4a"><a href="#114613" label="[11:46:13]">&lt;janneke&gt;</a></span><span class="message">support for ~autoconf-1.120 and ~autoconf-2.57 based packages is starting to look pretty ok</span></div><div class="line" id="130335"><span class="nick" style="color:#6b8072"><a href="#130335" label="[13:03:35]">&lt;OriansJ&gt;</a></span><span class="message">janneke: nice</span></div><div class="line" id="161319"><span class="nick" style="color:#2e2a4a"><a href="#161319" label="[16:13:19]">&lt;janneke&gt;</a></span><span class="message">grmbl, binutils-2.14's libtool 1.4a-GCC3.0 needs egrep</span></div><div class="line" id="161332"><span class="nick" style="color:#2e2a4a"><a href="#161332" label="[16:13:32]">&lt;janneke&gt;</a></span><span class="message">well, happy i found this anyway</span></div><div class="line" id="165936"><span class="nick" style="color:#80b1d3"><a href="#165936" label="[16:59:36]">&lt;dddddd&gt;</a></span><span class="message"> <a rel="nofollow" href="https://weinholt.se/articles/new-r6rs-compiler/">https://weinholt.se/articles/new-r6rs-compiler/</a>  &quot;&quot;&quot;It is written in R6RS Scheme and a wafer thin amount of assembly. Once it has been bootstrapped it can self-compile. There is no C code in the compiler or the runtime. [...] The binaries are simultaneously Linux ELF binaries and multiboot binaries for bare hardware.&quot;&quot;&quot;</span></div><div class="line" id="170005"><span class="nick" style="color:#6d2462"><a href="#170005" label="[17:00:05]">&lt;rain2&gt;</a></span><span class="message">so cool what he is doing</span></div><div class="line" id="175104"><span class="nick" style="color:#2e2a4a"><a href="#175104" label="[17:51:04]">&lt;janneke&gt;</a></span><span class="message">yeah, bring a couple of pieces like this together...</span></div><div class="line" id="185717"><span class="nick" style="color:#234e69"><a href="#185717" label="[18:57:17]">&lt;xentrac&gt;</a></span><span class="message">yeah, we've talked about Loko a couple of times. it looks awesome but I haven't tried it</span></div><br /></div></body></html>