<!DOCTYPE html><html><head><title>IRC channel logs</title><style>html {
  background: #fdfdfd;
}

h1 {
  font-weight: 300;
}

h2 {
  font-weight: 200;
}

h3 {
  padding: .5em 0;
  border-top: 3px dotted #ddd;
  margin-bottom: 0;
}

form {
  width: 400px;
  display: flex;
}

input {
  width: 100%;
  display: flex;
  border-radius: .25em 0 0 .25em;
  border: 1px solid #aaa;
  border-right: 0;
  padding: 0.5em;
}

button {
  display: flex;
  border-radius: 0 .25em .25em 0;
  background-color: #007bff;
  border: 1px solid #007bff;
  padding: .5em;
  cursor: pointer;
  color: white;
}

button:hover {
  background-color: #0069d9;
  border-color: #0062cc;
}

a {
  color: #007bff;
  text-decoration: none;
}

a:hover {
  text-decoration: underline;
}

h4 {
  margin-bottom: .5em;
}

table td {
  padding: 0.75em;
}

table tr:hover {
  background: #eee;
}

.year {
  display: table;
}

.month {
  display: table-cell;
  padding-right: 1em;
}

ul {
  margin: 0;
  padding: 0;
  list-style: none;
}

.nick {
  padding-right: 0.6rem;
  font-weight: bold;
  text-align: right;
  width: 13rem;
  display: table-cell;
}

.nick a {
  color: inherit;
  text-decoration: none;
}

.message {
  display: table-cell;
  padding-left: 0.6rem;
  border-left: 2px solid #333;
}

.notice {
  color: #859900;
  font-style: italic;
}

.line {
  line-height: 1.8rem;
  display: table;
}

#logs {
  margin-top: 1.5rem;
  padding: 1.5rem;
}
</style></head><body><h1>IRC channel logs</h1><h2>2019-08-12.log</h2><p><a href="/bootstrappable">back to list of logs</a></p><div id="logs"><div class="line" id="004034"><span class="nick">***</span><span class="message notice">scs is now known as Guest71617</span></div><div class="line" id="013442"><span class="nick" style="color:#8dd3c7"><a href="#013442" label="[01:34:42]">&lt;OriansJ&gt;</a></span><span class="message">dddddd: nicely done; soom you'll have completed a complete M2-Planet port ^_^</span></div><div class="line" id="024604"><span class="nick">***</span><span class="message notice">scs is now known as Guest51225</span></div><div class="line" id="045138"><span class="nick">***</span><span class="message notice">scs is now known as Guest64289</span></div><div class="line" id="065702"><span class="nick">***</span><span class="message notice">scs is now known as Guest81458</span></div><div class="line" id="090235"><span class="nick">***</span><span class="message notice">scs is now known as Guest7032</span></div><div class="line" id="110809"><span class="nick">***</span><span class="message notice">scs is now known as Guest74994</span></div><div class="line" id="131335"><span class="nick">***</span><span class="message notice">scs is now known as Guest14482</span></div><div class="line" id="151905"><span class="nick">***</span><span class="message notice">scs is now known as Guest47358</span></div><div class="line" id="172435"><span class="nick">***</span><span class="message notice">scs is now known as Guest27383</span></div><div class="line" id="193004"><span class="nick">***</span><span class="message notice">scs is now known as Guest20492</span></div><div class="line" id="213237"><span class="nick">***</span><span class="message notice">ChanServ sets mode: +o rekado_</span></div><div class="line" id="213534"><span class="nick">***</span><span class="message notice">scs is now known as Guest17205</span></div><div class="line" id="230507"><span class="nick" style="color:#2e2a4a"><a href="#230507" label="[23:05:07]">&lt;true-grue&gt;</a></span><span class="message">Hi all!</span></div><div class="line" id="230736"><span class="nick" style="color:#6b8072"><a href="#230736" label="[23:07:36]">&lt;rain2&gt;</a></span><span class="message">hey</span></div><div class="line" id="230935"><span class="nick" style="color:#2e2a4a"><a href="#230935" label="[23:09:35]">&lt;true-grue&gt;</a></span><span class="message">rain2, I just found the wiki and now I'm here :) Really impressive list of minimalist, beautiful... things :)</span></div><div class="line" id="232557"><span class="nick" style="color:#2e2a4a"><a href="#232557" label="[23:25:57]">&lt;true-grue&gt;</a></span><span class="message">I think I have seen before most of the projects on this wiki list and I must say that I especially admire the works of Ian Piumarta. His papers and his code is really something special.</span></div><div class="line" id="234106"><span class="nick">***</span><span class="message notice">scs is now known as Guest96681</span></div><br /></div></body></html>