<!DOCTYPE html><html><head><title>IRC channel logs</title><style>html {
  background: #fdfdfd;
}

h1 {
  font-weight: 300;
}

h2 {
  font-weight: 200;
}

h3 {
  padding: .5em 0;
  border-top: 3px dotted #ddd;
  margin-bottom: 0;
}

form {
  width: 400px;
  display: flex;
}

input {
  width: 100%;
  display: flex;
  border-radius: .25em 0 0 .25em;
  border: 1px solid #aaa;
  border-right: 0;
  padding: 0.5em;
}

button {
  display: flex;
  border-radius: 0 .25em .25em 0;
  background-color: #007bff;
  border: 1px solid #007bff;
  padding: .5em;
  cursor: pointer;
  color: white;
}

button:hover {
  background-color: #0069d9;
  border-color: #0062cc;
}

a {
  color: #007bff;
  text-decoration: none;
}

a:hover {
  text-decoration: underline;
}

h4 {
  margin-bottom: .5em;
}

table td {
  padding: 0.75em;
}

table tr:hover {
  background: #eee;
}

.year {
  display: table;
}

.month {
  display: table-cell;
  padding-right: 1em;
}

ul {
  margin: 0;
  padding: 0;
  list-style: none;
}

.nick {
  padding-right: 0.6rem;
  font-weight: bold;
  text-align: right;
  width: 13rem;
  display: table-cell;
}

.nick a {
  color: inherit;
  text-decoration: none;
}

.message {
  display: table-cell;
  padding-left: 0.6rem;
  border-left: 2px solid #333;
}

.notice {
  color: #859900;
  font-style: italic;
}

.line {
  line-height: 1.8rem;
  display: table;
}

#logs {
  margin-top: 1.5rem;
  padding: 1.5rem;
}
</style></head><body><h1>IRC channel logs</h1><h2>2019-10-07.log</h2><p><a href="/bootstrappable">back to list of logs</a></p><div id="logs"><div class="line" id="150821"><span class="nick">***</span><span class="message notice">ChanServ sets mode: +o rekado_</span></div><div class="line" id="184145"><span class="nick" style="color:#8dd3c7"><a href="#184145" label="[18:41:45]">&lt;rain2&gt;</a></span><span class="message">morning</span></div><div class="line" id="194452"><span class="nick" style="color:#2e2a4a"><a href="#194452" label="[19:44:52]">&lt;xentrac&gt;</a></span><span class="message">hi rain2</span></div><div class="line" id="194454"><span class="nick" style="color:#2e2a4a"><a href="#194454" label="[19:44:54]">&lt;xentrac&gt;</a></span><span class="message">how's it going?</span></div><div class="line" id="194609"><span class="nick" style="color:#8dd3c7"><a href="#194609" label="[19:46:09]">&lt;rain2&gt;</a></span><span class="message">good</span></div><div class="line" id="194744"><span class="nick" style="color:#2e2a4a"><a href="#194744" label="[19:47:44]">&lt;xentrac&gt;</a></span><span class="message">dddddd: have you tried Loko?</span></div><div class="line" id="231927"><span class="nick" style="color:#8dd3c7"><a href="#231927" label="[23:19:27]">&lt;rain2&gt;</a></span><span class="message"> <a rel="nofollow" href="https://collapseos.org/">https://collapseos.org/</a> </span></div><br /></div></body></html>