<!DOCTYPE html><html><head><title>IRC channel logs</title><style>html {
  background: #fdfdfd;
}

h1 {
  font-weight: 300;
}

h2 {
  font-weight: 200;
}

h3 {
  padding: .5em 0;
  border-top: 3px dotted #ddd;
  margin-bottom: 0;
}

form {
  width: 400px;
  display: flex;
}

input {
  width: 100%;
  display: flex;
  border-radius: .25em 0 0 .25em;
  border: 1px solid #aaa;
  border-right: 0;
  padding: 0.5em;
}

button {
  display: flex;
  border-radius: 0 .25em .25em 0;
  background-color: #007bff;
  border: 1px solid #007bff;
  padding: .5em;
  cursor: pointer;
  color: white;
}

button:hover {
  background-color: #0069d9;
  border-color: #0062cc;
}

a {
  color: #007bff;
  text-decoration: none;
}

a:hover {
  text-decoration: underline;
}

h4 {
  margin-bottom: .5em;
}

table td {
  padding: 0.75em;
}

table tr:hover {
  background: #eee;
}

.year {
  display: table;
}

.month {
  display: table-cell;
  padding-right: 1em;
}

ul {
  margin: 0;
  padding: 0;
  list-style: none;
}

.nick {
  padding-right: 0.6rem;
  font-weight: bold;
  text-align: right;
  width: 13rem;
  display: table-cell;
}

.nick a {
  color: inherit;
  text-decoration: none;
}

.message {
  display: table-cell;
  padding-left: 0.6rem;
  border-left: 2px solid #333;
}

.notice {
  color: #859900;
  font-style: italic;
}

.line {
  line-height: 1.8rem;
  display: table;
}

#logs {
  margin-top: 1.5rem;
  padding: 1.5rem;
}
</style></head><body><h1>IRC channel logs</h1><h2>2019-11-05.log</h2><p><a href="/bootstrappable">back to list of logs</a></p><div id="logs"><div class="line" id="000807"><span class="nick" style="color:#389600"><a href="#000807" label="[00:08:07]">*</a></span><span class="message">janneke -&gt; zZzzz</span></div><div class="line" id="031401"><span class="nick" style="color:#2e2a4a"><a href="#031401" label="[03:14:01]">&lt;oriansj&gt;</a></span><span class="message">pder: thank you for looking</span></div><div class="line" id="031550"><span class="nick" style="color:#2e2a4a"><a href="#031550" label="[03:15:50]">&lt;oriansj&gt;</a></span><span class="message">vagrantc: thank you</span></div><div class="line" id="031620"><span class="nick" style="color:#2e2a4a"><a href="#031620" label="[03:16:20]">&lt;oriansj&gt;</a></span><span class="message">janneke: I guess I need to fix my email when I get the chance and thank you for starting the guix integration for me</span></div><div class="line" id="033231"><span class="nick" style="color:#2e2a4a"><a href="#033231" label="[03:32:31]">&lt;oriansj&gt;</a></span><span class="message">janneke: yeah it looks like I put it into lockdown mode prior to a CVE and forgot to bring it back out after the patch was applied</span></div><div class="line" id="130343"><span class="nick">***</span><span class="message notice">Server sets mode: +cnt </span></div><br /></div></body></html>