<!DOCTYPE html><html><head><title>IRC channel logs</title><style>html {
  background: #fdfdfd;
}

h1 {
  font-weight: 300;
}

h2 {
  font-weight: 200;
}

h3 {
  padding: .5em 0;
  border-top: 3px dotted #ddd;
  margin-bottom: 0;
}

form {
  width: 400px;
  display: flex;
}

input {
  width: 100%;
  display: flex;
  border-radius: .25em 0 0 .25em;
  border: 1px solid #aaa;
  border-right: 0;
  padding: 0.5em;
}

button {
  display: flex;
  border-radius: 0 .25em .25em 0;
  background-color: #007bff;
  border: 1px solid #007bff;
  padding: .5em;
  cursor: pointer;
  color: white;
}

button:hover {
  background-color: #0069d9;
  border-color: #0062cc;
}

a {
  color: #007bff;
  text-decoration: none;
}

a:hover {
  text-decoration: underline;
}

h4 {
  margin-bottom: .5em;
}

table td {
  padding: 0.75em;
}

table tr:hover {
  background: #eee;
}

.year {
  display: table;
}

.month {
  display: table-cell;
  padding-right: 1em;
}

ul {
  margin: 0;
  padding: 0;
  list-style: none;
}

.nick {
  padding-right: 0.6rem;
  font-weight: bold;
  text-align: right;
  width: 13rem;
  display: table-cell;
}

.nick a {
  color: inherit;
  text-decoration: none;
}

.message {
  display: table-cell;
  padding-left: 0.6rem;
  border-left: 2px solid #333;
}

.notice {
  color: #859900;
  font-style: italic;
}

.line {
  line-height: 1.8rem;
  display: table;
}

#logs {
  margin-top: 1.5rem;
  padding: 1.5rem;
}
</style></head><body><h1>IRC channel logs</h1><h2>2019-09-05.log</h2><p><a href="/bootstrappable">back to list of logs</a></p><div id="logs"><div class="line" id="213433"><span class="nick" style="color:#8dd3c7"><a href="#213433" label="[21:34:33]">&lt;xentrac&gt;</a></span><span class="message">on the orange website today: <a rel="nofollow" href="https://www.sigbus.info/how-i-wrote-a-self-hosting-c-compiler-in-40-days">https://www.sigbus.info/how-i-wrote-a-self-hosting-c-compiler-in-40-days</a> </span></div><div class="line" id="213639"><span class="nick" style="color:#8dd3c7"><a href="#213639" label="[21:36:39]">&lt;xentrac&gt;</a></span><span class="message">from 2015</span></div><div class="line" id="231842"><span class="nick" style="color:#2e2a4a"><a href="#231842" label="[23:18:42]">&lt;true-grue&gt;</a></span><span class="message">The author is finished the writing of the book on this topic.</span></div><div class="line" id="231932"><span class="nick" style="color:#2e2a4a"><a href="#231932" label="[23:19:32]">&lt;true-grue&gt;</a></span><span class="message">Alas, in Japanese %) <a rel="nofollow" href="https://www.sigbus.info/compilerbook">https://www.sigbus.info/compilerbook</a> </span></div><div class="line" id="232024"><span class="nick" style="color:#2e2a4a"><a href="#232024" label="[23:20:24]">&lt;true-grue&gt;</a></span><span class="message">But he placed the code on github. And his code is very readable. Really nice project for learning basics of compiler writing.</span></div><br /></div></body></html>