<!DOCTYPE html><html><head><title>IRC channel logs</title><style>html {
  background: #fdfdfd;
}

h1 {
  font-weight: 300;
}

h2 {
  font-weight: 200;
}

h3 {
  padding: .5em 0;
  border-top: 3px dotted #ddd;
  margin-bottom: 0;
}

form {
  width: 400px;
  display: flex;
}

input {
  width: 100%;
  display: flex;
  border-radius: .25em 0 0 .25em;
  border: 1px solid #aaa;
  border-right: 0;
  padding: 0.5em;
}

button {
  display: flex;
  border-radius: 0 .25em .25em 0;
  background-color: #007bff;
  border: 1px solid #007bff;
  padding: .5em;
  cursor: pointer;
  color: white;
}

button:hover {
  background-color: #0069d9;
  border-color: #0062cc;
}

a {
  color: #007bff;
  text-decoration: none;
}

a:hover {
  text-decoration: underline;
}

h4 {
  margin-bottom: .5em;
}

table td {
  padding: 0.75em;
}

table tr:hover {
  background: #eee;
}

.year {
  display: table;
}

.month {
  display: table-cell;
  padding-right: 1em;
}

ul {
  margin: 0;
  padding: 0;
  list-style: none;
}

.nick {
  padding-right: 0.6rem;
  font-weight: bold;
  text-align: right;
  width: 13rem;
  display: table-cell;
}

.nick a {
  color: inherit;
  text-decoration: none;
}

.message {
  display: table-cell;
  padding-left: 0.6rem;
  border-left: 2px solid #333;
}

.notice {
  color: #859900;
  font-style: italic;
}

.line {
  line-height: 1.8rem;
  display: table;
}

#logs {
  margin-top: 1.5rem;
  padding: 1.5rem;
}
</style></head><body><h1>IRC channel logs</h1><h2>2019-08-15.log</h2><p><a href="/bootstrappable">back to list of logs</a></p><div id="logs"><div class="line" id="003752"><span class="nick" style="color:#8dd3c7"><a href="#003752" label="[00:37:52]">&lt;OriansJ&gt;</a></span><span class="message">vagrantc: well if I remember correctly (janneke feel free to yell at me if I am wrong here) but ultiately mes is going to be split into 2 pieces; the scheme interpreter (mes-m2) and MesCC (The C compiler that works on multiple Schemes [Mes.c and Guile]) That way MesCC can grow into a viable competitor to GCC and Clang</span></div><div class="line" id="011444"><span class="nick" style="color:#8dd3c7"><a href="#011444" label="[01:14:44]">&lt;OriansJ&gt;</a></span><span class="message">vagrantc: also for future reference, the logs are located here: <a rel="nofollow" href="http://logs.guix.gnu.org/bootstrappable">http://logs.guix.gnu.org/bootstrappable</a> </span></div><div class="line" id="011913"><span class="nick" style="color:#2e2a4a"><a href="#011913" label="[01:19:13]">&lt;vagrantc&gt;</a></span><span class="message">OriansJ: thanks!</span></div><div class="line" id="060146"><span class="nick" style="color:#2e2a4a"><a href="#060146" label="[06:01:46]">&lt;vagrantc&gt;</a></span><span class="message">janneke: other than that debug symbol issue, i'd say it's ready to upload to debian: <a rel="nofollow" href="https://salsa.debian.org/vagrant/mes/commits/debian/master-wip-0.20">https://salsa.debian.org/vagrant/mes/commits/debian/master-wip-0.20</a> </span></div><div class="line" id="060212"><span class="nick" style="color:#2e2a4a"><a href="#060212" label="[06:02:12]">&lt;vagrantc&gt;</a></span><span class="message">tests still fail on amd64/x86_64</span></div><div class="line" id="060215"><span class="nick" style="color:#2e2a4a"><a href="#060215" label="[06:02:15]">&lt;vagrantc&gt;</a></span><span class="message">but i386 works fine</span></div><div class="line" id="060330"><span class="nick" style="color:#2e2a4a"><a href="#060330" label="[06:03:30]">&lt;vagrantc&gt;</a></span><span class="message">and maybe we can even ignore the debug symbols</span></div><div class="line" id="084515"><span class="nick">***</span><span class="message notice">ng0_ is now known as ng0</span></div><div class="line" id="164634"><span class="nick" style="color:#6b8072"><a href="#164634" label="[16:46:34]">&lt;dddddd&gt;</a></span><span class="message">M2-Planet aarch64 test26 pass</span></div><div class="line" id="173516"><span class="nick" style="color:#6b8072"><a href="#173516" label="[17:35:16]">&lt;dddddd&gt;</a></span><span class="message">M2-Planet aarch64 test99 pass</span></div><div class="line" id="192659"><span class="nick" style="color:#8dd3c7"><a href="#192659" label="[19:26:59]">&lt;OriansJ&gt;</a></span><span class="message">dddddd: very very nice</span></div><br /></div></body></html>