<!DOCTYPE html><html><head><title>IRC channel logs</title><style>html {
  background: #fdfdfd;
}

h1 {
  font-weight: 300;
}

h2 {
  font-weight: 200;
}

h3 {
  padding: .5em 0;
  border-top: 3px dotted #ddd;
  margin-bottom: 0;
}

form {
  width: 400px;
  display: flex;
}

input {
  width: 100%;
  display: flex;
  border-radius: .25em 0 0 .25em;
  border: 1px solid #aaa;
  border-right: 0;
  padding: 0.5em;
}

button {
  display: flex;
  border-radius: 0 .25em .25em 0;
  background-color: #007bff;
  border: 1px solid #007bff;
  padding: .5em;
  cursor: pointer;
  color: white;
}

button:hover {
  background-color: #0069d9;
  border-color: #0062cc;
}

a {
  color: #007bff;
  text-decoration: none;
}

a:hover {
  text-decoration: underline;
}

h4 {
  margin-bottom: .5em;
}

table td {
  padding: 0.75em;
}

table tr:hover {
  background: #eee;
}

.year {
  display: table;
}

.month {
  display: table-cell;
  padding-right: 1em;
}

ul {
  margin: 0;
  padding: 0;
  list-style: none;
}

.nick {
  padding-right: 0.6rem;
  font-weight: bold;
  text-align: right;
  width: 13rem;
  display: table-cell;
}

.nick a {
  color: inherit;
  text-decoration: none;
}

.message {
  display: table-cell;
  padding-left: 0.6rem;
  border-left: 2px solid #333;
}

.notice {
  color: #859900;
  font-style: italic;
}

.line {
  line-height: 1.8rem;
  display: table;
}

#logs {
  margin-top: 1.5rem;
  padding: 1.5rem;
}
</style></head><body><h1>IRC channel logs</h1><h2>2019-09-22.log</h2><p><a href="/bootstrappable">back to list of logs</a></p><div id="logs"><div class="line" id="134019"><span class="nick" style="color:#8dd3c7"><a href="#134019" label="[13:40:19]">&lt;rain2&gt;</a></span><span class="message">hi</span></div><div class="line" id="151629"><span class="nick" style="color:#2e2a4a"><a href="#151629" label="[15:16:29]">&lt;janneke&gt;</a></span><span class="message">hi rain2</span></div><div class="line" id="232308"><span class="nick" style="color:#6b8072"><a href="#232308" label="[23:23:08]">&lt;vagrantc&gt;</a></span><span class="message">janneke: is mes still expected on x86_64 to FAIL: lib/tests/dirent/90-readdir.c</span></div><div class="line" id="232322"><span class="nick" style="color:#6b8072"><a href="#232322" label="[23:23:22]">&lt;vagrantc&gt;</a></span><span class="message">testing 0.20 at the moment</span></div><div class="line" id="233737"><span class="nick" style="color:#2e2a4a"><a href="#233737" label="[23:37:37]">&lt;janneke&gt;</a></span><span class="message">vagrantc: no, it passes for me.  however, it's not a very nice test...</span></div><div class="line" id="233826"><span class="nick" style="color:#2e2a4a"><a href="#233826" label="[23:38:26]">&lt;janneke&gt;</a></span><span class="message">what i mean is that readdir could still be OK, meh</span></div><div class="line" id="233854"><span class="nick" style="color:#6b8072"><a href="#233854" label="[23:38:54]">&lt;vagrantc&gt;</a></span><span class="message">there's an XPASS category ... is that for things expected to pass but won't fail the build if they don't?</span></div><div class="line" id="233941"><span class="nick" style="color:#6b8072"><a href="#233941" label="[23:39:41]">&lt;vagrantc&gt;</a></span><span class="message">lintian also is complaining about all the files being set to SOURCE_DATE_EPOCH=0</span></div><div class="line" id="234012"><span class="nick" style="color:#6b8072"><a href="#234012" label="[23:40:12]">&lt;vagrantc&gt;</a></span><span class="message">is that to ensure reproducibility, i presume?</span></div><div class="line" id="234328"><span class="nick" style="color:#6b8072"><a href="#234328" label="[23:43:28]">&lt;vagrantc&gt;</a></span><span class="message">looks like debian will autoreject packages with files dated older than 20 years, apparently...</span></div><div class="line" id="234610"><span class="nick" style="color:#6b8072"><a href="#234610" label="[23:46:10]">&lt;vagrantc&gt;</a></span><span class="message">ah, mes's upstream tarball was produced with guix, so of course all the files are dated with whatever guix defaults the default timestamps to...</span></div><div class="line" id="234621"><span class="nick" style="color:#6b8072"><a href="#234621" label="[23:46:21]">&lt;vagrantc&gt;</a></span><span class="message">well, i'm assuming it was produced with guix...</span></div><br /></div></body></html>