<!DOCTYPE html><html><head><title>IRC channel logs</title><style>html {
  background: #fdfdfd;
}

h1 {
  font-weight: 300;
}

h2 {
  font-weight: 200;
}

h3 {
  padding: .5em 0;
  border-top: 3px dotted #ddd;
  margin-bottom: 0;
}

form {
  width: 400px;
  display: flex;
}

input {
  width: 100%;
  display: flex;
  border-radius: .25em 0 0 .25em;
  border: 1px solid #aaa;
  border-right: 0;
  padding: 0.5em;
}

button {
  display: flex;
  border-radius: 0 .25em .25em 0;
  background-color: #007bff;
  border: 1px solid #007bff;
  padding: .5em;
  cursor: pointer;
  color: white;
}

button:hover {
  background-color: #0069d9;
  border-color: #0062cc;
}

a {
  color: #007bff;
  text-decoration: none;
}

a:hover {
  text-decoration: underline;
}

h4 {
  margin-bottom: .5em;
}

table td {
  padding: 0.75em;
}

table tr:hover {
  background: #eee;
}

.year {
  display: table;
}

.month {
  display: table-cell;
  padding-right: 1em;
}

ul {
  margin: 0;
  padding: 0;
  list-style: none;
}

.nick {
  padding-right: 0.6rem;
  font-weight: bold;
  text-align: right;
  width: 13rem;
  display: table-cell;
}

.nick a {
  color: inherit;
  text-decoration: none;
}

.message {
  display: table-cell;
  padding-left: 0.6rem;
  border-left: 2px solid #333;
}

.notice {
  color: #859900;
  font-style: italic;
}

.line {
  line-height: 1.8rem;
  display: table;
}

#logs {
  margin-top: 1.5rem;
  padding: 1.5rem;
}
</style></head><body><h1>IRC channel logs</h1><h2>2019-08-19.log</h2><p><a href="/bootstrappable">back to list of logs</a></p><div id="logs"><div class="line" id="102716"><span class="nick">***</span><span class="message notice">ng0_ is now known as ng0</span></div><div class="line" id="162224"><span class="nick">***</span><span class="message notice">ChanServ sets mode: +o rekado</span></div><div class="line" id="200431"><span class="nick" style="color:#8dd3c7"><a href="#200431" label="[20:04:31]">&lt;rain1&gt;</a></span><span class="message"> <a rel="nofollow" href="https://dbp.io/pubs/2019/ccc.pdf">https://dbp.io/pubs/2019/ccc.pdf</a> </span></div><div class="line" id="200443"><span class="nick" style="color:#8dd3c7"><a href="#200443" label="[20:04:43]">&lt;rain1&gt;</a></span><span class="message">new complier correctness paper</span></div><div class="line" id="212325"><span class="nick" style="color:#2e2a4a"><a href="#212325" label="[21:23:25]">&lt;true-grue&gt;</a></span><span class="message">rain1, They've updated it? I think that I've seen the older version this paper before.</span></div><div class="line" id="212540"><span class="nick" style="color:#2e2a4a"><a href="#212540" label="[21:25:40]">&lt;true-grue&gt;</a></span><span class="message">I like that they spent time to put their work in historical context, really interesting references.</span></div><div class="line" id="234330"><span class="nick" style="color:#6b8072"><a href="#234330" label="[23:43:30]">&lt;xentrac&gt;</a></span><span class="message">I recently downloaded the seL4 binary verification paper, but I haven't read it yet</span></div><div class="line" id="234348"><span class="nick" style="color:#6b8072"><a href="#234348" label="[23:43:48]">&lt;xentrac&gt;</a></span><span class="message">they claim that it extends their proofs of correctness of seL4's source code to the binaries they are using</span></div><div class="line" id="234406"><span class="nick" style="color:#6b8072"><a href="#234406" label="[23:44:06]">&lt;xentrac&gt;</a></span><span class="message">although not all optimization settings on the compilers they are using produce verifiable binaries</span></div><div class="line" id="234451"><span class="nick" style="color:#6b8072"><a href="#234451" label="[23:44:51]">&lt;xentrac&gt;</a></span><span class="message">in theory this eliminates the compiler from the set of things their proof's validity depends on</span></div><div class="line" id="234502"><span class="nick" style="color:#6b8072"><a href="#234502" label="[23:45:02]">&lt;xentrac&gt;</a></span><span class="message">sadly this doesn't tell you that anything you're *running* on the kernel isn't backdoored</span></div><div class="line" id="234513"><span class="nick" style="color:#6b8072"><a href="#234513" label="[23:45:13]">&lt;xentrac&gt;</a></span><span class="message">but the same approach could be applied</span></div><div class="line" id="234522"><span class="nick" style="color:#6b8072"><a href="#234522" label="[23:45:22]">&lt;xentrac&gt;</a></span><span class="message">for example, to a compiler</span></div><div class="line" id="235126"><span class="nick" style="color:#8dd3c7"><a href="#235126" label="[23:51:26]">&lt;rain1&gt;</a></span><span class="message">I haven't read it yet</span></div><div class="line" id="235448"><span class="nick" style="color:#8dd3c7"><a href="#235448" label="[23:54:48]">&lt;rain1&gt;</a></span><span class="message">&gt; knowing that a theorem has been proved does not help understand how the theorem statement relates to reality.</span></div><div class="line" id="235453"><span class="nick" style="color:#8dd3c7"><a href="#235453" label="[23:54:53]">&lt;rain1&gt;</a></span><span class="message">that's an interesting point to address</span></div><br /></div></body></html>