<!DOCTYPE html><html><head><title>IRC channel logs</title><style>html {
  background: #fdfdfd;
}

h1 {
  font-weight: 300;
}

h2 {
  font-weight: 200;
}

h3 {
  padding: .5em 0;
  border-top: 3px dotted #ddd;
  margin-bottom: 0;
}

form {
  width: 400px;
  display: flex;
}

input {
  width: 100%;
  display: flex;
  border-radius: .25em 0 0 .25em;
  border: 1px solid #aaa;
  border-right: 0;
  padding: 0.5em;
}

button {
  display: flex;
  border-radius: 0 .25em .25em 0;
  background-color: #007bff;
  border: 1px solid #007bff;
  padding: .5em;
  cursor: pointer;
  color: white;
}

button:hover {
  background-color: #0069d9;
  border-color: #0062cc;
}

a {
  color: #007bff;
  text-decoration: none;
}

a:hover {
  text-decoration: underline;
}

h4 {
  margin-bottom: .5em;
}

table td {
  padding: 0.75em;
}

table tr:hover {
  background: #eee;
}

.year {
  display: table;
}

.month {
  display: table-cell;
  padding-right: 1em;
}

ul {
  margin: 0;
  padding: 0;
  list-style: none;
}

.nick {
  padding-right: 0.6rem;
  font-weight: bold;
  text-align: right;
  width: 13rem;
  display: table-cell;
}

.nick a {
  color: inherit;
  text-decoration: none;
}

.message {
  display: table-cell;
  padding-left: 0.6rem;
  border-left: 2px solid #333;
}

.notice {
  color: #859900;
  font-style: italic;
}

.line {
  line-height: 1.8rem;
  display: table;
}

#logs {
  margin-top: 1.5rem;
  padding: 1.5rem;
}
</style></head><body><h1>IRC channel logs</h1><h2>2019-12-22.log</h2><p><a href="/bootstrappable">back to list of logs</a></p><div id="logs"><div class="line" id="045851"><span class="nick" style="color:#8dd3c7"><a href="#045851" label="[04:58:51]">&lt;xentrac&gt;</a></span><span class="message">oriansj: because different Scheme programmers can't understand each other's code?</span></div><div class="line" id="102129"><span class="nick" style="color:#2e2a4a"><a href="#102129" label="[10:21:29]">&lt;CORDIC&gt;</a></span><span class="message">IMHO choice of a Scheme dialect is like a choice of a Text Editor.</span></div><div class="line" id="102231"><span class="nick" style="color:#2e2a4a"><a href="#102231" label="[10:22:31]">&lt;CORDIC&gt;</a></span><span class="message">Which I can not create, I do not understand.  -- Richard Feynman</span></div><div class="line" id="134940"><span class="nick" style="color:#6b8072"><a href="#134940" label="[13:49:40]">&lt;oriansj&gt;</a></span><span class="message">xentrac: because all implementations tend to be tightly wound; growing in cognative load with every feature of scheme added. Basically to get 2 scheme programmers to work together, they need share a way of implementing a solution.</span></div><div class="line" id="135115"><span class="nick" style="color:#6b8072"><a href="#135115" label="[13:51:15]">&lt;oriansj&gt;</a></span><span class="message">CORDIC: well that is the nice thing about the upcoming Scheme 7 standard; finally end the differences in scheme dialects. It unfortunately appears to still be missing out on some foundational primitives</span></div><div class="line" id="155258"><span class="nick" style="color:#6b8072"><a href="#155258" label="[15:52:58]">&lt;oriansj&gt;</a></span><span class="message">hmmmm, I wonder if we missed something</span></div><br /></div></body></html>