<!DOCTYPE html><html><head><title>IRC channel logs</title><style>html {
  background: #fdfdfd;
}

h1 {
  font-weight: 300;
}

h2 {
  font-weight: 200;
}

h3 {
  padding: .5em 0;
  border-top: 3px dotted #ddd;
  margin-bottom: 0;
}

form {
  width: 400px;
  display: flex;
}

input {
  width: 100%;
  display: flex;
  border-radius: .25em 0 0 .25em;
  border: 1px solid #aaa;
  border-right: 0;
  padding: 0.5em;
}

button {
  display: flex;
  border-radius: 0 .25em .25em 0;
  background-color: #007bff;
  border: 1px solid #007bff;
  padding: .5em;
  cursor: pointer;
  color: white;
}

button:hover {
  background-color: #0069d9;
  border-color: #0062cc;
}

a {
  color: #007bff;
  text-decoration: none;
}

a:hover {
  text-decoration: underline;
}

h4 {
  margin-bottom: .5em;
}

table td {
  padding: 0.75em;
}

table tr:hover {
  background: #eee;
}

.year {
  display: table;
}

.month {
  display: table-cell;
  padding-right: 1em;
}

ul {
  margin: 0;
  padding: 0;
  list-style: none;
}

.nick {
  padding-right: 0.6rem;
  font-weight: bold;
  text-align: right;
  width: 13rem;
  display: table-cell;
}

.nick a {
  color: inherit;
  text-decoration: none;
}

.message {
  display: table-cell;
  padding-left: 0.6rem;
  border-left: 2px solid #333;
}

.notice {
  color: #859900;
  font-style: italic;
}

.line {
  line-height: 1.8rem;
  display: table;
}

#logs {
  margin-top: 1.5rem;
  padding: 1.5rem;
}
</style></head><body><h1>IRC channel logs</h1><h2>2020-05-02.log</h2><p><a href="/bootstrappable">back to list of logs</a></p><div id="logs"><div class="line" id="065335"><span class="nick">***</span><span class="message notice">pabs3 is now known as Guest48795</span></div><div class="line" id="152417"><span class="nick" style="color:#8dd3c7"><a href="#152417" label="[15:24:17]">&lt;OriansJ&gt;</a></span><span class="message">no comments, problems, suggestions or anything else?</span></div><div class="line" id="155534"><span class="nick" style="color:#8dd3c7"><a href="#155534" label="[15:55:34]">&lt;OriansJ&gt;</a></span><span class="message">perhaps it is me being stubborn but I think guixsd could use an install iso that fits on a 50MB 60mm mini-cd; while M2-Planet, mescc-tools and a POSIX should be able to fit on a 1.44MB floppy disk</span></div><div class="line" id="172243"><span class="nick" style="color:#8dd3c7"><a href="#172243" label="[17:22:43]">&lt;OriansJ&gt;</a></span><span class="message">I reallly need to fix mescc-tool's guix build script</span></div><div class="line" id="172444"><span class="nick" style="color:#8dd3c7"><a href="#172444" label="[17:24:44]">&lt;OriansJ&gt;</a></span><span class="message"> <a rel="nofollow" href="https://paste.debian.net/1144360/">https://paste.debian.net/1144360/</a> </span></div><div class="line" id="172520"><span class="nick" style="color:#8dd3c7"><a href="#172520" label="[17:25:20]">&lt;OriansJ&gt;</a></span><span class="message">which raises teh question of which sha256 tool guix exposes in build environment by default</span></div><div class="line" id="173504"><span class="nick" style="color:#2e2a4a"><a href="#173504" label="[17:35:04]">&lt;Hagfish&gt;</a></span><span class="message">&quot;... a POSIX should be able to fit on a 1.44MB floppy disk&quot;</span></div><div class="line" id="173522"><span class="nick" style="color:#2e2a4a"><a href="#173522" label="[17:35:22]">&lt;Hagfish&gt;</a></span><span class="message">would it come with some sort of network stack that could download the remaining source?</span></div><div class="line" id="173727"><span class="nick" style="color:#8dd3c7"><a href="#173727" label="[17:37:27]">&lt;OriansJ&gt;</a></span><span class="message">Hagfish: probably something minimal like gopher</span></div><div class="line" id="173919"><span class="nick" style="color:#2e2a4a"><a href="#173919" label="[17:39:19]">&lt;Hagfish&gt;</a></span><span class="message">yeah, i read a thread on hackernews about how to bootstrap an OS / network client, and they recommended gopher</span></div><div class="line" id="175313"><span class="nick" style="color:#8dd3c7"><a href="#175313" label="[17:53:13]">&lt;OriansJ&gt;</a></span><span class="message">now the question is that actually good advice. as most bootstrapping advice turns out to be absolute garbage</span></div><div class="line" id="175359"><span class="nick" style="color:#8dd3c7"><a href="#175359" label="[17:53:59]">&lt;OriansJ&gt;</a></span><span class="message">equal to informing Windows users to just &quot;install gentoo&quot;</span></div><div class="line" id="175857"><span class="nick" style="color:#8dd3c7"><a href="#175857" label="[17:58:57]">&lt;OriansJ&gt;</a></span><span class="message">ok looks like the default guix build environent doesn't support which</span></div><div class="line" id="182356"><span class="nick" style="color:#2e2a4a"><a href="#182356" label="[18:23:56]">&lt;Hagfish&gt;</a></span><span class="message">i think the bootstrap question was not designed to be practical, more philosophical (the question had many different answers depending on how you interpreted it)</span></div><div class="line" id="200814"><span class="nick" style="color:#8dd3c7"><a href="#200814" label="[20:08:14]">&lt;OriansJ&gt;</a></span><span class="message">Hagfish: but wouldn't it be a practical question here? as that is exactly what we are trying to achieve.</span></div><div class="line" id="234103"><span class="nick" style="color:#6b8072"><a href="#234103" label="[23:41:03]">&lt;fossy&gt;</a></span><span class="message">gopher is a great idea, ngl</span></div><div class="line" id="234120"><span class="nick" style="color:#6b8072"><a href="#234120" label="[23:41:20]">&lt;fossy&gt;</a></span><span class="message">I maintain one of the foremost gopher servers</span></div><div class="line" id="234134"><span class="nick" style="color:#6b8072"><a href="#234134" label="[23:41:34]">&lt;fossy&gt;</a></span><span class="message">gophernicus</span></div><div class="line" id="234207"><span class="nick" style="color:#6b8072"><a href="#234207" label="[23:42:07]">&lt;fossy&gt;</a></span><span class="message">FWIW I am packaging rust bootstrap in void linux</span></div><div class="line" id="234221"><span class="nick" style="color:#6b8072"><a href="#234221" label="[23:42:21]">&lt;fossy&gt;</a></span><span class="message">and will package everything down to tcc soon</span></div><div class="line" id="234232"><span class="nick" style="color:#6b8072"><a href="#234232" label="[23:42:32]">&lt;fossy&gt;</a></span><span class="message">convincing them to accept will be the hard part</span></div><div class="line" id="234506"><span class="nick" style="color:#6b8072"><a href="#234506" label="[23:45:06]">&lt;fossy&gt;</a></span><span class="message">but we have a lot of work to do before network</span></div><div class="line" id="234517"><span class="nick" style="color:#6b8072"><a href="#234517" label="[23:45:17]">&lt;fossy&gt;</a></span><span class="message">mes c library has 0 networking support</span></div><div class="line" id="234648"><span class="nick" style="color:#6b8072"><a href="#234648" label="[23:46:48]">&lt;fossy&gt;</a></span><span class="message">but let's just keep chugging on, coding and scripting</span></div><div class="line" id="235027"><span class="nick" style="color:#6b8072"><a href="#235027" label="[23:50:27]">&lt;fossy&gt;</a></span><span class="message">I will be also targeting alpine Linux to bring a bootstrap to them</span></div><br /></div></body></html>