<!DOCTYPE html><html><head><title>IRC channel logs</title><style>html {
  background: #fdfdfd;
}

h1 {
  font-weight: 300;
}

h2 {
  font-weight: 200;
}

h3 {
  padding: .5em 0;
  border-top: 3px dotted #ddd;
  margin-bottom: 0;
}

form {
  width: 400px;
  display: flex;
}

input {
  width: 100%;
  display: flex;
  border-radius: .25em 0 0 .25em;
  border: 1px solid #aaa;
  border-right: 0;
  padding: 0.5em;
}

button {
  display: flex;
  border-radius: 0 .25em .25em 0;
  background-color: #007bff;
  border: 1px solid #007bff;
  padding: .5em;
  cursor: pointer;
  color: white;
}

button:hover {
  background-color: #0069d9;
  border-color: #0062cc;
}

a {
  color: #007bff;
  text-decoration: none;
}

a:hover {
  text-decoration: underline;
}

h4 {
  margin-bottom: .5em;
}

table td {
  padding: 0.75em;
}

table tr:hover {
  background: #eee;
}

.year {
  display: table;
}

.month {
  display: table-cell;
  padding-right: 1em;
}

ul {
  margin: 0;
  padding: 0;
  list-style: none;
}

.nick {
  padding-right: 0.6rem;
  font-weight: bold;
  text-align: right;
  width: 13rem;
  display: table-cell;
}

.nick a {
  color: inherit;
  text-decoration: none;
}

.message {
  display: table-cell;
  padding-left: 0.6rem;
  border-left: 2px solid #333;
}

.notice {
  color: #859900;
  font-style: italic;
}

.line {
  line-height: 1.8rem;
  display: table;
}

#logs {
  margin-top: 1.5rem;
  padding: 1.5rem;
}
</style></head><body><h1>IRC channel logs</h1><h2>2020-11-26.log</h2><p><a href="/bootstrappable">back to list of logs</a></p><div id="logs"><div class="line" id="020939"><span class="nick" style="color:#8dd3c7"><a href="#020939" label="[02:09:39]">&lt;OriansJ&gt;</a></span><span class="message">now to begin the guix 1.2.0 testing on a blank debian 10.6.0 AMD64 system; hopefully they got guix pull to work</span></div><div class="line" id="021524"><span class="nick" style="color:#8dd3c7"><a href="#021524" label="[02:15:24]">&lt;OriansJ&gt;</a></span><span class="message">I just kinda wish guix would bundle a copy of its repo in /gnu/sources or something; so that each user doesn't have to download a copy of guix on low bandwidth connections.</span></div><div class="line" id="021810"><span class="nick" style="color:#8dd3c7"><a href="#021810" label="[02:18:10]">&lt;OriansJ&gt;</a></span><span class="message">like a git bare directory and use git worktrees (git worktree add $PATH) for ~/.cache/guix/checkouts/</span></div><div class="line" id="022141"><span class="nick" style="color:#8dd3c7"><a href="#022141" label="[02:21:41]">&lt;OriansJ&gt;</a></span><span class="message">They might need to git config core.sharedRepository true and chmod -R g+ws * with guixbuild being the owner but that is just the seed of an idea I hope they steal</span></div><div class="line" id="074606"><span class="nick" style="color:#2e2a4a"><a href="#074606" label="[07:46:06]">&lt;fossy&gt;</a></span><span class="message">siraben:  how hard would it be to make r5s5-denot work under blynn? what significant features are missing?</span></div><div class="line" id="075208"><span class="nick" style="color:#6b8072"><a href="#075208" label="[07:52:08]">&lt;siraben&gt;</a></span><span class="message">fossy: i don't think any features are missing</span></div><div class="line" id="075224"><span class="nick" style="color:#6b8072"><a href="#075224" label="[07:52:24]">&lt;siraben&gt;</a></span><span class="message">i'll have to implement the libraries though</span></div><div class="line" id="075313"><span class="nick" style="color:#6b8072"><a href="#075313" label="[07:53:13]">&lt;siraben&gt;</a></span><span class="message">The language barely needs adapting</span></div><div class="line" id="090004"><span class="nick" style="color:#2e2a4a"><a href="#090004" label="[09:00:04]">&lt;fossy&gt;</a></span><span class="message">siraben: cool</span></div><br /></div></body></html>