<!DOCTYPE html><html><head><title>IRC channel logs</title><style>html {
  background: #fdfdfd;
}

h1 {
  font-weight: 300;
}

h2 {
  font-weight: 200;
}

h3 {
  padding: .5em 0;
  border-top: 3px dotted #ddd;
  margin-bottom: 0;
}

form {
  width: 400px;
  display: flex;
}

input {
  width: 100%;
  display: flex;
  border-radius: .25em 0 0 .25em;
  border: 1px solid #aaa;
  border-right: 0;
  padding: 0.5em;
}

button {
  display: flex;
  border-radius: 0 .25em .25em 0;
  background-color: #007bff;
  border: 1px solid #007bff;
  padding: .5em;
  cursor: pointer;
  color: white;
}

button:hover {
  background-color: #0069d9;
  border-color: #0062cc;
}

a {
  color: #007bff;
  text-decoration: none;
}

a:hover {
  text-decoration: underline;
}

h4 {
  margin-bottom: .5em;
}

table td {
  padding: 0.75em;
}

table tr:hover {
  background: #eee;
}

.year {
  display: table;
}

.month {
  display: table-cell;
  padding-right: 1em;
}

ul {
  margin: 0;
  padding: 0;
  list-style: none;
}

.nick {
  padding-right: 0.6rem;
  font-weight: bold;
  text-align: right;
  width: 13rem;
  display: table-cell;
}

.nick a {
  color: inherit;
  text-decoration: none;
}

.message {
  display: table-cell;
  padding-left: 0.6rem;
  border-left: 2px solid #333;
}

.notice {
  color: #859900;
  font-style: italic;
}

.line {
  line-height: 1.8rem;
  display: table;
}

#logs {
  margin-top: 1.5rem;
  padding: 1.5rem;
}
</style></head><body><h1>IRC channel logs</h1><h2>2020-12-08.log</h2><p><a href="/bootstrappable">back to list of logs</a></p><div id="logs"><div class="line" id="002317"><span class="nick">***</span><span class="message notice">Hagfish_ is now known as Hagfish</span></div><div class="line" id="003635"><span class="nick" style="color:#8dd3c7"><a href="#003635" label="[00:36:35]">&lt;OriansJ&gt;</a></span><span class="message">siraben: only to a point but yes with go.sh we can build vm.c and start the process</span></div><div class="line" id="004647"><span class="nick" style="color:#8dd3c7"><a href="#004647" label="[00:46:47]">&lt;OriansJ&gt;</a></span><span class="message">yt: I'll start reviewing after I take care of siraben's Pull requestfgbvhrdtjeugcuvfubujvnebdlkvhfnknnenbhndhrij</span></div><div class="line" id="004730"><span class="nick" style="color:#8dd3c7"><a href="#004730" label="[00:47:30]">&lt;OriansJ&gt;</a></span><span class="message">*sigh*</span></div><div class="line" id="005001"><span class="nick" style="color:#8dd3c7"><a href="#005001" label="[00:50:01]">&lt;OriansJ&gt;</a></span><span class="message">yt: I'll aim to have it fully reviewed by tomorrow night.</span></div><div class="line" id="012156"><span class="nick" style="color:#8dd3c7"><a href="#012156" label="[01:21:56]">&lt;OriansJ&gt;</a></span><span class="message">siraben: your pull request has been merged</span></div><div class="line" id="012425"><span class="nick" style="color:#8dd3c7"><a href="#012425" label="[01:24:25]">&lt;OriansJ&gt;</a></span><span class="message">although github seems to think otherwise; I think it is a bug because of the rebase</span></div><div class="line" id="013110"><span class="nick" style="color:#8dd3c7"><a href="#013110" label="[01:31:10]">&lt;OriansJ&gt;</a></span><span class="message">yt: I was looking at this: <a rel="nofollow" href="https://dinfuehr.github.io/blog/encoding-of-immediate-values-on-aarch64/">https://dinfuehr.github.io/blog/encoding-of-immediate-values-on-aarch64/</a>  and <a rel="nofollow" href="http://shell-storm.org/armv8-a/ISA_v85A_A64_xml_00bet8/xhtml/mov_movz.html">http://shell-storm.org/armv8-a/ISA_v85A_A64_xml_00bet8/xhtml/mov_movz.html</a> </span></div><div class="line" id="013136"><span class="nick" style="color:#8dd3c7"><a href="#013136" label="[01:31:36]">&lt;OriansJ&gt;</a></span><span class="message">and you might be able to leverage it to reduce the number of DEFINEs required</span></div><div class="line" id="013423"><span class="nick" style="color:#8dd3c7"><a href="#013423" label="[01:34:23]">&lt;OriansJ&gt;</a></span><span class="message">although the non-hex alignment would require an less than ideal solution</span></div><div class="line" id="021003"><span class="nick" style="color:#8dd3c7"><a href="#021003" label="[02:10:03]">&lt;OriansJ&gt;</a></span><span class="message">oh no, I was wrong. Ignore my dumb moment.</span></div><div class="line" id="031214"><span class="nick" style="color:#2e2a4a"><a href="#031214" label="[03:12:14]">&lt;siraben&gt;</a></span><span class="message">OriansJ: could you merge it again using GitHub's interface?</span></div><div class="line" id="031221"><span class="nick" style="color:#2e2a4a"><a href="#031221" label="[03:12:21]">&lt;siraben&gt;</a></span><span class="message">yeah it still appears as open</span></div><div class="line" id="105140"><span class="nick" style="color:#8dd3c7"><a href="#105140" label="[10:51:40]">&lt;OriansJ&gt;</a></span><span class="message">siraben: done</span></div><div class="line" id="113739"><span class="nick" style="color:#2e2a4a"><a href="#113739" label="[11:37:39]">&lt;siraben&gt;</a></span><span class="message">thanks</span></div><div class="line" id="192903"><span class="nick" style="color:#8dd3c7"><a href="#192903" label="[19:29:03]">&lt;OriansJ&gt;</a></span><span class="message">yt: merged</span></div><div class="line" id="193727"><span class="nick" style="color:#6b8072"><a href="#193727" label="[19:37:27]">&lt;true-grue&gt;</a></span><span class="message">Hi! Does anybody wants to see an implementation of a tiny Forth-like language? :)</span></div><div class="line" id="194634"><span class="nick" style="color:#80b1d3"><a href="#194634" label="[19:46:34]">&lt;yt&gt;</a></span><span class="message">OriansJ: awesome, thanks!  I have some tidying up to do on cc_aarch64, hopefully I'll have that ready later tonight</span></div><div class="line" id="194741"><span class="nick" style="color:#80b1d3"><a href="#194741" label="[19:47:41]">&lt;yt&gt;</a></span><span class="message">I've also made some progress on the aarch64 port of kaem-minimal. I've got an M0 version done and working.  Only the tedious bit left now XD</span></div><div class="line" id="213800"><span class="nick" style="color:#8dd3c7"><a href="#213800" label="[21:38:00]">&lt;OriansJ&gt;</a></span><span class="message">true-grue: if you feel that people here might appreciate it; feel free. Although I must warn you we did bootstrap a proper FORTH: <a rel="nofollow" href="https://github.com/oriansj/stage0/blob/master/stage2/forth.s">https://github.com/oriansj/stage0/blob/master/stage2/forth.s</a>  <a rel="nofollow" href="https://github.com/oriansj/stage0/blob/master/stage3/inital_library.fs">https://github.com/oriansj/stage0/blob/master/stage3/inital_library.fs</a>   but ultimately it ended up being of no use.</span></div><div class="line" id="213811"><span class="nick" style="color:#8dd3c7"><a href="#213811" label="[21:38:11]">&lt;OriansJ&gt;</a></span><span class="message">yt: nice</span></div><div class="line" id="234435"><span class="nick" style="color:#6b8072"><a href="#234435" label="[23:44:35]">&lt;true-grue&gt;</a></span><span class="message">OriansJ, I see, thank you for the links.</span></div><br /></div></body></html>