<!DOCTYPE html><html><head><title>IRC channel logs</title><style>html {
  background: #fdfdfd;
}

h1 {
  font-weight: 300;
}

h2 {
  font-weight: 200;
}

h3 {
  padding: .5em 0;
  border-top: 3px dotted #ddd;
  margin-bottom: 0;
}

form {
  width: 400px;
  display: flex;
}

input {
  width: 100%;
  display: flex;
  border-radius: .25em 0 0 .25em;
  border: 1px solid #aaa;
  border-right: 0;
  padding: 0.5em;
}

button {
  display: flex;
  border-radius: 0 .25em .25em 0;
  background-color: #007bff;
  border: 1px solid #007bff;
  padding: .5em;
  cursor: pointer;
  color: white;
}

button:hover {
  background-color: #0069d9;
  border-color: #0062cc;
}

a {
  color: #007bff;
  text-decoration: none;
}

a:hover {
  text-decoration: underline;
}

h4 {
  margin-bottom: .5em;
}

table td {
  padding: 0.75em;
}

table tr:hover {
  background: #eee;
}

.year {
  display: table;
}

.month {
  display: table-cell;
  padding-right: 1em;
}

ul {
  margin: 0;
  padding: 0;
  list-style: none;
}

.nick {
  padding-right: 0.6rem;
  font-weight: bold;
  text-align: right;
  width: 13rem;
  display: table-cell;
}

.nick a {
  color: inherit;
  text-decoration: none;
}

.message {
  display: table-cell;
  padding-left: 0.6rem;
  border-left: 2px solid #333;
}

.notice {
  color: #859900;
  font-style: italic;
}

.line {
  line-height: 1.8rem;
  display: table;
}

#logs {
  margin-top: 1.5rem;
  padding: 1.5rem;
}
</style></head><body><h1>IRC channel logs</h1><h2>2020-11-02.log</h2><p><a href="/bootstrappable">back to list of logs</a></p><div id="logs"><div class="line" id="005700"><span class="nick" style="color:#389600"><a href="#005700" label="[00:57:00]">&lt;xentrac&gt;</a></span><span class="message">OriansJ: if we were dogs we probably wouldn't tell you ;)</span></div><div class="line" id="005732"><span class="nick" style="color:#389600"><a href="#005732" label="[00:57:32]">&lt;xentrac&gt;</a></span><span class="message">markjenkinsznc: it's GPL, you can totally reactivate it if you want</span></div><div class="line" id="021956"><span class="nick" style="color:#2e2a4a"><a href="#021956" label="[02:19:56]">&lt;OriansJ&gt;</a></span><span class="message">xentrac: it is nice to know if you were a rogue AI, that you would let us know</span></div><div class="line" id="022233"><span class="nick" style="color:#389600"><a href="#022233" label="[02:22:33]">&lt;xentrac&gt;</a></span><span class="message">I didn't say that</span></div><div class="line" id="022304"><span class="nick" style="color:#2e2a4a"><a href="#022304" label="[02:23:04]">&lt;OriansJ&gt;</a></span><span class="message">oh you</span></div><div class="line" id="022318"><span class="nick" style="color:#2e2a4a"><a href="#022318" label="[02:23:18]">&lt;OriansJ&gt;</a></span><span class="message">=D</span></div><div class="line" id="022743"><span class="nick" style="color:#389600"><a href="#022743" label="[02:27:43]">&lt;xentrac&gt;</a></span><span class="message">:]</span></div><div class="line" id="022752"><span class="nick" style="color:#389600"><a href="#022752" label="[02:27:52]">&lt;xentrac&gt;</a></span><span class="message">how was your weekend?</span></div><div class="line" id="123239"><span class="nick">***</span><span class="message notice">civodul` is now known as civodul</span></div><div class="line" id="192830"><span class="nick" style="color:#6b8072"><a href="#192830" label="[19:28:30]">&lt;vagrantc&gt;</a></span><span class="message">OriansJ: so, it appears that mescc-tools no longer builds in debian, but applying all the patches from master works ... i tried cherry-picking the individual patches but eventually gave up</span></div><div class="line" id="192925"><span class="nick" style="color:#6b8072"><a href="#192925" label="[19:29:25]">&lt;vagrantc&gt;</a></span><span class="message">no idea why it started breaking so consistantly in debian when it obviously used to build fine ... probably some toolchain change</span></div><div class="line" id="193004"><span class="nick" style="color:#6b8072"><a href="#193004" label="[19:30:04]">&lt;vagrantc&gt;</a></span><span class="message">OriansJ: don't know when you're planning on the next release or if there are any blockers ...</span></div><div class="line" id="213207"><span class="nick">***</span><span class="message notice">V is now known as ^</span></div><div class="line" id="214028"><span class="nick">***</span><span class="message notice">^ is now known as V</span></div><div class="line" id="224428"><span class="nick">***</span><span class="message notice">xwvvvvwx- is now known as xwvvvvwx</span></div><br /></div></body></html>