<!DOCTYPE html><html><head><title>IRC channel logs</title><style>html {
  background: #fdfdfd;
}

h1 {
  font-weight: 300;
}

h2 {
  font-weight: 200;
}

h3 {
  padding: .5em 0;
  border-top: 3px dotted #ddd;
  margin-bottom: 0;
}

form {
  width: 400px;
  display: flex;
}

input {
  width: 100%;
  display: flex;
  border-radius: .25em 0 0 .25em;
  border: 1px solid #aaa;
  border-right: 0;
  padding: 0.5em;
}

button {
  display: flex;
  border-radius: 0 .25em .25em 0;
  background-color: #007bff;
  border: 1px solid #007bff;
  padding: .5em;
  cursor: pointer;
  color: white;
}

button:hover {
  background-color: #0069d9;
  border-color: #0062cc;
}

a {
  color: #007bff;
  text-decoration: none;
}

a:hover {
  text-decoration: underline;
}

h4 {
  margin-bottom: .5em;
}

table td {
  padding: 0.75em;
}

table tr:hover {
  background: #eee;
}

.year {
  display: table;
}

.month {
  display: table-cell;
  padding-right: 1em;
}

ul {
  margin: 0;
  padding: 0;
  list-style: none;
}

.nick {
  padding-right: 0.6rem;
  font-weight: bold;
  text-align: right;
  width: 13rem;
  display: table-cell;
}

.nick a {
  color: inherit;
  text-decoration: none;
}

.message {
  display: table-cell;
  padding-left: 0.6rem;
  border-left: 2px solid #333;
}

.notice {
  color: #859900;
  font-style: italic;
}

.line {
  line-height: 1.8rem;
  display: table;
}

#logs {
  margin-top: 1.5rem;
  padding: 1.5rem;
}
</style></head><body><h1>IRC channel logs</h1><h2>2020-11-30.log</h2><p><a href="/bootstrappable">back to list of logs</a></p><div id="logs"><div class="line" id="132531"><span class="nick" style="color:#8dd3c7"><a href="#132531" label="[13:25:31]">&lt;OriansJ&gt;</a></span><span class="message"> <a rel="nofollow" href="https://github.com/efabless/openlane">https://github.com/efabless/openlane</a>  nice</span></div><div class="line" id="133015"><span class="nick" style="color:#8dd3c7"><a href="#133015" label="[13:30:15]">&lt;OriansJ&gt;</a></span><span class="message">given the option for 80 pins and 25 sq mm at 0.13μm with free digital and analog cell design via skywater-pdk and the progress being made in libresilicon. It is a very exciting time to be alive.</span></div><div class="line" id="232552"><span class="nick">***</span><span class="message notice">nckx is now known as ncksneekx</span></div><div class="line" id="232603"><span class="nick">***</span><span class="message notice">ncksneekx is now known as nckx</span></div><br /></div></body></html>