<!DOCTYPE html><html><head><title>IRC channel logs</title><style>html {
  background: #fdfdfd;
}

h1 {
  font-weight: 300;
}

h2 {
  font-weight: 200;
}

h3 {
  padding: .5em 0;
  border-top: 3px dotted #ddd;
  margin-bottom: 0;
}

form {
  width: 400px;
  display: flex;
}

input {
  width: 100%;
  display: flex;
  border-radius: .25em 0 0 .25em;
  border: 1px solid #aaa;
  border-right: 0;
  padding: 0.5em;
}

button {
  display: flex;
  border-radius: 0 .25em .25em 0;
  background-color: #007bff;
  border: 1px solid #007bff;
  padding: .5em;
  cursor: pointer;
  color: white;
}

button:hover {
  background-color: #0069d9;
  border-color: #0062cc;
}

a {
  color: #007bff;
  text-decoration: none;
}

a:hover {
  text-decoration: underline;
}

h4 {
  margin-bottom: .5em;
}

table td {
  padding: 0.75em;
}

table tr:hover {
  background: #eee;
}

.year {
  display: table;
}

.month {
  display: table-cell;
  padding-right: 1em;
}

ul {
  margin: 0;
  padding: 0;
  list-style: none;
}

.nick {
  padding-right: 0.6rem;
  font-weight: bold;
  text-align: right;
  width: 13rem;
  display: table-cell;
}

.nick a {
  color: inherit;
  text-decoration: none;
}

.message {
  display: table-cell;
  padding-left: 0.6rem;
  border-left: 2px solid #333;
}

.notice {
  color: #859900;
  font-style: italic;
}

.line {
  line-height: 1.8rem;
  display: table;
}

#logs {
  margin-top: 1.5rem;
  padding: 1.5rem;
}
</style></head><body><h1>IRC channel logs</h1><h2>2020-03-26.log</h2><p><a href="/bootstrappable">back to list of logs</a></p><div id="logs"><div class="line" id="001541"><span class="nick" style="color:#389600"><a href="#001541" label="[00:15:41]">&lt;xentrac&gt;</a></span><span class="message">yeah, but fortunately nothing is written in it</span></div><div class="line" id="001607"><span class="nick" style="color:#389600"><a href="#001607" label="[00:16:07]">&lt;xentrac&gt;</a></span><span class="message">I mean fortunately for our purposes.  Crystal is a pretty cool language</span></div><div class="line" id="015410"><span class="nick" style="color:#2e2a4a"><a href="#015410" label="[01:54:10]">&lt;OriansJ&gt;</a></span><span class="message">jackhill: sigh... for once, I'd like to see a new language that doesn't force us to jump through hoops just so that some programmer feels cool that their language is self-hosting...</span></div><div class="line" id="020859"><span class="nick" style="color:#6b8072"><a href="#020859" label="[02:08:59]">&lt;jackhill&gt;</a></span><span class="message">OriansJ: well, there are some languages written in Haskell or an ML, but their host language has bootstrapping problems…</span></div><div class="line" id="021036"><span class="nick" style="color:#6b8072"><a href="#021036" label="[02:10:36]">&lt;jackhill&gt;</a></span><span class="message">xentrac: yeah, although I discovered something that was writting in Crystal today: the ividio.us youtube interface</span></div><div class="line" id="021609"><span class="nick" style="color:#6b8072"><a href="#021609" label="[02:16:09]">&lt;jackhill&gt;</a></span><span class="message">OriansJ: I think I found one: <a rel="nofollow" href="https://www.ponylang.io/">https://www.ponylang.io/</a> </span></div><div class="line" id="062706"><span class="nick" style="color:#389600"><a href="#062706" label="[06:27:06]">&lt;xentrac&gt;</a></span><span class="message">jackhill: oh cool, I didn't know that</span></div><div class="line" id="110535"><span class="nick" style="color:#80b1d3"><a href="#110535" label="[11:05:35]">&lt;gio&gt;</a></span><span class="message"> <a rel="nofollow" href="https://gitlab.com/giomasce/bison-bootstrap">https://gitlab.com/giomasce/bison-bootstrap</a> </span></div><div class="line" id="110549"><span class="nick" style="color:#80b1d3"><a href="#110549" label="[11:05:49]">&lt;gio&gt;</a></span><span class="message">This should do the trick. It was not that difficult. Let me know if it works for you, please!</span></div><div class="line" id="110811"><span class="nick" style="color:#389600"><a href="#110811" label="[11:08:11]">&lt;xentrac&gt;</a></span><span class="message">congratulations gio!</span></div><div class="line" id="112521"><span class="nick">***</span><span class="message notice">ChanServ sets mode: +o rekado</span></div><div class="line" id="152943"><span class="nick">***</span><span class="message notice">Server sets mode: +cnt </span></div><div class="line" id="210842"><span class="nick" style="color:#6d2462"><a href="#210842" label="[21:08:42]">&lt;fossy&gt;</a></span><span class="message">Nice work gio</span></div><br /></div></body></html>