<!DOCTYPE html><html><head><title>IRC channel logs</title><style>html {
  background: #fdfdfd;
}

h1 {
  font-weight: 300;
}

h2 {
  font-weight: 200;
}

h3 {
  padding: .5em 0;
  border-top: 3px dotted #ddd;
  margin-bottom: 0;
}

form {
  width: 400px;
  display: flex;
}

input {
  width: 100%;
  display: flex;
  border-radius: .25em 0 0 .25em;
  border: 1px solid #aaa;
  border-right: 0;
  padding: 0.5em;
}

button {
  display: flex;
  border-radius: 0 .25em .25em 0;
  background-color: #007bff;
  border: 1px solid #007bff;
  padding: .5em;
  cursor: pointer;
  color: white;
}

button:hover {
  background-color: #0069d9;
  border-color: #0062cc;
}

a {
  color: #007bff;
  text-decoration: none;
}

a:hover {
  text-decoration: underline;
}

h4 {
  margin-bottom: .5em;
}

table td {
  padding: 0.75em;
}

table tr:hover {
  background: #eee;
}

.year {
  display: table;
}

.month {
  display: table-cell;
  padding-right: 1em;
}

ul {
  margin: 0;
  padding: 0;
  list-style: none;
}

.nick {
  padding-right: 0.6rem;
  font-weight: bold;
  text-align: right;
  width: 13rem;
  display: table-cell;
}

.nick a {
  color: inherit;
  text-decoration: none;
}

.message {
  display: table-cell;
  padding-left: 0.6rem;
  border-left: 2px solid #333;
}

.notice {
  color: #859900;
  font-style: italic;
}

.line {
  line-height: 1.8rem;
  display: table;
}

#logs {
  margin-top: 1.5rem;
  padding: 1.5rem;
}
</style></head><body><h1>IRC channel logs</h1><h2>2020-03-17.log</h2><p><a href="/bootstrappable">back to list of logs</a></p><div id="logs"><div class="line" id="001628"><span class="nick">***</span><span class="message notice">Server sets mode: +cnt </span></div><div class="line" id="004431"><span class="nick">***</span><span class="message notice">Server sets mode: +cnt </span></div><div class="line" id="102915"><span class="nick" style="color:#8dd3c7"><a href="#102915" label="[10:29:15]">&lt;fossy&gt;</a></span><span class="message">bauen1: great to hear the kernel work is coming along!</span></div><div class="line" id="102932"><span class="nick" style="color:#8dd3c7"><a href="#102932" label="[10:29:32]">&lt;fossy&gt;</a></span><span class="message">I just realised, we only need a kernel up to tinycc</span></div><div class="line" id="102942"><span class="nick" style="color:#8dd3c7"><a href="#102942" label="[10:29:42]">&lt;fossy&gt;</a></span><span class="message">because tinycc can compile linux :)</span></div><div class="line" id="105814"><span class="nick" style="color:#2e2a4a"><a href="#105814" label="[10:58:14]">&lt;rain1&gt;</a></span><span class="message">what is bauen1 working on?</span></div><div class="line" id="114128"><span class="nick" style="color:#6b8072"><a href="#114128" label="[11:41:28]">&lt;bauen1&gt;</a></span><span class="message">rain1: a kernel in c</span></div><div class="line" id="114138"><span class="nick" style="color:#6b8072"><a href="#114138" label="[11:41:38]">&lt;bauen1&gt;</a></span><span class="message">with the explicit goal of being compilable by tinycc</span></div><div class="line" id="114200"><span class="nick" style="color:#6b8072"><a href="#114200" label="[11:42:00]">&lt;bauen1&gt;</a></span><span class="message">the goal is to become self-hosting (with a toolchain of sh, make, tinycc and binutils)</span></div><div class="line" id="114336"><span class="nick" style="color:#6b8072"><a href="#114336" label="[11:43:36]">&lt;bauen1&gt;</a></span><span class="message">and if possible the kernel will be kept relatively simple</span></div><div class="line" id="120405"><span class="nick" style="color:#2e2a4a"><a href="#120405" label="[12:04:05]">&lt;rain1&gt;</a></span><span class="message">ok cool!</span></div><div class="line" id="144019"><span class="nick">***</span><span class="message notice">ChanServ sets mode: +o rekado_</span></div><div class="line" id="144023"><span class="nick">***</span><span class="message notice">rekado_ is now known as rekado</span></div><div class="line" id="221117"><span class="nick" style="color:#8dd3c7"><a href="#221117" label="[22:11:17]">&lt;fossy&gt;</a></span><span class="message">gut. Bash is done</span></div><div class="line" id="221133"><span class="nick" style="color:#8dd3c7"><a href="#221133" label="[22:11:33]">&lt;fossy&gt;</a></span><span class="message">took me a while because 1 1/2 hr builds are great</span></div><div class="line" id="221153"><span class="nick" style="color:#80b1d3"><a href="#221153" label="[22:11:53]">&lt;xentrac&gt;</a></span><span class="message">heh</span></div><div class="line" id="221155"><span class="nick" style="color:#80b1d3"><a href="#221155" label="[22:11:55]">&lt;xentrac&gt;</a></span><span class="message">congratulations!</span></div><div class="line" id="225613"><span class="nick" style="color:#6d2462"><a href="#225613" label="[22:56:13]">&lt;grubles&gt;</a></span><span class="message"> <a rel="nofollow" href="https://salsa.debian.org/helmutg/rebootstrap/-/blob/master/bootstrap.sh">https://salsa.debian.org/helmutg/rebootstrap/-/blob/master/bootstrap.sh</a> </span></div><div class="line" id="225620"><span class="nick" style="color:#6d2462"><a href="#225620" label="[22:56:20]">&lt;grubles&gt;</a></span><span class="message">anyone know if this works? :p</span></div><br /></div></body></html>