<!DOCTYPE html><html><head><title>IRC channel logs</title><style>html {
  background: #fdfdfd;
}

h1 {
  font-weight: 300;
}

h2 {
  font-weight: 200;
}

h3 {
  padding: .5em 0;
  border-top: 3px dotted #ddd;
  margin-bottom: 0;
}

form {
  width: 400px;
  display: flex;
}

input {
  width: 100%;
  display: flex;
  border-radius: .25em 0 0 .25em;
  border: 1px solid #aaa;
  border-right: 0;
  padding: 0.5em;
}

button {
  display: flex;
  border-radius: 0 .25em .25em 0;
  background-color: #007bff;
  border: 1px solid #007bff;
  padding: .5em;
  cursor: pointer;
  color: white;
}

button:hover {
  background-color: #0069d9;
  border-color: #0062cc;
}

a {
  color: #007bff;
  text-decoration: none;
}

a:hover {
  text-decoration: underline;
}

h4 {
  margin-bottom: .5em;
}

table td {
  padding: 0.75em;
}

table tr:hover {
  background: #eee;
}

.year {
  display: table;
}

.month {
  display: table-cell;
  padding-right: 1em;
}

ul {
  margin: 0;
  padding: 0;
  list-style: none;
}

.nick {
  padding-right: 0.6rem;
  font-weight: bold;
  text-align: right;
  width: 13rem;
  display: table-cell;
}

.nick a {
  color: inherit;
  text-decoration: none;
}

.message {
  display: table-cell;
  padding-left: 0.6rem;
  border-left: 2px solid #333;
}

.notice {
  color: #859900;
  font-style: italic;
}

.line {
  line-height: 1.8rem;
  display: table;
}

#logs {
  margin-top: 1.5rem;
  padding: 1.5rem;
}
</style></head><body><h1>IRC channel logs</h1><h2>2020-10-11.log</h2><p><a href="/bootstrappable">back to list of logs</a></p><div id="logs"><div class="line" id="032816"><span class="nick" style="color:#8dd3c7"><a href="#032816" label="[03:28:16]">&lt;OriansJ&gt;</a></span><span class="message">M3-Meteorite now is correctly finding and applying relocations; (although I am sture it needs more refinement at doing that correctly) all that remains is the writing of the leading header, the segments and the symbol table to disk.</span></div><div class="line" id="032832"><span class="nick" style="color:#8dd3c7"><a href="#032832" label="[03:28:32]">&lt;OriansJ&gt;</a></span><span class="message">So nothing hard but boring</span></div><div class="line" id="033238"><span class="nick" style="color:#8dd3c7"><a href="#033238" label="[03:32:38]">&lt;OriansJ&gt;</a></span><span class="message">(correction M3-Meteoriod)</span></div><div class="line" id="033246"><span class="nick" style="color:#8dd3c7"><a href="#033246" label="[03:32:46]">&lt;OriansJ&gt;</a></span><span class="message"> <a rel="nofollow" href="https://github.com/oriansj/M3-Meteoroid">https://github.com/oriansj/M3-Meteoroid</a> </span></div><div class="line" id="033347"><span class="nick" style="color:#2e2a4a"><a href="#033347" label="[03:33:47]">&lt;xentrac&gt;</a></span><span class="message">congratulations!</span></div><div class="line" id="033356"><span class="nick" style="color:#2e2a4a"><a href="#033356" label="[03:33:56]">&lt;xentrac&gt;</a></span><span class="message">when it lands it'll be m3-meteorite?</span></div><div class="line" id="033439"><span class="nick" style="color:#6b8072"><a href="#033439" label="[03:34:39]">&lt;vagrantc&gt;</a></span><span class="message">hah</span></div><div class="line" id="033511"><span class="nick" style="color:#8dd3c7"><a href="#033511" label="[03:35:11]">&lt;OriansJ&gt;</a></span><span class="message">./bin/M3-Meteoroid-x86 -f tmp/cc_x86.o -P will show preprocessed and ./bin/M3-Meteoroid-x86 -f tmp/cc_x86.o -p will show after relocations being applied</span></div><div class="line" id="033614"><span class="nick" style="color:#8dd3c7"><a href="#033614" label="[03:36:14]">&lt;OriansJ&gt;</a></span><span class="message">xentrac: well I needs to be smaller than M3-Comet (which wil be the assembler)</span></div><div class="line" id="033625"><span class="nick" style="color:#2e2a4a"><a href="#033625" label="[03:36:25]">&lt;xentrac&gt;</a></span><span class="message">haha</span></div><div class="line" id="033630"><span class="nick" style="color:#8dd3c7"><a href="#033630" label="[03:36:30]">&lt;OriansJ&gt;</a></span><span class="message">^I^it^</span></div><div class="line" id="033643"><span class="nick" style="color:#2e2a4a"><a href="#033643" label="[03:36:43]">&lt;xentrac&gt;</a></span><span class="message">I really just want an M3-primordial-black-hole</span></div><div class="line" id="033752"><span class="nick" style="color:#8dd3c7"><a href="#033752" label="[03:37:52]">&lt;OriansJ&gt;</a></span><span class="message">xentrac: the last one will be M3-Star (with possibly M3-Gas-Giant being the C preprocessor)</span></div><div class="line" id="033827"><span class="nick" style="color:#2e2a4a"><a href="#033827" label="[03:38:27]">&lt;xentrac&gt;</a></span><span class="message">heh</span></div><div class="line" id="033856"><span class="nick" style="color:#8dd3c7"><a href="#033856" label="[03:38:56]">&lt;OriansJ&gt;</a></span><span class="message">M3-Black-Hole would be me having gone mad and attempted to bootstrap Haskell in M2-Planet</span></div><div class="line" id="033955"><span class="nick" style="color:#2e2a4a"><a href="#033955" label="[03:39:55]">&lt;xentrac&gt;</a></span><span class="message">well, the thing about primordial black holes is</span></div><div class="line" id="034007"><span class="nick" style="color:#2e2a4a"><a href="#034007" label="[03:40:07]">&lt;xentrac&gt;</a></span><span class="message">they can be very much smaller than regular black holes</span></div><div class="line" id="034021"><span class="nick" style="color:#2e2a4a"><a href="#034021" label="[03:40:21]">&lt;xentrac&gt;</a></span><span class="message">smaller than a proton, even</span></div><div class="line" id="034128"><span class="nick" style="color:#8dd3c7"><a href="#034128" label="[03:41:28]">&lt;OriansJ&gt;</a></span><span class="message">xentrac: then you can't have it in M3 form; because it would be smaller than hex0</span></div><div class="line" id="034240"><span class="nick" style="color:#8dd3c7"><a href="#034240" label="[03:42:40]">&lt;OriansJ&gt;</a></span><span class="message">as all M2-Planet binaries are bigger than hex0 because they include a symbol table and other ELF extras</span></div><div class="line" id="034349"><span class="nick" style="color:#2e2a4a"><a href="#034349" label="[03:43:49]">&lt;xentrac&gt;</a></span><span class="message">symbol tables improve quality of life</span></div><div class="line" id="034454"><span class="nick" style="color:#8dd3c7"><a href="#034454" label="[03:44:54]">&lt;OriansJ&gt;</a></span><span class="message">The bare minimial M2-Planet program is: void main() {}</span></div><div class="line" id="034609"><span class="nick" style="color:#8dd3c7"><a href="#034609" label="[03:46:09]">&lt;OriansJ&gt;</a></span><span class="message">which will reduce down to just a function label and a return; then when you link with the required libc.M1; it'll setup the stack and then call main and on return call exit</span></div><div class="line" id="034712"><span class="nick" style="color:#8dd3c7"><a href="#034712" label="[03:47:12]">&lt;OriansJ&gt;</a></span><span class="message">and I am not clever enough to xadd loop my way to getting negative bytes in size</span></div><div class="line" id="035423"><span class="nick" style="color:#8dd3c7"><a href="#035423" label="[03:54:23]">&lt;OriansJ&gt;</a></span><span class="message">(for those not familiar with x86 assembly: xadd r0, r1 will add r0 and r1; copy r0 to r1 and then set r0 to the sum) putting a #number in ecx and calling loop will result in a 2 instruction implementation of the fibonacci sequence that is only 5bytes in size (assuming eax and ebx are initialized to 1 prior to the loop)</span></div><div class="line" id="035631"><span class="nick" style="color:#8dd3c7"><a href="#035631" label="[03:56:31]">&lt;OriansJ&gt;</a></span><span class="message">correction eax to 1 and ebx to zero</span></div><div class="line" id="040118"><span class="nick" style="color:#8dd3c7"><a href="#040118" label="[04:01:18]">&lt;OriansJ&gt;</a></span><span class="message">why Intel burned an opcode on xchg and add; when add ebx, eax is 2 bytes and xchg ebx, eax is 1 byte (Thus no difference in size)</span></div><div class="line" id="040300"><span class="nick" style="color:#8dd3c7"><a href="#040300" label="[04:03:00]">&lt;OriansJ&gt;</a></span><span class="message">I don't get; unless fibonacci was too important of a metric to not have a speicalized generally useless instruction but not important enough to just do instruction fusing transparently</span></div><div class="line" id="040333"><span class="nick" style="color:#8dd3c7"><a href="#040333" label="[04:03:33]">&lt;OriansJ&gt;</a></span><span class="message">Or maybe I just over think it</span></div><div class="line" id="040524"><span class="nick" style="color:#8dd3c7"><a href="#040524" label="[04:05:24]">&lt;OriansJ&gt;</a></span><span class="message"> '0fc1d8 e201' vs '01c3 93 e201'</span></div><div class="line" id="040744"><span class="nick" style="color:#8dd3c7"><a href="#040744" label="[04:07:44]">&lt;OriansJ&gt;</a></span><span class="message">wow I just realized I failed to hit enter and push the M3-Meteoroid commit to github</span></div><div class="line" id="040903"><span class="nick" style="color:#8dd3c7"><a href="#040903" label="[04:09:03]">&lt;OriansJ&gt;</a></span><span class="message">I think I should just call it a night</span></div><div class="line" id="130352"><span class="nick" style="color:#8dd3c7"><a href="#130352" label="[13:03:52]">&lt;OriansJ&gt;</a></span><span class="message">morning</span></div><div class="line" id="153649"><span class="nick" style="color:#2e2a4a"><a href="#153649" label="[15:36:49]">&lt;xentrac&gt;</a></span><span class="message">hiya</span></div><br /></div></body></html>