<!DOCTYPE html><html><head><title>IRC channel logs</title><style>html {
  background: #fdfdfd;
}

h1 {
  font-weight: 300;
}

h2 {
  font-weight: 200;
}

h3 {
  padding: .5em 0;
  border-top: 3px dotted #ddd;
  margin-bottom: 0;
}

form {
  width: 400px;
  display: flex;
}

input {
  width: 100%;
  display: flex;
  border-radius: .25em 0 0 .25em;
  border: 1px solid #aaa;
  border-right: 0;
  padding: 0.5em;
}

button {
  display: flex;
  border-radius: 0 .25em .25em 0;
  background-color: #007bff;
  border: 1px solid #007bff;
  padding: .5em;
  cursor: pointer;
  color: white;
}

button:hover {
  background-color: #0069d9;
  border-color: #0062cc;
}

a {
  color: #007bff;
  text-decoration: none;
}

a:hover {
  text-decoration: underline;
}

h4 {
  margin-bottom: .5em;
}

table td {
  padding: 0.75em;
}

table tr:hover {
  background: #eee;
}

.year {
  display: table;
}

.month {
  display: table-cell;
  padding-right: 1em;
}

ul {
  margin: 0;
  padding: 0;
  list-style: none;
}

.nick {
  padding-right: 0.6rem;
  font-weight: bold;
  text-align: right;
  width: 13rem;
  display: table-cell;
}

.nick a {
  color: inherit;
  text-decoration: none;
}

.message {
  display: table-cell;
  padding-left: 0.6rem;
  border-left: 2px solid #333;
}

.notice {
  color: #859900;
  font-style: italic;
}

.line {
  line-height: 1.8rem;
  display: table;
}

#logs {
  margin-top: 1.5rem;
  padding: 1.5rem;
}
</style></head><body><h1>IRC channel logs</h1><h2>2020-05-03.log</h2><p><a href="/bootstrappable">back to list of logs</a></p><div id="logs"><div class="line" id="014409"><span class="nick" style="color:#8dd3c7"><a href="#014409" label="[01:44:09]">&lt;OriansJ&gt;</a></span><span class="message">fossy: you are absolutely right about it being hard for getting others to accept help on something other then their expected terms.</span></div><div class="line" id="024516"><span class="nick" style="color:#2e2a4a"><a href="#024516" label="[02:45:16]">&lt;xentrac&gt;</a></span><span class="message">fossy: awesome work</span></div><div class="line" id="100733"><span class="nick" style="color:#6b8072"><a href="#100733" label="[10:07:33]">&lt;janneke&gt;</a></span><span class="message">&quot;&lt;OriansJ&gt; which raises teh question of which sha256 tool guix exposes in build environment by default&quot;</span></div><div class="line" id="100807"><span class="nick" style="color:#6b8072"><a href="#100807" label="[10:08:07]">&lt;janneke&gt;</a></span><span class="message">guix, being GNU, has GNU core utils in the gnu-build-system</span></div><div class="line" id="100816"><span class="nick" style="color:#6b8072"><a href="#100816" label="[10:08:16]">&lt;janneke&gt;</a></span><span class="message">just not in /usr/bin</span></div><div class="line" id="152710"><span class="nick" style="color:#80b1d3"><a href="#152710" label="[15:27:10]">&lt;webczat&gt;</a></span><span class="message">hi</span></div><div class="line" id="153429"><span class="nick" style="color:#8dd3c7"><a href="#153429" label="[15:34:29]">&lt;OriansJ&gt;</a></span><span class="message">hello webczat</span></div><div class="line" id="171023"><span class="nick" style="color:#6d2462"><a href="#171023" label="[17:10:23]">&lt;stikonas&gt;</a></span><span class="message">nice work one mescc-tools!</span></div><div class="line" id="171043"><span class="nick" style="color:#80b1d3"><a href="#171043" label="[17:10:43]">&lt;webczat&gt;</a></span><span class="message">any news? in general I mean.</span></div><div class="line" id="203903"><span class="nick" style="color:#8dd3c7"><a href="#203903" label="[20:39:03]">&lt;OriansJ&gt;</a></span><span class="message">I am writing a linker to enable a much more powerful assembler with support for AT&amp;T syntax that is a drop in compatible with the Gnu Assembler improving the options available to MesCC</span></div><div class="line" id="225457"><span class="nick" style="color:#234e69"><a href="#225457" label="[22:54:57]">&lt;fossy&gt;</a></span><span class="message">woot</span></div><div class="line" id="235345"><span class="nick" style="color:#6d2462"><a href="#235345" label="[23:53:45]">&lt;stikonas&gt;</a></span><span class="message">a bit higher level than most of the work here, but I'm almost done with rust bootstrapping on Gentoo (via mrustc) <a rel="nofollow" href="https://git.stikonas.eu/andrius/gentoo-bootstrap/src/branch/master/dev-lang/rust">https://git.stikonas.eu/andrius/gentoo-bootstrap/src/branch/master/dev-lang/rust</a> </span></div><br /></div></body></html>