<!DOCTYPE html><html><head><title>IRC channel logs</title><style>html {
  background: #fdfdfd;
}

h1 {
  font-weight: 300;
}

h2 {
  font-weight: 200;
}

h3 {
  padding: .5em 0;
  border-top: 3px dotted #ddd;
  margin-bottom: 0;
}

form {
  width: 400px;
  display: flex;
}

input {
  width: 100%;
  display: flex;
  border-radius: .25em 0 0 .25em;
  border: 1px solid #aaa;
  border-right: 0;
  padding: 0.5em;
}

button {
  display: flex;
  border-radius: 0 .25em .25em 0;
  background-color: #007bff;
  border: 1px solid #007bff;
  padding: .5em;
  cursor: pointer;
  color: white;
}

button:hover {
  background-color: #0069d9;
  border-color: #0062cc;
}

a {
  color: #007bff;
  text-decoration: none;
}

a:hover {
  text-decoration: underline;
}

h4 {
  margin-bottom: .5em;
}

table td {
  padding: 0.75em;
}

table tr:hover {
  background: #eee;
}

.year {
  display: table;
}

.month {
  display: table-cell;
  padding-right: 1em;
}

ul {
  margin: 0;
  padding: 0;
  list-style: none;
}

.nick {
  padding-right: 0.6rem;
  font-weight: bold;
  text-align: right;
  width: 13rem;
  display: table-cell;
}

.nick a {
  color: inherit;
  text-decoration: none;
}

.message {
  display: table-cell;
  padding-left: 0.6rem;
  border-left: 2px solid #333;
}

.notice {
  color: #859900;
  font-style: italic;
}

.line {
  line-height: 1.8rem;
  display: table;
}

#logs {
  margin-top: 1.5rem;
  padding: 1.5rem;
}
</style></head><body><h1>IRC channel logs</h1><h2>2020-07-23.log</h2><p><a href="/bootstrappable">back to list of logs</a></p><div id="logs"><div class="line" id="012228"><span class="nick">***</span><span class="message notice">nckx is now known as nckx-</span></div><div class="line" id="012308"><span class="nick">***</span><span class="message notice">nckx- is now known as nckx</span></div><div class="line" id="044040"><span class="nick" style="color:#8dd3c7"><a href="#044040" label="[04:40:40]">&lt;Hagfish&gt;</a></span><span class="message"> <a rel="nofollow" href="https://ts.data61.csiro.au/publications/csiroabstracts/Heiser_20.abstract.pml">https://ts.data61.csiro.au/publications/csiroabstracts/Heiser_20.abstract.pml</a> </span></div><div class="line" id="044053"><span class="nick" style="color:#8dd3c7"><a href="#044053" label="[04:40:53]">&lt;Hagfish&gt;</a></span><span class="message">One interesting aspect are timing channels. We have been working for a number of years on *time protection*, the temporal equivalent of memory protection, as a systematic timing-channel prevention. Our experience on x86 and ARM processors is that they lack the mechanisms to do this completely. RISC-V presents an opportunity to get this right</span></div><div class="line" id="044427"><span class="nick" style="color:#2e2a4a"><a href="#044427" label="[04:44:27]">&lt;fossy&gt;</a></span><span class="message">Nice</span></div><div class="line" id="044437"><span class="nick" style="color:#2e2a4a"><a href="#044437" label="[04:44:37]">&lt;fossy&gt;</a></span><span class="message">let me ask my dad about this</span></div><div class="line" id="044459"><span class="nick" style="color:#2e2a4a"><a href="#044459" label="[04:44:59]">&lt;fossy&gt;</a></span><span class="message">he knows some of the ppl who worked on it</span></div><div class="line" id="233637"><span class="nick" style="color:#6b8072"><a href="#233637" label="[23:36:37]">&lt;OriansJ`&gt;</a></span><span class="message">stikonas: done</span></div><div class="line" id="234042"><span class="nick" style="color:#6b8072"><a href="#234042" label="[23:40:42]">&lt;OriansJ`&gt;</a></span><span class="message">Hagfish: well if I remember the reason for why x86 and ARM don't support it is due to the performance penalties on OoO processors is brutal and superscalar processors take a beating on branching performance.</span></div><div class="line" id="235103"><span class="nick" style="color:#80b1d3"><a href="#235103" label="[23:51:03]">&lt;stikonas&gt;</a></span><span class="message">ok, thanks!</span></div><br /></div></body></html>