<!DOCTYPE html><html><head><title>IRC channel logs</title><style>html {
  background: #fdfdfd;
}

h1 {
  font-weight: 300;
}

h2 {
  font-weight: 200;
}

h3 {
  padding: .5em 0;
  border-top: 3px dotted #ddd;
  margin-bottom: 0;
}

form {
  width: 400px;
  display: flex;
}

input {
  width: 100%;
  display: flex;
  border-radius: .25em 0 0 .25em;
  border: 1px solid #aaa;
  border-right: 0;
  padding: 0.5em;
}

button {
  display: flex;
  border-radius: 0 .25em .25em 0;
  background-color: #007bff;
  border: 1px solid #007bff;
  padding: .5em;
  cursor: pointer;
  color: white;
}

button:hover {
  background-color: #0069d9;
  border-color: #0062cc;
}

a {
  color: #007bff;
  text-decoration: none;
}

a:hover {
  text-decoration: underline;
}

h4 {
  margin-bottom: .5em;
}

table td {
  padding: 0.75em;
}

table tr:hover {
  background: #eee;
}

.year {
  display: table;
}

.month {
  display: table-cell;
  padding-right: 1em;
}

ul {
  margin: 0;
  padding: 0;
  list-style: none;
}

.nick {
  padding-right: 0.6rem;
  font-weight: bold;
  text-align: right;
  width: 13rem;
  display: table-cell;
}

.nick a {
  color: inherit;
  text-decoration: none;
}

.message {
  display: table-cell;
  padding-left: 0.6rem;
  border-left: 2px solid #333;
}

.notice {
  color: #859900;
  font-style: italic;
}

.line {
  line-height: 1.8rem;
  display: table;
}

#logs {
  margin-top: 1.5rem;
  padding: 1.5rem;
}
</style></head><body><h1>IRC channel logs</h1><h2>2020-11-16.log</h2><p><a href="/bootstrappable">back to list of logs</a></p><div id="logs"><div class="line" id="002540"><span class="nick" style="color:#389600"><a href="#002540" label="[00:25:40]">&lt;OriansJ&gt;</a></span><span class="message">hmm char* s = &quot;hello&quot; &quot;world&quot; &quot;indeed&quot;;</span></div><div class="line" id="002548"><span class="nick" style="color:#389600"><a href="#002548" label="[00:25:48]">&lt;OriansJ&gt;</a></span><span class="message">that'll be easy to add to M2-Planet</span></div><div class="line" id="004944"><span class="nick" style="color:#389600"><a href="#004944" label="[00:49:44]">&lt;OriansJ&gt;</a></span><span class="message">fossy: also weren't you going to revert the kaem change I made?</span></div><div class="line" id="005801"><span class="nick" style="color:#389600"><a href="#005801" label="[00:58:01]">&lt;OriansJ&gt;</a></span><span class="message">and boom M2-Planet now supports char* s = &quot;hello&quot; &quot;world&quot; &quot;indeed&quot;;</span></div><div class="line" id="005916"><span class="nick" style="color:#389600"><a href="#005916" label="[00:59:16]">&lt;OriansJ&gt;</a></span><span class="message">patches are up</span></div><div class="line" id="010152"><span class="nick" style="color:#389600"><a href="#010152" label="[01:01:52]">&lt;OriansJ&gt;</a></span><span class="message"> <a rel="nofollow" href="https://paste.debian.net/1172625/">https://paste.debian.net/1172625/</a> </span></div><div class="line" id="010518"><span class="nick" style="color:#389600"><a href="#010518" label="[01:05:18]">&lt;OriansJ&gt;</a></span><span class="message">probably should address gcc 10 and M2-Planet</span></div><div class="line" id="022001"><span class="nick" style="color:#389600"><a href="#022001" label="[02:20:01]">&lt;OriansJ&gt;</a></span><span class="message">nice, I don't even have to update the checksums</span></div><div class="line" id="022950"><span class="nick" style="color:#389600"><a href="#022950" label="[02:29:50]">&lt;OriansJ&gt;</a></span><span class="message">and patches are up for M2-Planet</span></div><div class="line" id="023033"><span class="nick" style="color:#389600"><a href="#023033" label="[02:30:33]">&lt;OriansJ&gt;</a></span><span class="message">no more GCC 10 issues and we now support multi-strings</span></div><div class="line" id="025433"><span class="nick" style="color:#2e2a4a"><a href="#025433" label="[02:54:33]">&lt;vagrantc&gt;</a></span><span class="message">the world is spinning every so slightly more smoothly now. :)</span></div><div class="line" id="025932"><span class="nick" style="color:#389600"><a href="#025932" label="[02:59:32]">&lt;OriansJ&gt;</a></span><span class="message">vagrantc: well, it is easy for me to get backlogged these days</span></div><div class="line" id="030133"><span class="nick" style="color:#6b8072"><a href="#030133" label="[03:01:33]">&lt;siraben&gt;</a></span><span class="message">samueldr: are you building it with Nix?</span></div><div class="line" id="030156"><span class="nick" style="color:#80b1d3"><a href="#030156" label="[03:01:56]">&lt;samueldr&gt;</a></span><span class="message">yeah, but it's mostly for fun, I'm not actually doing a whole bootstrap</span></div><div class="line" id="030227"><span class="nick" style="color:#80b1d3"><a href="#030227" label="[03:02:27]">&lt;samueldr&gt;</a></span><span class="message">I want to get to the tcc for misc. playing around</span></div><div class="line" id="030316"><span class="nick" style="color:#389600"><a href="#030316" label="[03:03:16]">&lt;OriansJ&gt;</a></span><span class="message">samueldr: well the full bootstrap is a little ugly: <a rel="nofollow" href="https://github.com/oriansj/talk-notes/blob/master/Current%20bootstrap%20map.pdf">https://github.com/oriansj/talk-notes/blob/master/Current%20bootstrap%20map.pdf</a> </span></div><div class="line" id="030335"><span class="nick" style="color:#80b1d3"><a href="#030335" label="[03:03:35]">&lt;samueldr&gt;</a></span><span class="message">yeah :) I was aware of it</span></div><div class="line" id="030427"><span class="nick" style="color:#80b1d3"><a href="#030427" label="[03:04:27]">&lt;samueldr&gt;</a></span><span class="message">right now it really is a means to get a tinycc that I can treat as an opaque step that can be filled-in later by the real good stuff</span></div><div class="line" id="030505"><span class="nick" style="color:#389600"><a href="#030505" label="[03:05:05]">&lt;OriansJ&gt;</a></span><span class="message">samueldr: fair</span></div><div class="line" id="030528"><span class="nick" style="color:#80b1d3"><a href="#030528" label="[03:05:28]">&lt;samueldr&gt;</a></span><span class="message">not a judgement against the work, definitely not :)</span></div><div class="line" id="030601"><span class="nick" style="color:#80b1d3"><a href="#030601" label="[03:06:01]">&lt;samueldr&gt;</a></span><span class="message">but having taken a look at it, and even just today's discussions, it looks like it's still moving along at a nice pace</span></div><div class="line" id="030610"><span class="nick" style="color:#389600"><a href="#030610" label="[03:06:10]">&lt;OriansJ&gt;</a></span><span class="message">samueldr: as long as the judgements provide useful suggestions for improvement (and potentially patches); we welcome that here. ^_^</span></div><div class="line" id="030644"><span class="nick" style="color:#80b1d3"><a href="#030644" label="[03:06:44]">&lt;samueldr&gt;</a></span><span class="message">there might be some patches in the end, that either you'll explain away the weirdness I've seen, or are needed changes</span></div><div class="line" id="030716"><span class="nick" style="color:#389600"><a href="#030716" label="[03:07:16]">&lt;OriansJ&gt;</a></span><span class="message">samueldr: honestly if there is weirdness; we should fix it</span></div><div class="line" id="030754"><span class="nick" style="color:#80b1d3"><a href="#030754" label="[03:07:54]">&lt;samueldr&gt;</a></span><span class="message">yeah, it could be that my fix is not the right fix, that something else needs to be done</span></div><div class="line" id="030811"><span class="nick" style="color:#389600"><a href="#030811" label="[03:08:11]">&lt;OriansJ&gt;</a></span><span class="message">certainly something for us to explore.</span></div><div class="line" id="030828"><span class="nick" style="color:#389600"><a href="#030828" label="[03:08:28]">&lt;OriansJ&gt;</a></span><span class="message">The more precise information; the better the answers and potential solutions can be.</span></div><div class="line" id="030906"><span class="nick" style="color:#80b1d3"><a href="#030906" label="[03:09:06]">&lt;samueldr&gt;</a></span><span class="message">yes, sorry, I'm not trying to be obtuse and unhelpful :)</span></div><div class="line" id="031016"><span class="nick" style="color:#80b1d3"><a href="#031016" label="[03:10:16]">&lt;samueldr&gt;</a></span><span class="message">tinycc's current bootstrap.sh has mes_cpu  defined using `uname -m`, but doesn't check for x86_64 and i686... or maybe it's $CC -dumpmachine that has the wrong output</span></div><div class="line" id="031037"><span class="nick" style="color:#80b1d3"><a href="#031037" label="[03:10:37]">&lt;samueldr&gt;</a></span><span class="message">I first need to take some time in understanding which bit first before actually reporting :)</span></div><div class="line" id="031108"><span class="nick" style="color:#80b1d3"><a href="#031108" label="[03:11:08]">&lt;samueldr&gt;</a></span><span class="message">and with that, I added some guards, e.g. in the `case` a `*)` with a failure message, rather than continuing with unconfigured values</span></div><div class="line" id="031123"><span class="nick" style="color:#389600"><a href="#031123" label="[03:11:23]">&lt;OriansJ&gt;</a></span><span class="message">samueldr: and if you are having trouble with MesCC; use the known good setup in mes-m2 with guile for faster compiles</span></div><div class="line" id="031212"><span class="nick" style="color:#389600"><a href="#031212" label="[03:12:12]">&lt;OriansJ&gt;</a></span><span class="message">the smaller the failing test; the easier to track down and fix forever</span></div><div class="line" id="031219"><span class="nick" style="color:#80b1d3"><a href="#031219" label="[03:12:19]">&lt;samueldr&gt;</a></span><span class="message">yeah</span></div><div class="line" id="031240"><span class="nick" style="color:#389600"><a href="#031240" label="[03:12:40]">&lt;OriansJ&gt;</a></span><span class="message">and a new patches for mescc-tools-seed are now up</span></div><div class="line" id="031258"><span class="nick" style="color:#80b1d3"><a href="#031258" label="[03:12:58]">&lt;samueldr&gt;</a></span><span class="message">for the time being, it's been more about wrong assumptions, like thinking the amd64 support was working :)</span></div><div class="line" id="031353"><span class="nick" style="color:#389600"><a href="#031353" label="[03:13:53]">&lt;OriansJ&gt;</a></span><span class="message">samueldr: to be honest; I have a hard time keeping track of where things are with MesCC.</span></div><div class="line" id="031459"><span class="nick" style="color:#389600"><a href="#031459" label="[03:14:59]">&lt;OriansJ&gt;</a></span><span class="message">With M2-Planet and mescc-tools; an architecture isn't even listed until after it is in a &quot;Generally working&quot; state.</span></div><div class="line" id="031905"><span class="nick" style="color:#389600"><a href="#031905" label="[03:19:05]">&lt;OriansJ&gt;</a></span><span class="message">AArch64, armv7l, x86, AMD64, knight-native and knight-posix are all working happy now (Just need to find someone with PowerPC [32/64] and RISC-V to get those ports up and running)</span></div><div class="line" id="034512"><span class="nick" style="color:#389600"><a href="#034512" label="[03:45:12]">&lt;OriansJ&gt;</a></span><span class="message">well I am quite certain I got the mapping wrong: <a rel="nofollow" href="https://paste.debian.net/1172639/">https://paste.debian.net/1172639/</a> </span></div><div class="line" id="034837"><span class="nick" style="color:#389600"><a href="#034837" label="[03:48:37]">&lt;OriansJ&gt;</a></span><span class="message">anyone else want to take a shot at figuring out the mapping between the blobs and the comment lines?</span></div><div class="line" id="034933"><span class="nick" style="color:#389600"><a href="#034933" label="[03:49:33]">&lt;OriansJ&gt;</a></span><span class="message">for some reason they are in a seperate block rather than having a 1:1 mapping in the code</span></div><div class="line" id="035032"><span class="nick" style="color:#389600"><a href="#035032" label="[03:50:32]">&lt;OriansJ&gt;</a></span><span class="message">oh and FYI &quot;foobar&quot; and &quot;foo&quot; /* comment */ &quot;bar&quot; /* more comments */; mean the exact same thing in C</span></div><div class="line" id="035142"><span class="nick" style="color:#389600"><a href="#035142" label="[03:51:42]">&lt;OriansJ&gt;</a></span><span class="message">make vm &amp;&amp; ./vm &gt;| raw &amp;&amp; sha256sum raw (to test that you didn't change the output) [it should be 9732a8852bf92b4097f275da4ceba3b718138a5e16190cbef43bbd4be42a27dd]</span></div><div class="line" id="035403"><span class="nick" style="color:#389600"><a href="#035403" label="[03:54:03]">&lt;OriansJ&gt;</a></span><span class="message">good night and good luck.</span></div><div class="line" id="040104"><span class="nick" style="color:#6b8072"><a href="#040104" label="[04:01:04]">&lt;siraben&gt;</a></span><span class="message">samueldr: Ah, cool. Eelco has packaged this up as well <a rel="nofollow" href="https://gist.github.com/edolstra/02bf42400dfd82c885fc2409c618df1d">https://gist.github.com/edolstra/02bf42400dfd82c885fc2409c618df1d</a> </span></div><div class="line" id="042144"><span class="nick" style="color:#80b1d3"><a href="#042144" label="[04:21:44]">&lt;samueldr&gt;</a></span><span class="message">yeah, had that already; the patch is still in guix's tree</span></div><div class="line" id="043148"><span class="nick" style="color:#6b8072"><a href="#043148" label="[04:31:48]">&lt;siraben&gt;</a></span><span class="message">samueldr: did you adjust it to build on x86_64-linux?</span></div><div class="line" id="043202"><span class="nick" style="color:#6d2462"><a href="#043202" label="[04:32:02]">&lt;fossy&gt;</a></span><span class="message">OriansJ: oh crap I forgot</span></div><div class="line" id="043256"><span class="nick" style="color:#80b1d3"><a href="#043256" label="[04:32:56]">&lt;samueldr&gt;</a></span><span class="message">I ended up re-doing it from scratch, siraben, though it will build mes, with mescc, and will build hello world equivalents, it won't build tinycc for the time being</span></div><div class="line" id="043329"><span class="nick" style="color:#80b1d3"><a href="#043329" label="[04:33:29]">&lt;samueldr&gt;</a></span><span class="message">if you read today's backlog of this channel, you'll have all the context I know about x86_64 support</span></div><div class="line" id="043337"><span class="nick" style="color:#6b8072"><a href="#043337" label="[04:33:37]">&lt;siraben&gt;</a></span><span class="message">samueldr: I see. Do you have this uploaded somewhere?</span></div><div class="line" id="043341"><span class="nick" style="color:#80b1d3"><a href="#043341" label="[04:33:41]">&lt;samueldr&gt;</a></span><span class="message">not at the moment</span></div><div class="line" id="043408"><span class="nick" style="color:#80b1d3"><a href="#043408" label="[04:34:08]">&lt;samueldr&gt;</a></span><span class="message">depending on how the i686 build goes, it'll probably end up somewhere</span></div><div class="line" id="043638"><span class="nick" style="color:#80b1d3"><a href="#043638" label="[04:36:38]">&lt;samueldr&gt;</a></span><span class="message">though it's not done with the goal of a full and proper bootstrap; at the time being it's more as a curiosity thing</span></div><div class="line" id="043705"><span class="nick" style="color:#80b1d3"><a href="#043705" label="[04:37:05]">&lt;samueldr&gt;</a></span><span class="message">might be helpful to use as an opaque &quot;all the lower level parts of the bootstrap are blackboxed away&quot; kind of thing</span></div><div class="line" id="043713"><span class="nick" style="color:#80b1d3"><a href="#043713" label="[04:37:13]">&lt;samueldr&gt;</a></span><span class="message">and later draw the rest of the owl</span></div><div class="line" id="050159"><span class="nick" style="color:#6b8072"><a href="#050159" label="[05:01:59]">&lt;siraben&gt;</a></span><span class="message">RIght. It'd be nice for Nix to eventually benefit from the same bootstrap reduction as Guix has.</span></div><div class="line" id="051300"><span class="nick" style="color:#80b1d3"><a href="#051300" label="[05:13:00]">&lt;samueldr&gt;</a></span><span class="message">it probably will end up benfiting at some point</span></div><div class="line" id="055240"><span class="nick" style="color:#6b8072"><a href="#055240" label="[05:52:40]">&lt;siraben&gt;</a></span><span class="message">OriansJ:  I'll take a look.</span></div><div class="line" id="055522"><span class="nick" style="color:#6b8072"><a href="#055522" label="[05:55:22]">&lt;siraben&gt;</a></span><span class="message">OriansJ: looks good to me. As a heuristic if you see == on the right and side, it should correspond to the = combinator on the left.</span></div><div class="line" id="055534"><span class="nick" style="color:#6b8072"><a href="#055534" label="[05:55:34]">&lt;siraben&gt;</a></span><span class="message">Here's the mapping, roughly.</span></div><div class="line" id="055639"><span class="nick" style="color:#6b8072"><a href="#055639" label="[05:56:39]">&lt;siraben&gt;</a></span><span class="message">= and ==</span></div><div class="line" id="055639"><span class="nick" style="color:#6b8072"><a href="#055639" label="[05:56:39]">&lt;siraben&gt;</a></span><span class="message">? and undefiend</span></div><div class="line" id="055639"><span class="nick" style="color:#6b8072"><a href="#055639" label="[05:56:39]">&lt;siraben&gt;</a></span><span class="message">#c and 'c', where c is a character</span></div><div class="line" id="055659"><span class="nick" style="color:#6b8072"><a href="#055659" label="[05:56:59]">&lt;siraben&gt;</a></span><span class="message">It will at least help one check that the rough composition looks right. To actually verify it one should compile it to combinators.</span></div><div class="line" id="060040"><span class="nick" style="color:#6b8072"><a href="#060040" label="[06:00:40]">&lt;siraben&gt;</a></span><span class="message">Not sure if it would be ideal to put the mapping side by side for the next phases, since the line lengths would be quite long. I suppose putting just the function name it corresponds to.</span></div><div class="line" id="060441"><span class="nick" style="color:#6b8072"><a href="#060441" label="[06:04:41]">&lt;siraben&gt;</a></span><span class="message">TIL that `&gt;|` is a specialized form of the `&gt;` operator in bash</span></div><div class="line" id="074045"><span class="nick" style="color:#234e69"><a href="#074045" label="[07:40:45]">&lt;janneke&gt;</a></span><span class="message">siraben: there is also: <a rel="nofollow" href="https://github.com/xwvvvvwx/nixpkgs">https://github.com/xwvvvvwx/nixpkgs</a>  branch mescc</span></div><div class="line" id="075946"><span class="nick" style="color:#80b1d3"><a href="#075946" label="[07:59:46]">&lt;samueldr&gt;</a></span><span class="message">11 months old, but interesting to see it applied to Nixpkgs</span></div><div class="line" id="080202"><span class="nick" style="color:#80b1d3"><a href="#080202" label="[08:02:02]">&lt;samueldr&gt;</a></span><span class="message">looks like it might be helpful in cleaning up what I understand</span></div><div class="line" id="080204"><span class="nick" style="color:#234e69"><a href="#080204" label="[08:02:04]">&lt;janneke&gt;</a></span><span class="message">yes; the way we do it in guix is to use the regular mes and mescc-tools packages (from xwvvvvwx) to build the bootstrap binaries to be used in the bootstrap (from edolstra)</span></div><div class="line" id="133817"><span class="nick" style="color:#389600"><a href="#133817" label="[13:38:17]">&lt;OriansJ&gt;</a></span><span class="message">fossy: no worries; it happens to us all</span></div><div class="line" id="134003"><span class="nick" style="color:#389600"><a href="#134003" label="[13:40:03]">&lt;OriansJ&gt;</a></span><span class="message">siraben: so the source code doesn't map to the comment?</span></div><div class="line" id="134213"><span class="nick" style="color:#6b8072"><a href="#134213" label="[13:42:13]">&lt;siraben&gt;</a></span><span class="message">OriansJ: it should</span></div><div class="line" id="134238"><span class="nick" style="color:#6b8072"><a href="#134238" label="[13:42:38]">&lt;siraben&gt;</a></span><span class="message">Ah except for uncurry and (.) of course</span></div><div class="line" id="134241"><span class="nick" style="color:#6b8072"><a href="#134241" label="[13:42:41]">&lt;siraben&gt;</a></span><span class="message">because those are combinators</span></div><div class="line" id="134613"><span class="nick" style="color:#6b8072"><a href="#134613" label="[13:46:13]">&lt;siraben&gt;</a></span><span class="message">I'll open a PR to your fork to commit the combinators</span></div><div class="line" id="134621"><span class="nick" style="color:#6b8072"><a href="#134621" label="[13:46:21]">&lt;siraben&gt;</a></span><span class="message">comment*</span></div><div class="line" id="140020"><span class="nick" style="color:#6b8072"><a href="#140020" label="[14:00:20]">&lt;siraben&gt;</a></span><span class="message">OriansJ:  <a rel="nofollow" href="https://github.com/oriansj/blynn-compiler/pull/1/files">https://github.com/oriansj/blynn-compiler/pull/1/files</a> </span></div><div class="line" id="184122"><span class="nick" style="color:#389600"><a href="#184122" label="[18:41:22]">&lt;OriansJ&gt;</a></span><span class="message">siraben: thank you; merged</span></div><div class="line" id="230949"><span class="nick" style="color:#6c3d55"><a href="#230949" label="[23:09:49]">&lt;ythier&gt;</a></span><span class="message">hello</span></div><div class="line" id="231051"><span class="nick" style="color:#6c3d55"><a href="#231051" label="[23:10:51]">&lt;ythier&gt;</a></span><span class="message">IMHO it's very suspicious that many non-contributing wiki accounts are created daily on <a rel="nofollow" href="https://bootstrapping.miraheze.org">https://bootstrapping.miraheze.org</a> </span></div><div class="line" id="231131"><span class="nick" style="color:#6c3d55"><a href="#231131" label="[23:11:31]">&lt;ythier&gt;</a></span><span class="message">I'd say 1 or 2 per day: <a rel="nofollow" href="https://bootstrapping.miraheze.org/w/index.php?title=Special:Log/newusers&amp;offset=&amp;limit=500&amp;type=newusers&amp;user=">https://bootstrapping.miraheze.org/w/index.php?title=Special:Log/newusers&amp;offset=&amp;limit=500&amp;type=newusers&amp;user=</a> </span></div><div class="line" id="231151"><span class="nick" style="color:#6c3d55"><a href="#231151" label="[23:11:51]">&lt;ythier&gt;</a></span><span class="message">I see that as a kind of spam</span></div><div class="line" id="231601"><span class="nick" style="color:#d9d9d9"><a href="#231601" label="[23:16:01]">&lt;rain1&gt;</a></span><span class="message">thanks</span></div><div class="line" id="231608"><span class="nick" style="color:#d9d9d9"><a href="#231608" label="[23:16:08]">&lt;rain1&gt;</a></span><span class="message">i will see what i can do about it tommorow</span></div><div class="line" id="231632"><span class="nick" style="color:#d9d9d9"><a href="#231632" label="[23:16:32]">&lt;rain1&gt;</a></span><span class="message">i thought users were global on miraheze</span></div><div class="line" id="231710"><span class="nick" style="color:#6c3d55"><a href="#231710" label="[23:17:10]">&lt;ythier&gt;</a></span><span class="message">I'm certain that users are local to a Mediawiki instance</span></div><div class="line" id="231943"><span class="nick" style="color:#6c3d55"><a href="#231943" label="[23:19:43]">&lt;ythier&gt;</a></span><span class="message">I've already seen such user-creation-spam on other Mediawiki instances</span></div><div class="line" id="232117"><span class="nick" style="color:#6c3d55"><a href="#232117" label="[23:21:17]">&lt;ythier&gt;</a></span><span class="message">It then evolves to create its own user-page with dubious links, and quickly you're hosting things for bot-nets :-/</span></div><div class="line" id="232132"><span class="nick" style="color:#d9d9d9"><a href="#232132" label="[23:21:32]">&lt;rain1&gt;</a></span><span class="message">oh yea i see that they are i just didn't expect that</span></div><div class="line" id="233122"><span class="nick" style="color:#6c3d55"><a href="#233122" label="[23:31:22]">&lt;ythier&gt;</a></span><span class="message">a simple way of preventing such user-creation-spam, is to require an human admin to create accounts... but it's not ideal (bottleneck, etc.)</span></div><br /></div></body></html>