<!DOCTYPE html><html><head><title>IRC channel logs</title><style>html {
  background: #fdfdfd;
}

h1 {
  font-weight: 300;
}

h2 {
  font-weight: 200;
}

h3 {
  padding: .5em 0;
  border-top: 3px dotted #ddd;
  margin-bottom: 0;
}

form {
  width: 400px;
  display: flex;
}

input {
  width: 100%;
  display: flex;
  border-radius: .25em 0 0 .25em;
  border: 1px solid #aaa;
  border-right: 0;
  padding: 0.5em;
}

button {
  display: flex;
  border-radius: 0 .25em .25em 0;
  background-color: #007bff;
  border: 1px solid #007bff;
  padding: .5em;
  cursor: pointer;
  color: white;
}

button:hover {
  background-color: #0069d9;
  border-color: #0062cc;
}

a {
  color: #007bff;
  text-decoration: none;
}

a:hover {
  text-decoration: underline;
}

h4 {
  margin-bottom: .5em;
}

table td {
  padding: 0.75em;
}

table tr:hover {
  background: #eee;
}

.year {
  display: table;
}

.month {
  display: table-cell;
  padding-right: 1em;
}

ul {
  margin: 0;
  padding: 0;
  list-style: none;
}

.nick {
  padding-right: 0.6rem;
  font-weight: bold;
  text-align: right;
  width: 13rem;
  display: table-cell;
}

.nick a {
  color: inherit;
  text-decoration: none;
}

.message {
  display: table-cell;
  padding-left: 0.6rem;
  border-left: 2px solid #333;
}

.notice {
  color: #859900;
  font-style: italic;
}

.line {
  line-height: 1.8rem;
  display: table;
}

#logs {
  margin-top: 1.5rem;
  padding: 1.5rem;
}
</style></head><body><h1>IRC channel logs</h1><h2>2020-12-06.log</h2><p><a href="/bootstrappable">back to list of logs</a></p><div id="logs"><div class="line" id="000330"><span class="nick" style="color:#389600"><a href="#000330" label="[00:03:30]">&lt;fossy&gt;</a></span><span class="message">yt: a qemu x86</span></div><div class="line" id="000335"><span class="nick" style="color:#389600"><a href="#000335" label="[00:03:35]">&lt;fossy&gt;</a></span><span class="message">but this is in M1</span></div><div class="line" id="000348"><span class="nick" style="color:#389600"><a href="#000348" label="[00:03:48]">&lt;fossy&gt;</a></span><span class="message">once I finish the bootloader it will load a kernel in M2-planet</span></div><div class="line" id="001345"><span class="nick" style="color:#8dd3c7"><a href="#001345" label="[00:13:45]">&lt;yt&gt;</a></span><span class="message">fossy: ooooh that's exciting!</span></div><div class="line" id="003215"><span class="nick" style="color:#2e2a4a"><a href="#003215" label="[00:32:15]">&lt;OriansJ&gt;</a></span><span class="message">very nice indeed</span></div><div class="line" id="003400"><span class="nick" style="color:#2e2a4a"><a href="#003400" label="[00:34:00]">&lt;OriansJ&gt;</a></span><span class="message">I guess I should extend this then: <a rel="nofollow" href="https://github.com/oriansj/stage0/blob/master/x86/stage1/stage1_disk_copier.s">https://github.com/oriansj/stage0/blob/master/x86/stage1/stage1_disk_copier.s</a> </span></div><div class="line" id="004657"><span class="nick" style="color:#80b1d3"><a href="#004657" label="[00:46:57]">&lt;xentrac&gt;</a></span><span class="message">fossy: congratulations!</span></div><div class="line" id="004704"><span class="nick" style="color:#80b1d3"><a href="#004704" label="[00:47:04]">&lt;xentrac&gt;</a></span><span class="message">that's very exciting!</span></div><div class="line" id="030809"><span class="nick" style="color:#2e2a4a"><a href="#030809" label="[03:08:09]">&lt;OriansJ&gt;</a></span><span class="message">fossy: I would like to report that your kaem work fixed all of the problems that I previously had in mescc-tools-seed</span></div><div class="line" id="031521"><span class="nick" style="color:#2e2a4a"><a href="#031521" label="[03:15:21]">&lt;OriansJ&gt;</a></span><span class="message">oh and thank you yt for keeping the M1 DEFINEs between hex0 and hex1 consistent (saved me from having to look them up again)</span></div><div class="line" id="031807"><span class="nick" style="color:#2e2a4a"><a href="#031807" label="[03:18:07]">&lt;OriansJ&gt;</a></span><span class="message">AArch64 hex1 has been reviewed and merged.</span></div><div class="line" id="032817"><span class="nick" style="color:#8dd3c7"><a href="#032817" label="[03:28:17]">&lt;yt&gt;</a></span><span class="message">OriansJ: no problem, and thanks for the review.  catm is up next: <a rel="nofollow" href="https://github.com/oriansj/mescc-tools-seed/pull/14">https://github.com/oriansj/mescc-tools-seed/pull/14</a> </span></div><div class="line" id="032919"><span class="nick" style="color:#8dd3c7"><a href="#032919" label="[03:29:19]">&lt;yt&gt;</a></span><span class="message">I've cleaned up all the other tools and split them off, but I don't think GitHub handles dependent pull requests very well, so I'll post them as they are merged</span></div><div class="line" id="033719"><span class="nick" style="color:#2e2a4a"><a href="#033719" label="[03:37:19]">&lt;OriansJ&gt;</a></span><span class="message">I'll hammer on catm tomorrow morning.</span></div><div class="line" id="040541"><span class="nick" style="color:#389600"><a href="#040541" label="[04:05:41]">&lt;fossy&gt;</a></span><span class="message">OriansJ: that is very good news!! I am glad</span></div><div class="line" id="125757"><span class="nick">***</span><span class="message notice">clever_ is now known as clever</span></div><div class="line" id="165706"><span class="nick" style="color:#2e2a4a"><a href="#165706" label="[16:57:06]">&lt;OriansJ&gt;</a></span><span class="message">TIL baby gates can be broken faster than their boxes can by an agressive 9 month old with a block of wood and kicking.</span></div><div class="line" id="170003"><span class="nick" style="color:#2e2a4a"><a href="#170003" label="[17:00:03]">&lt;OriansJ&gt;</a></span><span class="message">It was metal and rated for 6-36months</span></div><div class="line" id="170915"><span class="nick" style="color:#2e2a4a"><a href="#170915" label="[17:09:15]">&lt;OriansJ&gt;</a></span><span class="message">yt: catm is merged; thank you</span></div><div class="line" id="172313"><span class="nick" style="color:#2e2a4a"><a href="#172313" label="[17:23:13]">&lt;OriansJ&gt;</a></span><span class="message">hey civodul we are making great progress with AArch64 being bootstrapped this week ^_^</span></div><div class="line" id="173705"><span class="nick" style="color:#6d2462"><a href="#173705" label="[17:37:05]">&lt;civodul&gt;</a></span><span class="message">hi OriansJ! yay!</span></div><div class="line" id="173713"><span class="nick" style="color:#6d2462"><a href="#173713" label="[17:37:13]">&lt;civodul&gt;</a></span><span class="message">sounds like good news :-)</span></div><div class="line" id="173718"><span class="nick" style="color:#234e69"><a href="#173718" label="[17:37:18]">&lt;bauen1&gt;</a></span><span class="message">wow this is awesome</span></div><div class="line" id="173743"><span class="nick" style="color:#6d2462"><a href="#173743" label="[17:37:43]">&lt;civodul&gt;</a></span><span class="message">i heard dannym had +/- a working port of Mes to ARMv7</span></div><div class="line" id="173746"><span class="nick" style="color:#6d2462"><a href="#173746" label="[17:37:46]">&lt;civodul&gt;</a></span><span class="message">is that related?</span></div><div class="line" id="173901"><span class="nick" style="color:#2e2a4a"><a href="#173901" label="[17:39:01]">&lt;OriansJ&gt;</a></span><span class="message">civodul: lower level; the mescc-tools-seed</span></div><div class="line" id="175523"><span class="nick" style="color:#6d2462"><a href="#175523" label="[17:55:23]">&lt;civodul&gt;</a></span><span class="message">neat</span></div><div class="line" id="175525"><span class="nick" style="color:#6d2462"><a href="#175525" label="[17:55:25]">&lt;civodul&gt;</a></span><span class="message">great news</span></div><div class="line" id="175812"><span class="nick" style="color:#8dd3c7"><a href="#175812" label="[17:58:12]">&lt;yt&gt;</a></span><span class="message">OriansJ: great, thanks! I'll get hex2 up next</span></div><div class="line" id="175859"><span class="nick" style="color:#8dd3c7"><a href="#175859" label="[17:58:59]">&lt;yt&gt;</a></span><span class="message">civodul: I've got half-way through a Mes port for AArch64, just need work's approval before I can put it up for review</span></div><div class="line" id="182356"><span class="nick" style="color:#6d2462"><a href="#182356" label="[18:23:56]">&lt;civodul&gt;</a></span><span class="message">yt: oh nice!</span></div><div class="line" id="182415"><span class="nick" style="color:#6d2462"><a href="#182415" label="[18:24:15]">&lt;civodul&gt;</a></span><span class="message">the ARMv7 backend should cover AArch64 in practice though, no?</span></div><div class="line" id="182429"><span class="nick" style="color:#6d2462"><a href="#182429" label="[18:24:29]">&lt;civodul&gt;</a></span><span class="message">anyway, i'm glad we'll have all the arches that Guix supports covered :-)</span></div><div class="line" id="182638"><span class="nick" style="color:#2e2a4a"><a href="#182638" label="[18:26:38]">&lt;OriansJ&gt;</a></span><span class="message">civodul: and hopefully help guix add even more ^_^</span></div><div class="line" id="182642"><span class="nick" style="color:#8dd3c7"><a href="#182642" label="[18:26:42]">&lt;yt&gt;</a></span><span class="message">Arm processors won't support 32-bit forever; unlike x86_64, the 32-bit instruction set of Armv7 isn't a subset of the A64 ISA in Armv8</span></div><div class="line" id="182838"><span class="nick" style="color:#8dd3c7"><a href="#182838" label="[18:28:38]">&lt;yt&gt;</a></span><span class="message">OriansJ: hex2 is up <a rel="nofollow" href="https://github.com/oriansj/mescc-tools-seed/pull/15">https://github.com/oriansj/mescc-tools-seed/pull/15</a> </span></div><div class="line" id="182901"><span class="nick" style="color:#2e2a4a"><a href="#182901" label="[18:29:01]">&lt;OriansJ&gt;</a></span><span class="message">yt: starting review</span></div><div class="line" id="183748"><span class="nick" style="color:#2e2a4a"><a href="#183748" label="[18:37:48]">&lt;OriansJ&gt;</a></span><span class="message">civodul: think of Armv7 and Armv8 like RISC-II and RISC-V; nothing in common but the name. (And perhaps a handful of bad design decisions)</span></div><div class="line" id="190403"><span class="nick" style="color:#6c3d55"><a href="#190403" label="[19:04:03]">&lt;janneke&gt;</a></span><span class="message">yt: ah right -- i had the impression we'd be able to bootstrap aarch64 with arm</span></div><div class="line" id="190828"><span class="nick" style="color:#8dd3c7"><a href="#190828" label="[19:08:28]">&lt;yt&gt;</a></span><span class="message">janneke: you probably can today, but you need a core that supports both A32 and A64 at (at least) EL0</span></div><div class="line" id="205638"><span class="nick" style="color:#2e2a4a"><a href="#205638" label="[20:56:38]">&lt;OriansJ&gt;</a></span><span class="message">yt: or possibly EL1 if we wish for MesCC to be used to build a kernel <a rel="nofollow" href="https://hernan.de/blog/super-hexagon-a-journey-from-el0-to-s-el3/">https://hernan.de/blog/super-hexagon-a-journey-from-el0-to-s-el3/</a>  ?</span></div><div class="line" id="225747"><span class="nick" style="color:#8dd3c7"><a href="#225747" label="[22:57:47]">&lt;yt&gt;</a></span><span class="message">OriansJ: at EL1, A32 has already disappeared. Neoverse-N1 (the core in AWS graviton processors) already doesn't have it.</span></div><br /></div></body></html>