<!DOCTYPE html><html><head><title>IRC channel logs</title><style>html {
  background: #fdfdfd;
}

h1 {
  font-weight: 300;
}

h2 {
  font-weight: 200;
}

h3 {
  padding: .5em 0;
  border-top: 3px dotted #ddd;
  margin-bottom: 0;
}

form {
  width: 400px;
  display: flex;
}

input {
  width: 100%;
  display: flex;
  border-radius: .25em 0 0 .25em;
  border: 1px solid #aaa;
  border-right: 0;
  padding: 0.5em;
}

button {
  display: flex;
  border-radius: 0 .25em .25em 0;
  background-color: #007bff;
  border: 1px solid #007bff;
  padding: .5em;
  cursor: pointer;
  color: white;
}

button:hover {
  background-color: #0069d9;
  border-color: #0062cc;
}

a {
  color: #007bff;
  text-decoration: none;
}

a:hover {
  text-decoration: underline;
}

h4 {
  margin-bottom: .5em;
}

table td {
  padding: 0.75em;
}

table tr:hover {
  background: #eee;
}

.year {
  display: table;
}

.month {
  display: table-cell;
  padding-right: 1em;
}

ul {
  margin: 0;
  padding: 0;
  list-style: none;
}

.nick {
  padding-right: 0.6rem;
  font-weight: bold;
  text-align: right;
  width: 13rem;
  display: table-cell;
}

.nick a {
  color: inherit;
  text-decoration: none;
}

.message {
  display: table-cell;
  padding-left: 0.6rem;
  border-left: 2px solid #333;
}

.notice {
  color: #859900;
  font-style: italic;
}

.line {
  line-height: 1.8rem;
  display: table;
}

#logs {
  margin-top: 1.5rem;
  padding: 1.5rem;
}
</style></head><body><h1>IRC channel logs</h1><h2>2020-07-08.log</h2><p><a href="/bootstrappable">back to list of logs</a></p><div id="logs"><div class="line" id="102038"><span class="nick">***</span><span class="message notice">xwvvvvwx- is now known as xwvvvvwx</span></div><div class="line" id="151223"><span class="nick" style="color:#8dd3c7"><a href="#151223" label="[15:12:23]">&lt;Darius&gt;</a></span><span class="message">did someone here mention they were working on a new B compiler? I seem to vaguely remember that, and now a friend of mine would be interested.</span></div><div class="line" id="152644"><span class="nick" style="color:#2e2a4a"><a href="#152644" label="[15:26:44]">&lt;nikita`&gt;</a></span><span class="message">you mean other than ybc which requires BlitzMax?</span></div><div class="line" id="152859"><span class="nick" style="color:#2e2a4a"><a href="#152859" label="[15:28:59]">&lt;nikita`&gt;</a></span><span class="message">oh, the one by sergev looks very small.</span></div><div class="line" id="153359"><span class="nick" style="color:#8dd3c7"><a href="#153359" label="[15:33:59]">&lt;Darius&gt;</a></span><span class="message">thanks, those were specific enough keywords to find those</span></div><div class="line" id="153423"><span class="nick" style="color:#2e2a4a"><a href="#153423" label="[15:34:23]">&lt;nikita`&gt;</a></span><span class="message"> <a rel="nofollow" href="https://github.com/sergev/b-compiler/blob/master/btran/btran.c">https://github.com/sergev/b-compiler/blob/master/btran/btran.c</a> </span></div><div class="line" id="153438"><span class="nick" style="color:#2e2a4a"><a href="#153438" label="[15:34:38]">&lt;nikita`&gt;</a></span><span class="message">sorry, forgot about the link</span></div><div class="line" id="153634"><span class="nick" style="color:#2e2a4a"><a href="#153634" label="[15:36:34]">&lt;nikita`&gt;</a></span><span class="message">it'll rain errors, so earlier c standards, or you want to fix up the code, but interesting enough to read</span></div><div class="line" id="153746"><span class="nick" style="color:#2e2a4a"><a href="#153746" label="[15:37:46]">&lt;nikita`&gt;</a></span><span class="message">(i guess, distracted by reading another language right now)</span></div><div class="line" id="153758"><span class="nick" style="color:#8dd3c7"><a href="#153758" label="[15:37:58]">&lt;Darius&gt;</a></span><span class="message">yeah, i'm only interested in reading them</span></div><div class="line" id="153829"><span class="nick" style="color:#2e2a4a"><a href="#153829" label="[15:38:29]">&lt;nikita`&gt;</a></span><span class="message">what do you need B for ooc?</span></div><div class="line" id="153938"><span class="nick" style="color:#8dd3c7"><a href="#153938" label="[15:39:38]">&lt;Darius&gt;</a></span><span class="message">i don't, but a friend wanted to read the original B compiler, wrote to ken thompson who said he didn't have the source, and i mentioned that someone had made a new one</span></div><div class="line" id="154010"><span class="nick" style="color:#2e2a4a"><a href="#154010" label="[15:40:10]">&lt;nikita`&gt;</a></span><span class="message">hm</span></div><div class="line" id="154010"><span class="nick" style="color:#8dd3c7"><a href="#154010" label="[15:40:10]">&lt;Darius&gt;</a></span><span class="message">and i wouldn't mind looking them over out of curiosity</span></div><div class="line" id="154113"><span class="nick" style="color:#2e2a4a"><a href="#154113" label="[15:41:13]">&lt;nikita`&gt;</a></span><span class="message">aren't the sources out there somewhere, even when ken doesn't have them? I don't remember how C came in, but some pojects exist which did early unix systems</span></div><div class="line" id="154231"><span class="nick" style="color:#8dd3c7"><a href="#154231" label="[15:42:31]">&lt;Darius&gt;</a></span><span class="message"> <a rel="nofollow" href="https://stackoverflow.com/a/1601432">https://stackoverflow.com/a/1601432</a>  claims B didn't get propagated into newer unices</span></div><div class="line" id="154243"><span class="nick" style="color:#2e2a4a"><a href="#154243" label="[15:42:43]">&lt;nikita`&gt;</a></span><span class="message">yeah</span></div><div class="line" id="154327"><span class="nick" style="color:#2e2a4a"><a href="#154327" label="[15:43:27]">&lt;nikita`&gt;</a></span><span class="message">some iocc entry did early unix up to before-BSD or something and I don't remember if it included B</span></div><div class="line" id="154345"><span class="nick" style="color:#2e2a4a"><a href="#154345" label="[15:43:45]">&lt;nikita`&gt;</a></span><span class="message"> <a rel="nofollow" href="https://retrocomputing.stackexchange.com/questions/10870/is-there-a-way-to-get-a-compiler-for-the-original-b-programming-language">https://retrocomputing.stackexchange.com/questions/10870/is-there-a-way-to-get-a-compiler-for-the-original-b-programming-language</a>  is also interesting</span></div><div class="line" id="154451"><span class="nick" style="color:#8dd3c7"><a href="#154451" label="[15:44:51]">&lt;Darius&gt;</a></span><span class="message">MCPL might also be of interest -- by the same guy who made the original bcpl</span></div><div class="line" id="154541"><span class="nick" style="color:#8dd3c7"><a href="#154541" label="[15:45:41]">&lt;Darius&gt;</a></span><span class="message">thanks, that retrocomputing page looks very helpful</span></div><div class="line" id="154634"><span class="nick" style="color:#8dd3c7"><a href="#154634" label="[15:46:34]">&lt;Darius&gt;</a></span><span class="message"> <a rel="nofollow" href="https://www.cl.cam.ac.uk/~mr10/MCPL.html">https://www.cl.cam.ac.uk/~mr10/MCPL.html</a> </span></div><div class="line" id="154910"><span class="nick" style="color:#2e2a4a"><a href="#154910" label="[15:49:10]">&lt;nikita`&gt;</a></span><span class="message"> <a rel="nofollow" href="https://www.ioccc.org/2018/mills/hint.html">https://www.ioccc.org/2018/mills/hint.html</a>  think this didn't include a B</span></div><div class="line" id="155336"><span class="nick" style="color:#2e2a4a"><a href="#155336" label="[15:53:36]">&lt;nikita`&gt;</a></span><span class="message">too bad our source cannonically doesn't go back with version control back to v7, it starts with checkin of some pre-4.4BSDLite2</span></div><div class="line" id="155727"><span class="nick" style="color:#8dd3c7"><a href="#155727" label="[15:57:27]">&lt;Darius&gt;</a></span><span class="message">i guess i might code something b-like next too -- i've been wanting to get back into compilers but the prospect of typechecking like c just fills me with boredom</span></div><div class="line" id="214728"><span class="nick" style="color:#6b8072"><a href="#214728" label="[21:47:28]">&lt;Hagfish&gt;</a></span><span class="message"> <a rel="nofollow" href="https://github.com/openhwgroup/cva6">https://github.com/openhwgroup/cva6</a>  &quot; The CORE-V CVA6 is an Application class 6-stage RISC-V CPU capable of booting Linux &quot;</span></div><br /></div></body></html>