<!DOCTYPE html><html><head><title>IRC channel logs</title><style>html {
  background: #fdfdfd;
}

h1 {
  font-weight: 300;
}

h2 {
  font-weight: 200;
}

h3 {
  padding: .5em 0;
  border-top: 3px dotted #ddd;
  margin-bottom: 0;
}

form {
  width: 400px;
  display: flex;
}

input {
  width: 100%;
  display: flex;
  border-radius: .25em 0 0 .25em;
  border: 1px solid #aaa;
  border-right: 0;
  padding: 0.5em;
}

button {
  display: flex;
  border-radius: 0 .25em .25em 0;
  background-color: #007bff;
  border: 1px solid #007bff;
  padding: .5em;
  cursor: pointer;
  color: white;
}

button:hover {
  background-color: #0069d9;
  border-color: #0062cc;
}

a {
  color: #007bff;
  text-decoration: none;
}

a:hover {
  text-decoration: underline;
}

h4 {
  margin-bottom: .5em;
}

table td {
  padding: 0.75em;
}

table tr:hover {
  background: #eee;
}

.year {
  display: table;
}

.month {
  display: table-cell;
  padding-right: 1em;
}

ul {
  margin: 0;
  padding: 0;
  list-style: none;
}

.nick {
  padding-right: 0.6rem;
  font-weight: bold;
  text-align: right;
  width: 13rem;
  display: table-cell;
}

.nick a {
  color: inherit;
  text-decoration: none;
}

.message {
  display: table-cell;
  padding-left: 0.6rem;
  border-left: 2px solid #333;
}

.notice {
  color: #859900;
  font-style: italic;
}

.line {
  line-height: 1.8rem;
  display: table;
}

#logs {
  margin-top: 1.5rem;
  padding: 1.5rem;
}
</style></head><body><h1>IRC channel logs</h1><h2>2020-12-03.log</h2><p><a href="/bootstrappable">back to list of logs</a></p><div id="logs"><div class="line" id="015950"><span class="nick" style="color:#8dd3c7"><a href="#015950" label="[01:59:50]">&lt;fossy&gt;</a></span><span class="message">pabs3: reintroducing go, which should be easy, then all of the other guix ones</span></div><div class="line" id="100719"><span class="nick" style="color:#2e2a4a"><a href="#100719" label="[10:07:19]">&lt;OriansJ&gt;</a></span><span class="message">siraben: merged. Thank you</span></div><div class="line" id="100856"><span class="nick" style="color:#2e2a4a"><a href="#100856" label="[10:08:56]">&lt;OriansJ&gt;</a></span><span class="message">fossy: 16bit mode in M1; just requires 16bit defines and can be freely combined.</span></div><div class="line" id="110956"><span class="nick" style="color:#6b8072"><a href="#110956" label="[11:09:56]">&lt;siraben&gt;</a></span><span class="message">OriansJ: :)</span></div><div class="line" id="203324"><span class="nick" style="color:#80b1d3"><a href="#203324" label="[20:33:24]">&lt;roptat&gt;</a></span><span class="message">if anyone is intereste in doing a PhD thesis on bootstrapping (mostly Java stuff I think, but not necessarily): <a rel="nofollow" href="https://softwarediversity.eu/hardening-the-software-supply-chain-with-multi-compilers/">https://softwarediversity.eu/hardening-the-software-supply-chain-with-multi-compilers/</a> </span></div><div class="line" id="203548"><span class="nick" style="color:#80b1d3"><a href="#203548" label="[20:35:48]">&lt;roptat&gt;</a></span><span class="message">(well to be fair, not *only* bootstrapping, but that's a big part of it, and it's all motivated by the trusting trust talk :))</span></div><div class="line" id="203602"><span class="nick" style="color:#6d2462"><a href="#203602" label="[20:36:02]">&lt;lfam&gt;</a></span><span class="message">Very cool opportunity</span></div><div class="line" id="203759"><span class="nick" style="color:#8dd3c7"><a href="#203759" label="[20:37:59]">&lt;fossy&gt;</a></span><span class="message">I would totally do that if I was in such a stage of education to do so</span></div><div class="line" id="204051"><span class="nick" style="color:#234e69"><a href="#204051" label="[20:40:51]">&lt;jelle&gt;</a></span><span class="message">that's amazing!</span></div><div class="line" id="211131"><span class="nick" style="color:#6c3d55"><a href="#211131" label="[21:11:31]">&lt;civodul&gt;</a></span><span class="message">roptat: nice!</span></div><div class="line" id="211135"><span class="nick" style="color:#6c3d55"><a href="#211135" label="[21:11:35]">&lt;civodul&gt;</a></span><span class="message">are they former colleagues of yours?</span></div><div class="line" id="211422"><span class="nick" style="color:#80b1d3"><a href="#211422" label="[21:14:22]">&lt;roptat&gt;</a></span><span class="message">not at all, though they used to work at Inria, in Rennes ^^</span></div><div class="line" id="211536"><span class="nick" style="color:#80b1d3"><a href="#211536" label="[21:15:36]">&lt;roptat&gt;</a></span><span class="message">do you think it'd make sense to share the link on guix-devel maybe?</span></div><div class="line" id="211546"><span class="nick" style="color:#6c3d55"><a href="#211546" label="[21:15:46]">&lt;civodul&gt;</a></span><span class="message">yes, sure</span></div><div class="line" id="211717"><span class="nick" style="color:#6c3d55"><a href="#211717" label="[21:17:17]">&lt;civodul&gt;</a></span><span class="message">and on the &quot;bootstrappable&quot; mailing list</span></div><div class="line" id="214554"><span class="nick" style="color:#d9d9d9"><a href="#214554" label="[21:45:54]">&lt;janneke&gt;</a></span><span class="message">roptat: oh, very nice</span></div><div class="line" id="214820"><span class="nick" style="color:#80b1d3"><a href="#214820" label="[21:48:20]">&lt;roptat&gt;</a></span><span class="message">sent :)</span></div><div class="line" id="215509"><span class="nick" style="color:#bc80bd"><a href="#215509" label="[21:55:09]">&lt;pder&gt;</a></span><span class="message">OriansJ: I pushed some more changes to blynn-compiler.  I followed the pattern of what you did with vm.c to rts.c.  I reformatted with astyle and changed enums to CONSTANTS etc</span></div><div class="line" id="215751"><span class="nick" style="color:#bc80bd"><a href="#215751" label="[21:57:51]">&lt;pder&gt;</a></span><span class="message">I think to get around the limitation in M2-Planet with unsigned prog[] = {1,2,3,4...} I should be able to just define a string char * prog = &quot;1,2,3,4&quot;</span></div><div class="line" id="215819"><span class="nick" style="color:#bc80bd"><a href="#215819" label="[21:58:19]">&lt;pder&gt;</a></span><span class="message">There is already loadRaw() in vm.c that can parse this string and populate the mem array</span></div><div class="line" id="223617"><span class="nick" style="color:#3c5b35"><a href="#223617" label="[22:36:17]">&lt;yt&gt;</a></span><span class="message">OriansJ: finally got approval from work to contribute to mescc-tools and mescc-tools-seed! I'll do some cleanup tomorrow and get those pull requests of the aarch64 port up</span></div><div class="line" id="223811"><span class="nick" style="color:#3c5b35"><a href="#223811" label="[22:38:11]">&lt;yt&gt;</a></span><span class="message">Janneke: while I was waiting for that I had some fun with mes and mescc.  aarch64 port for mes is done and mescc is in the works.  will need to get separate approval for that though, so pull requests will have to wait a bit again :(</span></div><div class="line" id="223858"><span class="nick" style="color:#af8d2f"><a href="#223858" label="[22:38:58]">&lt;xentrac&gt;</a></span><span class="message">congratulations yt!</span></div><div class="line" id="223905"><span class="nick" style="color:#d9d9d9"><a href="#223905" label="[22:39:05]">&lt;janneke&gt;</a></span><span class="message">yt: beautiful!</span></div><div class="line" id="223905"><span class="nick" style="color:#af8d2f"><a href="#223905" label="[22:39:05]">&lt;xentrac&gt;</a></span><span class="message">that will be great!</span></div><div class="line" id="224000"><span class="nick" style="color:#389600"><a href="#224000" label="[22:40:00]">&lt;vagrantc&gt;</a></span><span class="message">yt: eagrely away the aarch64 port! :)</span></div><div class="line" id="224004"><span class="nick" style="color:#389600"><a href="#224004" label="[22:40:04]">&lt;vagrantc&gt;</a></span><span class="message">awaity</span></div><div class="line" id="224012"><span class="nick" style="color:#8dd3c7"><a href="#224012" label="[22:40:12]">*</a></span><span class="message">vagrantc stares at keyboard</span></div><div class="line" id="231014"><span class="nick" style="color:#2e2a4a"><a href="#231014" label="[23:10:14]">&lt;OriansJ&gt;</a></span><span class="message">pder: very nice; I just did some refinements to vm.c</span></div><div class="line" id="231227"><span class="nick" style="color:#2e2a4a"><a href="#231227" label="[23:12:27]">&lt;OriansJ&gt;</a></span><span class="message">yt: excellent; we look forward to reviewing your work ^_^</span></div><div class="line" id="231425"><span class="nick" style="color:#2e2a4a"><a href="#231425" label="[23:14:25]">&lt;OriansJ&gt;</a></span><span class="message">pder: you'll notice that vm.c and rts.c are now alot more simiiar. So we might be able to eliminate the compiling steps using rts.c with some cleverness in vm.c</span></div><div class="line" id="231438"><span class="nick" style="color:#3c5b35"><a href="#231438" label="[23:14:38]">&lt;yt&gt;</a></span><span class="message">Oriansj: first pull request is up: <a rel="nofollow" href="https://github.com/oriansj/mescc-tools/pull/11">https://github.com/oriansj/mescc-tools/pull/11</a> </span></div><div class="line" id="231517"><span class="nick" style="color:#3c5b35"><a href="#231517" label="[23:15:17]">&lt;yt&gt;</a></span><span class="message">That's probably the smallest change I'll do XD</span></div><div class="line" id="231525"><span class="nick" style="color:#2e2a4a"><a href="#231525" label="[23:15:25]">&lt;OriansJ&gt;</a></span><span class="message">I'll begin reviewing immediately</span></div><div class="line" id="231752"><span class="nick" style="color:#3c5b35"><a href="#231752" label="[23:17:52]">&lt;yt&gt;</a></span><span class="message">for the big changes on mescc-tools-seed, do you mind if I leave the (messy) git history in the pull request and we can squash it in the merge?</span></div><div class="line" id="231756"><span class="nick" style="color:#2e2a4a"><a href="#231756" label="[23:17:56]">&lt;OriansJ&gt;</a></span><span class="message">it is merged yt; thank you for the improvement</span></div><div class="line" id="231809"><span class="nick" style="color:#3c5b35"><a href="#231809" label="[23:18:09]">&lt;yt&gt;</a></span><span class="message">awesome, that's my prerequisite in then :)</span></div><div class="line" id="231859"><span class="nick" style="color:#2e2a4a"><a href="#231859" label="[23:18:59]">&lt;OriansJ&gt;</a></span><span class="message">yt: how you wish to contribute your work is up to you; just understand bigger changes take longer to review</span></div><div class="line" id="232001"><span class="nick" style="color:#3c5b35"><a href="#232001" label="[23:20:01]">&lt;yt&gt;</a></span><span class="message">that's fair enough.  I suppose I could do each tool separately</span></div><div class="line" id="232058"><span class="nick" style="color:#bc80bd"><a href="#232058" label="[23:20:58]">&lt;pder&gt;</a></span><span class="message">excellent Oriansj, I pushed another change in which the hs files generate a char * for prog, and rts_init parses it</span></div><div class="line" id="232251"><span class="nick" style="color:#2e2a4a"><a href="#232251" label="[23:22:51]">&lt;OriansJ&gt;</a></span><span class="message">pder: nice let us see if we can have the hs files dump to generated/ their blob and then if vm -lf or -lfr will work well enough</span></div><div class="line" id="232410"><span class="nick" style="color:#2e2a4a"><a href="#232410" label="[23:24:10]">&lt;OriansJ&gt;</a></span><span class="message">so please checkout out my latest commit pder</span></div><div class="line" id="232432"><span class="nick" style="color:#2e2a4a"><a href="#232432" label="[23:24:32]">&lt;OriansJ&gt;</a></span><span class="message">*be back in a bit*</span></div><div class="line" id="233914"><span class="nick" style="color:#3c5b35"><a href="#233914" label="[23:39:14]">&lt;yt&gt;</a></span><span class="message">OriansJ: what is the appropriate GNU header for the files in mescc-tools-seed? for example, the files in the AMD64 port identify themselves as any of Mes, mescc-tools, M2-Planet, or stage0 :D</span></div><div class="line" id="233935"><span class="nick" style="color:#3c5b35"><a href="#233935" label="[23:39:35]">&lt;yt&gt;</a></span><span class="message">as part of any of*</span></div><div class="line" id="234356"><span class="nick" style="color:#2e2a4a"><a href="#234356" label="[23:43:56]">&lt;OriansJ&gt;</a></span><span class="message">yt: stage0 will be fine</span></div><div class="line" id="234857"><span class="nick" style="color:#3c5b35"><a href="#234857" label="[23:48:57]">&lt;yt&gt;</a></span><span class="message">I'll stick with that, thanks!</span></div><div class="line" id="235403"><span class="nick" style="color:#bc80bd"><a href="#235403" label="[23:54:03]">&lt;pder&gt;</a></span><span class="message">fetched it and merged it locally.  Looks great and everything built ok with gcc</span></div><br /></div></body></html>