<!DOCTYPE html><html><head><title>IRC channel logs</title><style>html {
  background: #fdfdfd;
}

h1 {
  font-weight: 300;
}

h2 {
  font-weight: 200;
}

h3 {
  padding: .5em 0;
  border-top: 3px dotted #ddd;
  margin-bottom: 0;
}

form {
  width: 400px;
  display: flex;
}

input {
  width: 100%;
  display: flex;
  border-radius: .25em 0 0 .25em;
  border: 1px solid #aaa;
  border-right: 0;
  padding: 0.5em;
}

button {
  display: flex;
  border-radius: 0 .25em .25em 0;
  background-color: #007bff;
  border: 1px solid #007bff;
  padding: .5em;
  cursor: pointer;
  color: white;
}

button:hover {
  background-color: #0069d9;
  border-color: #0062cc;
}

a {
  color: #007bff;
  text-decoration: none;
}

a:hover {
  text-decoration: underline;
}

h4 {
  margin-bottom: .5em;
}

table td {
  padding: 0.75em;
}

table tr:hover {
  background: #eee;
}

.year {
  display: table;
}

.month {
  display: table-cell;
  padding-right: 1em;
}

ul {
  margin: 0;
  padding: 0;
  list-style: none;
}

.nick {
  padding-right: 0.6rem;
  font-weight: bold;
  text-align: right;
  width: 13rem;
  display: table-cell;
}

.nick a {
  color: inherit;
  text-decoration: none;
}

.message {
  display: table-cell;
  padding-left: 0.6rem;
  border-left: 2px solid #333;
}

.notice {
  color: #859900;
  font-style: italic;
}

.line {
  line-height: 1.8rem;
  display: table;
}

#logs {
  margin-top: 1.5rem;
  padding: 1.5rem;
}
</style></head><body><h1>IRC channel logs</h1><h2>2020-01-22.log</h2><p><a href="/bootstrappable">back to list of logs</a></p><div id="logs"><div class="line" id="000019"><span class="nick" style="color:#389600"><a href="#000019" label="[00:00:19]">&lt;fossy&gt;</a></span><span class="message">working through the mescc-tools set</span></div><div class="line" id="000910"><span class="nick" style="color:#8dd3c7"><a href="#000910" label="[00:09:10]">&lt;oriansj&gt;</a></span><span class="message">nice</span></div><div class="line" id="001735"><span class="nick" style="color:#8dd3c7"><a href="#001735" label="[00:17:35]">&lt;oriansj&gt;</a></span><span class="message">fossy: what do you thing about adding support for set -eux to kaem, as it would just be a mapping to enabling verbose and strict?</span></div><div class="line" id="001746"><span class="nick" style="color:#389600"><a href="#001746" label="[00:17:46]">&lt;fossy&gt;</a></span><span class="message">yeah sure</span></div><div class="line" id="001800"><span class="nick" style="color:#8dd3c7"><a href="#001800" label="[00:18:00]">&lt;oriansj&gt;</a></span><span class="message">That way matching behavior with bash</span></div><div class="line" id="012331"><span class="nick" style="color:#389600"><a href="#012331" label="[01:23:31]">&lt;fossy&gt;</a></span><span class="message">oriansj: oh I left it for an hour and 31 crashes :O</span></div><div class="line" id="012340"><span class="nick" style="color:#389600"><a href="#012340" label="[01:23:40]">&lt;fossy&gt;</a></span><span class="message">21*</span></div><div class="line" id="014634"><span class="nick" style="color:#389600"><a href="#014634" label="[01:46:34]">&lt;fossy&gt;</a></span><span class="message">ok, i've fixed the (single) bug causing all of them so far</span></div><div class="line" id="014643"><span class="nick" style="color:#389600"><a href="#014643" label="[01:46:43]">&lt;fossy&gt;</a></span><span class="message">is was a buffer overflow when the line is too long.</span></div><div class="line" id="014652"><span class="nick" style="color:#389600"><a href="#014652" label="[01:46:52]">&lt;fossy&gt;</a></span><span class="message">will include the patch with all the other kaem improvements coming</span></div><div class="line" id="043352"><span class="nick" style="color:#6b8072"><a href="#043352" label="[04:33:52]">&lt;Hagfish&gt;</a></span><span class="message">sounds great</span></div><div class="line" id="043421"><span class="nick" style="color:#6b8072"><a href="#043421" label="[04:34:21]">&lt;Hagfish&gt;</a></span><span class="message">i'm wondering if some static analysis tool could have detected the buffer overflow too</span></div><div class="line" id="043435"><span class="nick" style="color:#6b8072"><a href="#043435" label="[04:34:35]">&lt;Hagfish&gt;</a></span><span class="message">(not that that's a reason not to do fuzzing as well)</span></div><div class="line" id="044930"><span class="nick" style="color:#389600"><a href="#044930" label="[04:49:30]">&lt;fossy&gt;</a></span><span class="message">hm, maybe</span></div><div class="line" id="044950"><span class="nick" style="color:#389600"><a href="#044950" label="[04:49:50]">&lt;fossy&gt;</a></span><span class="message">found another segfault but this one is very strange</span></div><div class="line" id="044955"><span class="nick" style="color:#389600"><a href="#044955" label="[04:49:55]">&lt;fossy&gt;</a></span><span class="message">so leaving it until tomorrow</span></div><div class="line" id="044959"><span class="nick" style="color:#389600"><a href="#044959" label="[04:49:59]">&lt;fossy&gt;</a></span><span class="message">for fresh eyes</span></div><div class="line" id="050401"><span class="nick" style="color:#6b8072"><a href="#050401" label="[05:04:01]">&lt;Hagfish&gt;</a></span><span class="message">good idea</span></div><div class="line" id="065209"><span class="nick">***</span><span class="message notice">dongcarl6 is now known as dongcarl</span></div><div class="line" id="075304"><span class="nick" style="color:#80b1d3"><a href="#075304" label="[07:53:04]">&lt;dddddd&gt;</a></span><span class="message">hello #bootstrappable</span></div><div class="line" id="080641"><span class="nick" style="color:#6d2462"><a href="#080641" label="[08:06:41]">&lt;xentrac&gt;</a></span><span class="message">yo</span></div><div class="line" id="114150"><span class="nick" style="color:#8dd3c7"><a href="#114150" label="[11:41:50]">&lt;oriansj&gt;</a></span><span class="message">Hagfish: you are correct static analysis could detect several classes of bugs that we want to avoid. Would be nice if someone would help us by performing that analysis and sharing their results...</span></div><div class="line" id="151832"><span class="nick" style="color:#234e69"><a href="#151832" label="[15:18:32]">*</a></span><span class="message">dddddd AFK ~6h</span></div><div class="line" id="161008"><span class="nick" style="color:#6b8072"><a href="#161008" label="[16:10:08]">&lt;Hagfish&gt;</a></span><span class="message">yeah, if i knew someone who had ever done static analysis before, then i'd definitely point them this way</span></div><div class="line" id="210642"><span class="nick" style="color:#6c3d55"><a href="#210642" label="[21:06:42]">&lt;janneke&gt;</a></span><span class="message">vagrantc: i prepared a 0.22 on monday but found the sha256sum had changed...</span></div><div class="line" id="211559"><span class="nick" style="color:#80b1d3"><a href="#211559" label="[21:15:59]">&lt;dddddd&gt;</a></span><span class="message">hi</span></div><div class="line" id="211702"><span class="nick" style="color:#6c3d55"><a href="#211702" label="[21:17:02]">&lt;janneke&gt;</a></span><span class="message">hello dddddd</span></div><div class="line" id="211808"><span class="nick" style="color:#80b1d3"><a href="#211808" label="[21:18:08]">&lt;dddddd&gt;</a></span><span class="message">Ready for FOSDEM? :)</span></div><div class="line" id="211842"><span class="nick" style="color:#6c3d55"><a href="#211842" label="[21:18:42]">&lt;janneke&gt;</a></span><span class="message">hah, not even a mes 0.22 release out :-/</span></div><div class="line" id="211849"><span class="nick" style="color:#6c3d55"><a href="#211849" label="[21:18:49]">&lt;janneke&gt;</a></span><span class="message">what a week</span></div><div class="line" id="212016"><span class="nick" style="color:#80b1d3"><a href="#212016" label="[21:20:16]">&lt;dddddd&gt;</a></span><span class="message">unknown cause for the problems?</span></div><div class="line" id="212056"><span class="nick" style="color:#6c3d55"><a href="#212056" label="[21:20:56]">&lt;janneke&gt;</a></span><span class="message">i just found out; need to discuss with vagrantc what to do about it</span></div><div class="line" id="213030"><span class="nick" style="color:#389600"><a href="#213030" label="[21:30:30]">&lt;fossy&gt;</a></span><span class="message">whats the issue?</span></div><div class="line" id="213110"><span class="nick" style="color:#389600"><a href="#213110" label="[21:31:10]">&lt;fossy&gt;</a></span><span class="message">hrm I need to check my tcc binary's checksums</span></div><div class="line" id="213840"><span class="nick" style="color:#d9d9d9"><a href="#213840" label="[21:38:40]">&lt;vagrantc&gt;</a></span><span class="message">janneke: so the question becomes: do we get the same checksum for the new binary :)</span></div><div class="line" id="213857"><span class="nick" style="color:#d9d9d9"><a href="#213857" label="[21:38:57]">&lt;vagrantc&gt;</a></span><span class="message">haven't heard from xwvvvvwx since the summit</span></div><div class="line" id="214507"><span class="nick" style="color:#6c3d55"><a href="#214507" label="[21:45:07]">&lt;janneke&gt;</a></span><span class="message">vagrantc: i am pretty sure we will -- because i found why it changed</span></div><div class="line" id="214528"><span class="nick" style="color:#6c3d55"><a href="#214528" label="[21:45:28]">&lt;janneke&gt;</a></span><span class="message">include/mes/config.h: #define MES_VERSION 0.22</span></div><div class="line" id="214615"><span class="nick" style="color:#6c3d55"><a href="#214615" label="[21:46:15]">&lt;janneke&gt;</a></span><span class="message">running sed on the binary s/0.22/0.21/ yields the same checksum again</span></div><div class="line" id="214647"><span class="nick" style="color:#80b1d3"><a href="#214647" label="[21:46:47]">&lt;dddddd&gt;</a></span><span class="message">nice!</span></div><div class="line" id="214655"><span class="nick" style="color:#6c3d55"><a href="#214655" label="[21:46:55]">&lt;janneke&gt;</a></span><span class="message">now i wonder what is best to do (v0.23 will see so many changes to the C core anyway that the checksum will change)</span></div><div class="line" id="214737"><span class="nick" style="color:#d9d9d9"><a href="#214737" label="[21:47:37]">&lt;vagrantc&gt;</a></span><span class="message">hah!</span></div><div class="line" id="214756"><span class="nick" style="color:#6c3d55"><a href="#214756" label="[21:47:56]">&lt;janneke&gt;</a></span><span class="message">vagrantc: but i don't want to break your (our) press release; we did all build the 9*fb thing :-)</span></div><div class="line" id="214802"><span class="nick" style="color:#6c3d55"><a href="#214802" label="[21:48:02]">&lt;janneke&gt;</a></span><span class="message">yeah</span></div><div class="line" id="214807"><span class="nick" style="color:#d9d9d9"><a href="#214807" label="[21:48:07]">&lt;vagrantc&gt;</a></span><span class="message">i would expect the checksum to change when you change the underlying source</span></div><div class="line" id="214822"><span class="nick" style="color:#6c3d55"><a href="#214822" label="[21:48:22]">&lt;janneke&gt;</a></span><span class="message">sure</span></div><div class="line" id="214907"><span class="nick" style="color:#d9d9d9"><a href="#214907" label="[21:49:07]">&lt;vagrantc&gt;</a></span><span class="message">janneke: well, the package in debian right now contains the 9*fb hash, and presumably the mes-rb5 package in guix does, so i think we can still make a press release about it, and re-verify</span></div><div class="line" id="214946"><span class="nick" style="color:#d9d9d9"><a href="#214946" label="[21:49:46]">&lt;vagrantc&gt;</a></span><span class="message">janneke: i guess, what are the concerns you're having?</span></div><div class="line" id="214949"><span class="nick" style="color:#6c3d55"><a href="#214949" label="[21:49:49]">&lt;janneke&gt;</a></span><span class="message">ah, right; i could keep the mes-rb5 package on 0.21</span></div><div class="line" id="215005"><span class="nick" style="color:#6c3d55"><a href="#215005" label="[21:50:05]">&lt;janneke&gt;</a></span><span class="message">i was updating that too, to 0.22 and i got this 'checksum-failed' backtrace</span></div><div class="line" id="215045"><span class="nick" style="color:#6c3d55"><a href="#215045" label="[21:50:45]">&lt;janneke&gt;</a></span><span class="message">the concern is &quot;only&quot; cosmetic, wrt the press release and the fun with that</span></div><div class="line" id="215200"><span class="nick" style="color:#6c3d55"><a href="#215200" label="[21:52:00]">&lt;janneke&gt;</a></span><span class="message">i thought i would release 0.22; then you would publish our checksum results (pointing to 0.22) -- and that has become a bit tricky; that's all</span></div><div class="line" id="215340"><span class="nick" style="color:#6c3d55"><a href="#215340" label="[21:53:40]">&lt;janneke&gt;</a></span><span class="message">vagrantc: btw, i'm typing this on a pinebook pro...but it seems my guix build is stuck now at 94% building /gnu/store/bhd3s50xyw1iz38kwmj2kv3iapl04k78-guix-1.0.1-13.50299ad.drv...</span></div><div class="line" id="215721"><span class="nick" style="color:#d9d9d9"><a href="#215721" label="[21:57:21]">&lt;vagrantc&gt;</a></span><span class="message">janneke: oh, fun!</span></div><div class="line" id="215729"><span class="nick" style="color:#d9d9d9"><a href="#215729" label="[21:57:29]">&lt;vagrantc&gt;</a></span><span class="message">janneke: what OS?</span></div><div class="line" id="215812"><span class="nick" style="color:#d9d9d9"><a href="#215812" label="[21:58:12]">&lt;vagrantc&gt;</a></span><span class="message">janneke: i had a binary install of guix on a way-too-small partition and wasn't able to get as far as reconfigure</span></div><div class="line" id="215819"><span class="nick" style="color:#d9d9d9"><a href="#215819" label="[21:58:19]">&lt;vagrantc&gt;</a></span><span class="message">of guix, that is</span></div><div class="line" id="215819"><span class="nick" style="color:#6c3d55"><a href="#215819" label="[21:58:19]">&lt;janneke&gt;</a></span><span class="message">vagrantc: still on the default debian</span></div><div class="line" id="215833"><span class="nick" style="color:#d9d9d9"><a href="#215833" label="[21:58:33]">&lt;vagrantc&gt;</a></span><span class="message">it's got lots of not debian in it :)</span></div><div class="line" id="215836"><span class="nick" style="color:#6c3d55"><a href="#215836" label="[21:58:36]">&lt;janneke&gt;</a></span><span class="message">oh! *very nice*</span></div><div class="line" id="215940"><span class="nick" style="color:#6c3d55"><a href="#215940" label="[21:59:40]">&lt;janneke&gt;</a></span><span class="message">ah, yeah i learned some things after i ordered it ... oh well, still a very nice device</span></div><div class="line" id="220002"><span class="nick" style="color:#234e69"><a href="#220002" label="[22:00:02]">*</a></span><span class="message">vagrantc is a little creeped out by usb-upgradable firmware for the keyboard</span></div><div class="line" id="220018"><span class="nick" style="color:#6c3d55"><a href="#220018" label="[22:00:18]">&lt;janneke&gt;</a></span><span class="message">hehe</span></div><div class="line" id="220203"><span class="nick" style="color:#d9d9d9"><a href="#220203" label="[22:02:03]">&lt;vagrantc&gt;</a></span><span class="message">actually, getting a not-bit-for-bit identical binary where the only change is entirely explainable is a pretty nice achievement :)</span></div><div class="line" id="220212"><span class="nick" style="color:#d9d9d9"><a href="#220212" label="[22:02:12]">&lt;vagrantc&gt;</a></span><span class="message">and not hard to check</span></div><div class="line" id="220231"><span class="nick" style="color:#d9d9d9"><a href="#220231" label="[22:02:31]">&lt;vagrantc&gt;</a></span><span class="message">for a version bump, i'd expect more changes :)</span></div><div class="line" id="220252"><span class="nick" style="color:#6c3d55"><a href="#220252" label="[22:02:52]">&lt;janneke&gt;</a></span><span class="message">yeah, i was thinking to keep checking for 9*fb; and just add a sed curse before doing so</span></div><div class="line" id="221542"><span class="nick" style="color:#d9d9d9"><a href="#221542" label="[22:15:42]">&lt;vagrantc&gt;</a></span><span class="message">janneke: alternately, the test could strip out the current version, and we get a hopefully more stable hash?</span></div><div class="line" id="221545"><span class="nick" style="color:#d9d9d9"><a href="#221545" label="[22:15:45]">&lt;vagrantc&gt;</a></span><span class="message">janneke: although if 0.23 is going to change, maybe that isn't so realistic</span></div><div class="line" id="221608"><span class="nick" style="color:#6c3d55"><a href="#221608" label="[22:16:08]">&lt;janneke&gt;</a></span><span class="message">vagrantc: yeah -- i was thinking that about the installation prefix too (too late)</span></div><div class="line" id="221700"><span class="nick" style="color:#6c3d55"><a href="#221700" label="[22:17:00]">&lt;janneke&gt;</a></span><span class="message">it would have been handy to check with --prefix=/usr ... now you have to run mes using MES_PREFIX=/usr -- or add a wrapper to get 9*fb -- oh well</span></div><div class="line" id="221704"><span class="nick" style="color:#d9d9d9"><a href="#221704" label="[22:17:04]">&lt;vagrantc&gt;</a></span><span class="message">for a test suite, it's interesting ... for reproducible builds ... less &quot;proper&quot; :)</span></div><div class="line" id="221728"><span class="nick" style="color:#6c3d55"><a href="#221728" label="[22:17:28]">&lt;janneke&gt;</a></span><span class="message">yes</span></div><div class="line" id="221822"><span class="nick" style="color:#6c3d55"><a href="#221822" label="[22:18:22]">&lt;janneke&gt;</a></span><span class="message">okay, then i'll just go ahead and release 0.22; prolly add the sed trick for mes-rb5, based on that mes v0.22</span></div><div class="line" id="221851"><span class="nick" style="color:#6c3d55"><a href="#221851" label="[22:18:51]">&lt;janneke&gt;</a></span><span class="message">hopefully i get to that somewhere tomorrow</span></div><div class="line" id="221852"><span class="nick" style="color:#d9d9d9"><a href="#221852" label="[22:18:52]">&lt;vagrantc&gt;</a></span><span class="message">sounds reasonable.</span></div><div class="line" id="221934"><span class="nick" style="color:#d9d9d9"><a href="#221934" label="[22:19:34]">&lt;vagrantc&gt;</a></span><span class="message">i probably won't get a chance to work on it till end-of-month ... though *maybe* tomorrow</span></div><div class="line" id="222022"><span class="nick" style="color:#6c3d55"><a href="#222022" label="[22:20:22]">&lt;janneke&gt;</a></span><span class="message">it's been a very hectic 2 weeks for me, and still is until fosdem -- no worries</span></div><div class="line" id="222137"><span class="nick" style="color:#234e69"><a href="#222137" label="[22:21:37]">*</a></span><span class="message">vagrantc just wants to drop most/all of debian/patches/* :)</span></div><div class="line" id="222247"><span class="nick" style="color:#6c3d55"><a href="#222247" label="[22:22:47]">&lt;janneke&gt;</a></span><span class="message">yay! yes, that was mostly what 0.22 was about</span></div><div class="line" id="222350"><span class="nick" style="color:#234e69"><a href="#222350" label="[22:23:50]">*</a></span><span class="message">janneke was hoping to get some arch linux patches to put in -- wink wink</span></div><div class="line" id="222821"><span class="nick" style="color:#d9d9d9"><a href="#222821" label="[22:28:21]">&lt;vagrantc&gt;</a></span><span class="message">i think that might require proper x86_64 support</span></div><div class="line" id="222845"><span class="nick" style="color:#d9d9d9"><a href="#222845" label="[22:28:45]">&lt;vagrantc&gt;</a></span><span class="message">since they don't really support 32-bit x86</span></div><div class="line" id="222916"><span class="nick" style="color:#6c3d55"><a href="#222916" label="[22:29:16]">&lt;janneke&gt;</a></span><span class="message">ah, that makes sense</span></div><div class="line" id="222935"><span class="nick" style="color:#6c3d55"><a href="#222935" label="[22:29:35]">&lt;janneke&gt;</a></span><span class="message">that would explain why it was (almost?) impossible to build mes</span></div><div class="line" id="223708"><span class="nick" style="color:#389600"><a href="#223708" label="[22:37:08]">&lt;fossy&gt;</a></span><span class="message">darn</span></div><div class="line" id="223728"><span class="nick" style="color:#389600"><a href="#223728" label="[22:37:28]">&lt;fossy&gt;</a></span><span class="message">tcc dosent give the same checksum on 2 systems</span></div><div class="line" id="235103"><span class="nick" style="color:#8dd3c7"><a href="#235103" label="[23:51:03]">&lt;oriansj&gt;</a></span><span class="message">Hagfish: sounds like a great excuse to learn how to do static analysis</span></div><div class="line" id="235431"><span class="nick" style="color:#8dd3c7"><a href="#235431" label="[23:54:31]">&lt;oriansj&gt;</a></span><span class="message">fossy: with the exact same binary and the exact same options?</span></div><div class="line" id="235608"><span class="nick" style="color:#8dd3c7"><a href="#235608" label="[23:56:08]">&lt;oriansj&gt;</a></span><span class="message">(you can use kaem's nightmare-mode to strip out possible environmental causes as well)</span></div><br /></div></body></html>