<!DOCTYPE html><html><head><title>IRC channel logs</title><style>html {
  background: #fdfdfd;
}

h1 {
  font-weight: 300;
}

h2 {
  font-weight: 200;
}

h3 {
  padding: .5em 0;
  border-top: 3px dotted #ddd;
  margin-bottom: 0;
}

form {
  width: 400px;
  display: flex;
}

input {
  width: 100%;
  display: flex;
  border-radius: .25em 0 0 .25em;
  border: 1px solid #aaa;
  border-right: 0;
  padding: 0.5em;
}

button {
  display: flex;
  border-radius: 0 .25em .25em 0;
  background-color: #007bff;
  border: 1px solid #007bff;
  padding: .5em;
  cursor: pointer;
  color: white;
}

button:hover {
  background-color: #0069d9;
  border-color: #0062cc;
}

a {
  color: #007bff;
  text-decoration: none;
}

a:hover {
  text-decoration: underline;
}

h4 {
  margin-bottom: .5em;
}

table td {
  padding: 0.75em;
}

table tr:hover {
  background: #eee;
}

.year {
  display: table;
}

.month {
  display: table-cell;
  padding-right: 1em;
}

ul {
  margin: 0;
  padding: 0;
  list-style: none;
}

.nick {
  padding-right: 0.6rem;
  font-weight: bold;
  text-align: right;
  width: 13rem;
  display: table-cell;
}

.nick a {
  color: inherit;
  text-decoration: none;
}

.message {
  display: table-cell;
  padding-left: 0.6rem;
  border-left: 2px solid #333;
}

.notice {
  color: #859900;
  font-style: italic;
}

.line {
  line-height: 1.8rem;
  display: table;
}

#logs {
  margin-top: 1.5rem;
  padding: 1.5rem;
}
</style></head><body><h1>IRC channel logs</h1><h2>2020-01-13.log</h2><p><a href="/bootstrappable">back to list of logs</a></p><div id="logs"><div class="line" id="011534"><span class="nick" style="color:#8dd3c7"><a href="#011534" label="[01:15:34]">&lt;oriansj&gt;</a></span><span class="message">hey dongcarl</span></div><div class="line" id="021411"><span class="nick" style="color:#8dd3c7"><a href="#021411" label="[02:14:11]">&lt;oriansj&gt;</a></span><span class="message">1214MB of just raw output generated with 100M cells; which puts it beyound the memory limit on 32bit systems;</span></div><div class="line" id="102538"><span class="nick">***</span><span class="message notice">ng0_ is now known as ng0</span></div><div class="line" id="125017"><span class="nick" style="color:#2e2a4a"><a href="#125017" label="[12:50:17]">&lt;dddddd&gt;</a></span><span class="message">Hello booters!</span></div><div class="line" id="125122"><span class="nick" style="color:#2e2a4a"><a href="#125122" label="[12:51:22]">&lt;dddddd&gt;</a></span><span class="message">wrt mes-m2, in the talk-notes/bootstrappable.org file is never defined (but named several times). Is it an alias for mes.c?</span></div><div class="line" id="125157"><span class="nick" style="color:#2e2a4a"><a href="#125157" label="[12:51:57]">&lt;dddddd&gt;</a></span><span class="message">so much naming confusion... ouch</span></div><div class="line" id="161930"><span class="nick">***</span><span class="message notice">ng0_ is now known as ng0</span></div><div class="line" id="165136"><span class="nick" style="color:#6b8072"><a href="#165136" label="[16:51:36]">&lt;dongcarl&gt;</a></span><span class="message">Hello oriansj! cells?</span></div><div class="line" id="221806"><span class="nick" style="color:#80b1d3"><a href="#221806" label="[22:18:06]">&lt;fossy&gt;</a></span><span class="message">dddddd: mes-m2 is oriansj's rewrite of mes in m2-planet</span></div><div class="line" id="230640"><span class="nick">***</span><span class="message notice">cbaines_ is now known as cbaines</span></div><br /></div></body></html>