<!DOCTYPE html><html><head><title>IRC channel logs</title><style>html {
  background: #fdfdfd;
}

h1 {
  font-weight: 300;
}

h2 {
  font-weight: 200;
}

h3 {
  padding: .5em 0;
  border-top: 3px dotted #ddd;
  margin-bottom: 0;
}

form {
  width: 400px;
  display: flex;
}

input {
  width: 100%;
  display: flex;
  border-radius: .25em 0 0 .25em;
  border: 1px solid #aaa;
  border-right: 0;
  padding: 0.5em;
}

button {
  display: flex;
  border-radius: 0 .25em .25em 0;
  background-color: #007bff;
  border: 1px solid #007bff;
  padding: .5em;
  cursor: pointer;
  color: white;
}

button:hover {
  background-color: #0069d9;
  border-color: #0062cc;
}

a {
  color: #007bff;
  text-decoration: none;
}

a:hover {
  text-decoration: underline;
}

h4 {
  margin-bottom: .5em;
}

table td {
  padding: 0.75em;
}

table tr:hover {
  background: #eee;
}

.year {
  display: table;
}

.month {
  display: table-cell;
  padding-right: 1em;
}

ul {
  margin: 0;
  padding: 0;
  list-style: none;
}

.nick {
  padding-right: 0.6rem;
  font-weight: bold;
  text-align: right;
  width: 13rem;
  display: table-cell;
}

.nick a {
  color: inherit;
  text-decoration: none;
}

.message {
  display: table-cell;
  padding-left: 0.6rem;
  border-left: 2px solid #333;
}

.notice {
  color: #859900;
  font-style: italic;
}

.line {
  line-height: 1.8rem;
  display: table;
}

#logs {
  margin-top: 1.5rem;
  padding: 1.5rem;
}
</style></head><body><h1>IRC channel logs</h1><h2>2020-10-14.log</h2><p><a href="/bootstrappable">back to list of logs</a></p><div id="logs"><div class="line" id="011256"><span class="nick">***</span><span class="message notice">terpri_ is now known as terpri</span></div><div class="line" id="041916"><span class="nick">***</span><span class="message notice">main1 is now known as main</span></div><div class="line" id="155348"><span class="nick">***</span><span class="message notice">ChanServ sets mode: +o rekado</span></div><div class="line" id="171802"><span class="nick">***</span><span class="message notice">OriansJ` is now known as OriansJ</span></div><div class="line" id="183719"><span class="nick" style="color:#8dd3c7"><a href="#183719" label="[18:37:19]">&lt;OriansJ&gt;</a></span><span class="message">This is just not a productive week for me</span></div><div class="line" id="183832"><span class="nick" style="color:#2e2a4a"><a href="#183832" label="[18:38:32]">*</a></span><span class="message">xentrac hugs OriansJ </span></div><div class="line" id="204803"><span class="nick">***</span><span class="message notice">stikonas_ is now known as stikonas</span></div><div class="line" id="205648"><span class="nick" style="color:#8dd3c7"><a href="#205648" label="[20:56:48]">&lt;OriansJ&gt;</a></span><span class="message">even though I have the process that I know works: <a rel="nofollow" href="https://paste.debian.net/1167167/">https://paste.debian.net/1167167/</a> </span></div><div class="line" id="205816"><span class="nick" style="color:#8dd3c7"><a href="#205816" label="[20:58:16]">&lt;OriansJ&gt;</a></span><span class="message">if I don't enable binary packages (line 211); suddenly, even guix pull breaks hard</span></div><div class="line" id="205926"><span class="nick" style="color:#6b8072"><a href="#205926" label="[20:59:26]">&lt;xentrac&gt;</a></span><span class="message">whoa</span></div><div class="line" id="221722"><span class="nick" style="color:#80b1d3"><a href="#221722" label="[22:17:22]">&lt;rekado&gt;</a></span><span class="message">what does “breaks hard” mean exactly?</span></div><br /></div></body></html>