<!DOCTYPE html><html><head><title>IRC channel logs</title><style>html {
  background: #fdfdfd;
}

h1 {
  font-weight: 300;
}

h2 {
  font-weight: 200;
}

h3 {
  padding: .5em 0;
  border-top: 3px dotted #ddd;
  margin-bottom: 0;
}

form {
  width: 400px;
  display: flex;
}

input {
  width: 100%;
  display: flex;
  border-radius: .25em 0 0 .25em;
  border: 1px solid #aaa;
  border-right: 0;
  padding: 0.5em;
}

button {
  display: flex;
  border-radius: 0 .25em .25em 0;
  background-color: #007bff;
  border: 1px solid #007bff;
  padding: .5em;
  cursor: pointer;
  color: white;
}

button:hover {
  background-color: #0069d9;
  border-color: #0062cc;
}

a {
  color: #007bff;
  text-decoration: none;
}

a:hover {
  text-decoration: underline;
}

h4 {
  margin-bottom: .5em;
}

table td {
  padding: 0.75em;
}

table tr:hover {
  background: #eee;
}

.year {
  display: table;
}

.month {
  display: table-cell;
  padding-right: 1em;
}

ul {
  margin: 0;
  padding: 0;
  list-style: none;
}

.nick {
  padding-right: 0.6rem;
  font-weight: bold;
  text-align: right;
  width: 13rem;
  display: table-cell;
}

.nick a {
  color: inherit;
  text-decoration: none;
}

.message {
  display: table-cell;
  padding-left: 0.6rem;
  border-left: 2px solid #333;
}

.notice {
  color: #859900;
  font-style: italic;
}

.line {
  line-height: 1.8rem;
  display: table;
}

#logs {
  margin-top: 1.5rem;
  padding: 1.5rem;
}
</style></head><body><h1>IRC channel logs</h1><h2>2020-10-27.log</h2><p><a href="/bootstrappable">back to list of logs</a></p><div id="logs"><div class="line" id="030441"><span class="nick" style="color:#8dd3c7"><a href="#030441" label="[03:04:41]">*</a></span><span class="message">pabs3 sighs at &quot;The [GCC] bootstrap stage can be removed entirely, it serves no real purpose these days.&quot; <a rel="nofollow" href="https://lwn.net/Articles/835314/">https://lwn.net/Articles/835314/</a> </span></div><div class="line" id="041032"><span class="nick" style="color:#2e2a4a"><a href="#041032" label="[04:10:32]">&lt;fossy&gt;</a></span><span class="message">ugh</span></div><div class="line" id="041042"><span class="nick" style="color:#2e2a4a"><a href="#041042" label="[04:10:42]">&lt;fossy&gt;</a></span><span class="message">I hope they bing e</span></div><div class="line" id="041052"><span class="nick" style="color:#2e2a4a"><a href="#041052" label="[04:10:52]">&lt;fossy&gt;</a></span><span class="message">they mean the 3 tired bootstrap</span></div><div class="line" id="041143"><span class="nick" style="color:#2e2a4a"><a href="#041143" label="[04:11:43]">&lt;fossy&gt;</a></span><span class="message">Which I dont care about , removing that and doing it manually dosent change the dependencies and the like</span></div><div class="line" id="041149"><span class="nick" style="color:#2e2a4a"><a href="#041149" label="[04:11:49]">&lt;fossy&gt;</a></span><span class="message">It shouldn't use cmake tho</span></div><div class="line" id="112835"><span class="nick" style="color:#6b8072"><a href="#112835" label="[11:28:35]">&lt;nimaje&gt;</a></span><span class="message">&quot;make failure cheaper and faster&quot; sounds a little bit like erlangs failfast/&quot;Let it crash&quot; style</span></div><div class="line" id="115123"><span class="nick" style="color:#80b1d3"><a href="#115123" label="[11:51:23]">&lt;xentrac&gt;</a></span><span class="message">ketas: w</span></div><div class="line" id="115126"><span class="nick" style="color:#80b1d3"><a href="#115126" label="[11:51:26]">&lt;xentrac&gt;</a></span><span class="message">uh</span></div><div class="line" id="115132"><span class="nick" style="color:#80b1d3"><a href="#115132" label="[11:51:32]">&lt;xentrac&gt;</a></span><span class="message">I was trying to type &quot;aye&quot;</span></div><div class="line" id="115138"><span class="nick" style="color:#80b1d3"><a href="#115138" label="[11:51:38]">&lt;xentrac&gt;</a></span><span class="message">not sure how that came out as &quot;ketas: w&quot;</span></div><div class="line" id="173004"><span class="nick">***</span><span class="message notice">stikonas_ is now known as stikonas</span></div><div class="line" id="174923"><span class="nick" style="color:#6d2462"><a href="#174923" label="[17:49:23]">&lt;OriansJ&gt;</a></span><span class="message">pabs3: I am pretty sure all of the &quot;easy wins&quot; in bootstrapping have already been mined out and what remains is long term and slow development (not often the place of successful grants)</span></div><div class="line" id="175014"><span class="nick" style="color:#6d2462"><a href="#175014" label="[17:50:14]">&lt;OriansJ&gt;</a></span><span class="message">vagrantc: I forget if there were issues with mescc-tools (as I got completely take off track)</span></div><div class="line" id="175134"><span class="nick" style="color:#234e69"><a href="#175134" label="[17:51:34]">&lt;vagrantc&gt;</a></span><span class="message">OriansJ: overall looks fine to me ... there was one seemingly random issue i should dig up</span></div><div class="line" id="175227"><span class="nick" style="color:#6d2462"><a href="#175227" label="[17:52:27]">&lt;OriansJ&gt;</a></span><span class="message">nimaje: well it is a pretty old idea but doesn't work to well in environments where the cost of failure by default must be extremely high.</span></div><div class="line" id="175349"><span class="nick" style="color:#234e69"><a href="#175349" label="[17:53:49]">&lt;vagrantc&gt;</a></span><span class="message">OriansJ: recent builds only on amd64 started failing: <a rel="nofollow" href="https://tests.reproducible-builds.org/debian/rb-pkg/unstable/amd64/mescc-tools.html">https://tests.reproducible-builds.org/debian/rb-pkg/unstable/amd64/mescc-tools.html</a> </span></div><div class="line" id="175413"><span class="nick" style="color:#234e69"><a href="#175413" label="[17:54:13]">&lt;vagrantc&gt;</a></span><span class="message">mysteriously armhf and arm64 of the same version built fine ...</span></div><div class="line" id="175441"><span class="nick" style="color:#234e69"><a href="#175441" label="[17:54:41]">&lt;vagrantc&gt;</a></span><span class="message">test/test3/hello.sh: 23: GET_MACHINE_FLAGS: parameter not set</span></div><div class="line" id="175527"><span class="nick" style="color:#234e69"><a href="#175527" label="[17:55:27]">&lt;vagrantc&gt;</a></span><span class="message">and previously, the same version built fine on amd64 too ...</span></div><div class="line" id="175552"><span class="nick" style="color:#234e69"><a href="#175552" label="[17:55:52]">&lt;vagrantc&gt;</a></span><span class="message">something in the toolchain changed that only broke amd64 ... weird.</span></div><div class="line" id="175603"><span class="nick" style="color:#234e69"><a href="#175603" label="[17:56:03]">&lt;vagrantc&gt;</a></span><span class="message">i wasn't able to reproduce the failure locally ...</span></div><div class="line" id="175622"><span class="nick" style="color:#6d2462"><a href="#175622" label="[17:56:22]">&lt;OriansJ&gt;</a></span><span class="message">oh trivial to fix</span></div><div class="line" id="175705"><span class="nick" style="color:#6d2462"><a href="#175705" label="[17:57:05]">&lt;OriansJ&gt;</a></span><span class="message">it was set -eux instead of set -ex</span></div><div class="line" id="175725"><span class="nick" style="color:#234e69"><a href="#175725" label="[17:57:25]">&lt;vagrantc&gt;</a></span><span class="message">+ Segmentation fault</span></div><div class="line" id="175725"><span class="nick" style="color:#234e69"><a href="#175725" label="[17:57:25]">&lt;vagrantc&gt;</a></span><span class="message">./bin/get_machine</span></div><div class="line" id="175732"><span class="nick" style="color:#234e69"><a href="#175732" label="[17:57:32]">&lt;vagrantc&gt;</a></span><span class="message">maybe that's the real problem</span></div><div class="line" id="175753"><span class="nick" style="color:#234e69"><a href="#175753" label="[17:57:53]">&lt;vagrantc&gt;</a></span><span class="message">but why would that only break on amd64?</span></div><div class="line" id="180003"><span class="nick" style="color:#6d2462"><a href="#180003" label="[18:00:03]">&lt;OriansJ&gt;</a></span><span class="message">because get_machine wasn't built before the test ran</span></div><div class="line" id="180126"><span class="nick" style="color:#6d2462"><a href="#180126" label="[18:01:26]">&lt;OriansJ&gt;</a></span><span class="message">and I just pushed a makefile fix that should prevent that from showing up in the future</span></div><div class="line" id="180452"><span class="nick" style="color:#234e69"><a href="#180452" label="[18:04:52]">&lt;vagrantc&gt;</a></span><span class="message">aha!</span></div><br /></div></body></html>