<!DOCTYPE html><html><head><title>IRC channel logs</title><style>html {
  background: #fdfdfd;
}

h1 {
  font-weight: 300;
}

h2 {
  font-weight: 200;
}

h3 {
  padding: .5em 0;
  border-top: 3px dotted #ddd;
  margin-bottom: 0;
}

form {
  width: 400px;
  display: flex;
}

input {
  width: 100%;
  display: flex;
  border-radius: .25em 0 0 .25em;
  border: 1px solid #aaa;
  border-right: 0;
  padding: 0.5em;
}

button {
  display: flex;
  border-radius: 0 .25em .25em 0;
  background-color: #007bff;
  border: 1px solid #007bff;
  padding: .5em;
  cursor: pointer;
  color: white;
}

button:hover {
  background-color: #0069d9;
  border-color: #0062cc;
}

a {
  color: #007bff;
  text-decoration: none;
}

a:hover {
  text-decoration: underline;
}

h4 {
  margin-bottom: .5em;
}

table td {
  padding: 0.75em;
}

table tr:hover {
  background: #eee;
}

.year {
  display: table;
}

.month {
  display: table-cell;
  padding-right: 1em;
}

ul {
  margin: 0;
  padding: 0;
  list-style: none;
}

.nick {
  padding-right: 0.6rem;
  font-weight: bold;
  text-align: right;
  width: 13rem;
  display: table-cell;
}

.nick a {
  color: inherit;
  text-decoration: none;
}

.message {
  display: table-cell;
  padding-left: 0.6rem;
  border-left: 2px solid #333;
}

.notice {
  color: #859900;
  font-style: italic;
}

.line {
  line-height: 1.8rem;
  display: table;
}

#logs {
  margin-top: 1.5rem;
  padding: 1.5rem;
}
</style></head><body><h1>IRC channel logs</h1><h2>2020-01-20.log</h2><p><a href="/bootstrappable">back to list of logs</a></p><div id="logs"><div class="line" id="003529"><span class="nick" style="color:#389600"><a href="#003529" label="[00:35:29]">&lt;stikonas&gt;</a></span><span class="message">rekado: one thing that for some reason didn't work for me was building icedtea 2 with hotspot VM... It failed some test. So what I did was to build icedtea 2 with JamVM and then used it to build icedtea 3.7.0 (same version as in Guix) with hotspot VM</span></div><div class="line" id="040030"><span class="nick" style="color:#2e2a4a"><a href="#040030" label="[04:00:30]">&lt;fossy&gt;</a></span><span class="message">interesting.</span></div><div class="line" id="040033"><span class="nick" style="color:#2e2a4a"><a href="#040033" label="[04:00:33]">&lt;fossy&gt;</a></span><span class="message">assert fail: !&quot;alloc: out of memory&quot;</span></div><div class="line" id="040106"><span class="nick" style="color:#2e2a4a"><a href="#040106" label="[04:01:06]">&lt;fossy&gt;</a></span><span class="message">when i try to compile tinycc with mescc with -D TCC_TARGET_X86_64=1</span></div><div class="line" id="041613"><span class="nick" style="color:#2e2a4a"><a href="#041613" label="[04:16:13]">&lt;fossy&gt;</a></span><span class="message">i will investigate... later</span></div><div class="line" id="044430"><span class="nick" style="color:#2e2a4a"><a href="#044430" label="[04:44:30]">&lt;fossy&gt;</a></span><span class="message">hooray, tinycc compiles on x86 fully</span></div><div class="line" id="044435"><span class="nick" style="color:#2e2a4a"><a href="#044435" label="[04:44:35]">&lt;fossy&gt;</a></span><span class="message">and boot-6 and boot-7 are equal</span></div><div class="line" id="062201"><span class="nick" style="color:#2e2a4a"><a href="#062201" label="[06:22:01]">&lt;fossy&gt;</a></span><span class="message">make is being stupid</span></div><div class="line" id="062207"><span class="nick" style="color:#6b8072"><a href="#062207" label="[06:22:07]">*</a></span><span class="message">fossy grumble</span></div><div class="line" id="062218"><span class="nick" style="color:#2e2a4a"><a href="#062218" label="[06:22:18]">&lt;fossy&gt;</a></span><span class="message">not as bad as tinycc tho</span></div><div class="line" id="091418"><span class="nick" style="color:#80b1d3"><a href="#091418" label="[09:14:18]">&lt;janneke&gt;</a></span><span class="message">fossy: yes, x86 only!</span></div><div class="line" id="131630"><span class="nick" style="color:#6d2462"><a href="#131630" label="[13:16:30]">&lt;dddddd&gt;</a></span><span class="message">hi!</span></div><div class="line" id="134037"><span class="nick">***</span><span class="message notice">Server sets mode: +cnt </span></div><div class="line" id="163037"><span class="nick">***</span><span class="message notice">ng0_ is now known as ng0</span></div><div class="line" id="185634"><span class="nick" style="color:#80b1d3"><a href="#185634" label="[18:56:34]">&lt;janneke&gt;</a></span><span class="message">o/</span></div><div class="line" id="194735"><span class="nick">***</span><span class="message notice">ChanServ sets mode: +o rekado_</span></div><div class="line" id="224601"><span class="nick" style="color:#6d2462"><a href="#224601" label="[22:46:01]">&lt;dddddd&gt;</a></span><span class="message">\o</span></div><br /></div></body></html>