<!DOCTYPE html><html><head><title>IRC channel logs</title><style>html {
  background: #fdfdfd;
}

h1 {
  font-weight: 300;
}

h2 {
  font-weight: 200;
}

h3 {
  padding: .5em 0;
  border-top: 3px dotted #ddd;
  margin-bottom: 0;
}

form {
  width: 400px;
  display: flex;
}

input {
  width: 100%;
  display: flex;
  border-radius: .25em 0 0 .25em;
  border: 1px solid #aaa;
  border-right: 0;
  padding: 0.5em;
}

button {
  display: flex;
  border-radius: 0 .25em .25em 0;
  background-color: #007bff;
  border: 1px solid #007bff;
  padding: .5em;
  cursor: pointer;
  color: white;
}

button:hover {
  background-color: #0069d9;
  border-color: #0062cc;
}

a {
  color: #007bff;
  text-decoration: none;
}

a:hover {
  text-decoration: underline;
}

h4 {
  margin-bottom: .5em;
}

table td {
  padding: 0.75em;
}

table tr:hover {
  background: #eee;
}

.year {
  display: table;
}

.month {
  display: table-cell;
  padding-right: 1em;
}

ul {
  margin: 0;
  padding: 0;
  list-style: none;
}

.nick {
  padding-right: 0.6rem;
  font-weight: bold;
  text-align: right;
  width: 13rem;
  display: table-cell;
}

.nick a {
  color: inherit;
  text-decoration: none;
}

.message {
  display: table-cell;
  padding-left: 0.6rem;
  border-left: 2px solid #333;
}

.notice {
  color: #859900;
  font-style: italic;
}

.line {
  line-height: 1.8rem;
  display: table;
}

#logs {
  margin-top: 1.5rem;
  padding: 1.5rem;
}
</style></head><body><h1>IRC channel logs</h1><h2>2020-03-13.log</h2><p><a href="/bootstrappable">back to list of logs</a></p><div id="logs"><div class="line" id="102224"><span class="nick">***</span><span class="message notice">ChanServ sets mode: +o rekado_</span></div><div class="line" id="224623"><span class="nick" style="color:#8dd3c7"><a href="#224623" label="[22:46:23]">&lt;fossy&gt;</a></span><span class="message">gash is pretty slow</span></div><div class="line" id="224630"><span class="nick" style="color:#8dd3c7"><a href="#224630" label="[22:46:30]">&lt;fossy&gt;</a></span><span class="message">but it works!</span></div><div class="line" id="224656"><span class="nick" style="color:#8dd3c7"><a href="#224656" label="[22:46:56]">&lt;fossy&gt;</a></span><span class="message">gcc-seed  (ie mescc-tools-seed to gcc) is very nearly ready to only have guile as a seed - no busybox and crap</span></div><div class="line" id="225438"><span class="nick" style="color:#2e2a4a"><a href="#225438" label="[22:54:38]">&lt;xentrac&gt;</a></span><span class="message">congratulations!</span></div><div class="line" id="230151"><span class="nick" style="color:#6b8072"><a href="#230151" label="[23:01:51]">&lt;stikonas&gt;</a></span><span class="message">nice!</span></div><div class="line" id="230504"><span class="nick" style="color:#8dd3c7"><a href="#230504" label="[23:05:04]">&lt;fossy&gt;</a></span><span class="message">then, it is mostly downhill - since i am past tinycc</span></div><div class="line" id="230508"><span class="nick" style="color:#8dd3c7"><a href="#230508" label="[23:05:08]">&lt;fossy&gt;</a></span><span class="message">tinycc was very hard</span></div><br /></div></body></html>