<!DOCTYPE html><html><head><title>IRC channel logs</title><style>html {
  background: #fdfdfd;
}

h1 {
  font-weight: 300;
}

h2 {
  font-weight: 200;
}

h3 {
  padding: .5em 0;
  border-top: 3px dotted #ddd;
  margin-bottom: 0;
}

form {
  width: 400px;
  display: flex;
}

input {
  width: 100%;
  display: flex;
  border-radius: .25em 0 0 .25em;
  border: 1px solid #aaa;
  border-right: 0;
  padding: 0.5em;
}

button {
  display: flex;
  border-radius: 0 .25em .25em 0;
  background-color: #007bff;
  border: 1px solid #007bff;
  padding: .5em;
  cursor: pointer;
  color: white;
}

button:hover {
  background-color: #0069d9;
  border-color: #0062cc;
}

a {
  color: #007bff;
  text-decoration: none;
}

a:hover {
  text-decoration: underline;
}

h4 {
  margin-bottom: .5em;
}

table td {
  padding: 0.75em;
}

table tr:hover {
  background: #eee;
}

.year {
  display: table;
}

.month {
  display: table-cell;
  padding-right: 1em;
}

ul {
  margin: 0;
  padding: 0;
  list-style: none;
}

.nick {
  padding-right: 0.6rem;
  font-weight: bold;
  text-align: right;
  width: 13rem;
  display: table-cell;
}

.nick a {
  color: inherit;
  text-decoration: none;
}

.message {
  display: table-cell;
  padding-left: 0.6rem;
  border-left: 2px solid #333;
}

.notice {
  color: #859900;
  font-style: italic;
}

.line {
  line-height: 1.8rem;
  display: table;
}

#logs {
  margin-top: 1.5rem;
  padding: 1.5rem;
}
</style></head><body><h1>IRC channel logs</h1><h2>2020-05-11.log</h2><p><a href="/bootstrappable">back to list of logs</a></p><div id="logs"><div class="line" id="003858"><span class="nick" style="color:#389600"><a href="#003858" label="[00:38:58]">&lt;OriansJ&gt;</a></span><span class="message">xentrac: actually the secret to collecting yeast is tomato plants. Small bowls of wheat flour and water next to the fruiting tomatoes enables easy collection of yeast (simply wait 24 hours)</span></div><div class="line" id="004034"><span class="nick" style="color:#389600"><a href="#004034" label="[00:40:34]">&lt;OriansJ&gt;</a></span><span class="message">So having created a C compiler without having a C compiler and collected yeast for making bread. I'd say the collection of yeast is easier</span></div><div class="line" id="004119"><span class="nick" style="color:#389600"><a href="#004119" label="[00:41:19]">&lt;OriansJ&gt;</a></span><span class="message">but then again modern yeasts are quite genetically divergent from the wild strains and produce a sweeter bread.</span></div><div class="line" id="004309"><span class="nick" style="color:#389600"><a href="#004309" label="[00:43:09]">&lt;OriansJ&gt;</a></span><span class="message">xentrac: I also thought you finished dercuano.</span></div><div class="line" id="004347"><span class="nick" style="color:#8dd3c7"><a href="#004347" label="[00:43:47]">&lt;xentrac&gt;</a></span><span class="message">yeah, I did</span></div><div class="line" id="004430"><span class="nick" style="color:#8dd3c7"><a href="#004430" label="[00:44:30]">&lt;xentrac&gt;</a></span><span class="message">I mean I finalized it.  &quot;finished&quot; is maybe too complimentary of a term.  I stopped working on it so that there would be a final version</span></div><div class="line" id="004729"><span class="nick" style="color:#389600"><a href="#004729" label="[00:47:29]">&lt;OriansJ&gt;</a></span><span class="message">although the firing at government buildings do have me concerned, especially since I work in one of those buildings.</span></div><div class="line" id="004949"><span class="nick" style="color:#8dd3c7"><a href="#004949" label="[00:49:49]">&lt;xentrac&gt;</a></span><span class="message">don't suppose you have budget for security film for your office windows, do you?</span></div><div class="line" id="005052"><span class="nick" style="color:#8dd3c7"><a href="#005052" label="[00:50:52]">&lt;xentrac&gt;</a></span><span class="message">the kind of polyester film they use in cigarette stores and the like will enable ordinary glass to stop small-caliber bullets, and for that matter large-caliber small-arms bullets at grazing angles</span></div><div class="line" id="005057"><span class="nick" style="color:#8dd3c7"><a href="#005057" label="[00:50:57]">&lt;xentrac&gt;</a></span><span class="message">once</span></div><div class="line" id="005117"><span class="nick" style="color:#8dd3c7"><a href="#005117" label="[00:51:17]">&lt;xentrac&gt;</a></span><span class="message">enough time for you to hit the floor if the rest of the wall is concrete</span></div><div class="line" id="013747"><span class="nick" style="color:#389600"><a href="#013747" label="[01:37:47]">&lt;OriansJ&gt;</a></span><span class="message">xentrac: It is the Department of Technology Management and Budget. Meaning they are bad at technology, horrific at management and they probably already spent the budget on booze and hookers.</span></div><div class="line" id="014013"><span class="nick" style="color:#8dd3c7"><a href="#014013" label="[01:40:13]">&lt;xentrac&gt;</a></span><span class="message">OriansJ: do you have a window?  I wonder how much the security film would cost</span></div><div class="line" id="014026"><span class="nick" style="color:#8dd3c7"><a href="#014026" label="[01:40:26]">&lt;xentrac&gt;</a></span><span class="message">it seems like it would be an unlikely thing to get in trouble for if you installed it yourself</span></div><div class="line" id="014047"><span class="nick" style="color:#8dd3c7"><a href="#014047" label="[01:40:47]">&lt;xentrac&gt;</a></span><span class="message">since only the cleaning people would notice it was there and they would assume it was approved</span></div><div class="line" id="014101"><span class="nick" style="color:#389600"><a href="#014101" label="[01:41:01]">&lt;OriansJ&gt;</a></span><span class="message">I work in a cube, in a massive pool of cubes</span></div><div class="line" id="014153"><span class="nick" style="color:#389600"><a href="#014153" label="[01:41:53]">&lt;OriansJ&gt;</a></span><span class="message">also Michigan is home to the Michigan Militia; so when people show up with guns, the smallest caliber arms they are packing is an AR-15</span></div><div class="line" id="014546"><span class="nick" style="color:#8dd3c7"><a href="#014546" label="[01:45:46]">&lt;xentrac&gt;</a></span><span class="message">AR-15 is a pretty small caliber, but with a pretty significant cartridge</span></div><div class="line" id="014602"><span class="nick" style="color:#8dd3c7"><a href="#014602" label="[01:46:02]">&lt;xentrac&gt;</a></span><span class="message">they definitely aren't among the more powerful small arms out there</span></div><div class="line" id="014628"><span class="nick" style="color:#8dd3c7"><a href="#014628" label="[01:46:28]">&lt;xentrac&gt;</a></span><span class="message">but still enough to explode your head like a ripe pumpkin</span></div><div class="line" id="014642"><span class="nick" style="color:#8dd3c7"><a href="#014642" label="[01:46:42]">&lt;xentrac&gt;</a></span><span class="message">probably if you're in the middle you'll be fine though</span></div><div class="line" id="014653"><span class="nick" style="color:#8dd3c7"><a href="#014653" label="[01:46:53]">&lt;xentrac&gt;</a></span><span class="message">one of your coworkers closer to the windows will snuff it instead</span></div><div class="line" id="015110"><span class="nick" style="color:#8dd3c7"><a href="#015110" label="[01:51:10]">&lt;xentrac&gt;</a></span><span class="message">(I mean there are AR-15s that take a .22 LR but normally it's 5.56 mm; it's unusual to find a 9mm AR-15, while that's common in handguns)</span></div><div class="line" id="015218"><span class="nick" style="color:#8dd3c7"><a href="#015218" label="[01:52:18]">&lt;xentrac&gt;</a></span><span class="message">maybe you should go to some Michigan Militia training camps for basic gun safety training!</span></div><div class="line" id="020910"><span class="nick" style="color:#8dd3c7"><a href="#020910" label="[02:09:10]">&lt;xentrac&gt;</a></span><span class="message">I mean probably they don't start demanding you believe the paranoid antigovernment conspiracy theories in their initial recruitment process, and you could pick up some basic arms training for cheap or free</span></div><div class="line" id="022118"><span class="nick" style="color:#389600"><a href="#022118" label="[02:21:18]">&lt;OriansJ&gt;</a></span><span class="message">well with 1/2 Million members (in a state of 10M people) I doubt it</span></div><div class="line" id="022210"><span class="nick" style="color:#8dd3c7"><a href="#022210" label="[02:22:10]">&lt;xentrac&gt;</a></span><span class="message">you doubt that it would be cheap or free, or you doubt that they're too hard-core about the paranoid theories?</span></div><div class="line" id="022232"><span class="nick" style="color:#389600"><a href="#022232" label="[02:22:32]">&lt;OriansJ&gt;</a></span><span class="message">doubt they are too hard-core about the paranoid theories</span></div><div class="line" id="022236"><span class="nick" style="color:#8dd3c7"><a href="#022236" label="[02:22:36]">&lt;xentrac&gt;</a></span><span class="message">I had no idea they were taht big</span></div><div class="line" id="022237"><span class="nick" style="color:#8dd3c7"><a href="#022237" label="[02:22:37]">&lt;xentrac&gt;</a></span><span class="message">that big</span></div><div class="line" id="022301"><span class="nick" style="color:#389600"><a href="#022301" label="[02:23:01]">&lt;OriansJ&gt;</a></span><span class="message">They are more famous for food pantries and blood drives</span></div><div class="line" id="022303"><span class="nick" style="color:#8dd3c7"><a href="#022303" label="[02:23:03]">&lt;xentrac&gt;</a></span><span class="message">but yeah, I think that would probably put too much of a crimp in their recruitment funnel</span></div><div class="line" id="022317"><span class="nick" style="color:#8dd3c7"><a href="#022317" label="[02:23:17]">&lt;xentrac&gt;</a></span><span class="message">do they do firearms training too?</span></div><div class="line" id="022325"><span class="nick" style="color:#8dd3c7"><a href="#022325" label="[02:23:25]">&lt;xentrac&gt;</a></span><span class="message">I admit I haven't checked</span></div><div class="line" id="022341"><span class="nick" style="color:#389600"><a href="#022341" label="[02:23:41]">&lt;OriansJ&gt;</a></span><span class="message">They teach classes available to the public</span></div><div class="line" id="022348"><span class="nick" style="color:#8dd3c7"><a href="#022348" label="[02:23:48]">&lt;xentrac&gt;</a></span><span class="message">(just to be clear here, I've never so much as had my finger on the trigger of a firearm)</span></div><div class="line" id="022438"><span class="nick" style="color:#389600"><a href="#022438" label="[02:24:38]">&lt;OriansJ&gt;</a></span><span class="message">I live in Michigan. So if you spent more than 10 years here, I'd be more surprised if you didn't.</span></div><div class="line" id="022512"><span class="nick" style="color:#389600"><a href="#022512" label="[02:25:12]">&lt;OriansJ&gt;</a></span><span class="message">It is estimated we have 40Million guns in a state of just 10Million people.</span></div><div class="line" id="022547"><span class="nick" style="color:#389600"><a href="#022547" label="[02:25:47]">&lt;OriansJ&gt;</a></span><span class="message">but shooting are generally extremely rare anywhere outside of Detroit</span></div><div class="line" id="022619"><span class="nick" style="color:#8dd3c7"><a href="#022619" label="[02:26:19]">&lt;xentrac&gt;</a></span><span class="message">I only ever spent a week or two in Michigan, mostly in Ann Arbor, just a little bit in Detroit</span></div><div class="line" id="023007"><span class="nick" style="color:#389600"><a href="#023007" label="[02:30:07]">&lt;OriansJ&gt;</a></span><span class="message">Hence why the shooting of the Government buildings is a big culture shock.</span></div><div class="line" id="023218"><span class="nick" style="color:#389600"><a href="#023218" label="[02:32:18]">&lt;OriansJ&gt;</a></span><span class="message">Carrying guns in protest: common. Firing of guns in public: news worthy Vidolating gun safety best practices: unheard of until recently.</span></div><div class="line" id="023222"><span class="nick" style="color:#8dd3c7"><a href="#023222" label="[02:32:22]">&lt;xentrac&gt;</a></span><span class="message">Oh, well, although obviously I'm no expert I thought that was kind of their thing.  Waco, Ruby Ridge, FEMA concentration camps, jet fuel can't melt steel beams, etc.</span></div><div class="line" id="023317"><span class="nick" style="color:#389600"><a href="#023317" label="[02:33:17]">&lt;OriansJ&gt;</a></span><span class="message">xentrac: When you think Michigan Militia think: Women's shelters funded by people who like guns</span></div><div class="line" id="023340"><span class="nick" style="color:#8dd3c7"><a href="#023340" label="[02:33:40]">&lt;xentrac&gt;</a></span><span class="message"> <a rel="nofollow" href="https://en.wikipedia.org/wiki/Michigan_Militia">https://en.wikipedia.org/wiki/Michigan_Militia</a>  says its membership is now several hundreds</span></div><div class="line" id="023604"><span class="nick" style="color:#389600"><a href="#023604" label="[02:36:04]">&lt;OriansJ&gt;</a></span><span class="message">several hundred wackos: probably. Members: doubt it given its base of support in the black population of Detroit.</span></div><div class="line" id="023814"><span class="nick" style="color:#8dd3c7"><a href="#023814" label="[02:38:14]">&lt;xentrac&gt;</a></span><span class="message">I wonder if there are two different organizations we're confusing</span></div><div class="line" id="024159"><span class="nick" style="color:#389600"><a href="#024159" label="[02:41:59]">&lt;OriansJ&gt;</a></span><span class="message">xentrac: possibly</span></div><div class="line" id="063019"><span class="nick" style="color:#6b8072"><a href="#063019" label="[06:30:19]">&lt;pabs3&gt;</a></span><span class="message">is bootstrappable.org focussed on low-level stuff or is higher-level stuff (like build systems that build-depend on themselves) in scope?</span></div><div class="line" id="080410"><span class="nick" style="color:#80b1d3"><a href="#080410" label="[08:04:10]">&lt;fossy&gt;</a></span><span class="message">both :))</span></div><div class="line" id="081005"><span class="nick" style="color:#6b8072"><a href="#081005" label="[08:10:05]">&lt;pabs3&gt;</a></span><span class="message">is there any advice on how to convince higher-level stuff that an official bootstrap process is a good idea? or success stories from who have done that</span></div><div class="line" id="123933"><span class="nick" style="color:#80b1d3"><a href="#123933" label="[12:39:33]">&lt;fossy&gt;</a></span><span class="message">pabs3: ah, the masterly difficult topic</span></div><div class="line" id="123938"><span class="nick" style="color:#80b1d3"><a href="#123938" label="[12:39:38]">&lt;fossy&gt;</a></span><span class="message">It is very hard</span></div><div class="line" id="123945"><span class="nick" style="color:#80b1d3"><a href="#123945" label="[12:39:45]">&lt;fossy&gt;</a></span><span class="message">Most people see it as a waste of resources</span></div><div class="line" id="124001"><span class="nick" style="color:#80b1d3"><a href="#124001" label="[12:40:01]">&lt;fossy&gt;</a></span><span class="message">The Why page on bootstrappable.org is a good thing to paraphrase</span></div><div class="line" id="131354"><span class="nick" style="color:#6b8072"><a href="#131354" label="[13:13:54]">&lt;pabs3&gt;</a></span><span class="message">FTR, this is about sbt, the scala build tool, which only builds using itself</span></div><div class="line" id="132742"><span class="nick" style="color:#8dd3c7"><a href="#132742" label="[13:27:42]">&lt;xentrac&gt;</a></span><span class="message">hmm, usually build tools are relatively easy to deal with, since they just produce a sequence of compiler invocations, which can usually be simplified quite a bit</span></div><div class="line" id="132809"><span class="nick" style="color:#8dd3c7"><a href="#132809" label="[13:28:09]">&lt;xentrac&gt;</a></span><span class="message">what about the scala compiler?</span></div><div class="line" id="133116"><span class="nick" style="color:#6d2462"><a href="#133116" label="[13:31:16]">&lt;Profpatsch&gt;</a></span><span class="message">&gt; build tools are relatively easy to deal with</span></div><div class="line" id="133118"><span class="nick" style="color:#6d2462"><a href="#133118" label="[13:31:18]">&lt;Profpatsch&gt;</a></span><span class="message">lol</span></div><div class="line" id="133152"><span class="nick" style="color:#6d2462"><a href="#133152" label="[13:31:52]">&lt;Profpatsch&gt;</a></span><span class="message">especially applied to sbt this statement is just super not right :P</span></div><div class="line" id="133241"><span class="nick" style="color:#6d2462"><a href="#133241" label="[13:32:41]">&lt;Profpatsch&gt;</a></span><span class="message">you see, sbt, is not a lowly *build tool*, sbt is a generalized frameworks that you could, in theory, implement a build tool in, among other things.</span></div><div class="line" id="133324"><span class="nick" style="color:#6d2462"><a href="#133324" label="[13:33:24]">&lt;Profpatsch&gt;</a></span><span class="message">and Scala devs who “just want a friggin build tool” haven’t understood the far-sightedness of the sbt authors</span></div><div class="line" id="133956"><span class="nick" style="color:#234e69"><a href="#133956" label="[13:39:56]">&lt;rain1&gt;</a></span><span class="message">I dont use scala but i find build tools in general provide too many bells and whistles</span></div><div class="line" id="134052"><span class="nick" style="color:#6b8072"><a href="#134052" label="[13:40:52]">&lt;pabs3&gt;</a></span><span class="message">xentrac: IIRC the scala compiler requires sbt to build</span></div><div class="line" id="134121"><span class="nick" style="color:#234e69"><a href="#134121" label="[13:41:21]">&lt;rain1&gt;</a></span><span class="message">to break bootstrap loops you sometimes have to deal with the build system</span></div><div class="line" id="134132"><span class="nick" style="color:#234e69"><a href="#134132" label="[13:41:32]">&lt;rain1&gt;</a></span><span class="message">unravelling a complex build process into a linear list of commands for example</span></div><div class="line" id="134515"><span class="nick" style="color:#8dd3c7"><a href="#134515" label="[13:45:15]">&lt;xentrac&gt;</a></span><span class="message">haha, well, I confess I haven't actually had to deal with sbt much in my life</span></div><div class="line" id="142447"><span class="nick" style="color:#6b8072"><a href="#142447" label="[14:24:47]">&lt;pabs3&gt;</a></span><span class="message">for folks who have commit access to the website, there is a broken link on this page: <a rel="nofollow" href="https://bootstrappable.org/projects/jvm-languages.html">https://bootstrappable.org/projects/jvm-languages.html</a> </span></div><div class="line" id="142457"><span class="nick" style="color:#6b8072"><a href="#142457" label="[14:24:57]">&lt;pabs3&gt;</a></span><span class="message">(the IRC channel link)</span></div><div class="line" id="142522"><span class="nick" style="color:#6b8072"><a href="#142522" label="[14:25:22]">&lt;pabs3&gt;</a></span><span class="message">also theres a typo: Kotiln</span></div><br /></div></body></html>