<!DOCTYPE html><html><head><title>IRC channel logs</title><style>html {
  background: #fdfdfd;
}

h1 {
  font-weight: 300;
}

h2 {
  font-weight: 200;
}

h3 {
  padding: .5em 0;
  border-top: 3px dotted #ddd;
  margin-bottom: 0;
}

form {
  width: 400px;
  display: flex;
}

input {
  width: 100%;
  display: flex;
  border-radius: .25em 0 0 .25em;
  border: 1px solid #aaa;
  border-right: 0;
  padding: 0.5em;
}

button {
  display: flex;
  border-radius: 0 .25em .25em 0;
  background-color: #007bff;
  border: 1px solid #007bff;
  padding: .5em;
  cursor: pointer;
  color: white;
}

button:hover {
  background-color: #0069d9;
  border-color: #0062cc;
}

a {
  color: #007bff;
  text-decoration: none;
}

a:hover {
  text-decoration: underline;
}

h4 {
  margin-bottom: .5em;
}

table td {
  padding: 0.75em;
}

table tr:hover {
  background: #eee;
}

.year {
  display: table;
}

.month {
  display: table-cell;
  padding-right: 1em;
}

ul {
  margin: 0;
  padding: 0;
  list-style: none;
}

.nick {
  padding-right: 0.6rem;
  font-weight: bold;
  text-align: right;
  width: 13rem;
  display: table-cell;
}

.nick a {
  color: inherit;
  text-decoration: none;
}

.message {
  display: table-cell;
  padding-left: 0.6rem;
  border-left: 2px solid #333;
}

.notice {
  color: #859900;
  font-style: italic;
}

.line {
  line-height: 1.8rem;
  display: table;
}

#logs {
  margin-top: 1.5rem;
  padding: 1.5rem;
}
</style></head><body><h1>IRC channel logs</h1><h2>2020-09-23.log</h2><p><a href="/bootstrappable">back to list of logs</a></p><div id="logs"><div class="line" id="041056"><span class="nick">***</span><span class="message notice">terpri_ is now known as terpri</span></div><div class="line" id="150347"><span class="nick">***</span><span class="message notice">xwvvvvwx- is now known as xwvvvvwx</span></div><div class="line" id="164338"><span class="nick">***</span><span class="message notice">ChanServ sets mode: +o rekado_</span></div><div class="line" id="164341"><span class="nick">***</span><span class="message notice">rekado_ is now known as rekado</span></div><div class="line" id="232150"><span class="nick" style="color:#8dd3c7"><a href="#232150" label="[23:21:50]">&lt;OriansJ`&gt;</a></span><span class="message">as -march=armv7-a armv7l/GAS/kaem-minimal.S -o bin/kaem.o &amp;&amp; ld -marmelf_linux_eabi bin/kaem.o -o bin/kaem &amp;&amp; ./bin/kaem foo</span></div><div class="line" id="232242"><span class="nick" style="color:#8dd3c7"><a href="#232242" label="[23:22:42]">&lt;OriansJ`&gt;</a></span><span class="message">armv7l port of kaem-minimal.S completed</span></div><br /></div></body></html>