<!DOCTYPE html><html><head><title>IRC channel logs</title><style>html {
  background: #fdfdfd;
}

h1 {
  font-weight: 300;
}

h2 {
  font-weight: 200;
}

h3 {
  padding: .5em 0;
  border-top: 3px dotted #ddd;
  margin-bottom: 0;
}

form {
  width: 400px;
  display: flex;
}

input {
  width: 100%;
  display: flex;
  border-radius: .25em 0 0 .25em;
  border: 1px solid #aaa;
  border-right: 0;
  padding: 0.5em;
}

button {
  display: flex;
  border-radius: 0 .25em .25em 0;
  background-color: #007bff;
  border: 1px solid #007bff;
  padding: .5em;
  cursor: pointer;
  color: white;
}

button:hover {
  background-color: #0069d9;
  border-color: #0062cc;
}

a {
  color: #007bff;
  text-decoration: none;
}

a:hover {
  text-decoration: underline;
}

h4 {
  margin-bottom: .5em;
}

table td {
  padding: 0.75em;
}

table tr:hover {
  background: #eee;
}

.year {
  display: table;
}

.month {
  display: table-cell;
  padding-right: 1em;
}

ul {
  margin: 0;
  padding: 0;
  list-style: none;
}

.nick {
  padding-right: 0.6rem;
  font-weight: bold;
  text-align: right;
  width: 13rem;
  display: table-cell;
}

.nick a {
  color: inherit;
  text-decoration: none;
}

.message {
  display: table-cell;
  padding-left: 0.6rem;
  border-left: 2px solid #333;
}

.notice {
  color: #859900;
  font-style: italic;
}

.line {
  line-height: 1.8rem;
  display: table;
}

#logs {
  margin-top: 1.5rem;
  padding: 1.5rem;
}
</style></head><body><h1>IRC channel logs</h1><h2>2020-04-05.log</h2><p><a href="/bootstrappable">back to list of logs</a></p><div id="logs"><div class="line" id="121543"><span class="nick">***</span><span class="message notice">opal is now known as ^^opal_</span></div><div class="line" id="154800"><span class="nick">***</span><span class="message notice">^^opal_ is now known as opal</span></div><div class="line" id="164141"><span class="nick">***</span><span class="message notice">ChanServ sets mode: +o rekado_</span></div><div class="line" id="164146"><span class="nick">***</span><span class="message notice">rekado_ is now known as rekado</span></div><div class="line" id="194630"><span class="nick" style="color:#8dd3c7"><a href="#194630" label="[19:46:30]">&lt;markjenkinsznc&gt;</a></span><span class="message">Hi OriansJ and others, today I finally got back to work on a knight disassembler in python3 that will work with different string padding</span></div><div class="line" id="194850"><span class="nick" style="color:#8dd3c7"><a href="#194850" label="[19:48:50]">&lt;markjenkinsznc&gt;</a></span><span class="message">disasm.py in my disasm_py-wip branch now does string decoding for the old knight binaries where strings are padded to 4 byte length, is coded such that I can get it to support the newer format of one null easy (and have it as an option)</span></div><div class="line" id="194942"><span class="nick" style="color:#8dd3c7"><a href="#194942" label="[19:49:42]">&lt;markjenkinsznc&gt;</a></span><span class="message">that's all for now, promised this for 2 or 3 weeks ago but &quot;pandemic&quot;</span></div><br /></div></body></html>