<!DOCTYPE html><html><head><title>IRC channel logs</title><style>html {
  background: #fdfdfd;
}

h1 {
  font-weight: 300;
}

h2 {
  font-weight: 200;
}

h3 {
  padding: .5em 0;
  border-top: 3px dotted #ddd;
  margin-bottom: 0;
}

form {
  width: 400px;
  display: flex;
}

input {
  width: 100%;
  display: flex;
  border-radius: .25em 0 0 .25em;
  border: 1px solid #aaa;
  border-right: 0;
  padding: 0.5em;
}

button {
  display: flex;
  border-radius: 0 .25em .25em 0;
  background-color: #007bff;
  border: 1px solid #007bff;
  padding: .5em;
  cursor: pointer;
  color: white;
}

button:hover {
  background-color: #0069d9;
  border-color: #0062cc;
}

a {
  color: #007bff;
  text-decoration: none;
}

a:hover {
  text-decoration: underline;
}

h4 {
  margin-bottom: .5em;
}

table td {
  padding: 0.75em;
}

table tr:hover {
  background: #eee;
}

.year {
  display: table;
}

.month {
  display: table-cell;
  padding-right: 1em;
}

ul {
  margin: 0;
  padding: 0;
  list-style: none;
}

.nick {
  padding-right: 0.6rem;
  font-weight: bold;
  text-align: right;
  width: 13rem;
  display: table-cell;
}

.nick a {
  color: inherit;
  text-decoration: none;
}

.message {
  display: table-cell;
  padding-left: 0.6rem;
  border-left: 2px solid #333;
}

.notice {
  color: #859900;
  font-style: italic;
}

.line {
  line-height: 1.8rem;
  display: table;
}

#logs {
  margin-top: 1.5rem;
  padding: 1.5rem;
}
</style></head><body><h1>IRC channel logs</h1><h2>2020-07-03.log</h2><p><a href="/bootstrappable">back to list of logs</a></p><div id="logs"><div class="line" id="010524"><span class="nick">***</span><span class="message notice">terpri__ is now known as terpri</span></div><div class="line" id="105244"><span class="nick">***</span><span class="message notice">nikita_ is now known as nikita</span></div><div class="line" id="105314"><span class="nick">***</span><span class="message notice">nikita is now known as Guest25669</span></div><div class="line" id="135725"><span class="nick">***</span><span class="message notice">Guest25669 is now known as nikita</span></div><div class="line" id="140047"><span class="nick">***</span><span class="message notice">Guest6133 is now known as nikita`</span></div><div class="line" id="171722"><span class="nick">***</span><span class="message notice">Server sets mode: +cnt </span></div><div class="line" id="183240"><span class="nick">***</span><span class="message notice">nckx is now known as ProboskissesXOXO</span></div><div class="line" id="184052"><span class="nick">***</span><span class="message notice">ProboskissesXOXO is now known as nck</span></div><div class="line" id="184053"><span class="nick">***</span><span class="message notice">nck is now known as nckx</span></div><div class="line" id="191334"><span class="nick">***</span><span class="message notice">terpri_ is now known as terpri</span></div><br /></div></body></html>