<!DOCTYPE html><html><head><title>IRC channel logs</title><style>html {
  background: #fdfdfd;
}

h1 {
  font-weight: 300;
}

h2 {
  font-weight: 200;
}

h3 {
  padding: .5em 0;
  border-top: 3px dotted #ddd;
  margin-bottom: 0;
}

form {
  width: 400px;
  display: flex;
}

input {
  width: 100%;
  display: flex;
  border-radius: .25em 0 0 .25em;
  border: 1px solid #aaa;
  border-right: 0;
  padding: 0.5em;
}

button {
  display: flex;
  border-radius: 0 .25em .25em 0;
  background-color: #007bff;
  border: 1px solid #007bff;
  padding: .5em;
  cursor: pointer;
  color: white;
}

button:hover {
  background-color: #0069d9;
  border-color: #0062cc;
}

a {
  color: #007bff;
  text-decoration: none;
}

a:hover {
  text-decoration: underline;
}

h4 {
  margin-bottom: .5em;
}

table td {
  padding: 0.75em;
}

table tr:hover {
  background: #eee;
}

.year {
  display: table;
}

.month {
  display: table-cell;
  padding-right: 1em;
}

ul {
  margin: 0;
  padding: 0;
  list-style: none;
}

.nick {
  padding-right: 0.6rem;
  font-weight: bold;
  text-align: right;
  width: 13rem;
  display: table-cell;
}

.nick a {
  color: inherit;
  text-decoration: none;
}

.message {
  display: table-cell;
  padding-left: 0.6rem;
  border-left: 2px solid #333;
}

.notice {
  color: #859900;
  font-style: italic;
}

.line {
  line-height: 1.8rem;
  display: table;
}

#logs {
  margin-top: 1.5rem;
  padding: 1.5rem;
}
</style></head><body><h1>IRC channel logs</h1><h2>2020-05-12.log</h2><p><a href="/bootstrappable">back to list of logs</a></p><div id="logs"><div class="line" id="020741"><span class="nick" style="color:#8dd3c7"><a href="#020741" label="[02:07:41]">&lt;OriansJ`&gt;</a></span><span class="message">pabs3: all build tools boil down to a series of commands being executed in an exact order. Although some tools make it hard to figure them out, once figured out it becomes trivial to implement in any arbitrary build system or just a plain shell script.</span></div><div class="line" id="025007"><span class="nick" style="color:#2e2a4a"><a href="#025007" label="[02:50:07]">&lt;xentrac&gt;</a></span><span class="message">you could imagine a build system with a higher-bandwidth interface to a compiler than a command line</span></div><div class="line" id="025022"><span class="nick" style="color:#2e2a4a"><a href="#025022" label="[02:50:22]">&lt;xentrac&gt;</a></span><span class="message">I don't know if sbt is that system</span></div><div class="line" id="152329"><span class="nick">***</span><span class="message notice">ChanServ sets mode: +o rekado</span></div><br /></div></body></html>