<!DOCTYPE html><html><head><title>IRC channel logs</title><style>html {
  background: #fdfdfd;
}

h1 {
  font-weight: 300;
}

h2 {
  font-weight: 200;
}

h3 {
  padding: .5em 0;
  border-top: 3px dotted #ddd;
  margin-bottom: 0;
}

form {
  width: 400px;
  display: flex;
}

input {
  width: 100%;
  display: flex;
  border-radius: .25em 0 0 .25em;
  border: 1px solid #aaa;
  border-right: 0;
  padding: 0.5em;
}

button {
  display: flex;
  border-radius: 0 .25em .25em 0;
  background-color: #007bff;
  border: 1px solid #007bff;
  padding: .5em;
  cursor: pointer;
  color: white;
}

button:hover {
  background-color: #0069d9;
  border-color: #0062cc;
}

a {
  color: #007bff;
  text-decoration: none;
}

a:hover {
  text-decoration: underline;
}

h4 {
  margin-bottom: .5em;
}

table td {
  padding: 0.75em;
}

table tr:hover {
  background: #eee;
}

.year {
  display: table;
}

.month {
  display: table-cell;
  padding-right: 1em;
}

ul {
  margin: 0;
  padding: 0;
  list-style: none;
}

.nick {
  padding-right: 0.6rem;
  font-weight: bold;
  text-align: right;
  width: 13rem;
  display: table-cell;
}

.nick a {
  color: inherit;
  text-decoration: none;
}

.message {
  display: table-cell;
  padding-left: 0.6rem;
  border-left: 2px solid #333;
}

.notice {
  color: #859900;
  font-style: italic;
}

.line {
  line-height: 1.8rem;
  display: table;
}

#logs {
  margin-top: 1.5rem;
  padding: 1.5rem;
}
</style></head><body><h1>IRC channel logs</h1><h2>2020-12-25.log</h2><p><a href="/bootstrappable">back to list of logs</a></p><div id="logs"><div class="line" id="030249"><span class="nick" style="color:#8dd3c7"><a href="#030249" label="[03:02:49]">*</a></span><span class="message">siraben uploaded an image: Screen Shot 2020-12-25 at 09.02.25.png (146KiB) &lt; <a rel="nofollow" href="https://matrix.org/_matrix/media/r0/download/matrix.org/mvqXJqOHHVbEcswEGjcbmmsJ/Screen">https://matrix.org/_matrix/media/r0/download/matrix.org/mvqXJqOHHVbEcswEGjcbmmsJ/Screen</a>  Shot 2020-12-25 at 09.02.25.png &gt;</span></div><div class="line" id="030256"><span class="nick" style="color:#2e2a4a"><a href="#030256" label="[03:02:56]">&lt;siraben&gt;</a></span><span class="message">this can't solely be CI cloning siraben/compiler, hm.</span></div><div class="line" id="030409"><span class="nick" style="color:#2e2a4a"><a href="#030409" label="[03:04:09]">&lt;siraben&gt;</a></span><span class="message">OriansJ: I opened a PR which checks that precisely can compile a simple hello world program with GCC</span></div><div class="line" id="033823"><span class="nick" style="color:#2e2a4a"><a href="#033823" label="[03:38:23]">&lt;siraben&gt;</a></span><span class="message">I'm trying to build blynn-compiler on virtualized x86_64 linux on macOS, but get an exec format error: <a rel="nofollow" href="http://ix.io/2Js6">http://ix.io/2Js6</a> </span></div><div class="line" id="042944"><span class="nick" style="color:#6b8072"><a href="#042944" label="[04:29:44]">&lt;fossy&gt;</a></span><span class="message">siraben: how is it vertialized</span></div><div class="line" id="043018"><span class="nick" style="color:#6b8072"><a href="#043018" label="[04:30:18]">&lt;fossy&gt;</a></span><span class="message">output of file bin/pack_blobs and ldd bin/pack_blobs</span></div><div class="line" id="043140"><span class="nick" style="color:#2e2a4a"><a href="#043140" label="[04:31:40]">&lt;siraben&gt;</a></span><span class="message">fossy: <a rel="nofollow" href="https://github.com/nix-community/linuxkit-nix">https://github.com/nix-community/linuxkit-nix</a> </span></div><div class="line" id="043150"><span class="nick" style="color:#2e2a4a"><a href="#043150" label="[04:31:50]">&lt;siraben&gt;</a></span><span class="message">&quot;native virtualization (Hypervisor.Framework)&quot;</span></div><div class="line" id="043203"><span class="nick" style="color:#2e2a4a"><a href="#043203" label="[04:32:03]">&lt;siraben&gt;</a></span><span class="message">maybe it can't run i686 executables?</span></div><div class="line" id="051335"><span class="nick" style="color:#6b8072"><a href="#051335" label="[05:13:35]">&lt;fossy&gt;</a></span><span class="message">sounds likely</span></div><div class="line" id="051348"><span class="nick" style="color:#6b8072"><a href="#051348" label="[05:13:48]">&lt;fossy&gt;</a></span><span class="message">if theres no linux kernel macos no longer supports 32bit</span></div><div class="line" id="052125"><span class="nick" style="color:#2e2a4a"><a href="#052125" label="[05:21:25]">&lt;siraben&gt;</a></span><span class="message">hm, any chance to use qemu instead?</span></div><div class="line" id="052835"><span class="nick" style="color:#6b8072"><a href="#052835" label="[05:28:35]">&lt;fossy&gt;</a></span><span class="message">yes?</span></div><div class="line" id="080133"><span class="nick" style="color:#2e2a4a"><a href="#080133" label="[08:01:33]">&lt;siraben&gt;</a></span><span class="message">i'll look into that</span></div><div class="line" id="083728"><span class="nick" style="color:#2e2a4a"><a href="#083728" label="[08:37:28]">&lt;siraben&gt;</a></span><span class="message">I am unable to build blynn-compiler using M2-Planet from mescc-tools-seed</span></div><div class="line" id="104525"><span class="nick" style="color:#6b8072"><a href="#104525" label="[10:45:25]">&lt;fossy&gt;</a></span><span class="message">siraben: I am able to</span></div><div class="line" id="104532"><span class="nick" style="color:#6b8072"><a href="#104532" label="[10:45:32]">&lt;fossy&gt;</a></span><span class="message">what is your error</span></div><div class="line" id="104558"><span class="nick" style="color:#2e2a4a"><a href="#104558" label="[10:45:58]">&lt;siraben&gt;</a></span><span class="message">fossy: <a rel="nofollow" href="https://github.com/siraben/compiler/runs/1607287855">https://github.com/siraben/compiler/runs/1607287855</a> </span></div><div class="line" id="104612"><span class="nick" style="color:#2e2a4a"><a href="#104612" label="[10:46:12]">&lt;siraben&gt;</a></span><span class="message">merry christmas to all ❄️</span></div><div class="line" id="104835"><span class="nick" style="color:#2e2a4a"><a href="#104835" label="[10:48:35]">&lt;siraben&gt;</a></span><span class="message">I have exactly the same error as the CI</span></div><div class="line" id="110358"><span class="nick" style="color:#6b8072"><a href="#110358" label="[11:03:58]">&lt;fossy&gt;</a></span><span class="message">odd</span></div><div class="line" id="160533"><span class="nick" style="color:#80b1d3"><a href="#160533" label="[16:05:33]">&lt;pder&gt;</a></span><span class="message">siraben: I looked at that look and don't understand where the &quot;shrinking RPATHS of ELF executables&quot; and &quot;patching script interpreter&quot; paths is coming from.  Can you try eliminating those steps so the binaries are not modified?</span></div><div class="line" id="160555"><span class="nick" style="color:#80b1d3"><a href="#160555" label="[16:05:55]">&lt;pder&gt;</a></span><span class="message">s/look/log/</span></div><div class="line" id="160802"><span class="nick" style="color:#2e2a4a"><a href="#160802" label="[16:08:02]">&lt;siraben&gt;</a></span><span class="message">pder: ok, that's from Nix</span></div><div class="line" id="160829"><span class="nick" style="color:#2e2a4a"><a href="#160829" label="[16:08:29]">&lt;siraben&gt;</a></span><span class="message">patching script interpreter is harmless, it just rewrites the shebang at the top of go.sh to point into the nix store</span></div><div class="line" id="161026"><span class="nick" style="color:#80b1d3"><a href="#161026" label="[16:10:26]">&lt;pder&gt;</a></span><span class="message"> <a rel="nofollow" href="https://paste.debian.net/1178287/">https://paste.debian.net/1178287/</a> </span></div><div class="line" id="161123"><span class="nick" style="color:#80b1d3"><a href="#161123" label="[16:11:23]">&lt;pder&gt;</a></span><span class="message">Verify the checksums of your binaries in mescc-tools-seed/bin.  Mine are posted in that link</span></div><br /></div></body></html>