<!DOCTYPE html><html><head><title>IRC channel logs</title><style>html {
  background: #fdfdfd;
}

h1 {
  font-weight: 300;
}

h2 {
  font-weight: 200;
}

h3 {
  padding: .5em 0;
  border-top: 3px dotted #ddd;
  margin-bottom: 0;
}

form {
  width: 400px;
  display: flex;
}

input {
  width: 100%;
  display: flex;
  border-radius: .25em 0 0 .25em;
  border: 1px solid #aaa;
  border-right: 0;
  padding: 0.5em;
}

button {
  display: flex;
  border-radius: 0 .25em .25em 0;
  background-color: #007bff;
  border: 1px solid #007bff;
  padding: .5em;
  cursor: pointer;
  color: white;
}

button:hover {
  background-color: #0069d9;
  border-color: #0062cc;
}

a {
  color: #007bff;
  text-decoration: none;
}

a:hover {
  text-decoration: underline;
}

h4 {
  margin-bottom: .5em;
}

table td {
  padding: 0.75em;
}

table tr:hover {
  background: #eee;
}

.year {
  display: table;
}

.month {
  display: table-cell;
  padding-right: 1em;
}

ul {
  margin: 0;
  padding: 0;
  list-style: none;
}

.nick {
  padding-right: 0.6rem;
  font-weight: bold;
  text-align: right;
  width: 13rem;
  display: table-cell;
}

.nick a {
  color: inherit;
  text-decoration: none;
}

.message {
  display: table-cell;
  padding-left: 0.6rem;
  border-left: 2px solid #333;
}

.notice {
  color: #859900;
  font-style: italic;
}

.line {
  line-height: 1.8rem;
  display: table;
}

#logs {
  margin-top: 1.5rem;
  padding: 1.5rem;
}
</style></head><body><h1>IRC channel logs</h1><h2>2020-02-27.log</h2><p><a href="/bootstrappable">back to list of logs</a></p><div id="logs"><div class="line" id="000359"><span class="nick" style="color:#389600"><a href="#000359" label="[00:03:59]">&lt;OriansJ`&gt;</a></span><span class="message">dongcarl: yes we saw it after M2-Planet was bootstrapped from cc_x86; we noted it doesn't support structs, gotos or inline assembly. Not to mention it deviates from C such that one couldn't universally develop with GCC and expect matching behavior.</span></div><div class="line" id="000438"><span class="nick" style="color:#389600"><a href="#000438" label="[00:04:38]">&lt;OriansJ`&gt;</a></span><span class="message"> <a rel="nofollow" href="https://github.com/cksystemsteaching/selfie/blob/master/grammar.md">https://github.com/cksystemsteaching/selfie/blob/master/grammar.md</a> </span></div><div class="line" id="000600"><span class="nick" style="color:#389600"><a href="#000600" label="[00:06:00]">&lt;OriansJ`&gt;</a></span><span class="message">It lacks chars, arrays, for loops, do while loops and boolean operators (logical or bitwise)</span></div><div class="line" id="000706"><span class="nick" style="color:#389600"><a href="#000706" label="[00:07:06]">&lt;OriansJ`&gt;</a></span><span class="message">It doesn't support non-printable characters in strings, hex/octal/binary numbers</span></div><div class="line" id="000913"><span class="nick" style="color:#389600"><a href="#000913" label="[00:09:13]">&lt;OriansJ`&gt;</a></span><span class="message">It also doesn't support '\'' or '\anything' or any &quot;\thing&quot; strings</span></div><div class="line" id="001049"><span class="nick" style="color:#389600"><a href="#001049" label="[00:10:49]">&lt;OriansJ`&gt;</a></span><span class="message">M2-Planet is 2,339sloc and self.c is 12,799sloc</span></div><div class="line" id="001625"><span class="nick" style="color:#2e2a4a"><a href="#001625" label="[00:16:25]">&lt;fossy&gt;</a></span><span class="message">wtf</span></div><div class="line" id="001638"><span class="nick" style="color:#2e2a4a"><a href="#001638" label="[00:16:38]">&lt;fossy&gt;</a></span><span class="message">how</span></div><div class="line" id="001650"><span class="nick" style="color:#389600"><a href="#001650" label="[00:16:50]">&lt;OriansJ`&gt;</a></span><span class="message">fossy: ?</span></div><div class="line" id="001658"><span class="nick" style="color:#2e2a4a"><a href="#001658" label="[00:16:58]">&lt;fossy&gt;</a></span><span class="message">how is it so much bigger</span></div><div class="line" id="001707"><span class="nick" style="color:#2e2a4a"><a href="#001707" label="[00:17:07]">&lt;fossy&gt;</a></span><span class="message">if it has so much less features</span></div><div class="line" id="001845"><span class="nick" style="color:#389600"><a href="#001845" label="[00:18:45]">&lt;OriansJ`&gt;</a></span><span class="message">well it contains a hypervisor ( like the knight vm does in 5,536sloc) and a disassembler (like knight does in 1,458sloc) and a handful of other features</span></div><div class="line" id="001949"><span class="nick" style="color:#389600"><a href="#001949" label="[00:19:49]">&lt;OriansJ`&gt;</a></span><span class="message">It also contains a simple SAT solver</span></div><div class="line" id="002008"><span class="nick" style="color:#389600"><a href="#002008" label="[00:20:08]">&lt;OriansJ`&gt;</a></span><span class="message">and a handful of optimizations</span></div><div class="line" id="002138"><span class="nick" style="color:#389600"><a href="#002138" label="[00:21:38]">&lt;OriansJ`&gt;</a></span><span class="message">also note it is the product of 1,327 commits with 28 contributors</span></div><div class="line" id="002645"><span class="nick" style="color:#389600"><a href="#002645" label="[00:26:45]">&lt;OriansJ`&gt;</a></span><span class="message">Its secton on installing selfie <a rel="nofollow" href="https://github.com/cksystemsteaching/selfie">https://github.com/cksystemsteaching/selfie</a> </span></div><div class="line" id="002707"><span class="nick" style="color:#389600"><a href="#002707" label="[00:27:07]">&lt;OriansJ`&gt;</a></span><span class="message">Its step 1 is literally: download and install docker</span></div><div class="line" id="002734"><span class="nick" style="color:#389600"><a href="#002734" label="[00:27:34]">&lt;OriansJ`&gt;</a></span><span class="message">Step 2 is download a binary blob</span></div><div class="line" id="002804"><span class="nick" style="color:#389600"><a href="#002804" label="[00:28:04]">&lt;OriansJ`&gt;</a></span><span class="message">Step 3 involves having to create an online account with them</span></div><div class="line" id="112333"><span class="nick">***</span><span class="message notice">ChanServ sets mode: +o rekado_</span></div><div class="line" id="190301"><span class="nick" style="color:#6b8072"><a href="#190301" label="[19:03:01]">&lt;NieDzejkob&gt;</a></span><span class="message">OriansJ`: these are not steps, but alternatives</span></div><br /></div></body></html>