<!DOCTYPE html><html><head><title>IRC channel logs</title><style>html {
  background: #fdfdfd;
}

h1 {
  font-weight: 300;
}

h2 {
  font-weight: 200;
}

h3 {
  padding: .5em 0;
  border-top: 3px dotted #ddd;
  margin-bottom: 0;
}

form {
  width: 400px;
  display: flex;
}

input {
  width: 100%;
  display: flex;
  border-radius: .25em 0 0 .25em;
  border: 1px solid #aaa;
  border-right: 0;
  padding: 0.5em;
}

button {
  display: flex;
  border-radius: 0 .25em .25em 0;
  background-color: #007bff;
  border: 1px solid #007bff;
  padding: .5em;
  cursor: pointer;
  color: white;
}

button:hover {
  background-color: #0069d9;
  border-color: #0062cc;
}

a {
  color: #007bff;
  text-decoration: none;
}

a:hover {
  text-decoration: underline;
}

h4 {
  margin-bottom: .5em;
}

table td {
  padding: 0.75em;
}

table tr:hover {
  background: #eee;
}

.year {
  display: table;
}

.month {
  display: table-cell;
  padding-right: 1em;
}

ul {
  margin: 0;
  padding: 0;
  list-style: none;
}

.nick {
  padding-right: 0.6rem;
  font-weight: bold;
  text-align: right;
  width: 13rem;
  display: table-cell;
}

.nick a {
  color: inherit;
  text-decoration: none;
}

.message {
  display: table-cell;
  padding-left: 0.6rem;
  border-left: 2px solid #333;
}

.notice {
  color: #859900;
  font-style: italic;
}

.line {
  line-height: 1.8rem;
  display: table;
}

#logs {
  margin-top: 1.5rem;
  padding: 1.5rem;
}
</style></head><body><h1>IRC channel logs</h1><h2>2020-09-01.log</h2><p><a href="/bootstrappable">back to list of logs</a></p><div id="logs"><div class="line" id="000534"><span class="nick">***</span><span class="message notice">christianbundy is now known as 18VABI8KZ</span></div><div class="line" id="001405"><span class="nick">***</span><span class="message notice">18VABI8KZ is now known as christianbundy</span></div><div class="line" id="011847"><span class="nick">***</span><span class="message notice">luizhenrique is now known as LHLaurini</span></div><div class="line" id="171903"><span class="nick" style="color:#8dd3c7"><a href="#171903" label="[17:19:03]">&lt;dannym&gt;</a></span><span class="message">janneke: How do I use build-32.sh to build tinycc using mescc ?</span></div><div class="line" id="171911"><span class="nick" style="color:#8dd3c7"><a href="#171911" label="[17:19:11]">&lt;dannym&gt;</a></span><span class="message">Or how do I build tinycc using mescc at all ?</span></div><div class="line" id="182645"><span class="nick" style="color:#2e2a4a"><a href="#182645" label="[18:26:45]">&lt;stikonas&gt;</a></span><span class="message">dannym: well, guix recipe shows how to build tinycc using mescc...</span></div><div class="line" id="182659"><span class="nick" style="color:#2e2a4a"><a href="#182659" label="[18:26:59]">&lt;stikonas&gt;</a></span><span class="message">although, it might not look too easy</span></div><div class="line" id="182836"><span class="nick" style="color:#2e2a4a"><a href="#182836" label="[18:28:36]">&lt;stikonas&gt;</a></span><span class="message">dannym: <a rel="nofollow" href="https://git.savannah.gnu.org/cgit/guix.git/tree/gnu/packages/commencement.scm#n455">https://git.savannah.gnu.org/cgit/guix.git/tree/gnu/packages/commencement.scm#n455</a> </span></div><br /></div></body></html>