<!DOCTYPE html><html><head><title>IRC channel logs</title><style>html {
  background: #fdfdfd;
}

h1 {
  font-weight: 300;
}

h2 {
  font-weight: 200;
}

h3 {
  padding: .5em 0;
  border-top: 3px dotted #ddd;
  margin-bottom: 0;
}

form {
  width: 400px;
  display: flex;
}

input {
  width: 100%;
  display: flex;
  border-radius: .25em 0 0 .25em;
  border: 1px solid #aaa;
  border-right: 0;
  padding: 0.5em;
}

button {
  display: flex;
  border-radius: 0 .25em .25em 0;
  background-color: #007bff;
  border: 1px solid #007bff;
  padding: .5em;
  cursor: pointer;
  color: white;
}

button:hover {
  background-color: #0069d9;
  border-color: #0062cc;
}

a {
  color: #007bff;
  text-decoration: none;
}

a:hover {
  text-decoration: underline;
}

h4 {
  margin-bottom: .5em;
}

table td {
  padding: 0.75em;
}

table tr:hover {
  background: #eee;
}

.year {
  display: table;
}

.month {
  display: table-cell;
  padding-right: 1em;
}

ul {
  margin: 0;
  padding: 0;
  list-style: none;
}

.nick {
  padding-right: 0.6rem;
  font-weight: bold;
  text-align: right;
  width: 13rem;
  display: table-cell;
}

.nick a {
  color: inherit;
  text-decoration: none;
}

.message {
  display: table-cell;
  padding-left: 0.6rem;
  border-left: 2px solid #333;
}

.notice {
  color: #859900;
  font-style: italic;
}

.line {
  line-height: 1.8rem;
  display: table;
}

#logs {
  margin-top: 1.5rem;
  padding: 1.5rem;
}
</style></head><body><h1>IRC channel logs</h1><h2>2020-12-31.log</h2><p><a href="/bootstrappable">back to list of logs</a></p><div id="logs"><div class="line" id="000025"><span class="nick" style="color:#389600"><a href="#000025" label="[00:00:25]">&lt;OriansJ&gt;</a></span><span class="message">senzilla: if you think that will be fun; go for it.</span></div><div class="line" id="000138"><span class="nick" style="color:#8dd3c7"><a href="#000138" label="[00:01:38]">&lt;senzilla&gt;</a></span><span class="message">Boatloads of fun I think :)</span></div><div class="line" id="012356"><span class="nick" style="color:#389600"><a href="#012356" label="[01:23:56]">&lt;OriansJ&gt;</a></span><span class="message">oh thank god. I finally got guix v.1.2.0 to finally successfully complete guix pull</span></div><div class="line" id="012635"><span class="nick" style="color:#6b8072"><a href="#012635" label="[01:26:35]">&lt;xentrac&gt;</a></span><span class="message">congratulations!</span></div><div class="line" id="012937"><span class="nick" style="color:#389600"><a href="#012937" label="[01:29:37]">&lt;OriansJ&gt;</a></span><span class="message">here is the ugly solution: <a rel="nofollow" href="https://paste.debian.net/1179103/">https://paste.debian.net/1179103/</a> </span></div><div class="line" id="013123"><span class="nick" style="color:#80b1d3"><a href="#013123" label="[01:31:23]">&lt;yt_&gt;</a></span><span class="message">OriansJ: that's horrifying</span></div><div class="line" id="014831"><span class="nick" style="color:#389600"><a href="#014831" label="[01:48:31]">&lt;OriansJ&gt;</a></span><span class="message">yt: what is even worse is when I tried to just build gnutls-3.6.12; it just kept building gnutls-3.6.14; which is utterly useless in getting guix pull to work as it needs exactly a very specific build of gnutls-3.6.12 to work.</span></div><div class="line" id="015040"><span class="nick" style="color:#389600"><a href="#015040" label="[01:50:40]">&lt;OriansJ&gt;</a></span><span class="message">hence why I waited a month; hoping someone else might do the work required but looks like nope.</span></div><div class="line" id="024820"><span class="nick" style="color:#6d2462"><a href="#024820" label="[02:48:20]">&lt;fossy&gt;</a></span><span class="message">janneke: i'm trying out wip-m2, but the resulting binary mes is segaulting. i'm going to try an older version of m2-planet, which commit hash exactly did you use? (1.4.0 fails to compile because of no long)</span></div><div class="line" id="031136"><span class="nick" style="color:#234e69"><a href="#031136" label="[03:11:36]">&lt;vagrantc&gt;</a></span><span class="message">OriansJ: you had to adjust your clock to even be able to time travel, nice!</span></div><div class="line" id="041037"><span class="nick" style="color:#389600"><a href="#041037" label="[04:10:37]">&lt;OriansJ&gt;</a></span><span class="message">vagrantc: well the cert expired and guix doesn't fake the time</span></div><div class="line" id="041253"><span class="nick" style="color:#389600"><a href="#041253" label="[04:12:53]">&lt;OriansJ&gt;</a></span><span class="message">fossy: adding long support is a single line diff</span></div><div class="line" id="041410"><span class="nick" style="color:#6c3d55"><a href="#041410" label="[04:14:10]">&lt;plasma41&gt;</a></span><span class="message">oriansj: Wait, what's the issue? That solution looks gnarly.</span></div><div class="line" id="041651"><span class="nick" style="color:#389600"><a href="#041651" label="[04:16:51]">&lt;OriansJ&gt;</a></span><span class="message">(correction a 6 line change) <a rel="nofollow" href="https://paste.debian.net/1179110/">https://paste.debian.net/1179110/</a> </span></div><div class="line" id="041810"><span class="nick" style="color:#389600"><a href="#041810" label="[04:18:10]">&lt;OriansJ&gt;</a></span><span class="message">plasma41: guix depends on gnutls-3.6.12 to be built but that version of gnutls includes a cert that expired in october of this year and thus the test will always fail</span></div><div class="line" id="041914"><span class="nick" style="color:#389600"><a href="#041914" label="[04:19:14]">&lt;OriansJ&gt;</a></span><span class="message">as one can not disable tests and get the same guix path; you have to do the ugly time change to get it to successfully build again.</span></div><div class="line" id="042022"><span class="nick" style="color:#6c3d55"><a href="#042022" label="[04:20:22]">&lt;plasma41&gt;</a></span><span class="message">Ouch.</span></div><div class="line" id="042127"><span class="nick" style="color:#389600"><a href="#042127" label="[04:21:27]">&lt;OriansJ&gt;</a></span><span class="message">now that means guix v1.2.0 was released broken for those who don't enable substitutes (like me) and stayed broken until I figured out the solution to getting guix to build from source again.</span></div><div class="line" id="042213"><span class="nick" style="color:#6c3d55"><a href="#042213" label="[04:22:13]">&lt;plasma41&gt;</a></span><span class="message">So guix should start adding a date and time to package inputs going forward? O_o</span></div><div class="line" id="042301"><span class="nick" style="color:#389600"><a href="#042301" label="[04:23:01]">&lt;OriansJ&gt;</a></span><span class="message">plasma41: no but if they simply include qemu build isolation;; then these sorts of bugs simply vanish</span></div><div class="line" id="042321"><span class="nick" style="color:#389600"><a href="#042321" label="[04:23:21]">&lt;OriansJ&gt;</a></span><span class="message">as qemu allows one to arbitrary set time</span></div><div class="line" id="042400"><span class="nick" style="color:#389600"><a href="#042400" label="[04:24:00]">&lt;OriansJ&gt;</a></span><span class="message">specifically -rtc [base=utc|localtime|date][,clock=host|vm][,driftfix=none|slew]</span></div><div class="line" id="042623"><span class="nick" style="color:#234e69"><a href="#042623" label="[04:26:23]">&lt;vagrantc&gt;</a></span><span class="message">OriansJ: yes, i recall the issue. good job with a workaround :)</span></div><div class="line" id="042724"><span class="nick" style="color:#389600"><a href="#042724" label="[04:27:24]">&lt;OriansJ&gt;</a></span><span class="message">and I emailed in the fix as well as posting on #guix so hopefully other people can also begin able to challenging the guix builds</span></div><div class="line" id="042738"><span class="nick" style="color:#6c3d55"><a href="#042738" label="[04:27:38]">&lt;plasma41&gt;</a></span><span class="message">Should this workaround get built into guix time-machine somehow?</span></div><div class="line" id="042922"><span class="nick" style="color:#389600"><a href="#042922" label="[04:29:22]">&lt;OriansJ&gt;</a></span><span class="message">plasma41: that is for guix developers to choose but if I had to guess. probably a hard no as they have better solutions available that don't take systems offline for hours.</span></div><div class="line" id="071428"><span class="nick" style="color:#d9d9d9"><a href="#071428" label="[07:14:28]">&lt;janneke&gt;</a></span><span class="message">fossy: what version of guix are you on?</span></div><div class="line" id="071530"><span class="nick" style="color:#d9d9d9"><a href="#071530" label="[07:15:30]">&lt;janneke&gt;</a></span><span class="message">fossy: on wip-m2 [ 1f56ef6c339c9d82052730d82c1401dcfc25d0b5, do:</span></div><div class="line" id="071534"><span class="nick" style="color:#d9d9d9"><a href="#071534" label="[07:15:34]">&lt;janneke&gt;</a></span><span class="message">guix environment -l guix.scm --pure</span></div><div class="line" id="071539"><span class="nick" style="color:#d9d9d9"><a href="#071539" label="[07:15:39]">&lt;janneke&gt;</a></span><span class="message">CC=i686-unknown-linux-gnu-gcc ./configure</span></div><div class="line" id="071613"><span class="nick" style="color:#d9d9d9"><a href="#071613" label="[07:16:13]">&lt;janneke&gt;</a></span><span class="message">kaem --verbose --strict</span></div><div class="line" id="072204"><span class="nick" style="color:#d9d9d9"><a href="#072204" label="[07:22:04]">&lt;janneke&gt;</a></span><span class="message">the exact are defined in guix/git/mes.scm</span></div><div class="line" id="072420"><span class="nick" style="color:#6d2462"><a href="#072420" label="[07:24:20]">&lt;fossy&gt;</a></span><span class="message">janneke: i am not on guix</span></div><div class="line" id="072434"><span class="nick" style="color:#6d2462"><a href="#072434" label="[07:24:34]">&lt;fossy&gt;</a></span><span class="message">well, not guixsd</span></div><div class="line" id="072443"><span class="nick" style="color:#6d2462"><a href="#072443" label="[07:24:43]">&lt;fossy&gt;</a></span><span class="message">i have guix installed</span></div><div class="line" id="072444"><span class="nick" style="color:#6d2462"><a href="#072444" label="[07:24:44]">&lt;fossy&gt;</a></span><span class="message">i think</span></div><div class="line" id="072841"><span class="nick" style="color:#d9d9d9"><a href="#072841" label="[07:28:41]">&lt;janneke&gt;</a></span><span class="message">ah, ok</span></div><div class="line" id="072912"><span class="nick" style="color:#6d2462"><a href="#072912" label="[07:29:12]">&lt;fossy&gt;</a></span><span class="message">i'll try your commands anyway :)</span></div><div class="line" id="072916"><span class="nick" style="color:#6d2462"><a href="#072916" label="[07:29:16]">&lt;fossy&gt;</a></span><span class="message">they should work</span></div><div class="line" id="072931"><span class="nick" style="color:#d9d9d9"><a href="#072931" label="[07:29:31]">&lt;janneke&gt;</a></span><span class="message">without guix (or nix) to manage dependencies properly, computing always stays a big roulette</span></div><div class="line" id="072947"><span class="nick" style="color:#d9d9d9"><a href="#072947" label="[07:29:47]">&lt;janneke&gt;</a></span><span class="message">&quot;it may just work, you never know&quot;</span></div><div class="line" id="073048"><span class="nick" style="color:#d9d9d9"><a href="#073048" label="[07:30:48]">&lt;janneke&gt;</a></span><span class="message">of course, we have seen a kernel dependency once or twice here ;)</span></div><div class="line" id="090300"><span class="nick" style="color:#d9d9d9"><a href="#090300" label="[09:03:00]">&lt;janneke&gt;</a></span><span class="message">fossy: that's mescc-tools-1.1.0 and m2-planet-1.7.0</span></div><div class="line" id="090446"><span class="nick" style="color:#d9d9d9"><a href="#090446" label="[09:04:46]">&lt;janneke&gt;</a></span><span class="message">although m2-planet identifies as 1.5.0</span></div><div class="line" id="090835"><span class="nick" style="color:#234e69"><a href="#090835" label="[09:08:35]">&lt;vagrantc&gt;</a></span><span class="message">oh, new upstream mescc-tools ... i can finally drop all the patches against 1.0.1 :)</span></div><div class="line" id="115106"><span class="nick" style="color:#389600"><a href="#115106" label="[11:51:06]">&lt;OriansJ&gt;</a></span><span class="message">janneke: technically we have seen a kernel behavior change once.</span></div><div class="line" id="115202"><span class="nick" style="color:#389600"><a href="#115202" label="[11:52:02]">&lt;OriansJ&gt;</a></span><span class="message">But that was because I abused the shit out of the ELF spec in the original ELF headers I hand wrote and needed to clean up my act.</span></div><div class="line" id="115425"><span class="nick" style="color:#389600"><a href="#115425" label="[11:54:25]">&lt;OriansJ&gt;</a></span><span class="message">vagrantc: I guess I really need to work on my communication skills if you are missing the release announcements I make.</span></div><div class="line" id="120226"><span class="nick" style="color:#234e69"><a href="#120226" label="[12:02:26]">&lt;vagrantc&gt;</a></span><span class="message">OriansJ: might be through no fault of yours :)</span></div><div class="line" id="121134"><span class="nick" style="color:#bc80bd"><a href="#121134" label="[12:11:34]">*</a></span><span class="message">vagrantc waves</span></div><div class="line" id="121419"><span class="nick" style="color:#389600"><a href="#121419" label="[12:14:19]">&lt;OriansJ&gt;</a></span><span class="message">well lets see my announcement on reproducible builds about bootstrapping of haskell from hex fell flat (literally no response at all)</span></div><div class="line" id="121823"><span class="nick" style="color:#d9d9d9"><a href="#121823" label="[12:18:23]">&lt;janneke&gt;</a></span><span class="message">OriansJ: behaviour change or not, it was bits in the environment (i.e. in the &quot;not-program&quot;) that changed the program behaviour</span></div><div class="line" id="121905"><span class="nick" style="color:#d9d9d9"><a href="#121905" label="[12:19:05]">&lt;janneke&gt;</a></span><span class="message">people don't seem to grasp that you only need to change one bit in the environment (choose wisely), and your program breaks (&quot;works for me&quot;)</span></div><div class="line" id="121919"><span class="nick" style="color:#3c5b35"><a href="#121919" label="[12:19:19]">&lt;nimaje&gt;</a></span><span class="message">haskell as in ghc or in some other stadnard haskell implementation or in a pretty large subset of haskell?</span></div><div class="line" id="123040"><span class="nick" style="color:#389600"><a href="#123040" label="[12:30:40]">&lt;OriansJ&gt;</a></span><span class="message">nimaje: a subset of Haskell; take a look <a rel="nofollow" href="https://github.com/oriansj/blynn-compiler">https://github.com/oriansj/blynn-compiler</a> </span></div><div class="line" id="124650"><span class="nick" style="color:#3c5b35"><a href="#124650" label="[12:46:50]">&lt;nimaje&gt;</a></span><span class="message">what bash features does that go.sh use? (currently trying with a /bin/sh shbang, lets see if it fails)</span></div><div class="line" id="124822"><span class="nick" style="color:#389600"><a href="#124822" label="[12:48:22]">&lt;OriansJ&gt;</a></span><span class="message">nimaje: well honestly it could use a kaem shell if  you really want to strip down to the 737byte shell core</span></div><div class="line" id="125043"><span class="nick" style="color:#af8d2f"><a href="#125043" label="[12:50:43]">&lt;siraben&gt;</a></span><span class="message">nimaje: yeah it's quite a large subset of haskell, too</span></div><div class="line" id="125049"><span class="nick" style="color:#af8d2f"><a href="#125049" label="[12:50:49]">&lt;siraben&gt;</a></span><span class="message">very impressive work by ben lynn</span></div><div class="line" id="125134"><span class="nick" style="color:#3c5b35"><a href="#125134" label="[12:51:34]">&lt;nimaje&gt;</a></span><span class="message">currently just trying if it compiles here; using make didn't work because of some problem(s) with generated/marginally.c</span></div><div class="line" id="125150"><span class="nick" style="color:#af8d2f"><a href="#125150" label="[12:51:50]">&lt;siraben&gt;</a></span><span class="message">nimaje: did you have M2-Planet installed?</span></div><div class="line" id="125214"><span class="nick" style="color:#af8d2f"><a href="#125214" label="[12:52:14]">&lt;siraben&gt;</a></span><span class="message">make also works but it uses the system C compiler</span></div><div class="line" id="125419"><span class="nick" style="color:#389600"><a href="#125419" label="[12:54:19]">&lt;OriansJ&gt;</a></span><span class="message">nimaje: the first step is use mescc-tools-seed to build M2-Planet, M1, blood-elf and hex2 from the hex0 seed</span></div><div class="line" id="125458"><span class="nick" style="color:#389600"><a href="#125458" label="[12:54:58]">&lt;OriansJ&gt;</a></span><span class="message">make test-x86, or make test-amd64 will also check to ensure their checksums are correct after the bootstrap</span></div><div class="line" id="125512"><span class="nick" style="color:#3c5b35"><a href="#125512" label="[12:55:12]">&lt;nimaje&gt;</a></span><span class="message">well, I just use one previoslly build in mescc-tools-seed; why should I install it if I can just use PATH=$PATH:../mescc-tools-seed/bin</span></div><div class="line" id="125553"><span class="nick" style="color:#389600"><a href="#125553" label="[12:55:53]">&lt;OriansJ&gt;</a></span><span class="message">nimaje: that works too</span></div><div class="line" id="125700"><span class="nick" style="color:#3c5b35"><a href="#125700" label="[12:57:00]">&lt;nimaje&gt;</a></span><span class="message">I don't think M1 should segfault (on compiling bin/marginally.M1)</span></div><div class="line" id="130007"><span class="nick" style="color:#389600"><a href="#130007" label="[13:00:07]">&lt;OriansJ&gt;</a></span><span class="message">nimaje: that would be a big problem if it did</span></div><div class="line" id="130054"><span class="nick" style="color:#389600"><a href="#130054" label="[13:00:54]">&lt;OriansJ&gt;</a></span><span class="message">did you build the x86, Arch64 or AMD64 version of M1 with mescc-tools-seed?</span></div><div class="line" id="130321"><span class="nick" style="color:#3c5b35"><a href="#130321" label="[13:03:21]">&lt;nimaje&gt;</a></span><span class="message">it was x86, but it seems like lldb on amd63 freebsd can't debug x86 linux binaries, so I will build again using amd64 versions</span></div><div class="line" id="130753"><span class="nick" style="color:#389600"><a href="#130753" label="[13:07:53]">&lt;OriansJ&gt;</a></span><span class="message">nimaje: and just in case; I'll begin a fuzzing run on M1 --architecture x86 to see if I can find anything that can cause a segfault on my size in hopes to replicate your issue.</span></div><div class="line" id="131210"><span class="nick" style="color:#389600"><a href="#131210" label="[13:12:10]">&lt;OriansJ&gt;</a></span><span class="message">^size^side^</span></div><div class="line" id="131647"><span class="nick" style="color:#af8d2f"><a href="#131647" label="[13:16:47]">&lt;siraben&gt;</a></span><span class="message">nimaje: are you using the latest commit of mescc-tools-seed?</span></div><div class="line" id="132259"><span class="nick" style="color:#3c5b35"><a href="#132259" label="[13:22:59]">&lt;nimaje&gt;</a></span><span class="message">I wasn't, so just rebuilding everything</span></div><div class="line" id="132346"><span class="nick" style="color:#af8d2f"><a href="#132346" label="[13:23:46]">&lt;siraben&gt;</a></span><span class="message">Ok</span></div><div class="line" id="134437"><span class="nick" style="color:#3c5b35"><a href="#134437" label="[13:44:37]">&lt;nimaje&gt;</a></span><span class="message">ok, updating and using amd64 M1 got past bin/marginally.M1</span></div><div class="line" id="140823"><span class="nick" style="color:#389600"><a href="#140823" label="[14:08:23]">&lt;OriansJ&gt;</a></span><span class="message">sorry that it is such a slow build</span></div><div class="line" id="141123"><span class="nick" style="color:#3c5b35"><a href="#141123" label="[14:11:23]">&lt;nimaje&gt;</a></span><span class="message">build fine, but   ./bin/precisely &lt;test/mandelbrot.hs   gives   missing: fromInteger  for some reason</span></div><div class="line" id="142217"><span class="nick" style="color:#3c5b35"><a href="#142217" label="[14:22:17]">&lt;nimaje&gt;</a></span><span class="message">(./bin/precisely &lt;test/hello.hs &gt;hello.c   also worked fine)</span></div><div class="line" id="143638"><span class="nick" style="color:#389600"><a href="#143638" label="[14:36:38]">&lt;OriansJ&gt;</a></span><span class="message">hmm looks like the type changes in M2-Planet caused a regression in regards to toleration of arbitrary inputs. I'll have to figure out some requires to fix that.</span></div><div class="line" id="143830"><span class="nick" style="color:#389600"><a href="#143830" label="[14:38:30]">&lt;OriansJ&gt;</a></span><span class="message">(I really need to get back into the habit of ritual fuzzing on personal projects)</span></div><div class="line" id="162357"><span class="nick" style="color:#389600"><a href="#162357" label="[16:23:57]">&lt;OriansJ&gt;</a></span><span class="message">for those that enjoy paranoia <a rel="nofollow" href="https://media.ccc.de/v/rc3-11512-cia_vs_wikileaks">https://media.ccc.de/v/rc3-11512-cia_vs_wikileaks</a> </span></div><div class="line" id="165053"><span class="nick" style="color:#389600"><a href="#165053" label="[16:50:53]">&lt;OriansJ&gt;</a></span><span class="message">oh and FYI new GPG key is up for my git commit signatures for 2021-2022.</span></div><div class="line" id="180953"><span class="nick" style="color:#af8d2f"><a href="#180953" label="[18:09:53]">&lt;siraben&gt;</a></span><span class="message">happy new year everyone! may 2021 be prosperous and fruitful!</span></div><div class="line" id="182219"><span class="nick" style="color:#389600"><a href="#182219" label="[18:22:19]">&lt;rain1&gt;</a></span><span class="message">ty, you too</span></div><div class="line" id="184559"><span class="nick" style="color:#8dd3c7"><a href="#184559" label="[18:45:59]">&lt;amirouche&gt;</a></span><span class="message">tx!</span></div><div class="line" id="192156"><span class="nick">***</span><span class="message notice">ericonr- is now known as ericonr</span></div><div class="line" id="215807"><span class="nick" style="color:#d9d9d9"><a href="#215807" label="[21:58:07]">&lt;janneke&gt;</a></span><span class="message">bah, our bootstrap untar (bootar) cannot unpack savannah snapshot tarballs</span></div><div class="line" id="215832"><span class="nick" style="color:#6b8072"><a href="#215832" label="[21:58:32]">&lt;xentrac&gt;</a></span><span class="message">doh :(</span></div><div class="line" id="215842"><span class="nick" style="color:#6b8072"><a href="#215842" label="[21:58:42]">&lt;xentrac&gt;</a></span><span class="message">tar is a nasty format</span></div><div class="line" id="215943"><span class="nick" style="color:#bc80bd"><a href="#215943" label="[21:59:43]">*</a></span><span class="message">janneke re-rolls mescc-tools-1.1.0.tar.gz for now</span></div><div class="line" id="220055"><span class="nick" style="color:#d9d9d9"><a href="#220055" label="[22:00:55]">&lt;janneke&gt;</a></span><span class="message">well, tar is basically real simple; all files rolled together</span></div><div class="line" id="220110"><span class="nick" style="color:#d9d9d9"><a href="#220110" label="[22:01:10]">&lt;janneke&gt;</a></span><span class="message">there's all these new options and stuff that made it difficult</span></div><div class="line" id="224525"><span class="nick">***</span><span class="message notice">ChanServ sets mode: +o rekado</span></div><div class="line" id="225039"><span class="nick" style="color:#d9d9d9"><a href="#225039" label="[22:50:39]">&lt;janneke&gt;</a></span><span class="message">hmm, updating the guix wip-full-source-bootstrap... but kaem-optional-seed has been [re]moved?</span></div><div class="line" id="225242"><span class="nick" style="color:#d9d9d9"><a href="#225242" label="[22:52:42]">&lt;janneke&gt;</a></span><span class="message">ah .. <a rel="nofollow" href="https://github.com/oriansj/bootstrap-seeds">https://github.com/oriansj/bootstrap-seeds</a> </span></div><div class="line" id="225249"><span class="nick" style="color:#d9d9d9"><a href="#225249" label="[22:52:49]">&lt;janneke&gt;</a></span><span class="message">do we have releases for that?</span></div><div class="line" id="225405"><span class="nick" style="color:#d9d9d9"><a href="#225405" label="[22:54:05]">&lt;janneke&gt;</a></span><span class="message">ah, but of course we should build kaem ourselves!</span></div><div class="line" id="225416"><span class="nick" style="color:#d9d9d9"><a href="#225416" label="[22:54:16]">&lt;janneke&gt;</a></span><span class="message">or just use gash, i suppose</span></div><div class="line" id="231350"><span class="nick" style="color:#6d2462"><a href="#231350" label="[23:13:50]">&lt;fossy&gt;</a></span><span class="message">janneke: yeah you can just use gash</span></div><div class="line" id="231403"><span class="nick" style="color:#6d2462"><a href="#231403" label="[23:14:03]">&lt;fossy&gt;</a></span><span class="message">OriansJ: a release for bootstrap-seeds would be nice</span></div><div class="line" id="233122"><span class="nick" style="color:#d9d9d9"><a href="#233122" label="[23:31:22]">&lt;janneke&gt;</a></span><span class="message">=&gt;  /gnu/store/kjqf1p09yszy4d6lz743398j51r1qckn-m2-planet-boot-1.7.0 \o/</span></div><div class="line" id="234012"><span class="nick" style="color:#389600"><a href="#234012" label="[23:40:12]">&lt;OriansJ&gt;</a></span><span class="message">fossy: sure; I'll make a v1.0.0 release of bootstrap-seeds</span></div><div class="line" id="235832"><span class="nick" style="color:#389600"><a href="#235832" label="[23:58:32]">&lt;OriansJ&gt;</a></span><span class="message">I might as well fixup the x86 NATIVE bootstrap seed while I'm at it</span></div><div class="line" id="235856"><span class="nick" style="color:#389600"><a href="#235856" label="[23:58:56]">&lt;OriansJ&gt;</a></span><span class="message">and drop it from 1.44MB to 512bytes</span></div><br /></div></body></html>