<!DOCTYPE html><html><head><title>IRC channel logs</title><style>html {
  background: #fdfdfd;
}

h1 {
  font-weight: 300;
}

h2 {
  font-weight: 200;
}

h3 {
  padding: .5em 0;
  border-top: 3px dotted #ddd;
  margin-bottom: 0;
}

form {
  width: 400px;
  display: flex;
}

input {
  width: 100%;
  display: flex;
  border-radius: .25em 0 0 .25em;
  border: 1px solid #aaa;
  border-right: 0;
  padding: 0.5em;
}

button {
  display: flex;
  border-radius: 0 .25em .25em 0;
  background-color: #007bff;
  border: 1px solid #007bff;
  padding: .5em;
  cursor: pointer;
  color: white;
}

button:hover {
  background-color: #0069d9;
  border-color: #0062cc;
}

a {
  color: #007bff;
  text-decoration: none;
}

a:hover {
  text-decoration: underline;
}

h4 {
  margin-bottom: .5em;
}

table td {
  padding: 0.75em;
}

table tr:hover {
  background: #eee;
}

.year {
  display: table;
}

.month {
  display: table-cell;
  padding-right: 1em;
}

ul {
  margin: 0;
  padding: 0;
  list-style: none;
}

.nick {
  padding-right: 0.6rem;
  font-weight: bold;
  text-align: right;
  width: 13rem;
  display: table-cell;
}

.nick a {
  color: inherit;
  text-decoration: none;
}

.message {
  display: table-cell;
  padding-left: 0.6rem;
  border-left: 2px solid #333;
}

.notice {
  color: #859900;
  font-style: italic;
}

.line {
  line-height: 1.8rem;
  display: table;
}

#logs {
  margin-top: 1.5rem;
  padding: 1.5rem;
}
</style></head><body><h1>IRC channel logs</h1><h2>2020-01-14.log</h2><p><a href="/bootstrappable">back to list of logs</a></p><div id="logs"><div class="line" id="004435"><span class="nick" style="color:#8dd3c7"><a href="#004435" label="[00:44:35]">&lt;oriansj&gt;</a></span><span class="message">dddddd: you are right, I guess I'll have to improve that part of the talk notes</span></div><div class="line" id="004552"><span class="nick" style="color:#8dd3c7"><a href="#004552" label="[00:45:52]">&lt;oriansj&gt;</a></span><span class="message">dongcarl: lisp cons cells in mes-m2 and generative behavior limits inside of 32bit memory address space.</span></div><div class="line" id="015514"><span class="nick" style="color:#8dd3c7"><a href="#015514" label="[01:55:14]">&lt;oriansj&gt;</a></span><span class="message">dddddd: now if you search for: ** mes-m2 you will find the summary</span></div><div class="line" id="093144"><span class="nick">***</span><span class="message notice">ng0_ is now known as ng0</span></div><div class="line" id="125712"><span class="nick" style="color:#2e2a4a"><a href="#125712" label="[12:57:12]">&lt;zig&gt;</a></span><span class="message">hello #bootstrappable</span></div><div class="line" id="125811"><span class="nick" style="color:#6b8072"><a href="#125811" label="[12:58:11]">&lt;dddddd&gt;</a></span><span class="message">hi zig</span></div><div class="line" id="125857"><span class="nick" style="color:#2e2a4a"><a href="#125857" label="[12:58:57]">&lt;zig&gt;</a></span><span class="message">guile, guix and #bootstrappable awesomeness keep pulling me back to gnu lands.</span></div><div class="line" id="130257"><span class="nick" style="color:#6b8072"><a href="#130257" label="[13:02:57]">&lt;dddddd&gt;</a></span><span class="message">Thanks oriansj. To be honest, it seems that a commit from the 5th added some info about mes-m2 I didn't see until I fetched today. Sorry for the noise (I was looking at 65da1bab0554).</span></div><div class="line" id="130805"><span class="nick" style="color:#6b8072"><a href="#130805" label="[13:08:05]">&lt;dddddd&gt;</a></span><span class="message">oriansj, would you accept a branch rewritting master of that repo in which the bot madness is removed? (to force push it)?</span></div><div class="line" id="164742"><span class="nick">***</span><span class="message notice">ng0_ is now known as ng0</span></div><div class="line" id="201233"><span class="nick" style="color:#80b1d3"><a href="#201233" label="[20:12:33]">&lt;Guest_30&gt;</a></span><span class="message">What should I do to become a contributor. I do not have current experience. If accepted, this would be my first open source contribution.</span></div><div class="line" id="202221"><span class="nick" style="color:#2e2a4a"><a href="#202221" label="[20:22:21]">&lt;zig&gt;</a></span><span class="message">stay around?</span></div><div class="line" id="211416"><span class="nick" style="color:#6d2462"><a href="#211416" label="[21:14:16]">&lt;fossy&gt;</a></span><span class="message">lol</span></div><br /></div></body></html>