<!DOCTYPE html><html><head><title>IRC channel logs</title><style>html {
  background: #fdfdfd;
}

h1 {
  font-weight: 300;
}

h2 {
  font-weight: 200;
}

h3 {
  padding: .5em 0;
  border-top: 3px dotted #ddd;
  margin-bottom: 0;
}

form {
  width: 400px;
  display: flex;
}

input {
  width: 100%;
  display: flex;
  border-radius: .25em 0 0 .25em;
  border: 1px solid #aaa;
  border-right: 0;
  padding: 0.5em;
}

button {
  display: flex;
  border-radius: 0 .25em .25em 0;
  background-color: #007bff;
  border: 1px solid #007bff;
  padding: .5em;
  cursor: pointer;
  color: white;
}

button:hover {
  background-color: #0069d9;
  border-color: #0062cc;
}

a {
  color: #007bff;
  text-decoration: none;
}

a:hover {
  text-decoration: underline;
}

h4 {
  margin-bottom: .5em;
}

table td {
  padding: 0.75em;
}

table tr:hover {
  background: #eee;
}

.year {
  display: table;
}

.month {
  display: table-cell;
  padding-right: 1em;
}

ul {
  margin: 0;
  padding: 0;
  list-style: none;
}

.nick {
  padding-right: 0.6rem;
  font-weight: bold;
  text-align: right;
  width: 13rem;
  display: table-cell;
}

.nick a {
  color: inherit;
  text-decoration: none;
}

.message {
  display: table-cell;
  padding-left: 0.6rem;
  border-left: 2px solid #333;
}

.notice {
  color: #859900;
  font-style: italic;
}

.line {
  line-height: 1.8rem;
  display: table;
}

#logs {
  margin-top: 1.5rem;
  padding: 1.5rem;
}
</style></head><body><h1>IRC channel logs</h1><h2>2020-06-02.log</h2><p><a href="/bootstrappable">back to list of logs</a></p><div id="logs"><div class="line" id="102427"><span class="nick" style="color:#8dd3c7"><a href="#102427" label="[10:24:27]">&lt;janneke&gt;</a></span><span class="message">mesc+mescc is gaining arm support</span></div><div class="line" id="102453"><span class="nick" style="color:#8dd3c7"><a href="#102453" label="[10:24:53]">&lt;janneke&gt;</a></span><span class="message">dannym is nearing completion and turning to tcc and soon the guix bootstrap for arm</span></div><div class="line" id="102538"><span class="nick" style="color:#2e2a4a"><a href="#102538" label="[10:25:38]">&lt;civodul&gt;</a></span><span class="message">janneke: woow!</span></div><div class="line" id="102556"><span class="nick" style="color:#2e2a4a"><a href="#102556" label="[10:25:56]">&lt;civodul&gt;</a></span><span class="message">neat!</span></div><div class="line" id="102638"><span class="nick" style="color:#8dd3c7"><a href="#102638" label="[10:26:38]">&lt;janneke&gt;</a></span><span class="message">yeah, all 169 mescc/mes libc tests pass</span></div><div class="line" id="102706"><span class="nick" style="color:#8dd3c7"><a href="#102706" label="[10:27:06]">&lt;janneke&gt;</a></span><span class="message">there might be &quot;a thing&quot; with signedness of char and tcc, we'll see</span></div><div class="line" id="102802"><span class="nick" style="color:#2e2a4a"><a href="#102802" label="[10:28:02]">&lt;civodul&gt;</a></span><span class="message">really cool</span></div><div class="line" id="102826"><span class="nick" style="color:#2e2a4a"><a href="#102826" label="[10:28:26]">&lt;civodul&gt;</a></span><span class="message">did dannym announce the nlnet thing somewhere?</span></div><div class="line" id="102910"><span class="nick" style="color:#8dd3c7"><a href="#102910" label="[10:29:10]">&lt;janneke&gt;</a></span><span class="message">good question, prolly not then, right?</span></div><div class="line" id="102921"><span class="nick" style="color:#8dd3c7"><a href="#102921" label="[10:29:21]">&lt;janneke&gt;</a></span><span class="message">i've been trying to nudge dannym more onto irc again (it worked a year ago, for a while)...</span></div><div class="line" id="102943"><span class="nick" style="color:#2e2a4a"><a href="#102943" label="[10:29:43]">&lt;civodul&gt;</a></span><span class="message">heheh :-)</span></div><div class="line" id="102949"><span class="nick" style="color:#2e2a4a"><a href="#102949" label="[10:29:49]">&lt;civodul&gt;</a></span><span class="message">even messages on the mailing list</span></div><div class="line" id="103013"><span class="nick" style="color:#2e2a4a"><a href="#103013" label="[10:30:13]">&lt;civodul&gt;</a></span><span class="message">problem is, funders probably like to be mentioned publicly</span></div><div class="line" id="103013"><span class="nick" style="color:#8dd3c7"><a href="#103013" label="[10:30:13]">&lt;janneke&gt;</a></span><span class="message">i know he's been &quot;struggling&quot; with the grant and taxes and nlnet admin/getting going...</span></div><div class="line" id="103020"><span class="nick" style="color:#2e2a4a"><a href="#103020" label="[10:30:20]">&lt;civodul&gt;</a></span><span class="message">ah i can imagine...</span></div><div class="line" id="103041"><span class="nick" style="color:#8dd3c7"><a href="#103041" label="[10:30:41]">&lt;janneke&gt;</a></span><span class="message">yeah...i think he wanted to be 100% sure before announcing...</span></div><div class="line" id="103045"><span class="nick" style="color:#2e2a4a"><a href="#103045" label="[10:30:45]">&lt;civodul&gt;</a></span><span class="message">makes sense</span></div><div class="line" id="103103"><span class="nick" style="color:#8dd3c7"><a href="#103103" label="[10:31:03]">&lt;janneke&gt;</a></span><span class="message">i had something like that too -- but now: not forget to do it!</span></div><div class="line" id="103103"><span class="nick" style="color:#2e2a4a"><a href="#103103" label="[10:31:03]">&lt;civodul&gt;</a></span><span class="message">:-)</span></div><div class="line" id="103123"><span class="nick" style="color:#2e2a4a"><a href="#103123" label="[10:31:23]">&lt;civodul&gt;</a></span><span class="message">oh, what's up with blog post about the reduced² bootstrap seeds? :-)</span></div><div class="line" id="103215"><span class="nick" style="color:#6b8072"><a href="#103215" label="[10:32:15]">*</a></span><span class="message">janneke ducks -- what blog post?</span></div><div class="line" id="103242"><span class="nick" style="color:#6b8072"><a href="#103242" label="[10:32:42]">*</a></span><span class="message">janneke adds item in TODO</span></div><div class="line" id="103324"><span class="nick" style="color:#8dd3c7"><a href="#103324" label="[10:33:24]">&lt;janneke&gt;</a></span><span class="message">did you know ArneBab got funding to work or the hurd?</span></div><div class="line" id="103350"><span class="nick" style="color:#8dd3c7"><a href="#103350" label="[10:33:50]">&lt;janneke&gt;</a></span><span class="message">at least, so the rumor goes</span></div><div class="line" id="103539"><span class="nick" style="color:#2e2a4a"><a href="#103539" label="[10:35:39]">&lt;civodul&gt;</a></span><span class="message">i didn't, but that sounds great!</span></div><div class="line" id="103725"><span class="nick" style="color:#8dd3c7"><a href="#103725" label="[10:37:25]">&lt;janneke&gt;</a></span><span class="message">actually not yet -- as it's for adding audio support :-P</span></div><div class="line" id="104040"><span class="nick" style="color:#2e2a4a"><a href="#104040" label="[10:40:40]">&lt;civodul&gt;</a></span><span class="message">ah! :-)</span></div><div class="line" id="104055"><span class="nick" style="color:#2e2a4a"><a href="#104055" label="[10:40:55]">&lt;civodul&gt;</a></span><span class="message">it *looks* good (with the VGA console driver)</span></div><div class="line" id="105036"><span class="nick" style="color:#8dd3c7"><a href="#105036" label="[10:50:36]">&lt;janneke&gt;</a></span><span class="message">certainly!</span></div><br /></div></body></html>