<!DOCTYPE html><html><head><title>IRC channel logs</title><style>html {
  background: #fdfdfd;
}

h1 {
  font-weight: 300;
}

h2 {
  font-weight: 200;
}

h3 {
  padding: .5em 0;
  border-top: 3px dotted #ddd;
  margin-bottom: 0;
}

form {
  width: 400px;
  display: flex;
}

input {
  width: 100%;
  display: flex;
  border-radius: .25em 0 0 .25em;
  border: 1px solid #aaa;
  border-right: 0;
  padding: 0.5em;
}

button {
  display: flex;
  border-radius: 0 .25em .25em 0;
  background-color: #007bff;
  border: 1px solid #007bff;
  padding: .5em;
  cursor: pointer;
  color: white;
}

button:hover {
  background-color: #0069d9;
  border-color: #0062cc;
}

a {
  color: #007bff;
  text-decoration: none;
}

a:hover {
  text-decoration: underline;
}

h4 {
  margin-bottom: .5em;
}

table td {
  padding: 0.75em;
}

table tr:hover {
  background: #eee;
}

.year {
  display: table;
}

.month {
  display: table-cell;
  padding-right: 1em;
}

ul {
  margin: 0;
  padding: 0;
  list-style: none;
}

.nick {
  padding-right: 0.6rem;
  font-weight: bold;
  text-align: right;
  width: 13rem;
  display: table-cell;
}

.nick a {
  color: inherit;
  text-decoration: none;
}

.message {
  display: table-cell;
  padding-left: 0.6rem;
  border-left: 2px solid #333;
}

.notice {
  color: #859900;
  font-style: italic;
}

.line {
  line-height: 1.8rem;
  display: table;
}

#logs {
  margin-top: 1.5rem;
  padding: 1.5rem;
}
</style></head><body><h1>IRC channel logs</h1><h2>2020-06-18.log</h2><p><a href="/bootstrappable">back to list of logs</a></p><div id="logs"><div class="line" id="145723"><span class="nick">***</span><span class="message notice">terpri__ is now known as terpri</span></div><div class="line" id="152640"><span class="nick">***</span><span class="message notice">ChanServ sets mode: +o rekado_</span></div><div class="line" id="152641"><span class="nick">***</span><span class="message notice">rekado_ is now known as rekado</span></div><div class="line" id="200146"><span class="nick" style="color:#8dd3c7"><a href="#200146" label="[20:01:46]">&lt;rekado&gt;</a></span><span class="message">sbp: re Haskell bootstrap: my next approach is to use an old GCC to build the GHC 4 runtime.</span></div><div class="line" id="200221"><span class="nick" style="color:#8dd3c7"><a href="#200221" label="[20:02:21]">&lt;rekado&gt;</a></span><span class="message">my previous attempts failed because we didn’t have a sufficiently old GCC and building GHC 4 sources with newer versions was very painful.</span></div><div class="line" id="200240"><span class="nick" style="color:#8dd3c7"><a href="#200240" label="[20:02:40]">&lt;rekado&gt;</a></span><span class="message">now that we have older GCCs for the GCC bootstrap this could be revisited</span></div><div class="line" id="200251"><span class="nick" style="color:#8dd3c7"><a href="#200251" label="[20:02:51]">&lt;rekado&gt;</a></span><span class="message">I have a bunch of notes that I could share upon request</span></div><div class="line" id="200329"><span class="nick" style="color:#8dd3c7"><a href="#200329" label="[20:03:29]">&lt;rekado&gt;</a></span><span class="message">I’m not going to work on this any time soon as my amount of freely allocatable time is severely restricted</span></div><div class="line" id="200354"><span class="nick" style="color:#8dd3c7"><a href="#200354" label="[20:03:54]">&lt;rekado&gt;</a></span><span class="message">but it’s something I wanted to tackle “eventually”</span></div><br /></div></body></html>