<!DOCTYPE html><html><head><title>IRC channel logs</title><style>html {
  background: #fdfdfd;
}

h1 {
  font-weight: 300;
}

h2 {
  font-weight: 200;
}

h3 {
  padding: .5em 0;
  border-top: 3px dotted #ddd;
  margin-bottom: 0;
}

form {
  width: 400px;
  display: flex;
}

input {
  width: 100%;
  display: flex;
  border-radius: .25em 0 0 .25em;
  border: 1px solid #aaa;
  border-right: 0;
  padding: 0.5em;
}

button {
  display: flex;
  border-radius: 0 .25em .25em 0;
  background-color: #007bff;
  border: 1px solid #007bff;
  padding: .5em;
  cursor: pointer;
  color: white;
}

button:hover {
  background-color: #0069d9;
  border-color: #0062cc;
}

a {
  color: #007bff;
  text-decoration: none;
}

a:hover {
  text-decoration: underline;
}

h4 {
  margin-bottom: .5em;
}

table td {
  padding: 0.75em;
}

table tr:hover {
  background: #eee;
}

.year {
  display: table;
}

.month {
  display: table-cell;
  padding-right: 1em;
}

ul {
  margin: 0;
  padding: 0;
  list-style: none;
}

.nick {
  padding-right: 0.6rem;
  font-weight: bold;
  text-align: right;
  width: 13rem;
  display: table-cell;
}

.nick a {
  color: inherit;
  text-decoration: none;
}

.message {
  display: table-cell;
  padding-left: 0.6rem;
  border-left: 2px solid #333;
}

.notice {
  color: #859900;
  font-style: italic;
}

.line {
  line-height: 1.8rem;
  display: table;
}

#logs {
  margin-top: 1.5rem;
  padding: 1.5rem;
}
</style></head><body><h1>IRC channel logs</h1><h2>2020-08-10.log</h2><p><a href="/bootstrappable">back to list of logs</a></p><div id="logs"><div class="line" id="152429"><span class="nick">***</span><span class="message notice">terpri__ is now known as terpri</span></div><div class="line" id="192959"><span class="nick" style="color:#8dd3c7"><a href="#192959" label="[19:29:59]">&lt;christianbundy&gt;</a></span><span class="message">Worth a shot: anyone know of non-computer bootstrapping projects? I think I'm looking for something like a technology tree that leads to the 21st century.</span></div><div class="line" id="194540"><span class="nick" style="color:#2e2a4a"><a href="#194540" label="[19:45:40]">&lt;Darius&gt;</a></span><span class="message">there's a channel called something like ##hplus_roadmap, i forget exactly</span></div><div class="line" id="194551"><span class="nick" style="color:#2e2a4a"><a href="#194551" label="[19:45:51]">&lt;Darius&gt;</a></span><span class="message">xentrac, do you know?</span></div><div class="line" id="194612"><span class="nick" style="color:#2e2a4a"><a href="#194612" label="[19:46:12]">&lt;Darius&gt;</a></span><span class="message">(christianbundy)</span></div><div class="line" id="194731"><span class="nick" style="color:#8dd3c7"><a href="#194731" label="[19:47:31]">&lt;christianbundy&gt;</a></span><span class="message">thanks Darius, I'll check it out</span></div><div class="line" id="195215"><span class="nick" style="color:#2e2a4a"><a href="#195215" label="[19:52:15]">&lt;Darius&gt;</a></span><span class="message">ah no _, just remove that</span></div><div class="line" id="200228"><span class="nick" style="color:#8dd3c7"><a href="#200228" label="[20:02:28]">&lt;christianbundy&gt;</a></span><span class="message">Darius: oh, just checked it out -- I'm looking for something similar, but I think different</span></div><div class="line" id="200239"><span class="nick" style="color:#8dd3c7"><a href="#200239" label="[20:02:39]">&lt;christianbundy&gt;</a></span><span class="message">e.g. <a rel="nofollow" href="https://recursiverecipes.schollz.com/recipe/apple-pie?amount=1&amp;timelimit=1&amp;ingredientsToBuild=apple%20pie">https://recursiverecipes.schollz.com/recipe/apple-pie?amount=1&amp;timelimit=1&amp;ingredientsToBuild=apple%20pie</a> </span></div><div class="line" id="200321"><span class="nick" style="color:#8dd3c7"><a href="#200321" label="[20:03:21]">&lt;christianbundy&gt;</a></span><span class="message">I'm looking for something like this, except including seeds and tool creation (mining, smelting, agriculture, etc)</span></div><div class="line" id="211210"><span class="nick" style="color:#6b8072"><a href="#211210" label="[21:12:10]">&lt;bauen1&gt;</a></span><span class="message">christianbundy: i know of a project for creating opensource farming tools, including e.g. generator, let me see if i can find it again</span></div><div class="line" id="211334"><span class="nick" style="color:#6b8072"><a href="#211334" label="[21:13:34]">&lt;bauen1&gt;</a></span><span class="message">christianbundy: <a rel="nofollow" href="https://wiki.opensourceecology.org/wiki/Open_Source_Ecology">https://wiki.opensourceecology.org/wiki/Open_Source_Ecology</a>  or the main page <a rel="nofollow" href="https://www.opensourceecology.org/">https://www.opensourceecology.org/</a> </span></div><div class="line" id="211454"><span class="nick" style="color:#80b1d3"><a href="#211454" label="[21:14:54]">&lt;vagrantc&gt;</a></span><span class="message">my, how #bootstrappable has grown!</span></div><div class="line" id="211957"><span class="nick" style="color:#8dd3c7"><a href="#211957" label="[21:19:57]">&lt;christianbundy&gt;</a></span><span class="message">bauen1: Yes! I love OSE and it's a super ambitious project. I think I'm looking for something like their bill of materials, but... more recursive. :~)</span></div><div class="line" id="223105"><span class="nick" style="color:#6d2462"><a href="#223105" label="[22:31:05]">&lt;xentrac&gt;</a></span><span class="message">christianbundy: diyhpl.us</span></div><div class="line" id="223232"><span class="nick" style="color:#6d2462"><a href="#223232" label="[22:32:32]">&lt;xentrac&gt;</a></span><span class="message">christianbundy: maybe Factor E Farm/global village construction set; How To Make Everything; John Plant's Primitive Technology</span></div><div class="line" id="223254"><span class="nick" style="color:#6d2462"><a href="#223254" label="[22:32:54]">&lt;xentrac&gt;</a></span><span class="message">the diyhpl.us guy has tried assembling a makefile for civilization but not there yet</span></div><div class="line" id="223317"><span class="nick" style="color:#6d2462"><a href="#223317" label="[22:33:17]">&lt;xentrac&gt;</a></span><span class="message">oh, I see bauen1 already mentioned FEF/GVCS/OSE</span></div><br /></div></body></html>