<!DOCTYPE html><html><head><title>IRC channel logs</title><style>html {
  background: #fdfdfd;
}

h1 {
  font-weight: 300;
}

h2 {
  font-weight: 200;
}

h3 {
  padding: .5em 0;
  border-top: 3px dotted #ddd;
  margin-bottom: 0;
}

form {
  width: 400px;
  display: flex;
}

input {
  width: 100%;
  display: flex;
  border-radius: .25em 0 0 .25em;
  border: 1px solid #aaa;
  border-right: 0;
  padding: 0.5em;
}

button {
  display: flex;
  border-radius: 0 .25em .25em 0;
  background-color: #007bff;
  border: 1px solid #007bff;
  padding: .5em;
  cursor: pointer;
  color: white;
}

button:hover {
  background-color: #0069d9;
  border-color: #0062cc;
}

a {
  color: #007bff;
  text-decoration: none;
}

a:hover {
  text-decoration: underline;
}

h4 {
  margin-bottom: .5em;
}

table td {
  padding: 0.75em;
}

table tr:hover {
  background: #eee;
}

.year {
  display: table;
}

.month {
  display: table-cell;
  padding-right: 1em;
}

ul {
  margin: 0;
  padding: 0;
  list-style: none;
}

.nick {
  padding-right: 0.6rem;
  font-weight: bold;
  text-align: right;
  width: 13rem;
  display: table-cell;
}

.nick a {
  color: inherit;
  text-decoration: none;
}

.message {
  display: table-cell;
  padding-left: 0.6rem;
  border-left: 2px solid #333;
}

.notice {
  color: #859900;
  font-style: italic;
}

.line {
  line-height: 1.8rem;
  display: table;
}

#logs {
  margin-top: 1.5rem;
  padding: 1.5rem;
}
</style></head><body><h1>IRC channel logs</h1><h2>2020-06-17.log</h2><p><a href="/bootstrappable">back to list of logs</a></p><div id="logs"><div class="line" id="004142"><span class="nick">***</span><span class="message notice">hitchcock.freenode.net sets mode: +o rekado</span></div><div class="line" id="011958"><span class="nick" style="color:#8dd3c7"><a href="#011958" label="[01:19:58]">&lt;OriansJ`&gt;</a></span><span class="message">markjenkinsznc: now that is exciting to hear about; I just thought you were only working on the knight disassembler in python for stage0, so I could finally simplify that architecture's NULL padding scheme. (which I do eagerly look forward to)</span></div><div class="line" id="012157"><span class="nick" style="color:#8dd3c7"><a href="#012157" label="[01:21:57]">&lt;OriansJ`&gt;</a></span><span class="message">note, one can do Mes-M2 development with GCC (provided one doesn't go crazy leveraging its features) it is entirely possible for M2-Planet to generally work the same way</span></div><div class="line" id="012322"><span class="nick" style="color:#8dd3c7"><a href="#012322" label="[01:23:22]">&lt;OriansJ`&gt;</a></span><span class="message">The only big difference is if you are playing with pointers</span></div><div class="line" id="013538"><span class="nick" style="color:#8dd3c7"><a href="#013538" label="[01:35:38]">&lt;OriansJ`&gt;</a></span><span class="message">but then again, I have been quite out of the game for the last couple months and hope I haven't missed anything important</span></div><div class="line" id="020921"><span class="nick" style="color:#2e2a4a"><a href="#020921" label="[02:09:21]">&lt;xentrac&gt;</a></span><span class="message">OriansJ`: hope you've been doing okay and haven't gotten shot at or beaten</span></div><div class="line" id="020928"><span class="nick" style="color:#2e2a4a"><a href="#020928" label="[02:09:28]">&lt;xentrac&gt;</a></span><span class="message">it's been quite an interesting couple of months</span></div><div class="line" id="022342"><span class="nick" style="color:#8dd3c7"><a href="#022342" label="[02:23:42]">&lt;OriansJ`&gt;</a></span><span class="message">xentrac: been dealing with the birth of my son and spending lots of time playing with him ^_^</span></div><div class="line" id="022428"><span class="nick" style="color:#6b8072"><a href="#022428" label="[02:24:28]">&lt;markjenkinsznc&gt;</a></span><span class="message">OriansJ, unfortunately my interest in the knight disassembler has been dragged down by my speculative toy project, I had it pretty much done (produces good disassemblies for all stage0 knight binaries, is integrated with User_Interface.py gui)</span></div><div class="line" id="022458"><span class="nick" style="color:#6b8072"><a href="#022458" label="[02:24:58]">&lt;markjenkinsznc&gt;</a></span><span class="message">But I'll try to not let a 95% done project get hung up for too long and get back to it as well, thanks for the encouragement</span></div><div class="line" id="022551"><span class="nick" style="color:#6b8072"><a href="#022551" label="[02:25:51]">&lt;markjenkinsznc&gt;</a></span><span class="message">5% not done is bugs I'm seeing on inputs other then the stage0 binaries, including one documented as an assert based test</span></div><div class="line" id="022631"><span class="nick" style="color:#2e2a4a"><a href="#022631" label="[02:26:31]">&lt;xentrac&gt;</a></span><span class="message">OriansJ`: that's wonderful, far better than I had feared!</span></div><div class="line" id="023100"><span class="nick" style="color:#8dd3c7"><a href="#023100" label="[02:31:00]">&lt;OriansJ`&gt;</a></span><span class="message">markjenkinsznc: understandably, that last 5% can be brutal to do and I am ok if it sometimes mis-detects string vs instructions</span></div><div class="line" id="023232"><span class="nick" style="color:#8dd3c7"><a href="#023232" label="[02:32:32]">&lt;OriansJ`&gt;</a></span><span class="message">xentrac: well there is a reason why bus factor is sometimes called the lottery factor</span></div><div class="line" id="024019"><span class="nick" style="color:#8dd3c7"><a href="#024019" label="[02:40:19]">&lt;OriansJ`&gt;</a></span><span class="message">oh anyone else notice: <a rel="nofollow" href="https://github.com/google/skywater-pdk">https://github.com/google/skywater-pdk</a> </span></div><div class="line" id="030039"><span class="nick" style="color:#6b8072"><a href="#030039" label="[03:00:39]">&lt;markjenkinsznc&gt;</a></span><span class="message">OriansJ, the bug caught by this last commit is more serious then string/binary <a rel="nofollow" href="https://github.com/markjenkins/stage0/commit/a26ef357748dfda08f619d0a5238f89bc9e3858f">https://github.com/markjenkins/stage0/commit/a26ef357748dfda08f619d0a5238f89bc9e3858f</a> </span></div><div class="line" id="063524"><span class="nick">***</span><span class="message notice">ChanServ sets mode: +o rekado_</span></div><div class="line" id="063530"><span class="nick">***</span><span class="message notice">rekado_ is now known as rekado</span></div><div class="line" id="134214"><span class="nick">***</span><span class="message notice">terpri__ is now known as terpri</span></div><div class="line" id="230702"><span class="nick">***</span><span class="message notice">ChanServ sets mode: +o rekado_</span></div><div class="line" id="230705"><span class="nick">***</span><span class="message notice">rekado_ is now known as rekado</span></div><div class="line" id="231718"><span class="nick">***</span><span class="message notice">terpri__ is now known as terpri</span></div><br /></div></body></html>