<!DOCTYPE html><html><head><title>IRC channel logs</title><style>html {
  background: #fdfdfd;
}

h1 {
  font-weight: 300;
}

h2 {
  font-weight: 200;
}

h3 {
  padding: .5em 0;
  border-top: 3px dotted #ddd;
  margin-bottom: 0;
}

form {
  width: 400px;
  display: flex;
}

input {
  width: 100%;
  display: flex;
  border-radius: .25em 0 0 .25em;
  border: 1px solid #aaa;
  border-right: 0;
  padding: 0.5em;
}

button {
  display: flex;
  border-radius: 0 .25em .25em 0;
  background-color: #007bff;
  border: 1px solid #007bff;
  padding: .5em;
  cursor: pointer;
  color: white;
}

button:hover {
  background-color: #0069d9;
  border-color: #0062cc;
}

a {
  color: #007bff;
  text-decoration: none;
}

a:hover {
  text-decoration: underline;
}

h4 {
  margin-bottom: .5em;
}

table td {
  padding: 0.75em;
}

table tr:hover {
  background: #eee;
}

.year {
  display: table;
}

.month {
  display: table-cell;
  padding-right: 1em;
}

ul {
  margin: 0;
  padding: 0;
  list-style: none;
}

.nick {
  padding-right: 0.6rem;
  font-weight: bold;
  text-align: right;
  width: 13rem;
  display: table-cell;
}

.nick a {
  color: inherit;
  text-decoration: none;
}

.message {
  display: table-cell;
  padding-left: 0.6rem;
  border-left: 2px solid #333;
}

.notice {
  color: #859900;
  font-style: italic;
}

.line {
  line-height: 1.8rem;
  display: table;
}

#logs {
  margin-top: 1.5rem;
  padding: 1.5rem;
}
</style></head><body><h1>IRC channel logs</h1><h2>2020-07-17.log</h2><p><a href="/bootstrappable">back to list of logs</a></p><div id="logs"><div class="line" id="012953"><span class="nick">***</span><span class="message notice">nckx is now known as guix</span></div><div class="line" id="013158"><span class="nick">***</span><span class="message notice">guix is now known as nckx</span></div><div class="line" id="024219"><span class="nick">***</span><span class="message notice">terpri_ is now known as terpri</span></div><div class="line" id="101427"><span class="nick">***</span><span class="message notice">terpri__ is now known as terpri</span></div><div class="line" id="121841"><span class="nick">***</span><span class="message notice">dongcarl7 is now known as dongcarl</span></div><div class="line" id="221129"><span class="nick" style="color:#8dd3c7"><a href="#221129" label="[22:11:29]">&lt;dannym&gt;</a></span><span class="message">janneke: Hi</span></div><div class="line" id="221226"><span class="nick" style="color:#8dd3c7"><a href="#221226" label="[22:12:26]">&lt;dannym&gt;</a></span><span class="message">janneke: Trying to get tcc to work with mes on ARM, but I forgot the steps to prepare tinycc.  I got tcc-0.9.26-1103-g6e62e0e to start with</span></div><div class="line" id="221334"><span class="nick" style="color:#8dd3c7"><a href="#221334" label="[22:13:34]">&lt;dannym&gt;</a></span><span class="message">janneke: I tried to just use something like guix environment --pure -e '(@@ (gnu packages commencement) tcc-boot0)' --with-source=mes=${HOME}/src/mes but that doesn't work that well</span></div><div class="line" id="221353"><span class="nick" style="color:#8dd3c7"><a href="#221353" label="[22:13:53]">&lt;dannym&gt;</a></span><span class="message">janneke: Am I add the right step in the dependency chain to begin with?</span></div><div class="line" id="223950"><span class="nick" style="color:#8dd3c7"><a href="#223950" label="[22:39:50]">&lt;dannym&gt;</a></span><span class="message">gash/built-ins/set.scm:86:15: In procedure main:</span></div><div class="line" id="223950"><span class="nick" style="color:#8dd3c7"><a href="#223950" label="[22:39:50]">&lt;dannym&gt;</a></span><span class="message">gash/built-ins/set.scm:86:15: In procedure module-lookup: Unbound variable: EXIT_SUCCESS</span></div><div class="line" id="223950"><span class="nick" style="color:#8dd3c7"><a href="#223950" label="[22:39:50]">&lt;dannym&gt;</a></span><span class="message">command &quot;gash&quot; &quot;configure.sh&quot; &quot;--prefix=/gnu/store/nlfxmr59zrjxs7hifc06w1ra0zxb0d07-mes-boot-0.22&quot; &quot;--host=i686-linux-gnu&quot; failed with status 1</span></div><br /></div></body></html>