<!DOCTYPE html><html><head><title>IRC channel logs</title><style>html {
  background: #fdfdfd;
}

h1 {
  font-weight: 300;
}

h2 {
  font-weight: 200;
}

h3 {
  padding: .5em 0;
  border-top: 3px dotted #ddd;
  margin-bottom: 0;
}

form {
  width: 400px;
  display: flex;
}

input {
  width: 100%;
  display: flex;
  border-radius: .25em 0 0 .25em;
  border: 1px solid #aaa;
  border-right: 0;
  padding: 0.5em;
}

button {
  display: flex;
  border-radius: 0 .25em .25em 0;
  background-color: #007bff;
  border: 1px solid #007bff;
  padding: .5em;
  cursor: pointer;
  color: white;
}

button:hover {
  background-color: #0069d9;
  border-color: #0062cc;
}

a {
  color: #007bff;
  text-decoration: none;
}

a:hover {
  text-decoration: underline;
}

h4 {
  margin-bottom: .5em;
}

table td {
  padding: 0.75em;
}

table tr:hover {
  background: #eee;
}

.year {
  display: table;
}

.month {
  display: table-cell;
  padding-right: 1em;
}

ul {
  margin: 0;
  padding: 0;
  list-style: none;
}

.nick {
  padding-right: 0.6rem;
  font-weight: bold;
  text-align: right;
  width: 13rem;
  display: table-cell;
}

.nick a {
  color: inherit;
  text-decoration: none;
}

.message {
  display: table-cell;
  padding-left: 0.6rem;
  border-left: 2px solid #333;
}

.notice {
  color: #859900;
  font-style: italic;
}

.line {
  line-height: 1.8rem;
  display: table;
}

#logs {
  margin-top: 1.5rem;
  padding: 1.5rem;
}
</style></head><body><h1>IRC channel logs</h1><h2>2020-02-03.log</h2><p><a href="/bootstrappable">back to list of logs</a></p><div id="logs"><div class="line" id="094338"><span class="nick" style="color:#8dd3c7"><a href="#094338" label="[09:43:38]">&lt;fossy&gt;</a></span><span class="message">oriansj: i am making a minimal version of kaem... would you be happy to have a new kaem-optional-seed that is only 9706 bytes</span></div><div class="line" id="094349"><span class="nick" style="color:#8dd3c7"><a href="#094349" label="[09:43:49]">&lt;fossy&gt;</a></span><span class="message">a nearly 1.5x reduction!</span></div><div class="line" id="094644"><span class="nick" style="color:#8dd3c7"><a href="#094644" label="[09:46:44]">&lt;fossy&gt;</a></span><span class="message">8377 bytes and getting lower</span></div><div class="line" id="094653"><span class="nick" style="color:#8dd3c7"><a href="#094653" label="[09:46:53]">&lt;fossy&gt;</a></span><span class="message">this is from C!</span></div><div class="line" id="094700"><span class="nick" style="color:#8dd3c7"><a href="#094700" label="[09:47:00]">&lt;fossy&gt;</a></span><span class="message">not even rewritten in assembly</span></div><div class="line" id="095705"><span class="nick" style="color:#8dd3c7"><a href="#095705" label="[09:57:05]">&lt;fossy&gt;</a></span><span class="message">8054 bytes is where I am stopping for a minimal debug version</span></div><div class="line" id="095731"><span class="nick" style="color:#8dd3c7"><a href="#095731" label="[09:57:31]">&lt;fossy&gt;</a></span><span class="message">a super minimal version, that has no file_print usages or anything at all, is 5367 bytes</span></div><div class="line" id="095803"><span class="nick" style="color:#8dd3c7"><a href="#095803" label="[09:58:03]">&lt;fossy&gt;</a></span><span class="message">a 3x reduction</span></div><div class="line" id="095944"><span class="nick" style="color:#8dd3c7"><a href="#095944" label="[09:59:44]">&lt;fossy&gt;</a></span><span class="message">16kb for me, was too much</span></div><div class="line" id="095956"><span class="nick" style="color:#8dd3c7"><a href="#095956" label="[09:59:56]">&lt;fossy&gt;</a></span><span class="message">however we can explain most of 5kb</span></div><div class="line" id="172547"><span class="nick">***</span><span class="message notice">ng0_ is now known as ng0</span></div><div class="line" id="181555"><span class="nick" style="color:#2e2a4a"><a href="#181555" label="[18:15:55]">&lt;markjenkinsznc&gt;</a></span><span class="message">oriansj, I think pulling Knight.py/User_Interface.py from stage0 and moving to oriansj/knight-vm is a good idea to keep stage0 code base focused. knightpies/test_parallel_execution.py and knightpies/test_parallel_execution_stage1.py are my only tests that use that and I'll gladly rework and document, the direction I'm heading in anyway is to have those tests automatically skipped if the appropriate stuff (like libvm.so) isn't present and</span></div><div class="line" id="181555"><span class="nick" style="color:#2e2a4a"><a href="#181555" label="[18:15:55]">&lt;markjenkinsznc&gt;</a></span><span class="message">stage0's knight files being present the only mandatory thing for my test suite, tests that use other git submodules like knighttests/test_hex0tobin_submodules.py will politely skip if the files are not present</span></div><div class="line" id="224954"><span class="nick">***</span><span class="message notice">ChanServ sets mode: +o rekado</span></div><br /></div></body></html>