<!DOCTYPE html><html><head><title>IRC channel logs</title><style>html {
  background: #fdfdfd;
}

h1 {
  font-weight: 300;
}

h2 {
  font-weight: 200;
}

h3 {
  padding: .5em 0;
  border-top: 3px dotted #ddd;
  margin-bottom: 0;
}

form {
  width: 400px;
  display: flex;
}

input {
  width: 100%;
  display: flex;
  border-radius: .25em 0 0 .25em;
  border: 1px solid #aaa;
  border-right: 0;
  padding: 0.5em;
}

button {
  display: flex;
  border-radius: 0 .25em .25em 0;
  background-color: #007bff;
  border: 1px solid #007bff;
  padding: .5em;
  cursor: pointer;
  color: white;
}

button:hover {
  background-color: #0069d9;
  border-color: #0062cc;
}

a {
  color: #007bff;
  text-decoration: none;
}

a:hover {
  text-decoration: underline;
}

h4 {
  margin-bottom: .5em;
}

table td {
  padding: 0.75em;
}

table tr:hover {
  background: #eee;
}

.year {
  display: table;
}

.month {
  display: table-cell;
  padding-right: 1em;
}

ul {
  margin: 0;
  padding: 0;
  list-style: none;
}

.nick {
  padding-right: 0.6rem;
  font-weight: bold;
  text-align: right;
  width: 13rem;
  display: table-cell;
}

.nick a {
  color: inherit;
  text-decoration: none;
}

.message {
  display: table-cell;
  padding-left: 0.6rem;
  border-left: 2px solid #333;
}

.notice {
  color: #859900;
  font-style: italic;
}

.line {
  line-height: 1.8rem;
  display: table;
}

#logs {
  margin-top: 1.5rem;
  padding: 1.5rem;
}
</style></head><body><h1>IRC channel logs</h1><h2>2020-03-25.log</h2><p><a href="/bootstrappable">back to list of logs</a></p><div id="logs"><div class="line" id="090958"><span class="nick">***</span><span class="message notice">ChanServ sets mode: +o rekado_</span></div><div class="line" id="185557"><span class="nick" style="color:#8dd3c7"><a href="#185557" label="[18:55:57]">&lt;bauen1&gt;</a></span><span class="message">syscalls are working \o/</span></div><div class="line" id="185742"><span class="nick" style="color:#8dd3c7"><a href="#185742" label="[18:57:42]">&lt;bauen1&gt;</a></span><span class="message">which leaves the issue of actually loading a userspace program</span></div><div class="line" id="192825"><span class="nick" style="color:#2e2a4a"><a href="#192825" label="[19:28:25]">&lt;OriansJ&gt;</a></span><span class="message">bauen1: well that can be either really simple or complex depending on what executable formats you pick. ELF probably being the one selected due to general acceptance.</span></div><div class="line" id="193741"><span class="nick" style="color:#8dd3c7"><a href="#193741" label="[19:37:41]">&lt;bauen1&gt;</a></span><span class="message">yes</span></div><div class="line" id="193815"><span class="nick" style="color:#8dd3c7"><a href="#193815" label="[19:38:15]">&lt;bauen1&gt;</a></span><span class="message">from what i've seen it isn't too complex if you don't care about implementing everything</span></div><div class="line" id="193842"><span class="nick" style="color:#8dd3c7"><a href="#193842" label="[19:38:42]">&lt;bauen1&gt;</a></span><span class="message">but setting up a page table for a user program will require some time</span></div><div class="line" id="235627"><span class="nick" style="color:#6b8072"><a href="#235627" label="[23:56:27]">&lt;jackhill&gt;</a></span><span class="message">&quot;To compile Crystal, you need Crystal :)&quot; I found something else that needs bootstrapping :)</span></div><div class="line" id="235638"><span class="nick" style="color:#6b8072"><a href="#235638" label="[23:56:38]">&lt;jackhill&gt;</a></span><span class="message"> <a rel="nofollow" href="https://crystal-lang.org/install/from_sources/">https://crystal-lang.org/install/from_sources/</a> </span></div><br /></div></body></html>