<!DOCTYPE html><html><head><title>IRC channel logs</title><style>html {
  background: #fdfdfd;
}

h1 {
  font-weight: 300;
}

h2 {
  font-weight: 200;
}

h3 {
  padding: .5em 0;
  border-top: 3px dotted #ddd;
  margin-bottom: 0;
}

form {
  width: 400px;
  display: flex;
}

input {
  width: 100%;
  display: flex;
  border-radius: .25em 0 0 .25em;
  border: 1px solid #aaa;
  border-right: 0;
  padding: 0.5em;
}

button {
  display: flex;
  border-radius: 0 .25em .25em 0;
  background-color: #007bff;
  border: 1px solid #007bff;
  padding: .5em;
  cursor: pointer;
  color: white;
}

button:hover {
  background-color: #0069d9;
  border-color: #0062cc;
}

a {
  color: #007bff;
  text-decoration: none;
}

a:hover {
  text-decoration: underline;
}

h4 {
  margin-bottom: .5em;
}

table td {
  padding: 0.75em;
}

table tr:hover {
  background: #eee;
}

.year {
  display: table;
}

.month {
  display: table-cell;
  padding-right: 1em;
}

ul {
  margin: 0;
  padding: 0;
  list-style: none;
}

.nick {
  padding-right: 0.6rem;
  font-weight: bold;
  text-align: right;
  width: 13rem;
  display: table-cell;
}

.nick a {
  color: inherit;
  text-decoration: none;
}

.message {
  display: table-cell;
  padding-left: 0.6rem;
  border-left: 2px solid #333;
}

.notice {
  color: #859900;
  font-style: italic;
}

.line {
  line-height: 1.8rem;
  display: table;
}

#logs {
  margin-top: 1.5rem;
  padding: 1.5rem;
}
</style></head><body><h1>IRC channel logs</h1><h2>2020-09-20.log</h2><p><a href="/bootstrappable">back to list of logs</a></p><div id="logs"><div class="line" id="003907"><span class="nick" style="color:#8dd3c7"><a href="#003907" label="[00:39:07]">&lt;OriansJ`&gt;</a></span><span class="message">hopefully everyone is having a wonderful day.</span></div><div class="line" id="004626"><span class="nick" style="color:#8dd3c7"><a href="#004626" label="[00:46:26]">&lt;OriansJ`&gt;</a></span><span class="message">I am currently adding NASM test harnesses to mescc-tools-seed; so those who trust NASM can verify all of the steps involving hand written Assembly</span></div><div class="line" id="090150"><span class="nick">***</span><span class="message notice">ChanServ sets mode: +o rekado</span></div><div class="line" id="104507"><span class="nick" style="color:#2e2a4a"><a href="#104507" label="[10:45:07]">&lt;rain1&gt;</a></span><span class="message">hope you are too OriansJ` 1</span></div><div class="line" id="104509"><span class="nick" style="color:#2e2a4a"><a href="#104509" label="[10:45:09]">&lt;rain1&gt;</a></span><span class="message">!</span></div><div class="line" id="122135"><span class="nick">***</span><span class="message notice">terpri_ is now known as terpri</span></div><div class="line" id="131153"><span class="nick" style="color:#8dd3c7"><a href="#131153" label="[13:11:53]">&lt;OriansJ`&gt;</a></span><span class="message">rain1: well part of me is fatigued but another part of me is glad to see me making progress again.</span></div><div class="line" id="135452"><span class="nick">***</span><span class="message notice">deesix_ is now known as deesix</span></div><br /></div></body></html>