<!DOCTYPE html><html><head><title>IRC channel logs</title><style>html {
  background: #fdfdfd;
}

h1 {
  font-weight: 300;
}

h2 {
  font-weight: 200;
}

h3 {
  padding: .5em 0;
  border-top: 3px dotted #ddd;
  margin-bottom: 0;
}

form {
  width: 400px;
  display: flex;
}

input {
  width: 100%;
  display: flex;
  border-radius: .25em 0 0 .25em;
  border: 1px solid #aaa;
  border-right: 0;
  padding: 0.5em;
}

button {
  display: flex;
  border-radius: 0 .25em .25em 0;
  background-color: #007bff;
  border: 1px solid #007bff;
  padding: .5em;
  cursor: pointer;
  color: white;
}

button:hover {
  background-color: #0069d9;
  border-color: #0062cc;
}

a {
  color: #007bff;
  text-decoration: none;
}

a:hover {
  text-decoration: underline;
}

h4 {
  margin-bottom: .5em;
}

table td {
  padding: 0.75em;
}

table tr:hover {
  background: #eee;
}

.year {
  display: table;
}

.month {
  display: table-cell;
  padding-right: 1em;
}

ul {
  margin: 0;
  padding: 0;
  list-style: none;
}

.nick {
  padding-right: 0.6rem;
  font-weight: bold;
  text-align: right;
  width: 13rem;
  display: table-cell;
}

.nick a {
  color: inherit;
  text-decoration: none;
}

.message {
  display: table-cell;
  padding-left: 0.6rem;
  border-left: 2px solid #333;
}

.notice {
  color: #859900;
  font-style: italic;
}

.line {
  line-height: 1.8rem;
  display: table;
}

#logs {
  margin-top: 1.5rem;
  padding: 1.5rem;
}
</style></head><body><h1>IRC channel logs</h1><h2>2020-04-02.log</h2><p><a href="/bootstrappable">back to list of logs</a></p><div id="logs"><div class="line" id="001805"><span class="nick">***</span><span class="message notice">dzho_ is now known as dzho</span></div><div class="line" id="093303"><span class="nick" style="color:#8dd3c7"><a href="#093303" label="[09:33:03]">&lt;Ojaopeobi&gt;</a></span><span class="message">  _____   ____  _   _  _____  _____  opal</span></div><div class="line" id="093305"><span class="nick" style="color:#8dd3c7"><a href="#093305" label="[09:33:05]">&lt;Ojaopeobi&gt;</a></span><span class="message"> |  __ \ / __ \| \ | |/ ____|/ ____|</span></div><div class="line" id="093306"><span class="nick" style="color:#8dd3c7"><a href="#093306" label="[09:33:06]">&lt;Ojaopeobi&gt;</a></span><span class="message"> | |  | | |  | |  \| | |  __| (___</span></div><div class="line" id="093308"><span class="nick" style="color:#8dd3c7"><a href="#093308" label="[09:33:08]">&lt;Ojaopeobi&gt;</a></span><span class="message"> | |  | | |  | | . ` | | |_ |\___ \</span></div><div class="line" id="093312"><span class="nick" style="color:#8dd3c7"><a href="#093312" label="[09:33:12]">&lt;Ojaopeobi&gt;</a></span><span class="message"> | |__| | |__| | |\  | |__| |____) |</span></div><div class="line" id="093312"><span class="nick" style="color:#8dd3c7"><a href="#093312" label="[09:33:12]">&lt;Ojaopeobi&gt;</a></span><span class="message"> |_____/ \____/|_| \_|\_____|_____/</span></div><div class="line" id="101115"><span class="nick" style="color:#2e2a4a"><a href="#101115" label="[10:11:15]">&lt;Otoneesk&gt;</a></span><span class="message">  _____   ____  _   _  _____  _____  opal</span></div><div class="line" id="101116"><span class="nick" style="color:#2e2a4a"><a href="#101116" label="[10:11:16]">&lt;Otoneesk&gt;</a></span><span class="message"> |  __ \ / __ \| \ | |/ ____|/ ____|</span></div><div class="line" id="101118"><span class="nick" style="color:#2e2a4a"><a href="#101118" label="[10:11:18]">&lt;Otoneesk&gt;</a></span><span class="message"> | |  | | |  | |  \| | |  __| (___</span></div><div class="line" id="101119"><span class="nick" style="color:#2e2a4a"><a href="#101119" label="[10:11:19]">&lt;Otoneesk&gt;</a></span><span class="message"> | |  | | |  | | . ` | | |_ |\___ \</span></div><div class="line" id="101121"><span class="nick" style="color:#2e2a4a"><a href="#101121" label="[10:11:21]">&lt;Otoneesk&gt;</a></span><span class="message"> | |__| | |__| | |\  | |__| |____) |</span></div><div class="line" id="101122"><span class="nick" style="color:#2e2a4a"><a href="#101122" label="[10:11:22]">&lt;Otoneesk&gt;</a></span><span class="message"> |_____/ \____/|_| \_|\_____|_____/</span></div><div class="line" id="101124"><span class="nick" style="color:#2e2a4a"><a href="#101124" label="[10:11:24]">&lt;Otoneesk&gt;</a></span><span class="message"> </span></div><div class="line" id="142026"><span class="nick">***</span><span class="message notice">ChanServ sets mode: +o rekado_</span></div><div class="line" id="142029"><span class="nick">***</span><span class="message notice">rekado_ is now known as rekado</span></div><div class="line" id="180530"><span class="nick" style="color:#6b8072"><a href="#180530" label="[18:05:30]">&lt;galaxie&gt;</a></span><span class="message">Stupid spammers.</span></div><div class="line" id="234154"><span class="nick" style="color:#80b1d3"><a href="#234154" label="[23:41:54]">&lt;OriansJ`&gt;</a></span><span class="message">galaxie: meh, it is IRC. Such things are expected.</span></div><div class="line" id="234252"><span class="nick" style="color:#6b8072"><a href="#234252" label="[23:42:52]">&lt;galaxie&gt;</a></span><span class="message">OriansJ`: I've been here for a few years and I haven't seen it like this. Guess I'm lucky.</span></div><div class="line" id="235218"><span class="nick" style="color:#80b1d3"><a href="#235218" label="[23:52:18]">&lt;OriansJ`&gt;</a></span><span class="message">galaxie: there is a very good reason why channels can restrict access to approved members and some go so far as requiring people to vouch to give others the ability to post to the channel.</span></div><div class="line" id="235331"><span class="nick" style="color:#80b1d3"><a href="#235331" label="[23:53:31]">&lt;OriansJ`&gt;</a></span><span class="message">generally bad actors will exist, it is merely luck that they largely leave us alone. Otherwise we would turn on restrictions again.</span></div><div class="line" id="235422"><span class="nick" style="color:#80b1d3"><a href="#235422" label="[23:54:22]">&lt;OriansJ`&gt;</a></span><span class="message">right now, getting new people involved is more important than keeping out the bad apples.</span></div><br /></div></body></html>