<!DOCTYPE html><html><head><title>IRC channel logs</title><style>html {
  background: #fdfdfd;
}

h1 {
  font-weight: 300;
}

h2 {
  font-weight: 200;
}

h3 {
  padding: .5em 0;
  border-top: 3px dotted #ddd;
  margin-bottom: 0;
}

form {
  width: 400px;
  display: flex;
}

input {
  width: 100%;
  display: flex;
  border-radius: .25em 0 0 .25em;
  border: 1px solid #aaa;
  border-right: 0;
  padding: 0.5em;
}

button {
  display: flex;
  border-radius: 0 .25em .25em 0;
  background-color: #007bff;
  border: 1px solid #007bff;
  padding: .5em;
  cursor: pointer;
  color: white;
}

button:hover {
  background-color: #0069d9;
  border-color: #0062cc;
}

a {
  color: #007bff;
  text-decoration: none;
}

a:hover {
  text-decoration: underline;
}

h4 {
  margin-bottom: .5em;
}

table td {
  padding: 0.75em;
}

table tr:hover {
  background: #eee;
}

.year {
  display: table;
}

.month {
  display: table-cell;
  padding-right: 1em;
}

ul {
  margin: 0;
  padding: 0;
  list-style: none;
}

.nick {
  padding-right: 0.6rem;
  font-weight: bold;
  text-align: right;
  width: 13rem;
  display: table-cell;
}

.nick a {
  color: inherit;
  text-decoration: none;
}

.message {
  display: table-cell;
  padding-left: 0.6rem;
  border-left: 2px solid #333;
}

.notice {
  color: #859900;
  font-style: italic;
}

.line {
  line-height: 1.8rem;
  display: table;
}

#logs {
  margin-top: 1.5rem;
  padding: 1.5rem;
}
</style></head><body><h1>IRC channel logs</h1><h2>2020-03-27.log</h2><p><a href="/bootstrappable">back to list of logs</a></p><div id="logs"><div class="line" id="081527"><span class="nick" style="color:#8dd3c7"><a href="#081527" label="[08:15:27]">&lt;midnight&gt;</a></span><span class="message">lfam: I've never seen Mr. Huang before. &quot;driving a mania to try to solve this problem [ about closed silicon/firmware ]&quot;. What a great turn of phrase.</span></div><div class="line" id="081547"><span class="nick" style="color:#8dd3c7"><a href="#081547" label="[08:15:47]">&lt;midnight&gt;</a></span><span class="message">It *is* a kind of mania, because there is no solution, so it's slowly driving a whole bunch of people absolutely bonkers.</span></div><div class="line" id="081555"><span class="nick" style="color:#8dd3c7"><a href="#081555" label="[08:15:55]">&lt;midnight&gt;</a></span><span class="message">*yet</span></div><div class="line" id="082214"><span class="nick" style="color:#8dd3c7"><a href="#082214" label="[08:22:14]">&lt;midnight&gt;</a></span><span class="message">argh this talk is so good</span></div><div class="line" id="083958"><span class="nick" style="color:#2e2a4a"><a href="#083958" label="[08:39:58]">&lt;lfam&gt;</a></span><span class="message">I'm watching it now midnight, thanks for the reminder :)</span></div><div class="line" id="084117"><span class="nick" style="color:#8dd3c7"><a href="#084117" label="[08:41:17]">&lt;midnight&gt;</a></span><span class="message">argh it's so good.. and I'm discovering that the reason my questions to some projects about their hardware (SiFive included) are receiving essentially blank stares back is, I think, because of the exact problem Huang mentioned: these silicon openness issues aren't widely understood.</span></div><div class="line" id="084319"><span class="nick" style="color:#8dd3c7"><a href="#084319" label="[08:43:19]">&lt;midnight&gt;</a></span><span class="message">This should absolutely be required watching for every FLOSS advocate in the world.</span></div><div class="line" id="090946"><span class="nick" style="color:#8dd3c7"><a href="#090946" label="[09:09:46]">&lt;midnight&gt;</a></span><span class="message">He's really good with the questions, too.</span></div><div class="line" id="092245"><span class="nick" style="color:#8dd3c7"><a href="#092245" label="[09:22:45]">&lt;midnight&gt;</a></span><span class="message">lfam: Super satisfying. A near-complete (from a reasonably educated layperson's perspective) layout of the issue and some thoughts on how to move forwards; plus clearly self-identifying as someone to whom the &quot;mania&quot; label also applies. (Re: his side comment about how his phone is probably running six rootkits just because he's in China among others.)  Thank you.</span></div><div class="line" id="095724"><span class="nick" style="color:#6b8072"><a href="#095724" label="[09:57:24]">&lt;bauen1&gt;</a></span><span class="message">midnight: could you share a link to what you're discussing ?</span></div><div class="line" id="103324"><span class="nick" style="color:#80b1d3"><a href="#103324" label="[10:33:24]">&lt;fossy&gt;</a></span><span class="message">OriansJ: thoughts on making kaem comply with &quot;normal&quot; shell behavior and accept an argument that is not a flag as the script</span></div><div class="line" id="103814"><span class="nick" style="color:#8dd3c7"><a href="#103814" label="[10:38:14]">&lt;midnight&gt;</a></span><span class="message">bauen1: <a rel="nofollow" href="https://www.youtube.com/watch?v=zXwy65d_tu8">https://www.youtube.com/watch?v=zXwy65d_tu8</a> </span></div><div class="line" id="111231"><span class="nick">***</span><span class="message notice">ChanServ sets mode: +o rekado_</span></div><div class="line" id="111242"><span class="nick">***</span><span class="message notice">rekado_ is now known as rekado</span></div><div class="line" id="232522"><span class="nick">***</span><span class="message notice">edef is now known as edef_</span></div><div class="line" id="232546"><span class="nick">***</span><span class="message notice">edef_ is now known as edef</span></div><br /></div></body></html>