<!DOCTYPE html><html><head><title>IRC channel logs</title><style>html {
  background: #fdfdfd;
}

h1 {
  font-weight: 300;
}

h2 {
  font-weight: 200;
}

h3 {
  padding: .5em 0;
  border-top: 3px dotted #ddd;
  margin-bottom: 0;
}

form {
  width: 400px;
  display: flex;
}

input {
  width: 100%;
  display: flex;
  border-radius: .25em 0 0 .25em;
  border: 1px solid #aaa;
  border-right: 0;
  padding: 0.5em;
}

button {
  display: flex;
  border-radius: 0 .25em .25em 0;
  background-color: #007bff;
  border: 1px solid #007bff;
  padding: .5em;
  cursor: pointer;
  color: white;
}

button:hover {
  background-color: #0069d9;
  border-color: #0062cc;
}

a {
  color: #007bff;
  text-decoration: none;
}

a:hover {
  text-decoration: underline;
}

h4 {
  margin-bottom: .5em;
}

table td {
  padding: 0.75em;
}

table tr:hover {
  background: #eee;
}

.year {
  display: table;
}

.month {
  display: table-cell;
  padding-right: 1em;
}

ul {
  margin: 0;
  padding: 0;
  list-style: none;
}

.nick {
  padding-right: 0.6rem;
  font-weight: bold;
  text-align: right;
  width: 13rem;
  display: table-cell;
}

.nick a {
  color: inherit;
  text-decoration: none;
}

.message {
  display: table-cell;
  padding-left: 0.6rem;
  border-left: 2px solid #333;
}

.notice {
  color: #859900;
  font-style: italic;
}

.line {
  line-height: 1.8rem;
  display: table;
}

#logs {
  margin-top: 1.5rem;
  padding: 1.5rem;
}
</style></head><body><h1>IRC channel logs</h1><h2>2020-05-26.log</h2><p><a href="/bootstrappable">back to list of logs</a></p><div id="logs"><div class="line" id="030925"><span class="nick" style="color:#8dd3c7"><a href="#030925" label="[03:09:25]">&lt;vagrantc&gt;</a></span><span class="message">awww... mescc-tools is no longer reproducible: <a rel="nofollow" href="https://tests.reproducible-builds.org/debian/rb-pkg/unstable/amd64/diffoscope-results/mescc-tools.html">https://tests.reproducible-builds.org/debian/rb-pkg/unstable/amd64/diffoscope-results/mescc-tools.html</a> </span></div><div class="line" id="031012"><span class="nick" style="color:#8dd3c7"><a href="#031012" label="[03:10:12]">&lt;vagrantc&gt;</a></span><span class="message">might just be build-path related, but possibly some other things as well</span></div><div class="line" id="034827"><span class="nick" style="color:#8dd3c7"><a href="#034827" label="[03:48:27]">&lt;vagrantc&gt;</a></span><span class="message">oh, maybe it's because it hard-codes the CFLAGS and doesn't take -ffile-prefix-map= ... anymore</span></div><div class="line" id="034827"><span class="nick" style="color:#2e2a4a"><a href="#034827" label="[03:48:27]">*</a></span><span class="message">vagrantc tries a quick patch</span></div><div class="line" id="035517"><span class="nick" style="color:#8dd3c7"><a href="#035517" label="[03:55:17]">&lt;vagrantc&gt;</a></span><span class="message">that was it!</span></div><div class="line" id="042353"><span class="nick" style="color:#8dd3c7"><a href="#042353" label="[04:23:53]">&lt;vagrantc&gt;</a></span><span class="message">OriansJ, janneke : i've submitted two pull requests on github for mescc-tools ... not sure if that's still the preferred method</span></div><div class="line" id="061514"><span class="nick" style="color:#6b8072"><a href="#061514" label="[06:15:14]">&lt;xentrac&gt;</a></span><span class="message">congratulations! wonderful!</span></div><div class="line" id="081820"><span class="nick">***</span><span class="message notice">reepca` is now known as reepca</span></div><div class="line" id="085455"><span class="nick">***</span><span class="message notice">ChanServ sets mode: +o rekado_</span></div><div class="line" id="085522"><span class="nick">***</span><span class="message notice">rekado_ is now known as rekado</span></div><div class="line" id="232550"><span class="nick">***</span><span class="message notice">roptat_ is now known as roptat</span></div><br /></div></body></html>