<!DOCTYPE html><html><head><title>IRC channel logs</title><style>html {
  background: #fdfdfd;
}

h1 {
  font-weight: 300;
}

h2 {
  font-weight: 200;
}

h3 {
  padding: .5em 0;
  border-top: 3px dotted #ddd;
  margin-bottom: 0;
}

form {
  width: 400px;
  display: flex;
}

input {
  width: 100%;
  display: flex;
  border-radius: .25em 0 0 .25em;
  border: 1px solid #aaa;
  border-right: 0;
  padding: 0.5em;
}

button {
  display: flex;
  border-radius: 0 .25em .25em 0;
  background-color: #007bff;
  border: 1px solid #007bff;
  padding: .5em;
  cursor: pointer;
  color: white;
}

button:hover {
  background-color: #0069d9;
  border-color: #0062cc;
}

a {
  color: #007bff;
  text-decoration: none;
}

a:hover {
  text-decoration: underline;
}

h4 {
  margin-bottom: .5em;
}

table td {
  padding: 0.75em;
}

table tr:hover {
  background: #eee;
}

.year {
  display: table;
}

.month {
  display: table-cell;
  padding-right: 1em;
}

ul {
  margin: 0;
  padding: 0;
  list-style: none;
}

.nick {
  padding-right: 0.6rem;
  font-weight: bold;
  text-align: right;
  width: 13rem;
  display: table-cell;
}

.nick a {
  color: inherit;
  text-decoration: none;
}

.message {
  display: table-cell;
  padding-left: 0.6rem;
  border-left: 2px solid #333;
}

.notice {
  color: #859900;
  font-style: italic;
}

.line {
  line-height: 1.8rem;
  display: table;
}

#logs {
  margin-top: 1.5rem;
  padding: 1.5rem;
}
</style></head><body><h1>IRC channel logs</h1><h2>2020-07-25.log</h2><p><a href="/bootstrappable">back to list of logs</a></p><div id="logs"><div class="line" id="002400"><span class="nick" style="color:#389600"><a href="#002400" label="[00:24:00]">&lt;OriansJ`&gt;</a></span><span class="message">mihi: well certainly required before you have a bootstrapped tar to use but I believe gash-utils provides a tar implementation.</span></div><div class="line" id="002547"><span class="nick" style="color:#8dd3c7"><a href="#002547" label="[00:25:47]">&lt;mihi&gt;</a></span><span class="message">OriansJ`, as the intro to the Arctic Code Archive mentions, tar archives can be inspected or audited by humans, but most humans prefer to do it in its unpacked form :)</span></div><div class="line" id="003304"><span class="nick" style="color:#389600"><a href="#003304" label="[00:33:04]">&lt;OriansJ`&gt;</a></span><span class="message">mihi: actually I think humans prefer programs that fit in a single small file</span></div><div class="line" id="003413"><span class="nick" style="color:#8dd3c7"><a href="#003413" label="[00:34:13]">&lt;mihi&gt;</a></span><span class="message">if you don't use this as an argument to use minifiers on source code, I agree</span></div><div class="line" id="003727"><span class="nick" style="color:#389600"><a href="#003727" label="[00:37:27]">&lt;OriansJ`&gt;</a></span><span class="message">mihi: anyone who has looked at my code knows my view of minifiers <a rel="nofollow" href="https://github.com/oriansj/stage0/blob/master/stage3/hex2_linker_x86.c">https://github.com/oriansj/stage0/blob/master/stage3/hex2_linker_x86.c</a> </span></div><div class="line" id="003847"><span class="nick" style="color:#389600"><a href="#003847" label="[00:38:47]">&lt;OriansJ`&gt;</a></span><span class="message">Code is for humans to read and encode understanding and incidentially for computers to run.</span></div><div class="line" id="004239"><span class="nick" style="color:#389600"><a href="#004239" label="[00:42:39]">&lt;OriansJ`&gt;</a></span><span class="message">I am completely serious when I said: all code must be able to be understood by 70% of the population of programmers. If the code can not be understood by that volume, it needs to be altered until it satisfies the above requirement.</span></div><div class="line" id="004322"><span class="nick" style="color:#389600"><a href="#004322" label="[00:43:22]">&lt;OriansJ`&gt;</a></span><span class="message">Literally it should be a bug report when any bit of it isn't completely obvious to a programmer</span></div><div class="line" id="232721"><span class="nick">***</span><span class="message notice">nckx is now known as AMDinc</span></div><div class="line" id="232728"><span class="nick">***</span><span class="message notice">AMDinc is now known as nckx</span></div><br /></div></body></html>