<!DOCTYPE html><html><head><title>IRC channel logs</title><style>html {
  background: #fdfdfd;
}

h1 {
  font-weight: 300;
}

h2 {
  font-weight: 200;
}

h3 {
  padding: .5em 0;
  border-top: 3px dotted #ddd;
  margin-bottom: 0;
}

form {
  width: 400px;
  display: flex;
}

input {
  width: 100%;
  display: flex;
  border-radius: .25em 0 0 .25em;
  border: 1px solid #aaa;
  border-right: 0;
  padding: 0.5em;
}

button {
  display: flex;
  border-radius: 0 .25em .25em 0;
  background-color: #007bff;
  border: 1px solid #007bff;
  padding: .5em;
  cursor: pointer;
  color: white;
}

button:hover {
  background-color: #0069d9;
  border-color: #0062cc;
}

a {
  color: #007bff;
  text-decoration: none;
}

a:hover {
  text-decoration: underline;
}

h4 {
  margin-bottom: .5em;
}

table td {
  padding: 0.75em;
}

table tr:hover {
  background: #eee;
}

.year {
  display: table;
}

.month {
  display: table-cell;
  padding-right: 1em;
}

ul {
  margin: 0;
  padding: 0;
  list-style: none;
}

.nick {
  padding-right: 0.6rem;
  font-weight: bold;
  text-align: right;
  width: 13rem;
  display: table-cell;
}

.nick a {
  color: inherit;
  text-decoration: none;
}

.message {
  display: table-cell;
  padding-left: 0.6rem;
  border-left: 2px solid #333;
}

.notice {
  color: #859900;
  font-style: italic;
}

.line {
  line-height: 1.8rem;
  display: table;
}

#logs {
  margin-top: 1.5rem;
  padding: 1.5rem;
}
</style></head><body><h1>IRC channel logs</h1><h2>2020-03-24.log</h2><p><a href="/bootstrappable">back to list of logs</a></p><div id="logs"><div class="line" id="095144"><span class="nick">***</span><span class="message notice">ChanServ sets mode: +o rekado_</span></div><div class="line" id="095146"><span class="nick">***</span><span class="message notice">rekado_ is now known as rekado</span></div><div class="line" id="152747"><span class="nick" style="color:#8dd3c7"><a href="#152747" label="[15:27:47]">&lt;gio&gt;</a></span><span class="message">Hi boostrappable people. I was wondering if anybody has already bootstrapped bison. I did an attempt a few months ago, but it requires really a lot of iterations of past bison versions and various other hacks.</span></div><div class="line" id="152823"><span class="nick" style="color:#8dd3c7"><a href="#152823" label="[15:28:23]">&lt;gio&gt;</a></span><span class="message">So I was thinking that maybe it could be easier to write another minimal bison that is just able to parse bison's grammar, which is not too complicated.</span></div><div class="line" id="152830"><span class="nick" style="color:#8dd3c7"><a href="#152830" label="[15:28:30]">&lt;gio&gt;</a></span><span class="message">Do you know if someone has already tried this?</span></div><div class="line" id="153230"><span class="nick" style="color:#8dd3c7"><a href="#153230" label="[15:32:30]">&lt;gio&gt;</a></span><span class="message">Do you know if someone has already tried this?</span></div><div class="line" id="153511"><span class="nick" style="color:#2e2a4a"><a href="#153511" label="[15:35:11]">&lt;civodul&gt;</a></span><span class="message">gio: i think we never looked at it in Guix, strangely!</span></div><div class="line" id="153529"><span class="nick" style="color:#2e2a4a"><a href="#153529" label="[15:35:29]">&lt;civodul&gt;</a></span><span class="message">people looked at many things but not this one</span></div><div class="line" id="153530"><span class="nick" style="color:#2e2a4a"><a href="#153530" label="[15:35:30]">&lt;civodul&gt;</a></span><span class="message">the elephant in the room</span></div><div class="line" id="155239"><span class="nick" style="color:#8dd3c7"><a href="#155239" label="[15:52:39]">&lt;gio&gt;</a></span><span class="message">civodul: Ok, good to know. I am giving it a try. No promises!</span></div><div class="line" id="170920"><span class="nick">***</span><span class="message notice">ChanServ sets mode: +o rekado</span></div><div class="line" id="172520"><span class="nick">***</span><span class="message notice">M-Dog is now known as DKordic</span></div><div class="line" id="173536"><span class="nick" style="color:#6b8072"><a href="#173536" label="[17:35:36]">&lt;OriansJ&gt;</a></span><span class="message">gio: perhaps nyacc could help with solving the bison problem?</span></div><br /></div></body></html>