<!DOCTYPE html><html><head><title>IRC channel logs</title><style>html {
  background: #fdfdfd;
}

h1 {
  font-weight: 300;
}

h2 {
  font-weight: 200;
}

h3 {
  padding: .5em 0;
  border-top: 3px dotted #ddd;
  margin-bottom: 0;
}

form {
  width: 400px;
  display: flex;
}

input {
  width: 100%;
  display: flex;
  border-radius: .25em 0 0 .25em;
  border: 1px solid #aaa;
  border-right: 0;
  padding: 0.5em;
}

button {
  display: flex;
  border-radius: 0 .25em .25em 0;
  background-color: #007bff;
  border: 1px solid #007bff;
  padding: .5em;
  cursor: pointer;
  color: white;
}

button:hover {
  background-color: #0069d9;
  border-color: #0062cc;
}

a {
  color: #007bff;
  text-decoration: none;
}

a:hover {
  text-decoration: underline;
}

h4 {
  margin-bottom: .5em;
}

table td {
  padding: 0.75em;
}

table tr:hover {
  background: #eee;
}

.year {
  display: table;
}

.month {
  display: table-cell;
  padding-right: 1em;
}

ul {
  margin: 0;
  padding: 0;
  list-style: none;
}

.nick {
  padding-right: 0.6rem;
  font-weight: bold;
  text-align: right;
  width: 13rem;
  display: table-cell;
}

.nick a {
  color: inherit;
  text-decoration: none;
}

.message {
  display: table-cell;
  padding-left: 0.6rem;
  border-left: 2px solid #333;
}

.notice {
  color: #859900;
  font-style: italic;
}

.line {
  line-height: 1.8rem;
  display: table;
}

#logs {
  margin-top: 1.5rem;
  padding: 1.5rem;
}
</style></head><body><h1>IRC channel logs</h1><h2>2021-05-17.log</h2><p><a href="/bootstrappable">back to list of logs</a></p><div id="logs"><div class="line" id="000210"><span class="nick" style="color:#389600"><a href="#000210" label="[00:02:10]">&lt;stikonas&gt;</a></span><span class="message">melg8: well, it should build but you'll have to adjust src_prepare a bit of course</span></div><div class="line" id="000223"><span class="nick" style="color:#389600"><a href="#000223" label="[00:02:23]">&lt;stikonas&gt;</a></span><span class="message">there might be fewer files to remove</span></div><div class="line" id="000238"><span class="nick" style="color:#389600"><a href="#000238" label="[00:02:38]">&lt;stikonas&gt;</a></span><span class="message">I expect that most autotools pre-generated files will actaully not be there</span></div><div class="line" id="000327"><span class="nick" style="color:#389600"><a href="#000327" label="[00:03:27]">&lt;stikonas&gt;</a></span><span class="message">but in general coreutils turned out a bit harder than I expected...</span></div><div class="line" id="000343"><span class="nick" style="color:#389600"><a href="#000343" label="[00:03:43]">&lt;stikonas&gt;</a></span><span class="message">(mostly because of this gnulib stuff, in other projects it was easier to reimport)</span></div><div class="line" id="004038"><span class="nick" style="color:#2e2a4a"><a href="#004038" label="[00:40:38]">&lt;melg8&gt;</a></span><span class="message">as i can tell.. sysa doesn't check if sysa.py were modified, and so, if i already downloaded all sources, than modifed link - it will not try to reload new link</span></div><div class="line" id="004128"><span class="nick" style="color:#389600"><a href="#004128" label="[00:41:28]">&lt;stikonas&gt;</a></span><span class="message">melg8: that's right</span></div><div class="line" id="004148"><span class="nick" style="color:#389600"><a href="#004148" label="[00:41:48]">&lt;stikonas&gt;</a></span><span class="message">melg8: download dir is just some cache to reduce amount of downloading</span></div><div class="line" id="004220"><span class="nick" style="color:#389600"><a href="#004220" label="[00:42:20]">&lt;stikonas&gt;</a></span><span class="message">we can't check if file is the same as new upstream link without downloading it</span></div><div class="line" id="004255"><span class="nick" style="color:#389600"><a href="#004255" label="[00:42:55]">&lt;stikonas&gt;</a></span><span class="message">just delete old file from sources dir</span></div><div class="line" id="004257"><span class="nick" style="color:#2e2a4a"><a href="#004257" label="[00:42:57]">&lt;melg8&gt;</a></span><span class="message">it would bring problems if we ever start using caches on servers) yes we can, we can just add sha256sum of sysa inside of SHA256SUMS.sources?)</span></div><div class="line" id="005938"><span class="nick" style="color:#6b8072"><a href="#005938" label="[00:59:38]">&lt;fossy&gt;</a></span><span class="message">?</span></div><div class="line" id="010026"><span class="nick" style="color:#6b8072"><a href="#010026" label="[01:00:26]">&lt;fossy&gt;</a></span><span class="message">Dont think we need to checksum ourselves</span></div><div class="line" id="012040"><span class="nick" style="color:#389600"><a href="#012040" label="[01:20:40]">&lt;stikonas&gt;</a></span><span class="message">yeah, it seems a bit too much...</span></div><div class="line" id="012106"><span class="nick" style="color:#389600"><a href="#012106" label="[01:21:06]">&lt;stikonas&gt;</a></span><span class="message">there will be a clear checksumming error anyway before anything even runs</span></div><div class="line" id="012116"><span class="nick" style="color:#389600"><a href="#012116" label="[01:21:16]">&lt;stikonas&gt;</a></span><span class="message">when you change download link to point to some other file</span></div><br /></div></body></html>