<!DOCTYPE html><html><head><title>IRC channel logs</title><style>html {
  background: #fdfdfd;
}

h1 {
  font-weight: 300;
}

h2 {
  font-weight: 200;
}

h3 {
  padding: .5em 0;
  border-top: 3px dotted #ddd;
  margin-bottom: 0;
}

form {
  width: 400px;
  display: flex;
}

input {
  width: 100%;
  display: flex;
  border-radius: .25em 0 0 .25em;
  border: 1px solid #aaa;
  border-right: 0;
  padding: 0.5em;
}

button {
  display: flex;
  border-radius: 0 .25em .25em 0;
  background-color: #007bff;
  border: 1px solid #007bff;
  padding: .5em;
  cursor: pointer;
  color: white;
}

button:hover {
  background-color: #0069d9;
  border-color: #0062cc;
}

a {
  color: #007bff;
  text-decoration: none;
}

a:hover {
  text-decoration: underline;
}

h4 {
  margin-bottom: .5em;
}

table td {
  padding: 0.75em;
}

table tr:hover {
  background: #eee;
}

.year {
  display: table;
}

.month {
  display: table-cell;
  padding-right: 1em;
}

ul {
  margin: 0;
  padding: 0;
  list-style: none;
}

.nick {
  padding-right: 0.6rem;
  font-weight: bold;
  text-align: right;
  width: 13rem;
  display: table-cell;
}

.nick a {
  color: inherit;
  text-decoration: none;
}

.message {
  display: table-cell;
  padding-left: 0.6rem;
  border-left: 2px solid #333;
}

.notice {
  color: #859900;
  font-style: italic;
}

.line {
  line-height: 1.8rem;
  display: table;
}

#logs {
  margin-top: 1.5rem;
  padding: 1.5rem;
}
</style></head><body><h1>IRC channel logs</h1><h2>2021-08-27.log</h2><p><a href="/bootstrappable">back to list of logs</a></p><div id="logs"><div class="line" id="033113"><span class="nick" style="color:#8dd3c7"><a href="#033113" label="[03:31:13]">&lt;xentrac&gt;</a></span><span class="message">01:19 &lt; Xav101&gt; I don't know if any of you guys have played factorio</span></div><div class="line" id="033113"><span class="nick" style="color:#8dd3c7"><a href="#033113" label="[03:31:13]">&lt;xentrac&gt;</a></span><span class="message">01:19 &lt; Xav101&gt; but I ended up building what seems like a functional RISC-V CPU in it with the in-game logic</span></div><div class="line" id="033116"><span class="nick" style="color:#8dd3c7"><a href="#033116" label="[03:31:16]">&lt;xentrac&gt;</a></span><span class="message">                system</span></div><div class="line" id="033553"><span class="nick" style="color:#2e2a4a"><a href="#033553" label="[03:35:53]">&lt;oriansj&gt;</a></span><span class="message">well that is a little extreme</span></div><div class="line" id="033555"><span class="nick" style="color:#6b8072"><a href="#033555" label="[03:35:55]">&lt;Hagfish&gt;</a></span><span class="message">incredible</span></div><div class="line" id="033616"><span class="nick" style="color:#6b8072"><a href="#033616" label="[03:36:16]">&lt;Hagfish&gt;</a></span><span class="message">are there higher level languages which compile to factorio layouts?</span></div><div class="line" id="033630"><span class="nick" style="color:#6b8072"><a href="#033630" label="[03:36:30]">&lt;Hagfish&gt;</a></span><span class="message">or at least let you input programs for this CPU</span></div><div class="line" id="034014"><span class="nick" style="color:#8dd3c7"><a href="#034014" label="[03:40:14]">&lt;xentrac&gt;</a></span><span class="message">he's trying to get it to run some C compiler output now, but he's having some trouble with building enough RAM</span></div><div class="line" id="034019"><span class="nick" style="color:#8dd3c7"><a href="#034019" label="[03:40:19]">&lt;xentrac&gt;</a></span><span class="message">as one does</span></div><div class="line" id="034538"><span class="nick" style="color:#6b8072"><a href="#034538" label="[03:45:38]">&lt;Hagfish&gt;</a></span><span class="message">if it's a problem of scale, it would probably be excusable to use a mod for factorio which makes one type of structure behave like a complex of such structures</span></div><div class="line" id="034555"><span class="nick" style="color:#6b8072"><a href="#034555" label="[03:45:55]">&lt;Hagfish&gt;</a></span><span class="message">(i don't know what the modding community for factorio is like)</span></div><div class="line" id="034835"><span class="nick" style="color:#8dd3c7"><a href="#034835" label="[03:48:35]">&lt;xentrac&gt;</a></span><span class="message">yeah, dunno</span></div><div class="line" id="035224"><span class="nick" style="color:#2e2a4a"><a href="#035224" label="[03:52:24]">&lt;oriansj&gt;</a></span><span class="message">xentrac: well he would only need a few KB if he used a compiler like M2-Planet</span></div><div class="line" id="035315"><span class="nick" style="color:#8dd3c7"><a href="#035315" label="[03:53:15]">&lt;xentrac&gt;</a></span><span class="message">I'll mention that to him if I see him again</span></div><div class="line" id="035317"><span class="nick" style="color:#8dd3c7"><a href="#035317" label="[03:53:17]">&lt;xentrac&gt;</a></span><span class="message">or her</span></div><div class="line" id="035327"><span class="nick" style="color:#8dd3c7"><a href="#035327" label="[03:53:27]">&lt;xentrac&gt;</a></span><span class="message">or them</span></div><div class="line" id="035350"><span class="nick" style="color:#2e2a4a"><a href="#035350" label="[03:53:50]">&lt;oriansj&gt;</a></span><span class="message">only a few hundred bytes if they are willing write in assembly for their example program.</span></div><div class="line" id="035422"><span class="nick" style="color:#8dd3c7"><a href="#035422" label="[03:54:22]">&lt;xentrac&gt;</a></span><span class="message">I think that's what he's doing so far, yeah</span></div><div class="line" id="035451"><span class="nick" style="color:#8dd3c7"><a href="#035451" label="[03:54:51]">&lt;xentrac&gt;</a></span><span class="message">/she/they</span></div><div class="line" id="035606"><span class="nick" style="color:#2e2a4a"><a href="#035606" label="[03:56:06]">&lt;oriansj&gt;</a></span><span class="message">xentrac: using names does not require gender identity</span></div><div class="line" id="035812"><span class="nick" style="color:#2e2a4a"><a href="#035812" label="[03:58:12]">&lt;oriansj&gt;</a></span><span class="message">and if Xav101 doesn't like people using their name when they are talked about. Well my political correctness ends after basic human dignity and respect.</span></div><div class="line" id="035904"><span class="nick" style="color:#8dd3c7"><a href="#035904" label="[03:59:04]">&lt;xentrac&gt;</a></span><span class="message">I just keep forgetting</span></div><div class="line" id="040007"><span class="nick" style="color:#2e2a4a"><a href="#040007" label="[04:00:07]">&lt;oriansj&gt;</a></span><span class="message">xentrac: too much stress lately?</span></div><div class="line" id="041744"><span class="nick" style="color:#2e2a4a"><a href="#041744" label="[04:17:44]">&lt;oriansj&gt;</a></span><span class="message">play PhdtdUljThU</span></div><div class="line" id="041751"><span class="nick" style="color:#2e2a4a"><a href="#041751" label="[04:17:51]">&lt;oriansj&gt;</a></span><span class="message">sorry wrong window</span></div><div class="line" id="074111"><span class="nick" style="color:#80b1d3"><a href="#074111" label="[07:41:11]">&lt;fossy&gt;</a></span><span class="message">PR has dropped</span></div><div class="line" id="074905"><span class="nick" style="color:#80b1d3"><a href="#074905" label="[07:49:05]">&lt;fossy&gt;</a></span><span class="message">stikonas[m]: if you could take a look at it whenever you have time that would be great. no rush at all though, i still have some small issues like pylint to fix</span></div><div class="line" id="093913"><span class="nick" style="color:#6d2462"><a href="#093913" label="[09:39:13]">&lt;stikonas[m]&gt;</a></span><span class="message">fossy: give me 2 weeks or so to review</span></div><div class="line" id="104253"><span class="nick" style="color:#80b1d3"><a href="#104253" label="[10:42:53]">&lt;fossy&gt;</a></span><span class="message">stikonas[m]: sure</span></div><br /></div></body></html>