<!DOCTYPE html><html><head><title>IRC channel logs</title><style>html {
  background: #fdfdfd;
}

h1 {
  font-weight: 300;
}

h2 {
  font-weight: 200;
}

h3 {
  padding: .5em 0;
  border-top: 3px dotted #ddd;
  margin-bottom: 0;
}

form {
  width: 400px;
  display: flex;
}

input {
  width: 100%;
  display: flex;
  border-radius: .25em 0 0 .25em;
  border: 1px solid #aaa;
  border-right: 0;
  padding: 0.5em;
}

button {
  display: flex;
  border-radius: 0 .25em .25em 0;
  background-color: #007bff;
  border: 1px solid #007bff;
  padding: .5em;
  cursor: pointer;
  color: white;
}

button:hover {
  background-color: #0069d9;
  border-color: #0062cc;
}

a {
  color: #007bff;
  text-decoration: none;
}

a:hover {
  text-decoration: underline;
}

h4 {
  margin-bottom: .5em;
}

table td {
  padding: 0.75em;
}

table tr:hover {
  background: #eee;
}

.year {
  display: table;
}

.month {
  display: table-cell;
  padding-right: 1em;
}

ul {
  margin: 0;
  padding: 0;
  list-style: none;
}

.nick {
  padding-right: 0.6rem;
  font-weight: bold;
  text-align: right;
  width: 13rem;
  display: table-cell;
}

.nick a {
  color: inherit;
  text-decoration: none;
}

.message {
  display: table-cell;
  padding-left: 0.6rem;
  border-left: 2px solid #333;
}

.notice {
  color: #859900;
  font-style: italic;
}

.line {
  line-height: 1.8rem;
  display: table;
}

#logs {
  margin-top: 1.5rem;
  padding: 1.5rem;
}
</style></head><body><h1>IRC channel logs</h1><h2>2021-02-23.log</h2><p><a href="/bootstrappable">back to list of logs</a></p><div id="logs"><div class="line" id="001553"><span class="nick" style="color:#8dd3c7"><a href="#001553" label="[00:15:53]">&lt;stikonas&gt;</a></span><span class="message">hmm, no, perl 5.6.2 is still sometimes crashing</span></div><div class="line" id="001600"><span class="nick" style="color:#8dd3c7"><a href="#001600" label="[00:16:00]">&lt;stikonas&gt;</a></span><span class="message">will probaby investigate some other day</span></div><div class="line" id="001607"><span class="nick" style="color:#8dd3c7"><a href="#001607" label="[00:16:07]">&lt;stikonas&gt;</a></span><span class="message">although, it might be able to run autoconf</span></div><div class="line" id="001838"><span class="nick" style="color:#8dd3c7"><a href="#001838" label="[00:18:38]">&lt;stikonas&gt;</a></span><span class="message">hmm, no newer autoconf might actually need full perl, not miniperl :(</span></div><div class="line" id="002013"><span class="nick" style="color:#2e2a4a"><a href="#002013" label="[00:20:13]">&lt;Hagfish&gt;</a></span><span class="message">it's surprising this stuff ever worked</span></div><div class="line" id="002715"><span class="nick" style="color:#8dd3c7"><a href="#002715" label="[00:27:15]">&lt;stikonas&gt;</a></span><span class="message">well, people used full perl...</span></div><div class="line" id="002727"><span class="nick" style="color:#8dd3c7"><a href="#002727" label="[00:27:27]">&lt;stikonas&gt;</a></span><span class="message">nobody bothered to keep bootstrap path</span></div><div class="line" id="004359"><span class="nick" style="color:#2e2a4a"><a href="#004359" label="[00:43:59]">&lt;Hagfish&gt;</a></span><span class="message">yeah, it just feels unfair that they were allowed to let the ladder beneath them rot away without it causing their house to fall down :)</span></div><div class="line" id="010157"><span class="nick" style="color:#6b8072"><a href="#010157" label="[01:01:57]">&lt;OriansJ&gt;</a></span><span class="message">Hagfish: All civilization burns the ladders that they climb. See ease of finding cooper, Iron or Al2O3 ore over time. (feel free to repeat for any other natural resource)</span></div><div class="line" id="010419"><span class="nick" style="color:#6b8072"><a href="#010419" label="[01:04:19]">&lt;OriansJ&gt;</a></span><span class="message">but we also tend to turn previously worthless resources into precious ones (lobsters under 50lbs used to be thrown back as being too small) because we burned though the previously available resources.</span></div><div class="line" id="010615"><span class="nick" style="color:#2e2a4a"><a href="#010615" label="[01:06:15]">&lt;Hagfish&gt;</a></span><span class="message">humanity is at the awkward teenage phase of being just smart enough to be able to live sustainably, if we apply ourselves to the task, but also powerful enough to make some terrible mistakes</span></div><div class="line" id="014652"><span class="nick" style="color:#80b1d3"><a href="#014652" label="[01:46:52]">&lt;pabs3&gt;</a></span><span class="message">whats the right way to send (minor) patches for the website?</span></div><div class="line" id="015504"><span class="nick" style="color:#8dd3c7"><a href="#015504" label="[01:55:04]">&lt;stikonas&gt;</a></span><span class="message">pabs3: which website? bootstrappable.org?</span></div><div class="line" id="015515"><span class="nick" style="color:#80b1d3"><a href="#015515" label="[01:55:15]">&lt;pabs3&gt;</a></span><span class="message">yeah</span></div><div class="line" id="015518"><span class="nick" style="color:#8dd3c7"><a href="#015518" label="[01:55:18]">&lt;stikonas&gt;</a></span><span class="message">looks like repo is in <a rel="nofollow" href="https://git.savannah.gnu.org/cgit/guix/bootstrappable.git/">https://git.savannah.gnu.org/cgit/guix/bootstrappable.git/</a> </span></div><div class="line" id="015543"><span class="nick" style="color:#80b1d3"><a href="#015543" label="[01:55:43]">&lt;pabs3&gt;</a></span><span class="message">yeah, I already made the patch, and sent it here yesterday via pastebin</span></div><div class="line" id="015549"><span class="nick" style="color:#8dd3c7"><a href="#015549" label="[01:55:49]">&lt;stikonas&gt;</a></span><span class="message">maybe if you send it to the mailing list</span></div><div class="line" id="015553"><span class="nick" style="color:#8dd3c7"><a href="#015553" label="[01:55:53]">&lt;stikonas&gt;</a></span><span class="message">somebody will pick it up</span></div><div class="line" id="015555"><span class="nick" style="color:#80b1d3"><a href="#015555" label="[01:55:55]">&lt;pabs3&gt;</a></span><span class="message">ok, will do</span></div><div class="line" id="024255"><span class="nick" style="color:#6b8072"><a href="#024255" label="[02:42:55]">&lt;OriansJ&gt;</a></span><span class="message">Hagfish: here I was thinking toddler stage of development; as our civilization really hasn't gotten off the ground.</span></div><div class="line" id="024352"><span class="nick" style="color:#6b8072"><a href="#024352" label="[02:43:52]">&lt;OriansJ&gt;</a></span><span class="message">pabs3: if I remember correctly rekado deal with bootstrappable.org so ping him.</span></div><div class="line" id="024520"><span class="nick" style="color:#80b1d3"><a href="#024520" label="[02:45:20]">&lt;pabs3&gt;</a></span><span class="message">rekado: in case you take patches for the bootstrappable.org site via IRC instead of the lists, a patch updating some links to https: <a rel="nofollow" href="https://paste.debian.net/plain/1186383/">https://paste.debian.net/plain/1186383/</a> </span></div><div class="line" id="025807"><span class="nick" style="color:#6b8072"><a href="#025807" label="[02:58:07]">&lt;OriansJ&gt;</a></span><span class="message">NieDzejkob: looks like your ember project has a pull request</span></div><div class="line" id="030854"><span class="nick" style="color:#6d2462"><a href="#030854" label="[03:08:54]">&lt;pder&gt;</a></span><span class="message">stikonas: do you know what is needed to go from miniperl to full perl?  Do we need binutils or gcc?</span></div><div class="line" id="052548"><span class="nick" style="color:#6b8072"><a href="#052548" label="[05:25:48]">&lt;OriansJ&gt;</a></span><span class="message">and the first couple of string.h functions have been added.</span></div><div class="line" id="052604"><span class="nick" style="color:#6b8072"><a href="#052604" label="[05:26:04]">&lt;OriansJ&gt;</a></span><span class="message">hopefully I didn't do them too wrong....</span></div><div class="line" id="062834"><span class="nick" style="color:#6d2462"><a href="#062834" label="[06:28:34]">&lt;pder&gt;</a></span><span class="message">stikonas: I tried running autoconf for binutils and got the following error:</span></div><div class="line" id="062837"><span class="nick" style="color:#6d2462"><a href="#062837" label="[06:28:37]">&lt;pder&gt;</a></span><span class="message">awk: /tmp/ac109920/finalize.awk:26: (FILENAME=- FNR=5109) fatal: can't redirect to `/tmp/ac109920/finalize.err' (No such file or directory)</span></div><div class="line" id="062950"><span class="nick" style="color:#6d2462"><a href="#062950" label="[06:29:50]">&lt;pder&gt;</a></span><span class="message">Tried several directories.  ld and bfd seemed to work</span></div><div class="line" id="064548"><span class="nick" style="color:#234e69"><a href="#064548" label="[06:45:48]">&lt;fossy&gt;</a></span><span class="message">hm</span></div><div class="line" id="064550"><span class="nick" style="color:#234e69"><a href="#064550" label="[06:45:50]">&lt;fossy&gt;</a></span><span class="message">how odd</span></div><div class="line" id="064612"><span class="nick" style="color:#234e69"><a href="#064612" label="[06:46:12]">&lt;fossy&gt;</a></span><span class="message">wait /tmp dosent exist</span></div><div class="line" id="134223"><span class="nick">***</span><span class="message notice">Server sets mode: +cnt </span></div><div class="line" id="225211"><span class="nick" style="color:#8dd3c7"><a href="#225211" label="[22:52:11]">&lt;stikonas&gt;</a></span><span class="message">hmm, I have some minor progress with perl 5.6.2, fixed one thing, so it can now rebuild itself, unfortunately, it still crashes on 5.18 regen_perly.pl (but regen.pl does work)</span></div><div class="line" id="232228"><span class="nick" style="color:#2e2a4a"><a href="#232228" label="[23:22:28]">&lt;Hagfish&gt;</a></span><span class="message">thanks for the update stikonas.  hearing about your progress (and all the progress in this channel) is something i look forward to every day</span></div><div class="line" id="233152"><span class="nick" style="color:#6c3d55"><a href="#233152" label="[23:31:52]">&lt;SailorHaumea&gt;</a></span><span class="message">/!\ this chat has moved to irc.crimeircd.net #pp /!\</span></div><div class="line" id="233327"><span class="nick" style="color:#d9d9d9"><a href="#233327" label="[23:33:27]">&lt;infernixaT&gt;</a></span><span class="message">/!\ this chat has moved to irc.crimeircd.net #0 /!\</span></div><div class="line" id="233344"><span class="nick" style="color:#2e2a4a"><a href="#233344" label="[23:33:44]">&lt;Hagfish&gt;</a></span><span class="message">i wish this chat would stop moving around so much :)</span></div><div class="line" id="233358"><span class="nick" style="color:#bc80bd"><a href="#233358" label="[23:33:58]">&lt;junction00&gt;</a></span><span class="message">/!\ this chat has moved to irc.crimeircd.net #0 /!\</span></div><div class="line" id="233406"><span class="nick" style="color:#bc80bd"><a href="#233406" label="[23:34:06]">&lt;junction00&gt;</a></span><span class="message">/!\ this chat has moved to irc.crimeircd.net #0 /!\</span></div><div class="line" id="233410"><span class="nick" style="color:#bc80bd"><a href="#233410" label="[23:34:10]">&lt;junction00&gt;</a></span><span class="message">/!\ this chat has moved to irc.crimeircd.net #0 /!\</span></div><div class="line" id="233417"><span class="nick" style="color:#bc80bd"><a href="#233417" label="[23:34:17]">&lt;junction00&gt;</a></span><span class="message">/!\ this chat has moved to irc.crimeircd.net #0 /!\</span></div><div class="line" id="233419"><span class="nick" style="color:#2e2a4a"><a href="#233419" label="[23:34:19]">&lt;Hagfish&gt;</a></span><span class="message">well, at least it seems to be stabilising a little :)</span></div><div class="line" id="233424"><span class="nick" style="color:#bc80bd"><a href="#233424" label="[23:34:24]">&lt;junction00&gt;</a></span><span class="message">/!\ this chat has moved to irc.crimeircd.net #0 /!\</span></div><div class="line" id="233433"><span class="nick" style="color:#3c5b35"><a href="#233433" label="[23:34:33]">&lt;monov&gt;</a></span><span class="message">/!\ this chat has moved to irc.crimeircd.net #0 /!\</span></div><div class="line" id="233441"><span class="nick" style="color:#3c5b35"><a href="#233441" label="[23:34:41]">&lt;monov&gt;</a></span><span class="message">/!\ this chat has moved to irc.crimeircd.net #0 /!\</span></div><div class="line" id="233448"><span class="nick" style="color:#3c5b35"><a href="#233448" label="[23:34:48]">&lt;monov&gt;</a></span><span class="message">/!\ this chat has moved to irc.crimeircd.net #0 /!\</span></div><div class="line" id="233456"><span class="nick" style="color:#3c5b35"><a href="#233456" label="[23:34:56]">&lt;monov&gt;</a></span><span class="message">/!\ this chat has moved to irc.crimeircd.net #0 /!\</span></div><div class="line" id="233500"><span class="nick" style="color:#3c5b35"><a href="#233500" label="[23:35:00]">&lt;monov&gt;</a></span><span class="message">/!\ this chat has moved to irc.crimeircd.net #0 /!\</span></div><div class="line" id="233510"><span class="nick" style="color:#af8d2f"><a href="#233510" label="[23:35:10]">&lt;wfranken&gt;</a></span><span class="message">/!\ this chat has moved to irc.crimeircd.net #0 /!\</span></div><div class="line" id="233517"><span class="nick" style="color:#af8d2f"><a href="#233517" label="[23:35:17]">&lt;wfranken&gt;</a></span><span class="message">/!\ this chat has moved to irc.crimeircd.net #0 /!\</span></div><div class="line" id="233522"><span class="nick" style="color:#2e2a4a"><a href="#233522" label="[23:35:22]">&lt;Hagfish&gt;</a></span><span class="message">monov: you probably shouldn't uncloak until junction00 gets their IP banned</span></div><div class="line" id="233526"><span class="nick" style="color:#af8d2f"><a href="#233526" label="[23:35:26]">&lt;wfranken&gt;</a></span><span class="message">/!\ this chat has moved to irc.crimeircd.net #0 /!\</span></div><div class="line" id="233529"><span class="nick" style="color:#2e2a4a"><a href="#233529" label="[23:35:29]">&lt;Hagfish&gt;</a></span><span class="message">you too wfranken, you're just burning IPs</span></div><div class="line" id="233532"><span class="nick" style="color:#af8d2f"><a href="#233532" label="[23:35:32]">&lt;wfranken&gt;</a></span><span class="message">/!\ this chat has moved to irc.crimeircd.net #0 /!\</span></div><div class="line" id="233552"><span class="nick" style="color:#2e2a4a"><a href="#233552" label="[23:35:52]">&lt;Hagfish&gt;</a></span><span class="message">don't say i didn't warn you ;)</span></div><div class="line" id="235425"><span class="nick" style="color:#389600"><a href="#235425" label="[23:54:25]">&lt;MalReynolds&gt;</a></span><span class="message">YcV5iCuxjb4BaUw2YAdP5OMRddS7WNfVraJfXqLnaEnFCmbhXvXl2pDj3tDUPKx7BdtDgrGJtzJup8xss4hEruYjhp3s9kn6u6QwT0dqlorjWymjG6qxn3cP</span></div><br /></div></body></html>