<!DOCTYPE html><html><head><title>IRC channel logs</title><style>html {
  background: #fdfdfd;
}

h1 {
  font-weight: 300;
}

h2 {
  font-weight: 200;
}

h3 {
  padding: .5em 0;
  border-top: 3px dotted #ddd;
  margin-bottom: 0;
}

form {
  width: 400px;
  display: flex;
}

input {
  width: 100%;
  display: flex;
  border-radius: .25em 0 0 .25em;
  border: 1px solid #aaa;
  border-right: 0;
  padding: 0.5em;
}

button {
  display: flex;
  border-radius: 0 .25em .25em 0;
  background-color: #007bff;
  border: 1px solid #007bff;
  padding: .5em;
  cursor: pointer;
  color: white;
}

button:hover {
  background-color: #0069d9;
  border-color: #0062cc;
}

a {
  color: #007bff;
  text-decoration: none;
}

a:hover {
  text-decoration: underline;
}

h4 {
  margin-bottom: .5em;
}

table td {
  padding: 0.75em;
}

table tr:hover {
  background: #eee;
}

.year {
  display: table;
}

.month {
  display: table-cell;
  padding-right: 1em;
}

ul {
  margin: 0;
  padding: 0;
  list-style: none;
}

.nick {
  padding-right: 0.6rem;
  font-weight: bold;
  text-align: right;
  width: 13rem;
  display: table-cell;
}

.nick a {
  color: inherit;
  text-decoration: none;
}

.message {
  display: table-cell;
  padding-left: 0.6rem;
  border-left: 2px solid #333;
}

.notice {
  color: #859900;
  font-style: italic;
}

.line {
  line-height: 1.8rem;
  display: table;
}

#logs {
  margin-top: 1.5rem;
  padding: 1.5rem;
}
</style></head><body><h1>IRC channel logs</h1><h2>2021-12-23.log</h2><p><a href="/bootstrappable">back to list of logs</a></p><div id="logs"><div class="line" id="015322"><span class="nick" style="color:#8dd3c7"><a href="#015322" label="[01:53:22]">&lt;stikonas&gt;</a></span><span class="message">fossy: just pushed a small change <a rel="nofollow" href="https://github.com/fosslinux/live-bootstrap/commit/3bb72fb0f24821ec1d471c7fc9f5915a1350c144">https://github.com/fosslinux/live-bootstrap/commit/3bb72fb0f24821ec1d471c7fc9f5915a1350c144</a>  to recursively unmount volumes</span></div><div class="line" id="015344"><span class="nick" style="color:#8dd3c7"><a href="#015344" label="[01:53:44]">&lt;stikonas&gt;</a></span><span class="message">(to fix unmount failures in chroot mode once bootstrapped system starts mounting stuff)</span></div><div class="line" id="033506"><span class="nick" style="color:#2e2a4a"><a href="#033506" label="[03:35:06]">&lt;oriansj&gt;</a></span><span class="message">gbrlwck: your pull has been merged into mes-m2</span></div><div class="line" id="041105"><span class="nick" style="color:#6b8072"><a href="#041105" label="[04:11:05]">&lt;fossy&gt;</a></span><span class="message">stikonas[m]: oh thanjs, that is quite annoying</span></div><div class="line" id="190437"><span class="nick" style="color:#8dd3c7"><a href="#190437" label="[19:04:37]">&lt;stikonas&gt;</a></span><span class="message">gbrlwck: I've updated mes-m2 in live-bootstrap too. Now mescc warnings are gone</span></div><br /></div></body></html>