<!DOCTYPE html><html><head><title>IRC channel logs</title><style>html {
  background: #fdfdfd;
}

h1 {
  font-weight: 300;
}

h2 {
  font-weight: 200;
}

h3 {
  padding: .5em 0;
  border-top: 3px dotted #ddd;
  margin-bottom: 0;
}

form {
  width: 400px;
  display: flex;
}

input {
  width: 100%;
  display: flex;
  border-radius: .25em 0 0 .25em;
  border: 1px solid #aaa;
  border-right: 0;
  padding: 0.5em;
}

button {
  display: flex;
  border-radius: 0 .25em .25em 0;
  background-color: #007bff;
  border: 1px solid #007bff;
  padding: .5em;
  cursor: pointer;
  color: white;
}

button:hover {
  background-color: #0069d9;
  border-color: #0062cc;
}

a {
  color: #007bff;
  text-decoration: none;
}

a:hover {
  text-decoration: underline;
}

h4 {
  margin-bottom: .5em;
}

table td {
  padding: 0.75em;
}

table tr:hover {
  background: #eee;
}

.year {
  display: table;
}

.month {
  display: table-cell;
  padding-right: 1em;
}

ul {
  margin: 0;
  padding: 0;
  list-style: none;
}

.nick {
  padding-right: 0.6rem;
  font-weight: bold;
  text-align: right;
  width: 13rem;
  display: table-cell;
}

.nick a {
  color: inherit;
  text-decoration: none;
}

.message {
  display: table-cell;
  padding-left: 0.6rem;
  border-left: 2px solid #333;
}

.notice {
  color: #859900;
  font-style: italic;
}

.line {
  line-height: 1.8rem;
  display: table;
}

#logs {
  margin-top: 1.5rem;
  padding: 1.5rem;
}
</style></head><body><h1>IRC channel logs</h1><h2>2021-06-04.log</h2><p><a href="/bootstrappable">back to list of logs</a></p><div id="logs"><div class="line" id="001218"><span class="nick">***</span><span class="message notice">Server sets mode: +cnt </span></div><div class="line" id="001746"><span class="nick" style="color:#8dd3c7"><a href="#001746" label="[00:17:46]">&lt;stikonas&gt;</a></span><span class="message">fossy: it was chroot</span></div><div class="line" id="014208"><span class="nick" style="color:#8dd3c7"><a href="#014208" label="[01:42:08]">&lt;stikonas&gt;</a></span><span class="message">oriansj: can you remind me what's the status of mes-m2 in stage0-posix</span></div><div class="line" id="014220"><span class="nick" style="color:#8dd3c7"><a href="#014220" label="[01:42:20]">&lt;stikonas&gt;</a></span><span class="message">should it be able to run mescc or not yet?</span></div><div class="line" id="014720"><span class="nick" style="color:#8dd3c7"><a href="#014720" label="[01:47:20]">&lt;stikonas&gt;</a></span><span class="message">I tried running it but it didn't work for me</span></div><div class="line" id="015252"><span class="nick" style="color:#2e2a4a"><a href="#015252" label="[01:52:52]">&lt;oriansj&gt;</a></span><span class="message">stikonas: assuming you have the latest commit, yes it should run the version of mescc included with it</span></div><div class="line" id="015310"><span class="nick" style="color:#8dd3c7"><a href="#015310" label="[01:53:10]">&lt;stikonas&gt;</a></span><span class="message">ok, I'll try again some other day</span></div><div class="line" id="015329"><span class="nick" style="color:#8dd3c7"><a href="#015329" label="[01:53:29]">&lt;stikonas&gt;</a></span><span class="message">I also saw some extra work needed on porting mescc-tools-extra build scripts</span></div><div class="line" id="015334"><span class="nick" style="color:#8dd3c7"><a href="#015334" label="[01:53:34]">&lt;stikonas&gt;</a></span><span class="message">(to M2libc)</span></div><div class="line" id="015427"><span class="nick" style="color:#8dd3c7"><a href="#015427" label="[01:54:27]">&lt;stikonas&gt;</a></span><span class="message">actually, we should switch to the version in stage0-posix</span></div><div class="line" id="015545"><span class="nick" style="color:#2e2a4a"><a href="#015545" label="[01:55:45]">&lt;oriansj&gt;</a></span><span class="message">stikonas: well I should have it all ready in a nice bundle this weekend</span></div><div class="line" id="015639"><span class="nick" style="color:#8dd3c7"><a href="#015639" label="[01:56:39]">&lt;stikonas&gt;</a></span><span class="message">ok, I'll wait for that to land...</span></div><div class="line" id="015651"><span class="nick" style="color:#8dd3c7"><a href="#015651" label="[01:56:51]">&lt;stikonas&gt;</a></span><span class="message">then maybe I can try to switch live-bootstrap to new versions...</span></div><div class="line" id="020004"><span class="nick" style="color:#2e2a4a"><a href="#020004" label="[02:00:04]">&lt;oriansj&gt;</a></span><span class="message">also for mescc-tools-extra, I am going to make the build universal in a way that live-bootstrap will also be able to leverage. (as will MesCC once I get it to work with M2libc)</span></div><div class="line" id="031621"><span class="nick" style="color:#6b8072"><a href="#031621" label="[03:16:21]">&lt;Melg8[m]&gt;</a></span><span class="message">oriansj: does M2-planet handle // comments?</span></div><div class="line" id="032857"><span class="nick" style="color:#2e2a4a"><a href="#032857" label="[03:28:57]">&lt;oriansj&gt;</a></span><span class="message">Melg8: depends on if one is using --bootstrap-mode or not.</span></div><div class="line" id="032933"><span class="nick" style="color:#6b8072"><a href="#032933" label="[03:29:33]">&lt;Melg8[m]&gt;</a></span><span class="message">what bootstrap-mode is doing?</span></div><div class="line" id="033027"><span class="nick" style="color:#2e2a4a"><a href="#033027" label="[03:30:27]">&lt;oriansj&gt;</a></span><span class="message">Melg8: bootstrap-mode behaves like cc_* and throws error messages, enabling us to ensure on every commit M2-Planet is still buildably by cc_*</span></div><div class="line" id="033054"><span class="nick" style="color:#2e2a4a"><a href="#033054" label="[03:30:54]">&lt;oriansj&gt;</a></span><span class="message">and that the result is able to properly self-host</span></div><div class="line" id="033246"><span class="nick" style="color:#2e2a4a"><a href="#033246" label="[03:32:46]">&lt;oriansj&gt;</a></span><span class="message">It is also used for cases where M0 (written in hex2) and the hex2 written in hex1 have special needs (say during the inital bootstrap)</span></div><div class="line" id="033337"><span class="nick" style="color:#2e2a4a"><a href="#033337" label="[03:33:37]">&lt;oriansj&gt;</a></span><span class="message">Basically it is a legacy mode for applications that can't be built with M2libc yet.</span></div><div class="line" id="033418"><span class="nick" style="color:#2e2a4a"><a href="#033418" label="[03:34:18]">&lt;oriansj&gt;</a></span><span class="message">Which is much worse performance simply because every byte written and read is a separate syscall.</span></div><div class="line" id="033447"><span class="nick" style="color:#2e2a4a"><a href="#033447" label="[03:34:47]">&lt;oriansj&gt;</a></span><span class="message">M2libc reads the whole file as one syscall and tries to write in large blocks if possible.</span></div><div class="line" id="033553"><span class="nick" style="color:#6b8072"><a href="#033553" label="[03:35:53]">&lt;Melg8[m]&gt;</a></span><span class="message">oriansj: okay, thanks. I'm just try to evaluate chances of building something like toybox with some parts ripped off by M2-Planet/GNU Mes/tcc (as i can see it need libc at least)</span></div><div class="line" id="033725"><span class="nick" style="color:#2e2a4a"><a href="#033725" label="[03:37:25]">&lt;oriansj&gt;</a></span><span class="message">Melg8: the chance is always 100% if one is willing to put in a little effort. As there are only a few special cases in what M2-Planet+M2libc can't do according to the C spec yet.</span></div><div class="line" id="033845"><span class="nick" style="color:#80b1d3"><a href="#033845" label="[03:38:45]">*</a></span><span class="message">Melg8[m]  &lt; <a rel="nofollow" href="https://libera.ems.host/_matrix/media/r0/download/libera.chat/6367e517c99261de8fb649f88416662c8162cdfb/message.txt">https://libera.ems.host/_matrix/media/r0/download/libera.chat/6367e517c99261de8fb649f88416662c8162cdfb/message.txt</a>  &gt;</span></div><div class="line" id="034042"><span class="nick" style="color:#6b8072"><a href="#034042" label="[03:40:42]">&lt;Melg8[m]&gt;</a></span><span class="message">note: (i'm using versions of stage0-posix used by live-bootstrap now</span></div><div class="line" id="034120"><span class="nick" style="color:#2e2a4a"><a href="#034120" label="[03:41:20]">&lt;oriansj&gt;</a></span><span class="message">well struct toy_list* toy_find(char *name); is no different than struct token_list* read_all_tokens(FILE* a, struct token_list* current, char* filename) in regards to functionality and M2-Planet handles that fine.</span></div><div class="line" id="034228"><span class="nick" style="color:#2e2a4a"><a href="#034228" label="[03:42:28]">&lt;oriansj&gt;</a></span><span class="message">char *argv[] vs char** argv</span></div><div class="line" id="034411"><span class="nick" style="color:#2e2a4a"><a href="#034411" label="[03:44:11]">&lt;oriansj&gt;</a></span><span class="message">There is a reason why we have this: <a rel="nofollow" href="https://github.com/oriansj/M2-Planet/blob/master/known_issues.org">https://github.com/oriansj/M2-Planet/blob/master/known_issues.org</a> </span></div><div class="line" id="034603"><span class="nick" style="color:#6d2462"><a href="#034603" label="[03:46:03]">&lt;Melg8&gt;</a></span><span class="message">what im getting is:</span></div><div class="line" id="034604"><span class="nick" style="color:#6d2462"><a href="#034604" label="[03:46:04]">&lt;Melg8&gt;</a></span><span class="message">M2-Planet --debug --architecture x86 -f ./toys.h -o toybox.M1                                                                                       git:master*</span></div><div class="line" id="034605"><span class="nick" style="color:#6d2462"><a href="#034605" label="[03:46:05]">&lt;Melg8&gt;</a></span><span class="message">./toys.h:71:ERROR in create_struct</span></div><div class="line" id="034605"><span class="nick" style="color:#6d2462"><a href="#034605" label="[03:46:05]">&lt;Melg8&gt;</a></span><span class="message"> Missing {</span></div><div class="line" id="034625"><span class="nick" style="color:#6d2462"><a href="#034625" label="[03:46:25]">&lt;Melg8&gt;</a></span><span class="message">i've removed all // from toys.h example so it could at least go until 71 line</span></div><div class="line" id="034658"><span class="nick" style="color:#2e2a4a"><a href="#034658" label="[03:46:58]">&lt;oriansj&gt;</a></span><span class="message">Melg8: struct definitions are supported in the normal form.</span></div><div class="line" id="034659"><span class="nick" style="color:#6d2462"><a href="#034659" label="[03:46:59]">&lt;Melg8&gt;</a></span><span class="message">and</span></div><div class="line" id="034710"><span class="nick" style="color:#6d2462"><a href="#034710" label="[03:47:10]">&lt;Melg8&gt;</a></span><span class="message">  m2-planet = builtins.fetchGit rec {</span></div><div class="line" id="034710"><span class="nick" style="color:#6d2462"><a href="#034710" label="[03:47:10]">&lt;Melg8&gt;</a></span><span class="message">    name = &quot;M2-Planet&quot;;</span></div><div class="line" id="034711"><span class="nick" style="color:#6d2462"><a href="#034711" label="[03:47:11]">&lt;Melg8&gt;</a></span><span class="message">    url = &quot;<a rel="nofollow" href="https://github.com/oriansj/${name}.git">https://github.com/oriansj/${name}.git</a>&quot;; </span></div><div class="line" id="034711"><span class="nick" style="color:#6d2462"><a href="#034711" label="[03:47:11]">&lt;Melg8&gt;</a></span><span class="message">    ref = &quot;refs/heads/master&quot;;</span></div><div class="line" id="034712"><span class="nick" style="color:#6d2462"><a href="#034712" label="[03:47:12]">&lt;Melg8&gt;</a></span><span class="message">    rev = &quot;358b6cfb96e1685891a705a0bb31eda499d57974&quot;; # Release 1.7.0</span></div><div class="line" id="034712"><span class="nick" style="color:#6d2462"><a href="#034712" label="[03:47:12]">&lt;Melg8&gt;</a></span><span class="message">  }; - version is used</span></div><div class="line" id="034723"><span class="nick" style="color:#2e2a4a"><a href="#034723" label="[03:47:23]">&lt;oriansj&gt;</a></span><span class="message"> <a rel="nofollow" href="https://github.com/oriansj/M2-Planet/blob/master/cc.h#L49">https://github.com/oriansj/M2-Planet/blob/master/cc.h#L49</a> </span></div><div class="line" id="034757"><span class="nick" style="color:#2e2a4a"><a href="#034757" label="[03:47:57]">&lt;oriansj&gt;</a></span><span class="message">as you have to define a struct type before you can use it.</span></div><div class="line" id="034834"><span class="nick" style="color:#2e2a4a"><a href="#034834" label="[03:48:34]">&lt;oriansj&gt;</a></span><span class="message">with the minor exception of you can use it as a type inside of the struct definition itself</span></div><div class="line" id="034837"><span class="nick" style="color:#6d2462"><a href="#034837" label="[03:48:37]">&lt;Melg8&gt;</a></span><span class="message">struct bla * something - uses forward declaration of type bla?</span></div><div class="line" id="034929"><span class="nick" style="color:#6d2462"><a href="#034929" label="[03:49:29]">&lt;Melg8&gt;</a></span><span class="message">idk why it forward declares this functions in toys.h and before definition of toy_list</span></div><div class="line" id="034930"><span class="nick" style="color:#2e2a4a"><a href="#034930" label="[03:49:30]">&lt;oriansj&gt;</a></span><span class="message">Melg8: you need to find where the struct bla is defined and simply put it before the use of struct bla in your code</span></div><div class="line" id="035001"><span class="nick" style="color:#6d2462"><a href="#035001" label="[03:50:01]">&lt;Melg8&gt;</a></span><span class="message">m2-planet doesn't handle extern keyword?</span></div><div class="line" id="035029"><span class="nick" style="color:#2e2a4a"><a href="#035029" label="[03:50:29]">&lt;oriansj&gt;</a></span><span class="message">Melg8: M2-Planet doesn't handle #include (it drops it on the floor)</span></div><div class="line" id="035045"><span class="nick" style="color:#6d2462"><a href="#035045" label="[03:50:45]">&lt;Melg8&gt;</a></span><span class="message">yes, that i know)</span></div><div class="line" id="035109"><span class="nick" style="color:#2e2a4a"><a href="#035109" label="[03:51:09]">&lt;oriansj&gt;</a></span><span class="message">extern is ignored (only used by Gnu Mes)</span></div><div class="line" id="035137"><span class="nick" style="color:#2e2a4a"><a href="#035137" label="[03:51:37]">&lt;oriansj&gt;</a></span><span class="message">So extern int foo; just means int foo;</span></div><div class="line" id="035206"><span class="nick" style="color:#6d2462"><a href="#035206" label="[03:52:06]">&lt;Melg8&gt;</a></span><span class="message">idea was to try to emulate them by hand, but i guess i'll move forward a bit and check with mes, than with tcc - because i don't want to massively refactor toybox source code - at least for now it's just check of capabilities</span></div><div class="line" id="035208"><span class="nick" style="color:#2e2a4a"><a href="#035208" label="[03:52:08]">&lt;oriansj&gt;</a></span><span class="message">because all of the source code is read all at once; thus extern literally means nothing.</span></div><div class="line" id="035235"><span class="nick" style="color:#6d2462"><a href="#035235" label="[03:52:35]">&lt;Melg8&gt;</a></span><span class="message">but if it fail compilation on it, i can't compile code with it)</span></div><div class="line" id="035314"><span class="nick" style="color:#2e2a4a"><a href="#035314" label="[03:53:14]">&lt;oriansj&gt;</a></span><span class="message">It doesn't fail on extern. It just skips the word extern as if it isn't there at all.</span></div><div class="line" id="035346"><span class="nick" style="color:#6d2462"><a href="#035346" label="[03:53:46]">&lt;Melg8&gt;</a></span><span class="message">you talking about latest version? or 1.7.0?</span></div><div class="line" id="035421"><span class="nick" style="color:#6d2462"><a href="#035421" label="[03:54:21]">&lt;Melg8&gt;</a></span><span class="message">bin/M2-Planet --debug --architecture x86 -f ./toys.h -o toybox.M1</span></div><div class="line" id="035422"><span class="nick" style="color:#6d2462"><a href="#035422" label="[03:54:22]">&lt;Melg8&gt;</a></span><span class="message">Unknown type extern</span></div><div class="line" id="035422"><span class="nick" style="color:#6d2462"><a href="#035422" label="[03:54:22]">&lt;Melg8&gt;</a></span><span class="message">./toys.h:70:%                                                                                                                                                                                                                           toybox ➤ echo $?</span></div><div class="line" id="035423"><span class="nick" style="color:#6d2462"><a href="#035423" label="[03:54:23]">&lt;Melg8&gt;</a></span><span class="message">git:master*</span></div><div class="line" id="035423"><span class="nick" style="color:#6d2462"><a href="#035423" label="[03:54:23]">&lt;Melg8&gt;</a></span><span class="message">1</span></div><div class="line" id="035441"><span class="nick" style="color:#2e2a4a"><a href="#035441" label="[03:54:41]">&lt;oriansj&gt;</a></span><span class="message">Melg8: janneke added support for extern on commit d223581d4ea0a25c419a669a88015de57c29192f</span></div><div class="line" id="035540"><span class="nick" style="color:#2e2a4a"><a href="#035540" label="[03:55:40]">&lt;oriansj&gt;</a></span><span class="message">So it is going to be in the 1.8.0 release this weekend.</span></div><div class="line" id="035545"><span class="nick" style="color:#6b8072"><a href="#035545" label="[03:55:45]">&lt;Melg8[m]&gt;</a></span><span class="message">than i really need to update)</span></div><div class="line" id="035550"><span class="nick" style="color:#6b8072"><a href="#035550" label="[03:55:50]">&lt;Melg8[m]&gt;</a></span><span class="message">nice)</span></div><div class="line" id="035614"><span class="nick" style="color:#6b8072"><a href="#035614" label="[03:56:14]">&lt;Melg8[m]&gt;</a></span><span class="message">see, now you have legacy users xD</span></div><div class="line" id="035742"><span class="nick" style="color:#2e2a4a"><a href="#035742" label="[03:57:42]">&lt;oriansj&gt;</a></span><span class="message">Melg8: have had them for about 5 years now, ever since janneke added %lable&gt;label behavior to hex2</span></div><div class="line" id="035812"><span class="nick" style="color:#2e2a4a"><a href="#035812" label="[03:58:12]">&lt;oriansj&gt;</a></span><span class="message">Always something new to fix and something old to keep working because someone else came to depend upon it.</span></div><div class="line" id="035823"><span class="nick" style="color:#6b8072"><a href="#035823" label="[03:58:23]">&lt;Melg8[m]&gt;</a></span><span class="message">yea)</span></div><div class="line" id="055647"><span class="nick">***</span><span class="message notice">jackhill is now known as jackhill[m]</span></div><div class="line" id="055701"><span class="nick">***</span><span class="message notice">jackhill[m] is now known as jackhill</span></div><div class="line" id="081213"><span class="nick" style="color:#6b8072"><a href="#081213" label="[08:12:13]">&lt;Melg8[m]&gt;</a></span><span class="message">When i try to view logs: <a rel="nofollow" href="http://logs.guix.gnu.org/bootstrappable/2021-01-04.log">http://logs.guix.gnu.org/bootstrappable/2021-01-04.log</a>  - i get error: &quot;Resource not found: <a rel="nofollow" href="http://127.0.0.1:3333/2021-01-04.log">http://127.0.0.1:3333/2021-01-04.log</a>&quot; </span></div><div class="line" id="110342"><span class="nick">***</span><span class="message notice">ChanServ sets mode: +o janneke</span></div><div class="line" id="203415"><span class="nick" style="color:#234e69"><a href="#203415" label="[20:34:15]">&lt;mitzman&gt;</a></span><span class="message">ugh regarding the issue from yesterday (can't find lex because test -w fails, in order to build binutils-mesboot0). test -w fails because bash 2.05b it thinks the euid is -1. otherwise it would work fine. the error is ENOSYS (function not implemented)... which i do find implemented in mes-0.21. and both bash-mesboot0, and tcc-boot0 are using it. hm, i feel stuck/lazy to build mes-boot and see what happens</span></div><div class="line" id="204711"><span class="nick" style="color:#234e69"><a href="#204711" label="[20:47:11]">&lt;mitzman&gt;</a></span><span class="message">does it make sense to just reply to the issue and see what happens next?</span></div><div class="line" id="212002"><span class="nick" style="color:#6c3d55"><a href="#212002" label="[21:20:02]">&lt;xentrac&gt;</a></span><span class="message">have a somber Tiananmen Square Day</span></div><div class="line" id="213057"><span class="nick" style="color:#234e69"><a href="#213057" label="[21:30:57]">&lt;mitzman&gt;</a></span><span class="message">okay found the problem in my case - it's using a 32-bit asm call fml</span></div><div class="line" id="213140"><span class="nick" style="color:#6c3d55"><a href="#213140" label="[21:31:40]">&lt;xentrac&gt;</a></span><span class="message">heh</span></div><div class="line" id="215816"><span class="nick" style="color:#6b8072"><a href="#215816" label="[21:58:16]">&lt;Melg8[m]&gt;</a></span><span class="message">Hi, why mes.kaem builds libc-mini? ( # Now for libc-mini.a) is it used anywhere later? where?</span></div><div class="line" id="224244"><span class="nick" style="color:#8dd3c7"><a href="#224244" label="[22:42:44]">&lt;stikonas&gt;</a></span><span class="message">Melg8[m]: I think it's not really used...</span></div><div class="line" id="224313"><span class="nick" style="color:#8dd3c7"><a href="#224313" label="[22:43:13]">&lt;stikonas&gt;</a></span><span class="message">although, the object files that are used in it are then used for libc.a, so not building libc-mini wouldn't save much</span></div><div class="line" id="224335"><span class="nick" style="color:#6b8072"><a href="#224335" label="[22:43:35]">&lt;Melg8[m]&gt;</a></span><span class="message">yea, i see, thanks</span></div><div class="line" id="224401"><span class="nick" style="color:#8dd3c7"><a href="#224401" label="[22:44:01]">&lt;stikonas&gt;</a></span><span class="message">we might need to rework some stuff once we move to m2-planet with m2libc</span></div><div class="line" id="224415"><span class="nick" style="color:#8dd3c7"><a href="#224415" label="[22:44:15]">&lt;stikonas&gt;</a></span><span class="message">so I might look at it then</span></div><div class="line" id="224510"><span class="nick" style="color:#8dd3c7"><a href="#224510" label="[22:45:10]">&lt;stikonas&gt;</a></span><span class="message"> started some work on moving live-bootstrap to it</span></div><div class="line" id="224524"><span class="nick" style="color:#8dd3c7"><a href="#224524" label="[22:45:24]">&lt;stikonas&gt;</a></span><span class="message">but then noticed that the new mescc-tools don't have any kaem file yet</span></div><div class="line" id="230119"><span class="nick">***</span><span class="message notice">ChanServ sets mode: +o rekado_</span></div><div class="line" id="230121"><span class="nick">***</span><span class="message notice">rekado_ is now known as rekado</span></div><div class="line" id="230123"><span class="nick" style="color:#d9d9d9"><a href="#230123" label="[23:01:23]">&lt;rekado&gt;</a></span><span class="message">Melg8[m]: <a rel="nofollow" href="https://logs.guix.gnu.org/bootstrappable/">https://logs.guix.gnu.org/bootstrappable/</a>  lists all available logs for #bootstrappable — 2021-01-04.log is not among them.</span></div><div class="line" id="230137"><span class="nick" style="color:#d9d9d9"><a href="#230137" label="[23:01:37]">&lt;rekado&gt;</a></span><span class="message">I suppose I should copy something somewhere</span></div><div class="line" id="230944"><span class="nick" style="color:#8dd3c7"><a href="#230944" label="[23:09:44]">&lt;stikonas&gt;</a></span><span class="message">well, these are only logs from libera chat, old logs were on freenode</span></div><div class="line" id="231811"><span class="nick" style="color:#6d2462"><a href="#231811" label="[23:18:11]">&lt;Melg8&gt;</a></span><span class="message">rekado yes, i found that link in google search</span></div><div class="line" id="233152"><span class="nick" style="color:#d9d9d9"><a href="#233152" label="[23:31:52]">&lt;rekado&gt;</a></span><span class="message">stikonas: yes, but we still have the old logs</span></div><div class="line" id="233203"><span class="nick" style="color:#d9d9d9"><a href="#233203" label="[23:32:03]">&lt;rekado&gt;</a></span><span class="message">I should just copy them, but I’m kinda busy</span></div><div class="line" id="233211"><span class="nick" style="color:#d9d9d9"><a href="#233211" label="[23:32:11]">&lt;rekado&gt;</a></span><span class="message">apparently not busy enough to write that I’m busy</span></div><div class="line" id="233216"><span class="nick" style="color:#d9d9d9"><a href="#233216" label="[23:32:16]">&lt;rekado&gt;</a></span><span class="message">¯\_(ツ)_/¯</span></div><div class="line" id="233805"><span class="nick" style="color:#d9d9d9"><a href="#233805" label="[23:38:05]">&lt;rekado&gt;</a></span><span class="message">copied the freenode logs</span></div><div class="line" id="233824"><span class="nick" style="color:#d9d9d9"><a href="#233824" label="[23:38:24]">&lt;rekado&gt;</a></span><span class="message">there are some log files that exist for both networks; haven’t merged those</span></div><div class="line" id="234054"><span class="nick" style="color:#6d2462"><a href="#234054" label="[23:40:54]">&lt;Melg8&gt;</a></span><span class="message">@rekado thanks, i just used google cached version, but that is nice anyway</span></div><br /></div></body></html>