<!DOCTYPE html><html><head><title>IRC channel logs</title><style>html {
  background: #fdfdfd;
}

h1 {
  font-weight: 300;
}

h2 {
  font-weight: 200;
}

h3 {
  padding: .5em 0;
  border-top: 3px dotted #ddd;
  margin-bottom: 0;
}

form {
  width: 400px;
  display: flex;
}

input {
  width: 100%;
  display: flex;
  border-radius: .25em 0 0 .25em;
  border: 1px solid #aaa;
  border-right: 0;
  padding: 0.5em;
}

button {
  display: flex;
  border-radius: 0 .25em .25em 0;
  background-color: #007bff;
  border: 1px solid #007bff;
  padding: .5em;
  cursor: pointer;
  color: white;
}

button:hover {
  background-color: #0069d9;
  border-color: #0062cc;
}

a {
  color: #007bff;
  text-decoration: none;
}

a:hover {
  text-decoration: underline;
}

h4 {
  margin-bottom: .5em;
}

table td {
  padding: 0.75em;
}

table tr:hover {
  background: #eee;
}

.year {
  display: table;
}

.month {
  display: table-cell;
  padding-right: 1em;
}

ul {
  margin: 0;
  padding: 0;
  list-style: none;
}

.nick {
  padding-right: 0.6rem;
  font-weight: bold;
  text-align: right;
  width: 13rem;
  display: table-cell;
}

.nick a {
  color: inherit;
  text-decoration: none;
}

.message {
  display: table-cell;
  padding-left: 0.6rem;
  border-left: 2px solid #333;
}

.notice {
  color: #859900;
  font-style: italic;
}

.line {
  line-height: 1.8rem;
  display: table;
}

#logs {
  margin-top: 1.5rem;
  padding: 1.5rem;
}
</style></head><body><h1>IRC channel logs</h1><h2>2021-06-27.log</h2><p><a href="/bootstrappable">back to list of logs</a></p><div id="logs"><div class="line" id="000547"><span class="nick" style="color:#389600"><a href="#000547" label="[00:05:47]">&lt;stikonas&gt;</a></span><span class="message">fossy: I pushed my splitting /after changes <a rel="nofollow" href="https://github.com/fosslinux/live-bootstrap/pull/127">https://github.com/fosslinux/live-bootstrap/pull/127</a> </span></div><div class="line" id="002821"><span class="nick">***</span><span class="message notice">roptat is now known as Guest5836</span></div><div class="line" id="004954"><span class="nick">***</span><span class="message notice">Guest5836 is now known as roptat</span></div><div class="line" id="015702"><span class="nick" style="color:#2e2a4a"><a href="#015702" label="[01:57:02]">&lt;Hagfish&gt;</a></span><span class="message">It's called... Afterimage of a Crimson Eye.</span></div><div class="line" id="015749"><span class="nick" style="color:#2e2a4a"><a href="#015749" label="[01:57:49]">&lt;Hagfish&gt;</a></span><span class="message">(the PR looks great, but i'm sure fossy will appreciate it)</span></div><div class="line" id="052055"><span class="nick" style="color:#6b8072"><a href="#052055" label="[05:20:55]">&lt;fossy&gt;</a></span><span class="message">goodness me</span></div><div class="line" id="052105"><span class="nick" style="color:#6b8072"><a href="#052105" label="[05:21:05]">&lt;fossy&gt;</a></span><span class="message">compiling linux kernel needs quite recent software :|</span></div><div class="line" id="052116"><span class="nick" style="color:#6b8072"><a href="#052116" label="[05:21:16]">&lt;fossy&gt;</a></span><span class="message">even 2.6 needs a newer version of binutils then we have</span></div><div class="line" id="052128"><span class="nick" style="color:#6b8072"><a href="#052128" label="[05:21:28]">&lt;fossy&gt;</a></span><span class="message">stikonas[m]: will look in a moment</span></div><div class="line" id="053915"><span class="nick" style="color:#80b1d3"><a href="#053915" label="[05:39:15]">&lt;oriansj&gt;</a></span><span class="message">well once we have bootstrapped Linux, binutils, gcc and guile. You have literally everything Guix needs to be a foundation.</span></div><div class="line" id="053948"><span class="nick" style="color:#6b8072"><a href="#053948" label="[05:39:48]">&lt;fossy&gt;</a></span><span class="message">finally i found a working version</span></div><div class="line" id="053957"><span class="nick" style="color:#6b8072"><a href="#053957" label="[05:39:57]">&lt;fossy&gt;</a></span><span class="message">the LTS 2.6.16</span></div><div class="line" id="054006"><span class="nick" style="color:#6b8072"><a href="#054006" label="[05:40:06]">&lt;fossy&gt;</a></span><span class="message">although that limits us to pre-2014 glibc (which is fine)</span></div><div class="line" id="054041"><span class="nick" style="color:#6b8072"><a href="#054041" label="[05:40:41]">&lt;fossy&gt;</a></span><span class="message">so then we can go new binutils, new kernel, new glibc, new kernel, new glibc, new binutils, new gcc i think</span></div><div class="line" id="054219"><span class="nick" style="color:#2e2a4a"><a href="#054219" label="[05:42:19]">&lt;Hagfish&gt;</a></span><span class="message">wow, nice</span></div><div class="line" id="055819"><span class="nick" style="color:#80b1d3"><a href="#055819" label="[05:58:19]">&lt;oriansj&gt;</a></span><span class="message">Nice to finally have a wedge into Linux bootstrapping.</span></div><div class="line" id="122553"><span class="nick" style="color:#389600"><a href="#122553" label="[12:25:53]">&lt;stikonas&gt;</a></span><span class="message">fossy: well, at some point we can build newer binutils...</span></div><div class="line" id="122632"><span class="nick" style="color:#389600"><a href="#122632" label="[12:26:32]">&lt;stikonas&gt;</a></span><span class="message">although, I think it makes sense to try to minimize the number of different old binutils/gcc/libc versions that we have</span></div><div class="line" id="122651"><span class="nick" style="color:#389600"><a href="#122651" label="[12:26:51]">&lt;stikonas&gt;</a></span><span class="message">for libc it's not too bad because musl is new enough that it even supports riscv</span></div><div class="line" id="122712"><span class="nick" style="color:#389600"><a href="#122712" label="[12:27:12]">&lt;stikonas&gt;</a></span><span class="message">for binutils/gcc so far we have one version each</span></div><div class="line" id="122820"><span class="nick" style="color:#389600"><a href="#122820" label="[12:28:20]">&lt;stikonas&gt;</a></span><span class="message">but maybe we can already build newest binutils?</span></div><div class="line" id="122838"><span class="nick" style="color:#389600"><a href="#122838" label="[12:28:38]">&lt;stikonas&gt;</a></span><span class="message">oh, but I guess it makes sense to wait for guile and augoten</span></div><div class="line" id="164811"><span class="nick">***</span><span class="message notice">edef_ is now known as edef</span></div><div class="line" id="183410"><span class="nick" style="color:#389600"><a href="#183410" label="[18:34:10]">&lt;stikonas&gt;</a></span><span class="message">hmm, I think we might have to build a newer C only gcc first before we can build guile</span></div><div class="line" id="183522"><span class="nick" style="color:#389600"><a href="#183522" label="[18:35:22]">&lt;stikonas&gt;</a></span><span class="message">strange, looking at configure.ac, C99 should be enough though</span></div><div class="line" id="191842"><span class="nick" style="color:#2e2a4a"><a href="#191842" label="[19:18:42]">&lt;Hagfish&gt;</a></span><span class="message">i wouldn't be surprised if this bootstrapping project uncovered some half-truths in other projects' documentation</span></div><br /></div></body></html>