<!DOCTYPE html><html><head><title>IRC channel logs</title><style>html {
  background: #fdfdfd;
}

h1 {
  font-weight: 300;
}

h2 {
  font-weight: 200;
}

h3 {
  padding: .5em 0;
  border-top: 3px dotted #ddd;
  margin-bottom: 0;
}

form {
  width: 400px;
  display: flex;
}

input {
  width: 100%;
  display: flex;
  border-radius: .25em 0 0 .25em;
  border: 1px solid #aaa;
  border-right: 0;
  padding: 0.5em;
}

button {
  display: flex;
  border-radius: 0 .25em .25em 0;
  background-color: #007bff;
  border: 1px solid #007bff;
  padding: .5em;
  cursor: pointer;
  color: white;
}

button:hover {
  background-color: #0069d9;
  border-color: #0062cc;
}

a {
  color: #007bff;
  text-decoration: none;
}

a:hover {
  text-decoration: underline;
}

h4 {
  margin-bottom: .5em;
}

table td {
  padding: 0.75em;
}

table tr:hover {
  background: #eee;
}

.year {
  display: table;
}

.month {
  display: table-cell;
  padding-right: 1em;
}

ul {
  margin: 0;
  padding: 0;
  list-style: none;
}

.nick {
  padding-right: 0.6rem;
  font-weight: bold;
  text-align: right;
  width: 13rem;
  display: table-cell;
}

.nick a {
  color: inherit;
  text-decoration: none;
}

.message {
  display: table-cell;
  padding-left: 0.6rem;
  border-left: 2px solid #333;
}

.notice {
  color: #859900;
  font-style: italic;
}

.line {
  line-height: 1.8rem;
  display: table;
}

#logs {
  margin-top: 1.5rem;
  padding: 1.5rem;
}
</style></head><body><h1>IRC channel logs</h1><h2>2021-02-21.log</h2><p><a href="/bootstrappable">back to list of logs</a></p><div id="logs"><div class="line" id="004858"><span class="nick" style="color:#8dd3c7"><a href="#004858" label="[00:48:58]">&lt;fossy&gt;</a></span><span class="message">stikonas: oh, oops, missed that</span></div><div class="line" id="004905"><span class="nick" style="color:#8dd3c7"><a href="#004905" label="[00:49:05]">&lt;fossy&gt;</a></span><span class="message">sorry pder</span></div><div class="line" id="004909"><span class="nick" style="color:#8dd3c7"><a href="#004909" label="[00:49:09]">&lt;fossy&gt;</a></span><span class="message">i'll do that in a second</span></div><div class="line" id="004937"><span class="nick" style="color:#2e2a4a"><a href="#004937" label="[00:49:37]">&lt;pder&gt;</a></span><span class="message">no worries, I just needed to insert some stuff into the README and thought it might start to get confusing at merge time</span></div><div class="line" id="091555"><span class="nick" style="color:#6b8072"><a href="#091555" label="[09:15:55]">&lt;siraben&gt;</a></span><span class="message">Ben Lynn has pushed some commits to blynn-compiler</span></div><div class="line" id="091556"><span class="nick" style="color:#6b8072"><a href="#091556" label="[09:15:56]">&lt;siraben&gt;</a></span><span class="message"> <a rel="nofollow" href="https://github.com/blynn/compiler/commit/e6d0881da865a44a08367b43a0b28ab0b51366f8">https://github.com/blynn/compiler/commit/e6d0881da865a44a08367b43a0b28ab0b51366f8</a> </span></div><div class="line" id="091611"><span class="nick" style="color:#6b8072"><a href="#091611" label="[09:16:11]">&lt;siraben&gt;</a></span><span class="message">probably will cause conflicts when we rebase</span></div><div class="line" id="103450"><span class="nick" style="color:#6b8072"><a href="#103450" label="[10:34:50]">&lt;siraben&gt;</a></span><span class="message">He indicates that precisely.hs has #include support</span></div><div class="line" id="103453"><span class="nick" style="color:#6b8072"><a href="#103453" label="[10:34:53]">&lt;siraben&gt;</a></span><span class="message"> <a rel="nofollow" href="https://github.com/blynn/compiler/issues/2#issuecomment-782824868">https://github.com/blynn/compiler/issues/2#issuecomment-782824868</a> </span></div><div class="line" id="105559"><span class="nick" style="color:#80b1d3"><a href="#105559" label="[10:55:59]">&lt;stikonas&gt;</a></span><span class="message">fossy: pder: any updates on PRs ?</span></div><div class="line" id="105838"><span class="nick">***</span><span class="message notice">ChanServ sets mode: +o rekado_</span></div><div class="line" id="105841"><span class="nick">***</span><span class="message notice">rekado_ is now known as rekado</span></div><div class="line" id="112054"><span class="nick" style="color:#8dd3c7"><a href="#112054" label="[11:20:54]">&lt;fossy&gt;</a></span><span class="message">stikonas: i'm just finishing testing the checksums for the tcc one</span></div><div class="line" id="112057"><span class="nick" style="color:#8dd3c7"><a href="#112057" label="[11:20:57]">&lt;fossy&gt;</a></span><span class="message">then the ls one will be easy</span></div><div class="line" id="112127"><span class="nick" style="color:#80b1d3"><a href="#112127" label="[11:21:27]">&lt;stikonas&gt;</a></span><span class="message">thanks for update!</span></div><div class="line" id="112234"><span class="nick" style="color:#8dd3c7"><a href="#112234" label="[11:22:34]">&lt;fossy&gt;</a></span><span class="message">i love how &gt;50% of the &quot;Parts&quot; take &lt;5% of the time</span></div><div class="line" id="112250"><span class="nick" style="color:#80b1d3"><a href="#112250" label="[11:22:50]">&lt;stikonas&gt;</a></span><span class="message">well, we can temporarily comment out blynn-compiler</span></div><div class="line" id="112253"><span class="nick" style="color:#80b1d3"><a href="#112253" label="[11:22:53]">&lt;stikonas&gt;</a></span><span class="message">until it is useful</span></div><div class="line" id="112316"><span class="nick" style="color:#80b1d3"><a href="#112316" label="[11:23:16]">&lt;stikonas&gt;</a></span><span class="message">I can try to find at least first cp checksum in the meantime</span></div><div class="line" id="112320"><span class="nick" style="color:#80b1d3"><a href="#112320" label="[11:23:20]">&lt;stikonas&gt;</a></span><span class="message">(the one before musl)</span></div><div class="line" id="112339"><span class="nick" style="color:#80b1d3"><a href="#112339" label="[11:23:39]">&lt;stikonas&gt;</a></span><span class="message">that will not be affected by musl changes</span></div><div class="line" id="112411"><span class="nick" style="color:#80b1d3"><a href="#112411" label="[11:24:11]">&lt;stikonas&gt;</a></span><span class="message">fossy: also, speaking of speed, I think logging slows down CI significantly</span></div><div class="line" id="112426"><span class="nick" style="color:#80b1d3"><a href="#112426" label="[11:24:26]">&lt;stikonas&gt;</a></span><span class="message">so maybe we need to start thinking about log files once we have bash</span></div><div class="line" id="112451"><span class="nick" style="color:#80b1d3"><a href="#112451" label="[11:24:51]">&lt;stikonas&gt;</a></span><span class="message">in CI, those parts after tcc takes just as long as mes</span></div><div class="line" id="115859"><span class="nick" style="color:#80b1d3"><a href="#115859" label="[11:58:59]">&lt;stikonas&gt;</a></span><span class="message">fossy: so pass1 checksum for cp is &quot;5a869b028ce076d0a2ee06721956f38128a7d82d68be61e223a3051fbbb59e90  /after/bin/cp&quot;</span></div><div class="line" id="115929"><span class="nick" style="color:#80b1d3"><a href="#115929" label="[11:59:29]">&lt;stikonas&gt;</a></span><span class="message">I'm not doing pass2 for now...</span></div><div class="line" id="115947"><span class="nick" style="color:#80b1d3"><a href="#115947" label="[11:59:47]">&lt;stikonas&gt;</a></span><span class="message">as it might be affected by tcc rebuild</span></div><div class="line" id="120217"><span class="nick" style="color:#6d2462"><a href="#120217" label="[12:02:17]">&lt;OriansJ&gt;</a></span><span class="message">siraben: now that is exciting news. First glance seems to indicate it shouldn't conflict too much when we rebase</span></div><div class="line" id="123058"><span class="nick" style="color:#80b1d3"><a href="#123058" label="[12:30:58]">&lt;stikonas&gt;</a></span><span class="message">fossy: you'll now have to update tcc-musl-pass2.sh when you merge cp PR</span></div><div class="line" id="123223"><span class="nick" style="color:#80b1d3"><a href="#123223" label="[12:32:23]">&lt;stikonas&gt;</a></span><span class="message">but should be just trivial copy-paste...</span></div><div class="line" id="131540"><span class="nick" style="color:#6d2462"><a href="#131540" label="[13:15:40]">&lt;OriansJ&gt;</a></span><span class="message">now to try to check to see if PowerPC big endian distros behave differently than little endian distros</span></div><div class="line" id="131622"><span class="nick" style="color:#6d2462"><a href="#131622" label="[13:16:22]">&lt;OriansJ&gt;</a></span><span class="message">or if the MSR flag is process set via the ELF header and the resulting binary behavior is adjusted accordingly</span></div><div class="line" id="131921"><span class="nick" style="color:#6d2462"><a href="#131921" label="[13:19:21]">&lt;OriansJ&gt;</a></span><span class="message">and if it changes the byte order of the instructions or just the data.</span></div><div class="line" id="142956"><span class="nick" style="color:#6d2462"><a href="#142956" label="[14:29:56]">&lt;OriansJ&gt;</a></span><span class="message">and mescc-tools-seed is now officially stage0-posix</span></div><div class="line" id="152847"><span class="nick" style="color:#2e2a4a"><a href="#152847" label="[15:28:47]">&lt;pder&gt;</a></span><span class="message">Thanks fossy, for merging and finishing up the musl rebuild.  I had done something very similar but got hung up on the checksums and the README numbering</span></div><div class="line" id="153453"><span class="nick" style="color:#80b1d3"><a href="#153453" label="[15:34:53]">&lt;stikonas&gt;</a></span><span class="message">pder: I've finished cp PR</span></div><div class="line" id="153458"><span class="nick" style="color:#80b1d3"><a href="#153458" label="[15:34:58]">&lt;stikonas&gt;</a></span><span class="message">pder: integrated now into my perl PR</span></div><div class="line" id="153535"><span class="nick" style="color:#80b1d3"><a href="#153535" label="[15:35:35]">&lt;stikonas&gt;</a></span><span class="message"> <a rel="nofollow" href="https://github.com/fosslinux/live-bootstrap/pull/44">https://github.com/fosslinux/live-bootstrap/pull/44</a> </span></div><div class="line" id="153724"><span class="nick" style="color:#80b1d3"><a href="#153724" label="[15:37:24]">&lt;stikonas&gt;</a></span><span class="message">next one is perl 5.6.2 (can't jump to 5.8.9 directly)</span></div><div class="line" id="153857"><span class="nick" style="color:#80b1d3"><a href="#153857" label="[15:38:57]">&lt;stikonas&gt;</a></span><span class="message">hopefully after that we can switch to microperl (so that I don't need to tweak config.h and handwritten Makefile)</span></div><div class="line" id="154028"><span class="nick" style="color:#80b1d3"><a href="#154028" label="[15:40:28]">&lt;stikonas&gt;</a></span><span class="message">pder: maybe close <a rel="nofollow" href="https://github.com/fosslinux/live-bootstrap/pull/46">https://github.com/fosslinux/live-bootstrap/pull/46</a>  ?</span></div><div class="line" id="164555"><span class="nick" style="color:#80b1d3"><a href="#164555" label="[16:45:55]">&lt;stikonas&gt;</a></span><span class="message">pder: I've fixed README numbering too</span></div><div class="line" id="173838"><span class="nick" style="color:#80b1d3"><a href="#173838" label="[17:38:38]">&lt;stikonas&gt;</a></span><span class="message">hmm, perl 5.6 is proving to be difficult...</span></div><div class="line" id="173917"><span class="nick" style="color:#80b1d3"><a href="#173917" label="[17:39:17]">&lt;stikonas&gt;</a></span><span class="message">it might be that we'll have to stay with perl5.005_03 fo now</span></div><div class="line" id="175244"><span class="nick" style="color:#2e2a4a"><a href="#175244" label="[17:52:44]">&lt;pder&gt;</a></span><span class="message">Thanks stikonas for updating the README.  I closed that pull request</span></div><div class="line" id="175340"><span class="nick" style="color:#80b1d3"><a href="#175340" label="[17:53:40]">&lt;stikonas&gt;</a></span><span class="message">pder: yeah, thanks</span></div><div class="line" id="175359"><span class="nick" style="color:#80b1d3"><a href="#175359" label="[17:53:59]">&lt;stikonas&gt;</a></span><span class="message">fixed some perl 5.5 checksums now, so hopefully PR #44 will pass now</span></div><div class="line" id="175622"><span class="nick" style="color:#2e2a4a"><a href="#175622" label="[17:56:22]">&lt;pder&gt;</a></span><span class="message">Maybe we should have a way to easily disable checksum verification during development so it doesnt kill the build</span></div><div class="line" id="175656"><span class="nick" style="color:#80b1d3"><a href="#175656" label="[17:56:56]">&lt;stikonas&gt;</a></span><span class="message">maybe better option would be to update checksum files...</span></div><div class="line" id="175711"><span class="nick" style="color:#80b1d3"><a href="#175711" label="[17:57:11]">&lt;stikonas&gt;</a></span><span class="message">although, they'll still be in sysa/tmp, but at least you can compy them back to sysa</span></div><div class="line" id="175716"><span class="nick" style="color:#80b1d3"><a href="#175716" label="[17:57:16]">&lt;stikonas&gt;</a></span><span class="message">instead of manual checksumming</span></div><div class="line" id="175741"><span class="nick" style="color:#80b1d3"><a href="#175741" label="[17:57:41]">&lt;stikonas&gt;</a></span><span class="message">pder: so for perl, I think we'll have to live with 5.5 for now</span></div><div class="line" id="175820"><span class="nick" style="color:#80b1d3"><a href="#175820" label="[17:58:20]">&lt;stikonas&gt;</a></span><span class="message">5.6 doesn't build some a couple of reasons (one might be wrong bison version)</span></div><div class="line" id="175844"><span class="nick" style="color:#80b1d3"><a href="#175844" label="[17:58:44]">&lt;stikonas&gt;</a></span><span class="message">I couldn't regenerate 5.8 header files though</span></div><div class="line" id="175849"><span class="nick" style="color:#80b1d3"><a href="#175849" label="[17:58:49]">&lt;stikonas&gt;</a></span><span class="message">although, that might be patchable</span></div><div class="line" id="175900"><span class="nick" style="color:#80b1d3"><a href="#175900" label="[17:59:00]">&lt;stikonas&gt;</a></span><span class="message">it seems to require Config.pm</span></div><div class="line" id="180016"><span class="nick" style="color:#80b1d3"><a href="#180016" label="[18:00:16]">&lt;stikonas&gt;</a></span><span class="message">so unless we patch it out, looks like we need to regenerate ./Configure first</span></div><div class="line" id="180758"><span class="nick" style="color:#80b1d3"><a href="#180758" label="[18:07:58]">&lt;stikonas&gt;</a></span><span class="message">pder: so for now we can target autoconf 2.50 and automake 1.5</span></div><div class="line" id="180805"><span class="nick" style="color:#80b1d3"><a href="#180805" label="[18:08:05]">&lt;stikonas&gt;</a></span><span class="message">I think anything newer needs perl 5.6</span></div><div class="line" id="182621"><span class="nick" style="color:#234e69"><a href="#182621" label="[18:26:21]">&lt;gforce_d11977&gt;</a></span><span class="message">pder: stikonas: fossy: yes, for now the checksumming should always return 0, but printout in LOG</span></div><div class="line" id="182745"><span class="nick" style="color:#234e69"><a href="#182745" label="[18:27:45]">&lt;gforce_d11977&gt;</a></span><span class="message">fossy: in CI you can just grep the LOG for these err-messages, so we can still check it</span></div><div class="line" id="184315"><span class="nick" style="color:#80b1d3"><a href="#184315" label="[18:43:15]">&lt;stikonas&gt;</a></span><span class="message">gforce_d11977, pder, fossy: oh with some patches I think I am able to jump from perl 5_005_03 to microperl of perl 5.8.9 (possibly newer perl's will work too)</span></div><div class="line" id="184423"><span class="nick" style="color:#80b1d3"><a href="#184423" label="[18:44:23]">&lt;stikonas&gt;</a></span><span class="message">argh, but bison is still broken in 5.8.9...</span></div><div class="line" id="184426"><span class="nick" style="color:#80b1d3"><a href="#184426" label="[18:44:26]">&lt;stikonas&gt;</a></span><span class="message">maybe 5.10 then...</span></div><div class="line" id="192840"><span class="nick" style="color:#6c3d55"><a href="#192840" label="[19:28:40]">&lt;Hagfish&gt;</a></span><span class="message">it sounds like a game of minesweeper or something, but i'm really hopeful that the issues get easier with later versions of everything</span></div><div class="line" id="193926"><span class="nick" style="color:#80b1d3"><a href="#193926" label="[19:39:26]">&lt;stikonas&gt;</a></span><span class="message">Hagfish: yeah, later it's easier</span></div><div class="line" id="193933"><span class="nick" style="color:#80b1d3"><a href="#193933" label="[19:39:33]">&lt;stikonas&gt;</a></span><span class="message">but we need one more step :(</span></div><div class="line" id="193946"><span class="nick" style="color:#80b1d3"><a href="#193946" label="[19:39:46]">&lt;stikonas&gt;</a></span><span class="message">so I think perl 5.6 allows jumping directly to perl 5.18</span></div><div class="line" id="193956"><span class="nick" style="color:#80b1d3"><a href="#193956" label="[19:39:56]">&lt;stikonas&gt;</a></span><span class="message">but we only have 5.5</span></div><div class="line" id="211117"><span class="nick" style="color:#8dd3c7"><a href="#211117" label="[21:11:17]">&lt;fossy&gt;</a></span><span class="message">stikonas: interesting</span></div><div class="line" id="211122"><span class="nick" style="color:#8dd3c7"><a href="#211122" label="[21:11:22]">&lt;fossy&gt;</a></span><span class="message">gforce_d11977: i firmly disagree</span></div><div class="line" id="211132"><span class="nick" style="color:#8dd3c7"><a href="#211132" label="[21:11:32]">&lt;fossy&gt;</a></span><span class="message">there is no point in having checksumming if we dont fail if it fails</span></div><div class="line" id="211211"><span class="nick" style="color:#8dd3c7"><a href="#211211" label="[21:12:11]">&lt;fossy&gt;</a></span><span class="message">the entire point of the checksumming is to ensure your hardware matches what is expected and is not compromised, and that the build is reproducible</span></div><div class="line" id="211748"><span class="nick" style="color:#80b1d3"><a href="#211748" label="[21:17:48]">&lt;stikonas&gt;</a></span><span class="message">fossy: anyway, this <a rel="nofollow" href="https://github.com/fosslinux/live-bootstrap/pull/44">https://github.com/fosslinux/live-bootstrap/pull/44</a>  is now ready for merge. (Once you have time)</span></div><div class="line" id="211807"><span class="nick" style="color:#8dd3c7"><a href="#211807" label="[21:18:07]">&lt;fossy&gt;</a></span><span class="message">i'll do that this arvo first then cp</span></div><div class="line" id="211825"><span class="nick" style="color:#80b1d3"><a href="#211825" label="[21:18:25]">&lt;stikonas&gt;</a></span><span class="message">fossy: cp is integrated now into perl</span></div><div class="line" id="211834"><span class="nick" style="color:#80b1d3"><a href="#211834" label="[21:18:34]">&lt;stikonas&gt;</a></span><span class="message">sicne I fixed checksums and numbering</span></div><div class="line" id="211838"><span class="nick" style="color:#8dd3c7"><a href="#211838" label="[21:18:38]">&lt;fossy&gt;</a></span><span class="message">oh i see</span></div><div class="line" id="211840"><span class="nick" style="color:#8dd3c7"><a href="#211840" label="[21:18:40]">&lt;fossy&gt;</a></span><span class="message">thanks</span></div><div class="line" id="211858"><span class="nick" style="color:#80b1d3"><a href="#211858" label="[21:18:58]">&lt;stikonas&gt;</a></span><span class="message">you can still add sha2 description later...</span></div><div class="line" id="211901"><span class="nick" style="color:#80b1d3"><a href="#211901" label="[21:19:01]">&lt;stikonas&gt;</a></span><span class="message">for now it's empty</span></div><div class="line" id="211911"><span class="nick" style="color:#80b1d3"><a href="#211911" label="[21:19:11]">&lt;stikonas&gt;</a></span><span class="message">but I added a number</span></div><div class="line" id="211926"><span class="nick" style="color:#8dd3c7"><a href="#211926" label="[21:19:26]">&lt;fossy&gt;</a></span><span class="message">thats fine</span></div><div class="line" id="211927"><span class="nick" style="color:#80b1d3"><a href="#211927" label="[21:19:27]">&lt;stikonas&gt;</a></span><span class="message">so now readme and kaem.run/run.sh numbers are back in sync</span></div><div class="line" id="212025"><span class="nick" style="color:#80b1d3"><a href="#212025" label="[21:20:25]">&lt;stikonas&gt;</a></span><span class="message">anyway, this perl 5.5 is not too bad already, it allows us to run up to automake 1.5 and autoconf 2.50</span></div><div class="line" id="212035"><span class="nick" style="color:#80b1d3"><a href="#212035" label="[21:20:35]">&lt;stikonas&gt;</a></span><span class="message">(which is from about 2001)</span></div><div class="line" id="212118"><span class="nick" style="color:#80b1d3"><a href="#212118" label="[21:21:18]">&lt;stikonas&gt;</a></span><span class="message">hopefully sufficient for most of our purposes</span></div><div class="line" id="212341"><span class="nick" style="color:#d9d9d9"><a href="#212341" label="[21:23:41]">*</a></span><span class="message">stikonas had to check what &quot;arvo&quot; means. That's Australian...</span></div><div class="line" id="213332"><span class="nick" style="color:#8dd3c7"><a href="#213332" label="[21:33:32]">&lt;fossy&gt;</a></span><span class="message">oopsies</span></div><div class="line" id="213346"><span class="nick" style="color:#8dd3c7"><a href="#213346" label="[21:33:46]">&lt;fossy&gt;</a></span><span class="message">sometimes my australian slang creeps into my online vocab, lol</span></div><div class="line" id="220333"><span class="nick" style="color:#80b1d3"><a href="#220333" label="[22:03:33]">&lt;stikonas&gt;</a></span><span class="message">fossy: I guess I can skip checksumming if package installs only text files?</span></div><div class="line" id="220340"><span class="nick" style="color:#8dd3c7"><a href="#220340" label="[22:03:40]">&lt;fossy&gt;</a></span><span class="message">stikonas: yes</span></div><div class="line" id="220341"><span class="nick" style="color:#80b1d3"><a href="#220341" label="[22:03:41]">&lt;stikonas&gt;</a></span><span class="message">no compilation</span></div><div class="line" id="220344"><span class="nick" style="color:#80b1d3"><a href="#220344" label="[22:03:44]">&lt;stikonas&gt;</a></span><span class="message">ok</span></div><div class="line" id="220347"><span class="nick" style="color:#8dd3c7"><a href="#220347" label="[22:03:47]">&lt;fossy&gt;</a></span><span class="message">stikonas: which is that?</span></div><div class="line" id="220355"><span class="nick" style="color:#8dd3c7"><a href="#220355" label="[22:03:55]">&lt;fossy&gt;</a></span><span class="message">Or just hypothetically</span></div><div class="line" id="220357"><span class="nick" style="color:#80b1d3"><a href="#220357" label="[22:03:57]">&lt;stikonas&gt;</a></span><span class="message">part 1 of autoconf 2.50</span></div><div class="line" id="220404"><span class="nick" style="color:#8dd3c7"><a href="#220404" label="[22:04:04]">&lt;fossy&gt;</a></span><span class="message">ah</span></div><div class="line" id="220406"><span class="nick" style="color:#80b1d3"><a href="#220406" label="[22:04:06]">&lt;stikonas&gt;</a></span><span class="message">(later once we have automake we can build it with autotools)</span></div><div class="line" id="220418"><span class="nick" style="color:#8dd3c7"><a href="#220418" label="[22:04:18]">&lt;fossy&gt;</a></span><span class="message">anything just cpd from the tarball dosent need checksumming</span></div><div class="line" id="220418"><span class="nick" style="color:#80b1d3"><a href="#220418" label="[22:04:18]">&lt;stikonas&gt;</a></span><span class="message">but for now I just ran sed to replace a few placeholders</span></div><div class="line" id="220429"><span class="nick" style="color:#80b1d3"><a href="#220429" label="[22:04:29]">&lt;stikonas&gt;</a></span><span class="message">well, it's copy with a few seds</span></div><div class="line" id="220442"><span class="nick" style="color:#80b1d3"><a href="#220442" label="[22:04:42]">&lt;stikonas&gt;</a></span><span class="message">something like sed s/@VERSION@/2.50/</span></div><div class="line" id="220444"><span class="nick" style="color:#80b1d3"><a href="#220444" label="[22:04:44]">&lt;stikonas&gt;</a></span><span class="message">and a few paths</span></div><div class="line" id="220452"><span class="nick" style="color:#80b1d3"><a href="#220452" label="[22:04:52]">&lt;stikonas&gt;</a></span><span class="message">basically trivial replacement</span></div><div class="line" id="220528"><span class="nick" style="color:#8dd3c7"><a href="#220528" label="[22:05:28]">&lt;fossy&gt;</a></span><span class="message">hm yeah that is fine</span></div><div class="line" id="220551"><span class="nick" style="color:#80b1d3"><a href="#220551" label="[22:05:51]">&lt;stikonas&gt;</a></span><span class="message">hmm, I still have to create an empty checksums file...</span></div><div class="line" id="233251"><span class="nick" style="color:#2e2a4a"><a href="#233251" label="[23:32:51]">&lt;pder&gt;</a></span><span class="message">fossy: for the checksuming, I think there should at least be an easy way to make it not a hard failure, and just log checksum errors during development</span></div><div class="line" id="233411"><span class="nick" style="color:#2e2a4a"><a href="#233411" label="[23:34:11]">&lt;pder&gt;</a></span><span class="message">anything merged to master obviously has to pass all the checksums.  Its just annoying to have a 10+ minute build die in the middle because of something expected</span></div><br /></div></body></html>