<!DOCTYPE html><html><head><title>IRC channel logs</title><style>html {
  background: #fdfdfd;
}

h1 {
  font-weight: 300;
}

h2 {
  font-weight: 200;
}

h3 {
  padding: .5em 0;
  border-top: 3px dotted #ddd;
  margin-bottom: 0;
}

form {
  width: 400px;
  display: flex;
}

input {
  width: 100%;
  display: flex;
  border-radius: .25em 0 0 .25em;
  border: 1px solid #aaa;
  border-right: 0;
  padding: 0.5em;
}

button {
  display: flex;
  border-radius: 0 .25em .25em 0;
  background-color: #007bff;
  border: 1px solid #007bff;
  padding: .5em;
  cursor: pointer;
  color: white;
}

button:hover {
  background-color: #0069d9;
  border-color: #0062cc;
}

a {
  color: #007bff;
  text-decoration: none;
}

a:hover {
  text-decoration: underline;
}

h4 {
  margin-bottom: .5em;
}

table td {
  padding: 0.75em;
}

table tr:hover {
  background: #eee;
}

.year {
  display: table;
}

.month {
  display: table-cell;
  padding-right: 1em;
}

ul {
  margin: 0;
  padding: 0;
  list-style: none;
}

.nick {
  padding-right: 0.6rem;
  font-weight: bold;
  text-align: right;
  width: 13rem;
  display: table-cell;
}

.nick a {
  color: inherit;
  text-decoration: none;
}

.message {
  display: table-cell;
  padding-left: 0.6rem;
  border-left: 2px solid #333;
}

.notice {
  color: #859900;
  font-style: italic;
}

.line {
  line-height: 1.8rem;
  display: table;
}

#logs {
  margin-top: 1.5rem;
  padding: 1.5rem;
}
</style></head><body><h1>IRC channel logs</h1><h2>2021-06-17.log</h2><p><a href="/bootstrappable">back to list of logs</a></p><div id="logs"><div class="line" id="000250"><span class="nick" style="color:#389600"><a href="#000250" label="[00:02:50]">&lt;oriansj&gt;</a></span><span class="message">xentrac: ultimately a sshfs mount to a fault-tolerant volume ended up being a better solution for my usecase. Looking forward to btrfs raid1c4 to hit Debian Stable</span></div><div class="line" id="034617"><span class="nick" style="color:#2e2a4a"><a href="#034617" label="[03:46:17]">&lt;Hagfish&gt;</a></span><span class="message"> <a rel="nofollow" href="https://github.com/lastmjs/wasm-metal">https://github.com/lastmjs/wasm-metal</a> </span></div><div class="line" id="034629"><span class="nick" style="color:#2e2a4a"><a href="#034629" label="[03:46:29]">&lt;Hagfish&gt;</a></span><span class="message">i guess someone had to try that eventually</span></div><div class="line" id="111425"><span class="nick" style="color:#6b8072"><a href="#111425" label="[11:14:25]">&lt;pabs3&gt;</a></span><span class="message">Fedora and supply-chain attacks <a rel="nofollow" href="https://lwn.net/SubscriberLink/859965/3400dc38171c4979/">https://lwn.net/SubscriberLink/859965/3400dc38171c4979/</a> </span></div><div class="line" id="113856"><span class="nick" style="color:#80b1d3"><a href="#113856" label="[11:38:56]">&lt;civodul&gt;</a></span><span class="message">pabs3: interesting!</span></div><div class="line" id="113904"><span class="nick" style="color:#80b1d3"><a href="#113904" label="[11:39:04]">&lt;civodul&gt;</a></span><span class="message">it's very much focused on the distribution of binaries</span></div><div class="line" id="113944"><span class="nick" style="color:#80b1d3"><a href="#113944" label="[11:39:44]">&lt;civodul&gt;</a></span><span class="message">i think it's more fruitful to focus on reproducible builds, provenance tracking, and building everything from source</span></div><div class="line" id="120013"><span class="nick" style="color:#2e2a4a"><a href="#120013" label="[12:00:13]">&lt;Hagfish&gt;</a></span><span class="message">the comments by NYKevin and Foxboron seem to better understand the importance of something like rekor (and Reproducible Builds)</span></div><div class="line" id="120033"><span class="nick" style="color:#2e2a4a"><a href="#120033" label="[12:00:33]">&lt;Hagfish&gt;</a></span><span class="message">it's a pity that the Fedora community themselves aren't very interested in that (or even in signing repo metadata)</span></div><div class="line" id="132218"><span class="nick" style="color:#389600"><a href="#132218" label="[13:22:18]">&lt;oriansj&gt;</a></span><span class="message">Hagfish: well it might end up useful or just end up another deadend. Only time will tell.</span></div><div class="line" id="132542"><span class="nick" style="color:#389600"><a href="#132542" label="[13:25:42]">&lt;oriansj&gt;</a></span><span class="message">pabs3: looks like another misguided attempt to avoid reproducible builds to me. Signing keys might keep the little bad guys from doing damage but not those with First World Nation State intelligence agencies.</span></div><div class="line" id="133041"><span class="nick" style="color:#389600"><a href="#133041" label="[13:30:41]">&lt;oriansj&gt;</a></span><span class="message">falsification that is cheap is the only way to catch malicious tampering of binaries. With all sources of non-reproducibility hunted down, documented and systematically destroyed.</span></div><div class="line" id="133601"><span class="nick">***</span><span class="message notice">stikonas_ is now known as stikonas</span></div><div class="line" id="151615"><span class="nick" style="color:#6d2462"><a href="#151615" label="[15:16:15]">&lt;xentrac&gt;</a></span><span class="message">oriansj: makes sense!</span></div><div class="line" id="200341"><span class="nick">***</span><span class="message notice">stikonas_ is now known as stikonas</span></div><div class="line" id="203938"><span class="nick" style="color:#234e69"><a href="#203938" label="[20:39:38]">&lt;siraben&gt;</a></span><span class="message">people here might find this interesting: <a rel="nofollow" href="https://github.com/akkartik/mu">https://github.com/akkartik/mu</a> </span></div><div class="line" id="211523"><span class="nick" style="color:#2e2a4a"><a href="#211523" label="[21:15:23]">&lt;Hagfish&gt;</a></span><span class="message">yeah, that's interesting</span></div><div class="line" id="211543"><span class="nick" style="color:#2e2a4a"><a href="#211543" label="[21:15:43]">&lt;Hagfish&gt;</a></span><span class="message">i wonder if they've thought about compiling tcc on it, or something</span></div><div class="line" id="211638"><span class="nick" style="color:#6c3d55"><a href="#211638" label="[21:16:38]">&lt;amirouche&gt;</a></span><span class="message">interesting :)</span></div><div class="line" id="225140"><span class="nick" style="color:#389600"><a href="#225140" label="[22:51:40]">&lt;oriansj&gt;</a></span><span class="message">siraben: if one goes far back enough in the logs, you'll discover that akkartik actually used to be on #bootstrappable. Although the lack of memory safety and &quot;incremental accountability&quot; were the differences which resulted in them leaving.</span></div><div class="line" id="225245"><span class="nick" style="color:#389600"><a href="#225245" label="[22:52:45]">&lt;oriansj&gt;</a></span><span class="message">I can't blame them, it is extremely hard to have memory safety when one is working with individual bytes in memory on an architecture(s) that don't support memory safety beyound paging protection bits.</span></div><div class="line" id="225347"><span class="nick" style="color:#389600"><a href="#225347" label="[22:53:47]">&lt;oriansj&gt;</a></span><span class="message">but I believe the leaving was on good terms for all parties involved.</span></div><div class="line" id="232829"><span class="nick" style="color:#389600"><a href="#232829" label="[23:28:29]">&lt;oriansj&gt;</a></span><span class="message">and I do believe he does enjoy having his work associated with bootstrappable builds <a rel="nofollow" href="http://akkartik.name/post/neighborhood">http://akkartik.name/post/neighborhood</a> </span></div><br /></div></body></html>