<!DOCTYPE html><html><head><title>IRC channel logs</title><style>html {
  background: #fdfdfd;
}

h1 {
  font-weight: 300;
}

h2 {
  font-weight: 200;
}

h3 {
  padding: .5em 0;
  border-top: 3px dotted #ddd;
  margin-bottom: 0;
}

form {
  width: 400px;
  display: flex;
}

input {
  width: 100%;
  display: flex;
  border-radius: .25em 0 0 .25em;
  border: 1px solid #aaa;
  border-right: 0;
  padding: 0.5em;
}

button {
  display: flex;
  border-radius: 0 .25em .25em 0;
  background-color: #007bff;
  border: 1px solid #007bff;
  padding: .5em;
  cursor: pointer;
  color: white;
}

button:hover {
  background-color: #0069d9;
  border-color: #0062cc;
}

a {
  color: #007bff;
  text-decoration: none;
}

a:hover {
  text-decoration: underline;
}

h4 {
  margin-bottom: .5em;
}

table td {
  padding: 0.75em;
}

table tr:hover {
  background: #eee;
}

.year {
  display: table;
}

.month {
  display: table-cell;
  padding-right: 1em;
}

ul {
  margin: 0;
  padding: 0;
  list-style: none;
}

.nick {
  padding-right: 0.6rem;
  font-weight: bold;
  text-align: right;
  width: 13rem;
  display: table-cell;
}

.nick a {
  color: inherit;
  text-decoration: none;
}

.message {
  display: table-cell;
  padding-left: 0.6rem;
  border-left: 2px solid #333;
}

.notice {
  color: #859900;
  font-style: italic;
}

.line {
  line-height: 1.8rem;
  display: table;
}

#logs {
  margin-top: 1.5rem;
  padding: 1.5rem;
}
</style></head><body><h1>IRC channel logs</h1><h2>2021-07-22.log</h2><p><a href="/bootstrappable">back to list of logs</a></p><div id="logs"><div class="line" id="020644"><span class="nick" style="color:#8dd3c7"><a href="#020644" label="[02:06:44]">&lt;oriansj&gt;</a></span><span class="message">stikonas[m]: well if I had to guess it is because the base-address is hardcoded to zero that is probably the problem (only knight uses that base-address value)</span></div><div class="line" id="151850"><span class="nick">***</span><span class="message notice">smartin1 is now known as smartin</span></div><div class="line" id="202519"><span class="nick" style="color:#2e2a4a"><a href="#202519" label="[20:25:19]">*</a></span><span class="message">stikonas is looking at Risc-V</span></div><div class="line" id="234424"><span class="nick" style="color:#8dd3c7"><a href="#234424" label="[23:44:24]">&lt;oriansj&gt;</a></span><span class="message">stikonas: also outputPointer writes the displacements in big endian order rather than little endian</span></div><div class="line" id="234513"><span class="nick" style="color:#8dd3c7"><a href="#234513" label="[23:45:13]">&lt;oriansj&gt;</a></span><span class="message">as they were the high level prototypes when I was writing the original knight hex1 and hex2</span></div><div class="line" id="235229"><span class="nick" style="color:#6b8072"><a href="#235229" label="[23:52:29]">&lt;stikonas&gt;</a></span><span class="message">yeah, that might be it...</span></div><div class="line" id="235340"><span class="nick" style="color:#6b8072"><a href="#235340" label="[23:53:40]">&lt;stikonas&gt;</a></span><span class="message">oriansj: anyway, while looking though hex files, I found some small issues with comments <a rel="nofollow" href="https://github.com/oriansj/stage0-posix/pull/28">https://github.com/oriansj/stage0-posix/pull/28</a> </span></div><div class="line" id="235419"><span class="nick" style="color:#6b8072"><a href="#235419" label="[23:54:19]">&lt;stikonas&gt;</a></span><span class="message">and I now have a low level prototype for hex1 on risc-v (actual hex1 is maybe 25% done)</span></div><div class="line" id="235516"><span class="nick" style="color:#6b8072"><a href="#235516" label="[23:55:16]">&lt;stikonas&gt;</a></span><span class="message">writing .hex0 code is a bit tedious... although not too hard once you have low level prototype</span></div><div class="line" id="235528"><span class="nick" style="color:#6b8072"><a href="#235528" label="[23:55:28]">&lt;stikonas&gt;</a></span><span class="message">well, it's basically machine code</span></div><br /></div></body></html>