<!DOCTYPE html><html><head><title>IRC channel logs</title><style>html {
  background: #fdfdfd;
}

h1 {
  font-weight: 300;
}

h2 {
  font-weight: 200;
}

h3 {
  padding: .5em 0;
  border-top: 3px dotted #ddd;
  margin-bottom: 0;
}

form {
  width: 400px;
  display: flex;
}

input {
  width: 100%;
  display: flex;
  border-radius: .25em 0 0 .25em;
  border: 1px solid #aaa;
  border-right: 0;
  padding: 0.5em;
}

button {
  display: flex;
  border-radius: 0 .25em .25em 0;
  background-color: #007bff;
  border: 1px solid #007bff;
  padding: .5em;
  cursor: pointer;
  color: white;
}

button:hover {
  background-color: #0069d9;
  border-color: #0062cc;
}

a {
  color: #007bff;
  text-decoration: none;
}

a:hover {
  text-decoration: underline;
}

h4 {
  margin-bottom: .5em;
}

table td {
  padding: 0.75em;
}

table tr:hover {
  background: #eee;
}

.year {
  display: table;
}

.month {
  display: table-cell;
  padding-right: 1em;
}

ul {
  margin: 0;
  padding: 0;
  list-style: none;
}

.nick {
  padding-right: 0.6rem;
  font-weight: bold;
  text-align: right;
  width: 13rem;
  display: table-cell;
}

.nick a {
  color: inherit;
  text-decoration: none;
}

.message {
  display: table-cell;
  padding-left: 0.6rem;
  border-left: 2px solid #333;
}

.notice {
  color: #859900;
  font-style: italic;
}

.line {
  line-height: 1.8rem;
  display: table;
}

#logs {
  margin-top: 1.5rem;
  padding: 1.5rem;
}
</style></head><body><h1>IRC channel logs</h1><h2>2021-04-29.log</h2><p><a href="/bootstrappable">back to list of logs</a></p><div id="logs"><div class="line" id="000337"><span class="nick" style="color:#389600"><a href="#000337" label="[00:03:37]">&lt;OriansJ&gt;</a></span><span class="message">gforce_de1977: well sys_sync would be the syscall as sys_flush doesn't actually exist but it is trivial to insert that syscall in the libc  after every call to write; it'll slow things down a bit but will work.</span></div><div class="line" id="040619"><span class="nick">***</span><span class="message notice">V is now known as based</span></div><div class="line" id="041820"><span class="nick">***</span><span class="message notice">based is now known as V</span></div><div class="line" id="063146"><span class="nick" style="color:#2e2a4a"><a href="#063146" label="[06:31:46]">&lt;gforce_de1977&gt;</a></span><span class="message">OriansJ: I can not find 'sys_sync' in M2libc, can you give me a hint?</span></div><div class="line" id="121247"><span class="nick">***</span><span class="message notice">ChanServ sets mode: +o rekado_</span></div><div class="line" id="121250"><span class="nick">***</span><span class="message notice">rekado_ is now known as rekado</span></div><div class="line" id="135128"><span class="nick" style="color:#389600"><a href="#135128" label="[13:51:28]">&lt;OriansJ&gt;</a></span><span class="message">gforce_de1977: sys_sync is just putting 36 in eax and calling int 0x80 for x86</span></div><div class="line" id="165041"><span class="nick" style="color:#2e2a4a"><a href="#165041" label="[16:50:41]">&lt;gforce_de1977&gt;</a></span><span class="message">OriansJ: ofcourse, but i want to have it in our libc automagically. i know this is manual work, but i need a start. i'am sure i search the wrong way...</span></div><div class="line" id="170955"><span class="nick" style="color:#6b8072"><a href="#170955" label="[17:09:55]">&lt;stikonas&gt;</a></span><span class="message">gforce_de1977: but which libc should we patch</span></div><div class="line" id="171020"><span class="nick" style="color:#6b8072"><a href="#171020" label="[17:10:20]">&lt;stikonas&gt;</a></span><span class="message">it might be bash which is causing this with mes libc, but it could also be something with musl...</span></div><div class="line" id="200301"><span class="nick">***</span><span class="message notice">lukedashjr is now known as luke-jr</span></div><div class="line" id="201121"><span class="nick">***</span><span class="message notice">Noisytoot is now known as \\</span></div><div class="line" id="201146"><span class="nick">***</span><span class="message notice">\\ is now known as \r\n</span></div><div class="line" id="201157"><span class="nick">***</span><span class="message notice">\r\n is now known as Noisytoot</span></div><br /></div></body></html>