<!DOCTYPE html><html><head><title>IRC channel logs</title><style>html {
  background: #fdfdfd;
}

h1 {
  font-weight: 300;
}

h2 {
  font-weight: 200;
}

h3 {
  padding: .5em 0;
  border-top: 3px dotted #ddd;
  margin-bottom: 0;
}

form {
  width: 400px;
  display: flex;
}

input {
  width: 100%;
  display: flex;
  border-radius: .25em 0 0 .25em;
  border: 1px solid #aaa;
  border-right: 0;
  padding: 0.5em;
}

button {
  display: flex;
  border-radius: 0 .25em .25em 0;
  background-color: #007bff;
  border: 1px solid #007bff;
  padding: .5em;
  cursor: pointer;
  color: white;
}

button:hover {
  background-color: #0069d9;
  border-color: #0062cc;
}

a {
  color: #007bff;
  text-decoration: none;
}

a:hover {
  text-decoration: underline;
}

h4 {
  margin-bottom: .5em;
}

table td {
  padding: 0.75em;
}

table tr:hover {
  background: #eee;
}

.year {
  display: table;
}

.month {
  display: table-cell;
  padding-right: 1em;
}

ul {
  margin: 0;
  padding: 0;
  list-style: none;
}

.nick {
  padding-right: 0.6rem;
  font-weight: bold;
  text-align: right;
  width: 13rem;
  display: table-cell;
}

.nick a {
  color: inherit;
  text-decoration: none;
}

.message {
  display: table-cell;
  padding-left: 0.6rem;
  border-left: 2px solid #333;
}

.notice {
  color: #859900;
  font-style: italic;
}

.line {
  line-height: 1.8rem;
  display: table;
}

#logs {
  margin-top: 1.5rem;
  padding: 1.5rem;
}
</style></head><body><h1>IRC channel logs</h1><h2>2021-09-03.log</h2><p><a href="/bootstrappable">back to list of logs</a></p><div id="logs"><div class="line" id="002509"><span class="nick">***</span><span class="message notice">ChanServ sets mode: +o oriansj</span></div><div class="line" id="002713"><span class="nick" style="color:#8dd3c7"><a href="#002713" label="[00:27:13]">&lt;oriansj&gt;</a></span><span class="message">stikonas[m]: nice</span></div><div class="line" id="003227"><span class="nick">***</span><span class="message notice">ChanServ sets mode: +o oriansj</span></div><div class="line" id="003307"><span class="nick" style="color:#8dd3c7"><a href="#003307" label="[00:33:07]">&lt;oriansj&gt;</a></span><span class="message">and where it can be improved: <a rel="nofollow" href="https://github.com/oriansj/gfk">https://github.com/oriansj/gfk</a> </span></div><div class="line" id="004736"><span class="nick">***</span><span class="message notice">ChanServ sets mode: +o oriansj</span></div><div class="line" id="054022"><span class="nick" style="color:#8dd3c7"><a href="#054022" label="[05:40:22]">&lt;oriansj&gt;</a></span><span class="message">ok, 16bit block pointers and 512byte blocks should be enough to build a kernel in C code.</span></div><div class="line" id="172931"><span class="nick">***</span><span class="message notice">dongcarl7 is now known as dongcarl</span></div><div class="line" id="191520"><span class="nick">***</span><span class="message notice">ChanServ sets mode: +o janneke_</span></div><div class="line" id="192104"><span class="nick">***</span><span class="message notice">janneke_ is now known as janneke</span></div><div class="line" id="192314"><span class="nick" style="color:#8dd3c7"><a href="#192314" label="[19:23:14]">&lt;oriansj&gt;</a></span><span class="message">now to sanity check my plan by implementing in C and assembly.</span></div><br /></div></body></html>