<!DOCTYPE html><html><head><title>IRC channel logs</title><style>html {
  background: #fdfdfd;
}

h1 {
  font-weight: 300;
}

h2 {
  font-weight: 200;
}

h3 {
  padding: .5em 0;
  border-top: 3px dotted #ddd;
  margin-bottom: 0;
}

form {
  width: 400px;
  display: flex;
}

input {
  width: 100%;
  display: flex;
  border-radius: .25em 0 0 .25em;
  border: 1px solid #aaa;
  border-right: 0;
  padding: 0.5em;
}

button {
  display: flex;
  border-radius: 0 .25em .25em 0;
  background-color: #007bff;
  border: 1px solid #007bff;
  padding: .5em;
  cursor: pointer;
  color: white;
}

button:hover {
  background-color: #0069d9;
  border-color: #0062cc;
}

a {
  color: #007bff;
  text-decoration: none;
}

a:hover {
  text-decoration: underline;
}

h4 {
  margin-bottom: .5em;
}

table td {
  padding: 0.75em;
}

table tr:hover {
  background: #eee;
}

.year {
  display: table;
}

.month {
  display: table-cell;
  padding-right: 1em;
}

ul {
  margin: 0;
  padding: 0;
  list-style: none;
}

.nick {
  padding-right: 0.6rem;
  font-weight: bold;
  text-align: right;
  width: 13rem;
  display: table-cell;
}

.nick a {
  color: inherit;
  text-decoration: none;
}

.message {
  display: table-cell;
  padding-left: 0.6rem;
  border-left: 2px solid #333;
}

.notice {
  color: #859900;
  font-style: italic;
}

.line {
  line-height: 1.8rem;
  display: table;
}

#logs {
  margin-top: 1.5rem;
  padding: 1.5rem;
}
</style></head><body><h1>IRC channel logs</h1><h2>2021-04-11.log</h2><p><a href="/bootstrappable">back to list of logs</a></p><div id="logs"><div class="line" id="000728"><span class="nick" style="color:#8dd3c7"><a href="#000728" label="[00:07:28]">&lt;OriansJ`&gt;</a></span><span class="message">I must say the README has one heck of a delta</span></div><div class="line" id="003224"><span class="nick" style="color:#8dd3c7"><a href="#003224" label="[00:32:24]">&lt;OriansJ`&gt;</a></span><span class="message">So the next release of stage0-posix will unfortunately have to build the x86 binary for mes-m2 (until I properly port it to M2libc)</span></div><div class="line" id="003852"><span class="nick" style="color:#2e2a4a"><a href="#003852" label="[00:38:52]">&lt;Hagfish&gt;</a></span><span class="message">does it make sense for me to ask how M2libc compares in size to something like musl?</span></div><div class="line" id="005931"><span class="nick" style="color:#6b8072"><a href="#005931" label="[00:59:31]">&lt;fossy&gt;</a></span><span class="message">OriansJ`: what do you mean, build the x86 binary for mes-m2?</span></div><div class="line" id="005941"><span class="nick" style="color:#6b8072"><a href="#005941" label="[00:59:41]">&lt;fossy&gt;</a></span><span class="message">cant --bootstrap-mode just be used?</span></div><div class="line" id="010114"><span class="nick" style="color:#80b1d3"><a href="#010114" label="[01:01:14]">&lt;stikonas&gt;</a></span><span class="message">fossy: should I use one word per line in import-gnulib?</span></div><div class="line" id="010141"><span class="nick" style="color:#80b1d3"><a href="#010141" label="[01:01:41]">&lt;stikonas&gt;</a></span><span class="message">or just normal page width?</span></div><div class="line" id="010212"><span class="nick" style="color:#6b8072"><a href="#010212" label="[01:02:12]">&lt;fossy&gt;</a></span><span class="message">stikonas: i prefer one word per line, i think that is the most readable</span></div><div class="line" id="010216"><span class="nick" style="color:#6b8072"><a href="#010216" label="[01:02:16]">&lt;fossy&gt;</a></span><span class="message">like how you did for tar</span></div><div class="line" id="010237"><span class="nick" style="color:#80b1d3"><a href="#010237" label="[01:02:37]">&lt;stikonas&gt;</a></span><span class="message">ok</span></div><div class="line" id="010248"><span class="nick" style="color:#80b1d3"><a href="#010248" label="[01:02:48]">&lt;stikonas&gt;</a></span><span class="message">well, both were pasted from the comments in generated file</span></div><div class="line" id="010258"><span class="nick" style="color:#80b1d3"><a href="#010258" label="[01:02:58]">&lt;stikonas&gt;</a></span><span class="message">one was split, another was one liner</span></div><div class="line" id="010326"><span class="nick" style="color:#6b8072"><a href="#010326" label="[01:03:26]">&lt;fossy&gt;</a></span><span class="message">oh, right</span></div><div class="line" id="010335"><span class="nick" style="color:#6b8072"><a href="#010335" label="[01:03:35]">&lt;fossy&gt;</a></span><span class="message">i think if you split it manually it would be better tho</span></div><div class="line" id="010359"><span class="nick" style="color:#80b1d3"><a href="#010359" label="[01:03:59]">&lt;stikonas&gt;</a></span><span class="message">yeah, I split it and updated PR</span></div><div class="line" id="010439"><span class="nick" style="color:#6b8072"><a href="#010439" label="[01:04:39]">&lt;fossy&gt;</a></span><span class="message">:)</span></div><div class="line" id="010523"><span class="nick" style="color:#80b1d3"><a href="#010523" label="[01:05:23]">&lt;stikonas&gt;</a></span><span class="message">ok, I'll remove pylint since in the end I actually used default file</span></div><div class="line" id="010533"><span class="nick" style="color:#80b1d3"><a href="#010533" label="[01:05:33]">&lt;stikonas&gt;</a></span><span class="message">I added those ignore comments inline</span></div><div class="line" id="010607"><span class="nick" style="color:#6b8072"><a href="#010607" label="[01:06:07]">&lt;fossy&gt;</a></span><span class="message">alright that sounds good</span></div><div class="line" id="010627"><span class="nick" style="color:#6b8072"><a href="#010627" label="[01:06:27]">&lt;fossy&gt;</a></span><span class="message">i'm moving back a version to perl 5.10 cause 5.12 seems to be kinda buggy</span></div><div class="line" id="010638"><span class="nick" style="color:#80b1d3"><a href="#010638" label="[01:06:38]">&lt;stikonas&gt;</a></span><span class="message">ok</span></div><div class="line" id="010645"><span class="nick" style="color:#6b8072"><a href="#010645" label="[01:06:45]">&lt;fossy&gt;</a></span><span class="message">even with ./Configure</span></div><div class="line" id="010651"><span class="nick" style="color:#80b1d3"><a href="#010651" label="[01:06:51]">&lt;stikonas&gt;</a></span><span class="message">I briefly looked at building makeinfo but it needs newer perl</span></div><div class="line" id="010701"><span class="nick" style="color:#6b8072"><a href="#010701" label="[01:07:01]">&lt;fossy&gt;</a></span><span class="message">ah ok</span></div><div class="line" id="010706"><span class="nick" style="color:#6b8072"><a href="#010706" label="[01:07:06]">&lt;fossy&gt;</a></span><span class="message">hopefully 5.10 is more simple</span></div><div class="line" id="010717"><span class="nick" style="color:#80b1d3"><a href="#010717" label="[01:07:17]">&lt;stikonas&gt;</a></span><span class="message">yeah, if not 5.8 would definitely work</span></div><div class="line" id="010728"><span class="nick" style="color:#6b8072"><a href="#010728" label="[01:07:28]">&lt;fossy&gt;</a></span><span class="message">5.12 had almost double the number of .o's than 5.6 for libperl</span></div><div class="line" id="010730"><span class="nick" style="color:#80b1d3"><a href="#010730" label="[01:07:30]">&lt;stikonas&gt;</a></span><span class="message">I did some initial work on 5.8 before</span></div><div class="line" id="010743"><span class="nick" style="color:#80b1d3"><a href="#010743" label="[01:07:43]">&lt;stikonas&gt;</a></span><span class="message">but then we discovered those pregenerated files</span></div><div class="line" id="010752"><span class="nick" style="color:#80b1d3"><a href="#010752" label="[01:07:52]">&lt;stikonas&gt;</a></span><span class="message">so went with that chain starting from 5.0</span></div><div class="line" id="010843"><span class="nick" style="color:#80b1d3"><a href="#010843" label="[01:08:43]">&lt;stikonas&gt;</a></span><span class="message">fossy: the other PR updatede too (although, it's on top of findutils branch)</span></div><div class="line" id="010848"><span class="nick" style="color:#80b1d3"><a href="#010848" label="[01:08:48]">&lt;stikonas&gt;</a></span><span class="message">so includes that commit too</span></div><div class="line" id="010933"><span class="nick" style="color:#6b8072"><a href="#010933" label="[01:09:33]">&lt;fossy&gt;</a></span><span class="message">oh ok</span></div><div class="line" id="011231"><span class="nick" style="color:#80b1d3"><a href="#011231" label="[01:12:31]">&lt;stikonas&gt;</a></span><span class="message">ok, pylint passes without that pylintcfg</span></div><div class="line" id="013313"><span class="nick" style="color:#80b1d3"><a href="#013313" label="[01:33:13]">&lt;stikonas&gt;</a></span><span class="message">fossy: by the way, when are you building perl, after 5.6 of after gcc?\</span></div><div class="line" id="035848"><span class="nick" style="color:#8dd3c7"><a href="#035848" label="[03:58:48]">&lt;OriansJ`&gt;</a></span><span class="message">Hagfish: yes it is certainly a reasonable question. It is smaller but it should grow to the size required to build TCC with mescc.</span></div><div class="line" id="040051"><span class="nick" style="color:#8dd3c7"><a href="#040051" label="[04:00:51]">&lt;OriansJ`&gt;</a></span><span class="message">fossy: well if you remember M2-Planet builds require asm blocks to do system calls and such things are unique for each architecture. So mes-m2 is using the asm blocks that janneke did and they are x86 specific. So to make a mes-m2 binary that runs on AArch64 or armv7l, I'll have to provide those bits of functionality on those architectures as well.</span></div><div class="line" id="040118"><span class="nick" style="color:#8dd3c7"><a href="#040118" label="[04:01:18]">&lt;OriansJ`&gt;</a></span><span class="message">The path forward would be to implement that functionality in M2libc</span></div><div class="line" id="080503"><span class="nick" style="color:#6b8072"><a href="#080503" label="[08:05:03]">&lt;fossy&gt;</a></span><span class="message">&lt;stikonas&gt; fossy: by the way, when are you building perl, after 5.6 of after gcc?\</span></div><div class="line" id="080510"><span class="nick" style="color:#6b8072"><a href="#080510" label="[08:05:10]">&lt;fossy&gt;</a></span><span class="message">After gcc</span></div><div class="line" id="080528"><span class="nick" style="color:#6b8072"><a href="#080528" label="[08:05:28]">&lt;fossy&gt;</a></span><span class="message">OriansJ`: I see</span></div><div class="line" id="113034"><span class="nick" style="color:#80b1d3"><a href="#113034" label="[11:30:34]">&lt;stikonas&gt;</a></span><span class="message">fossy: so are findutils and rootfs.py port ready for merge, or do I need to make more fixes?</span></div><div class="line" id="121156"><span class="nick" style="color:#6b8072"><a href="#121156" label="[12:11:56]">&lt;fossy&gt;</a></span><span class="message">stikonas: just merged before seeing lol</span></div><div class="line" id="121646"><span class="nick" style="color:#6d2462"><a href="#121646" label="[12:16:46]">&lt;stikonas[m]&gt;</a></span><span class="message">Thanks</span></div><div class="line" id="124243"><span class="nick" style="color:#6b8072"><a href="#124243" label="[12:42:43]">&lt;fossy&gt;</a></span><span class="message">Perl is close 2 done</span></div><div class="line" id="141805"><span class="nick">***</span><span class="message notice">ChanServ sets mode: +o rekado_</span></div><div class="line" id="162601"><span class="nick">***</span><span class="message notice">Noisytoot is now known as Noisytoot__</span></div><div class="line" id="162612"><span class="nick">***</span><span class="message notice">Noisytoot__ is now known as Noisytoot</span></div><div class="line" id="165314"><span class="nick">***</span><span class="message notice">stikonas_ is now known as stikonas</span></div><div class="line" id="165332"><span class="nick" style="color:#80b1d3"><a href="#165332" label="[16:53:32]">&lt;stikonas&gt;</a></span><span class="message">gforce_de1977: I'm now testing a possible fix for <a rel="nofollow" href="https://github.com/fosslinux/live-bootstrap/issues/92">https://github.com/fosslinux/live-bootstrap/issues/92</a> </span></div><div class="line" id="165342"><span class="nick" style="color:#80b1d3"><a href="#165342" label="[16:53:42]">&lt;stikonas&gt;</a></span><span class="message">although, I can't run it as many times as you did</span></div><div class="line" id="170250"><span class="nick" style="color:#234e69"><a href="#170250" label="[17:02:50]">&lt;bauen1&gt;</a></span><span class="message">stikonas: can you push your fixes somewhere ?</span></div><div class="line" id="170327"><span class="nick" style="color:#80b1d3"><a href="#170327" label="[17:03:27]">&lt;stikonas&gt;</a></span><span class="message">sure, but completely untested atm</span></div><div class="line" id="170431"><span class="nick" style="color:#80b1d3"><a href="#170431" label="[17:04:31]">&lt;stikonas&gt;</a></span><span class="message">bauen1: <a rel="nofollow" href="https://github.com/stikonas/live-bootstrap/tree/autoconf.as">https://github.com/stikonas/live-bootstrap/tree/autoconf.as</a> </span></div><div class="line" id="170506"><span class="nick" style="color:#80b1d3"><a href="#170506" label="[17:05:06]">&lt;stikonas&gt;</a></span><span class="message">still building tcc now</span></div><div class="line" id="171303"><span class="nick" style="color:#80b1d3"><a href="#171303" label="[17:13:03]">&lt;stikonas&gt;</a></span><span class="message">bauen1: so I think timestamp of autoconf.in will not be greated than that of autoconf.as</span></div><div class="line" id="171308"><span class="nick" style="color:#80b1d3"><a href="#171308" label="[17:13:08]">&lt;stikonas&gt;</a></span><span class="message">so it should build fine</span></div><div class="line" id="171316"><span class="nick" style="color:#80b1d3"><a href="#171316" label="[17:13:16]">&lt;stikonas&gt;</a></span><span class="message">and we need to regenerate it in any case</span></div><div class="line" id="171326"><span class="nick" style="color:#234e69"><a href="#171326" label="[17:13:26]">&lt;bauen1&gt;</a></span><span class="message">stikonas: that's great then</span></div><div class="line" id="171335"><span class="nick" style="color:#234e69"><a href="#171335" label="[17:13:35]">&lt;bauen1&gt;</a></span><span class="message">stikonas: not sure if there are other dependencies specified in the makefile</span></div><div class="line" id="171357"><span class="nick" style="color:#80b1d3"><a href="#171357" label="[17:13:57]">&lt;stikonas&gt;</a></span><span class="message">hmm</span></div><div class="line" id="173945"><span class="nick" style="color:#80b1d3"><a href="#173945" label="[17:39:45]">&lt;stikonas&gt;</a></span><span class="message">bauen1: ok, it actually doesn't build at autoconf-2.65</span></div><div class="line" id="173959"><span class="nick" style="color:#80b1d3"><a href="#173959" label="[17:39:59]">&lt;stikonas&gt;</a></span><span class="message">probably autom4te 2.61 is too old</span></div><div class="line" id="174037"><span class="nick" style="color:#80b1d3"><a href="#174037" label="[17:40:37]">&lt;stikonas&gt;</a></span><span class="message">I wonder if dependencies are solved in autoconf 2.65</span></div><div class="line" id="194106"><span class="nick" style="color:#6c3d55"><a href="#194106" label="[19:41:06]">&lt;gforce_de1977&gt;</a></span><span class="message"> stikonas: no problem, i will start tomorrow a new massrun, so we have results 24h later</span></div><div class="line" id="194345"><span class="nick" style="color:#80b1d3"><a href="#194345" label="[19:43:45]">&lt;stikonas&gt;</a></span><span class="message">no idea about the other failures right now</span></div><div class="line" id="194355"><span class="nick" style="color:#80b1d3"><a href="#194355" label="[19:43:55]">&lt;stikonas&gt;</a></span><span class="message">but if we can fix at least this one, that would still be good</span></div><div class="line" id="194416"><span class="nick" style="color:#6c3d55"><a href="#194416" label="[19:44:16]">&lt;gforce_de1977&gt;</a></span><span class="message">stikonas: it does not matter for now, it is just a computer which has time and electricity 8-)))</span></div><div class="line" id="194425"><span class="nick" style="color:#6c3d55"><a href="#194425" label="[19:44:25]">&lt;gforce_de1977&gt;</a></span><span class="message">so step by step</span></div><div class="line" id="194445"><span class="nick" style="color:#80b1d3"><a href="#194445" label="[19:44:45]">&lt;stikonas&gt;</a></span><span class="message">by the way, you might need  to do some minor adjustments to your script</span></div><div class="line" id="194453"><span class="nick" style="color:#80b1d3"><a href="#194453" label="[19:44:53]">&lt;stikonas&gt;</a></span><span class="message">since we removed rootfs.sh now</span></div><div class="line" id="194607"><span class="nick" style="color:#80b1d3"><a href="#194607" label="[19:46:07]">&lt;stikonas&gt;</a></span><span class="message">./rootfs.py is mostly compatible, but command line flags now have dashes in front, e.g. ./rootfs.py --chroot (or -c)</span></div><div class="line" id="203026"><span class="nick" style="color:#6c3d55"><a href="#203026" label="[20:30:26]">&lt;gforce_de1977&gt;</a></span><span class="message">ok</span></div><div class="line" id="225148"><span class="nick">***</span><span class="message notice">nckx is now known as jorts</span></div><div class="line" id="235103"><span class="nick" style="color:#80b1d3"><a href="#235103" label="[23:51:03]">&lt;stikonas&gt;</a></span><span class="message">bauen1: so unfortunately autoconf that patch doesn't help...</span></div><div class="line" id="235202"><span class="nick" style="color:#80b1d3"><a href="#235202" label="[23:52:02]">&lt;stikonas&gt;</a></span><span class="message">although, it's still good to merge, but I should remove &quot;Fixes: #92&quot; from description...</span></div><div class="line" id="235439"><span class="nick" style="color:#80b1d3"><a href="#235439" label="[23:54:39]">&lt;stikonas&gt;</a></span><span class="message">(I'll possibly convert it to simply rm bin/autoconf.in file)</span></div><div class="line" id="235654"><span class="nick" style="color:#80b1d3"><a href="#235654" label="[23:56:54]">&lt;stikonas&gt;</a></span><span class="message">hmm, I think the correct workaroud would be to first run make -C lib</span></div><br /></div></body></html>