<!DOCTYPE html><html><head><title>IRC channel logs</title><style>html {
  background: #fdfdfd;
}

h1 {
  font-weight: 300;
}

h2 {
  font-weight: 200;
}

h3 {
  padding: .5em 0;
  border-top: 3px dotted #ddd;
  margin-bottom: 0;
}

form {
  width: 400px;
  display: flex;
}

input {
  width: 100%;
  display: flex;
  border-radius: .25em 0 0 .25em;
  border: 1px solid #aaa;
  border-right: 0;
  padding: 0.5em;
}

button {
  display: flex;
  border-radius: 0 .25em .25em 0;
  background-color: #007bff;
  border: 1px solid #007bff;
  padding: .5em;
  cursor: pointer;
  color: white;
}

button:hover {
  background-color: #0069d9;
  border-color: #0062cc;
}

a {
  color: #007bff;
  text-decoration: none;
}

a:hover {
  text-decoration: underline;
}

h4 {
  margin-bottom: .5em;
}

table td {
  padding: 0.75em;
}

table tr:hover {
  background: #eee;
}

.year {
  display: table;
}

.month {
  display: table-cell;
  padding-right: 1em;
}

ul {
  margin: 0;
  padding: 0;
  list-style: none;
}

.nick {
  padding-right: 0.6rem;
  font-weight: bold;
  text-align: right;
  width: 13rem;
  display: table-cell;
}

.nick a {
  color: inherit;
  text-decoration: none;
}

.message {
  display: table-cell;
  padding-left: 0.6rem;
  border-left: 2px solid #333;
}

.notice {
  color: #859900;
  font-style: italic;
}

.line {
  line-height: 1.8rem;
  display: table;
}

#logs {
  margin-top: 1.5rem;
  padding: 1.5rem;
}
</style></head><body><h1>IRC channel logs</h1><h2>2021-02-08.log</h2><p><a href="/bootstrappable">back to list of logs</a></p><div id="logs"><div class="line" id="000013"><span class="nick">***</span><span class="message notice">ChanServ sets mode: +o rekado_</span></div><div class="line" id="000015"><span class="nick">***</span><span class="message notice">rekado_ is now known as rekado</span></div><div class="line" id="003241"><span class="nick" style="color:#8dd3c7"><a href="#003241" label="[00:32:41]">&lt;dannym&gt;</a></span><span class="message">janneke: I've put add.c, multiply.c and compile into /tmp on novena (also in my homedir under ~/src/integer-constant/).  It seems that this failure (similar to the one I get when building guix wip-arm-bootstrap's glibc-mesboot0-2.2.5) is very similar to something where a lot of stuff was commented out in the preprocessor before</span></div><div class="line" id="003251"><span class="nick" style="color:#8dd3c7"><a href="#003251" label="[00:32:51]">&lt;dannym&gt;</a></span><span class="message">janneke: Is wip-arm-bootstrap current?</span></div><div class="line" id="003311"><span class="nick" style="color:#8dd3c7"><a href="#003311" label="[00:33:11]">&lt;dannym&gt;</a></span><span class="message">This works:</span></div><div class="line" id="003311"><span class="nick" style="color:#8dd3c7"><a href="#003311" label="[00:33:11]">&lt;dannym&gt;</a></span><span class="message">#if (1 &gt;= 5+5)</span></div><div class="line" id="003311"><span class="nick" style="color:#8dd3c7"><a href="#003311" label="[00:33:11]">&lt;dannym&gt;</a></span><span class="message">#endif</span></div><div class="line" id="003324"><span class="nick" style="color:#8dd3c7"><a href="#003324" label="[00:33:24]">&lt;dannym&gt;</a></span><span class="message">This doesn't work:</span></div><div class="line" id="003326"><span class="nick" style="color:#8dd3c7"><a href="#003326" label="[00:33:26]">&lt;dannym&gt;</a></span><span class="message">#if (1 &gt;= 10)</span></div><div class="line" id="003326"><span class="nick" style="color:#8dd3c7"><a href="#003326" label="[00:33:26]">&lt;dannym&gt;</a></span><span class="message">#endif</span></div><div class="line" id="003333"><span class="nick" style="color:#8dd3c7"><a href="#003333" label="[00:33:33]">&lt;dannym&gt;</a></span><span class="message">For the latter I get:</span></div><div class="line" id="003333"><span class="nick" style="color:#8dd3c7"><a href="#003333" label="[00:33:33]">&lt;dannym&gt;</a></span><span class="message">noadd.c:1: warning: integer constant out of range</span></div><div class="line" id="003403"><span class="nick" style="color:#8dd3c7"><a href="#003403" label="[00:34:03]">&lt;dannym&gt;</a></span><span class="message">Also, for multiply.c I get a division by zero somewhere</span></div><div class="line" id="003431"><span class="nick" style="color:#8dd3c7"><a href="#003431" label="[00:34:31]">&lt;dannym&gt;</a></span><span class="message">(to test, invoke &quot;./compile add.c&quot; or similar)</span></div><div class="line" id="014307"><span class="nick" style="color:#2e2a4a"><a href="#014307" label="[01:43:07]">&lt;pder&gt;</a></span><span class="message">stikonas: do you know if coreutils is needed before musl?  I am wondering if we can just build this once after musl is built.</span></div><div class="line" id="014556"><span class="nick" style="color:#6b8072"><a href="#014556" label="[01:45:56]">&lt;stikonas&gt;</a></span><span class="message">pder: yes</span></div><div class="line" id="014605"><span class="nick" style="color:#6b8072"><a href="#014605" label="[01:46:05]">&lt;stikonas&gt;</a></span><span class="message">I think musl needs some</span></div><div class="line" id="014620"><span class="nick" style="color:#6b8072"><a href="#014620" label="[01:46:20]">&lt;stikonas&gt;</a></span><span class="message">and in any case,  bash building thing uses coreutils a lot</span></div><div class="line" id="014632"><span class="nick" style="color:#2e2a4a"><a href="#014632" label="[01:46:32]">&lt;pder&gt;</a></span><span class="message">ok</span></div><div class="line" id="014643"><span class="nick" style="color:#6b8072"><a href="#014643" label="[01:46:43]">&lt;stikonas&gt;</a></span><span class="message">stuff like rm install...</span></div><div class="line" id="014651"><span class="nick" style="color:#6b8072"><a href="#014651" label="[01:46:51]">&lt;stikonas&gt;</a></span><span class="message">mv...</span></div><div class="line" id="014655"><span class="nick" style="color:#6b8072"><a href="#014655" label="[01:46:55]">&lt;stikonas&gt;</a></span><span class="message">and probably others</span></div><div class="line" id="014703"><span class="nick" style="color:#6b8072"><a href="#014703" label="[01:47:03]">&lt;stikonas&gt;</a></span><span class="message">so I think we'll need to build it twice...</span></div><div class="line" id="014742"><span class="nick" style="color:#6b8072"><a href="#014742" label="[01:47:42]">&lt;stikonas&gt;</a></span><span class="message">I briefly tried to play with running some configure scripts, so those 4 are mostly enough, some need date, but we can probably create &quot;fake&quot; wrapper that prints unix time 1</span></div><div class="line" id="014756"><span class="nick" style="color:#6b8072"><a href="#014756" label="[01:47:56]">&lt;stikonas&gt;</a></span><span class="message">unless you want to build date too...</span></div><div class="line" id="014843"><span class="nick" style="color:#2e2a4a"><a href="#014843" label="[01:48:43]">&lt;pder&gt;</a></span><span class="message">I have a Makefile now that adds expr, uname, sort, and uniq</span></div><div class="line" id="014855"><span class="nick" style="color:#2e2a4a"><a href="#014855" label="[01:48:55]">&lt;pder&gt;</a></span><span class="message">I'll try building date</span></div><div class="line" id="014934"><span class="nick" style="color:#2e2a4a"><a href="#014934" label="[01:49:34]">&lt;pder&gt;</a></span><span class="message">it works</span></div><div class="line" id="015402"><span class="nick" style="color:#6b8072"><a href="#015402" label="[01:54:02]">&lt;stikonas&gt;</a></span><span class="message">yeah, my experience was that once I managed to build a few utils, rest were much easier</span></div><div class="line" id="034559"><span class="nick">***</span><span class="message notice">dongcarl8 is now known as dongcarl</span></div><div class="line" id="072227"><span class="nick" style="color:#80b1d3"><a href="#072227" label="[07:22:27]">&lt;fossy&gt;</a></span><span class="message">pder: would you mind looking at <a rel="nofollow" href="https://github.com/fosslinux/live-bootstrap/pull/32">https://github.com/fosslinux/live-bootstrap/pull/32</a> </span></div><div class="line" id="073910"><span class="nick" style="color:#6d2462"><a href="#073910" label="[07:39:10]">&lt;gforce_de1977&gt;</a></span><span class="message">fossy: would you mind merging <a rel="nofollow" href="https://github.com/fosslinux/live-bootstrap/pull/30">https://github.com/fosslinux/live-bootstrap/pull/30</a>  8-)</span></div><div class="line" id="093728"><span class="nick" style="color:#80b1d3"><a href="#093728" label="[09:37:28]">&lt;fossy&gt;</a></span><span class="message"> gforce_de1977 please see my most recent comments</span></div><div class="line" id="113723"><span class="nick" style="color:#234e69"><a href="#113723" label="[11:37:23]">&lt;janneke&gt;</a></span><span class="message">what is the status of powerpc and risc-v in stage0/mescc-tools?</span></div><div class="line" id="113806"><span class="nick" style="color:#6c3d55"><a href="#113806" label="[11:38:06]">&lt;vagrantc&gt;</a></span><span class="message">mescc-tools builds on riscv64 in debian</span></div><div class="line" id="113844"><span class="nick" style="color:#6c3d55"><a href="#113844" label="[11:38:44]">&lt;vagrantc&gt;</a></span><span class="message">in fact, it builds on almost all debian architectures <a rel="nofollow" href="https://buildd.debian.org/mescc-tools">https://buildd.debian.org/mescc-tools</a> </span></div><div class="line" id="113850"><span class="nick" style="color:#234e69"><a href="#113850" label="[11:38:50]">&lt;janneke&gt;</a></span><span class="message">vagrantc: okay, great</span></div><div class="line" id="113906"><span class="nick" style="color:#6c3d55"><a href="#113906" label="[11:39:06]">&lt;vagrantc&gt;</a></span><span class="message">not sure how well it runs, but what could possibly go wrong?</span></div><div class="line" id="113924"><span class="nick" style="color:#6d2462"><a href="#113924" label="[11:39:24]">&lt;gforce_de1977&gt;</a></span><span class="message">janneke: it is on my todo-list, to build minimal qemu-images for all qrchitectures (live-bootstrap as far as possible)</span></div><div class="line" id="113954"><span class="nick" style="color:#234e69"><a href="#113954" label="[11:39:54]">&lt;janneke&gt;</a></span><span class="message">vagrantc: ah, okay, but it could just cross-build to x86 then ;-)</span></div><div class="line" id="114124"><span class="nick" style="color:#6d2462"><a href="#114124" label="[11:41:24]">&lt;gforce_de1977&gt;</a></span><span class="message">janneke: ofcourse this test will be done, to see if the binaries are identical</span></div><div class="line" id="114337"><span class="nick" style="color:#234e69"><a href="#114337" label="[11:43:37]">&lt;janneke&gt;</a></span><span class="message">great!</span></div><div class="line" id="120541"><span class="nick" style="color:#6b8072"><a href="#120541" label="[12:05:41]">&lt;stikonas&gt;</a></span><span class="message">gforce_de1977: I think fossy wants tiy to move that mkdir out of if to make code simpler. Even if it's only needed in else case, it will be no-op in if case, so harmless</span></div><div class="line" id="121934"><span class="nick" style="color:#6d2462"><a href="#121934" label="[12:19:34]">&lt;gforce_de1977&gt;</a></span><span class="message">stikonas: ok, will do</span></div><div class="line" id="122459"><span class="nick" style="color:#6d2462"><a href="#122459" label="[12:24:59]">&lt;gforce_de1977&gt;</a></span><span class="message">fossy: thanks for reviewing, i have push-forced my changes</span></div><div class="line" id="123503"><span class="nick" style="color:#6d2462"><a href="#123503" label="[12:35:03]">&lt;gforce_de1977&gt;</a></span><span class="message">fossy, here the real diff, the github-PR-view is really confusing: <a rel="nofollow" href="https://github.com/fosslinux/live-bootstrap/compare/master...bittorf:wget_cache">https://github.com/fosslinux/live-bootstrap/compare/master...bittorf:wget_cache</a> </span></div><div class="line" id="123922"><span class="nick" style="color:#6d2462"><a href="#123922" label="[12:39:22]">&lt;gforce_de1977&gt;</a></span><span class="message">fossy: why is 'test condition || bad-case' a 'badstyle'? IMHO it is bad style to do 'test ! condition &amp;&amp; bad-case'</span></div><div class="line" id="123950"><span class="nick" style="color:#6d2462"><a href="#123950" label="[12:39:50]">&lt;gforce_de1977&gt;</a></span><span class="message">maybe it is philosophy 8-)</span></div><div class="line" id="125217"><span class="nick" style="color:#d9d9d9"><a href="#125217" label="[12:52:17]">&lt;cle1408&gt;</a></span><span class="message">This video to help people to have a better world without racism or discrimination</span></div><div class="line" id="125224"><span class="nick" style="color:#d9d9d9"><a href="#125224" label="[12:52:24]">&lt;cle1408&gt;</a></span><span class="message">please like and subscriber</span></div><div class="line" id="125224"><span class="nick" style="color:#d9d9d9"><a href="#125224" label="[12:52:24]">&lt;cle1408&gt;</a></span><span class="message"> <a rel="nofollow" href="https://www.youtube.com/channel/UCfFth0Zpex_u7eub-M6EbTw?sub_confirmation=1">https://www.youtube.com/channel/UCfFth0Zpex_u7eub-M6EbTw?sub_confirmation=1</a> </span></div><div class="line" id="125419"><span class="nick" style="color:#bc80bd"><a href="#125419" label="[12:54:19]">&lt;siraben&gt;</a></span><span class="message">off-topic for this channel</span></div><div class="line" id="153947"><span class="nick" style="color:#2e2a4a"><a href="#153947" label="[15:39:47]">&lt;pder&gt;</a></span><span class="message">fossy: I added a comment that I agree to the licensing</span></div><div class="line" id="210510"><span class="nick" style="color:#80b1d3"><a href="#210510" label="[21:05:10]">&lt;fossy&gt;</a></span><span class="message">&lt;gforce_de1977&gt; fossy: why is 'test condition || bad-case' a 'badstyle'? IMHO it is bad style to do 'test ! condition &amp;&amp; bad-case'</span></div><div class="line" id="210541"><span class="nick" style="color:#80b1d3"><a href="#210541" label="[21:05:41]">&lt;fossy&gt;</a></span><span class="message">when you do test condition || { block }</span></div><div class="line" id="210624"><span class="nick" style="color:#80b1d3"><a href="#210624" label="[21:06:24]">&lt;fossy&gt;</a></span><span class="message">what that is equivalent to is if [ condition ]; then block; fi</span></div><div class="line" id="210704"><span class="nick" style="color:#80b1d3"><a href="#210704" label="[21:07:04]">&lt;fossy&gt;</a></span><span class="message">which is what is almost always what is done in shell scripting, rather than using a block and test</span></div><div class="line" id="210733"><span class="nick" style="color:#80b1d3"><a href="#210733" label="[21:07:33]">&lt;fossy&gt;</a></span><span class="message">I dont see any reason to use test instead of if...fi, tbh test just look rly odd</span></div><div class="line" id="211313"><span class="nick" style="color:#3c5b35"><a href="#211313" label="[21:13:13]">&lt;xentrac&gt;</a></span><span class="message">hmm, isn't test foo || bar equivalent to if [ ! foo ] ; then bar; fi?</span></div><div class="line" id="211331"><span class="nick" style="color:#3c5b35"><a href="#211331" label="[21:13:31]">&lt;xentrac&gt;</a></span><span class="message">test is [ FWIW, not if.  || is if</span></div><div class="line" id="211932"><span class="nick" style="color:#6b8072"><a href="#211932" label="[21:19:32]">&lt;stikonas&gt;</a></span><span class="message">I usually use || syntax for something short like command || fail. If it's more text on right side then I usually use if block</span></div><div class="line" id="212406"><span class="nick" style="color:#80b1d3"><a href="#212406" label="[21:24:06]">&lt;fossy&gt;</a></span><span class="message">yeah i know xentrac</span></div><div class="line" id="212411"><span class="nick" style="color:#3c5b35"><a href="#212411" label="[21:24:11]">&lt;xentrac&gt;</a></span><span class="message">&amp;&amp; is more often useful, especially if you're not using set -e</span></div><div class="line" id="212413"><span class="nick" style="color:#80b1d3"><a href="#212413" label="[21:24:13]">&lt;fossy&gt;</a></span><span class="message">that's what i mean as stikonas said</span></div><div class="line" id="212418"><span class="nick" style="color:#3c5b35"><a href="#212418" label="[21:24:18]">&lt;xentrac&gt;</a></span><span class="message">dosomething &amp;&amp;</span></div><div class="line" id="212424"><span class="nick" style="color:#3c5b35"><a href="#212424" label="[21:24:24]">&lt;xentrac&gt;</a></span><span class="message">dosomethingelse &amp;&amp;</span></div><div class="line" id="212425"><span class="nick" style="color:#80b1d3"><a href="#212425" label="[21:24:25]">&lt;fossy&gt;</a></span><span class="message">a short thing like:</span></div><div class="line" id="212430"><span class="nick" style="color:#3c5b35"><a href="#212430" label="[21:24:30]">&lt;xentrac&gt;</a></span><span class="message">doathirdthing ||</span></div><div class="line" id="212433"><span class="nick" style="color:#3c5b35"><a href="#212433" label="[21:24:33]">&lt;xentrac&gt;</a></span><span class="message">handlefailure</span></div><div class="line" id="212440"><span class="nick" style="color:#80b1d3"><a href="#212440" label="[21:24:40]">&lt;fossy&gt;</a></span><span class="message">test 1 == 1 || exit 1</span></div><div class="line" id="212442"><span class="nick" style="color:#80b1d3"><a href="#212442" label="[21:24:42]">&lt;fossy&gt;</a></span><span class="message">is fine</span></div><div class="line" id="212449"><span class="nick" style="color:#80b1d3"><a href="#212449" label="[21:24:49]">&lt;fossy&gt;</a></span><span class="message">but not a long thing like</span></div><div class="line" id="212455"><span class="nick" style="color:#80b1d3"><a href="#212455" label="[21:24:55]">&lt;fossy&gt;</a></span><span class="message">test 1 == 1 || {</span></div><div class="line" id="212457"><span class="nick" style="color:#80b1d3"><a href="#212457" label="[21:24:57]">&lt;fossy&gt;</a></span><span class="message">yada</span></div><div class="line" id="212459"><span class="nick" style="color:#80b1d3"><a href="#212459" label="[21:24:59]">&lt;fossy&gt;</a></span><span class="message">yada</span></div><div class="line" id="212501"><span class="nick" style="color:#80b1d3"><a href="#212501" label="[21:25:01]">&lt;fossy&gt;</a></span><span class="message">yada</span></div><div class="line" id="212503"><span class="nick" style="color:#80b1d3"><a href="#212503" label="[21:25:03]">&lt;fossy&gt;</a></span><span class="message">}</span></div><div class="line" id="212513"><span class="nick" style="color:#3c5b35"><a href="#212513" label="[21:25:13]">&lt;xentrac&gt;</a></span><span class="message">you could write my example as three nested ifs but I think it's more readable if it's flat</span></div><div class="line" id="212526"><span class="nick" style="color:#3c5b35"><a href="#212526" label="[21:25:26]">&lt;xentrac&gt;</a></span><span class="message">yeah, || { seems like it's rarely a good idea :)</span></div><div class="line" id="212704"><span class="nick" style="color:#80b1d3"><a href="#212704" label="[21:27:04]">&lt;fossy&gt;</a></span><span class="message">stikonas: am i missing something obvious here</span></div><div class="line" id="212707"><span class="nick" style="color:#80b1d3"><a href="#212707" label="[21:27:07]">&lt;fossy&gt;</a></span><span class="message"> <a rel="nofollow" href="https://github.com/fosslinux/live-bootstrap/pull/30/files#diff-ed5f4c04bdf1baaf9d71576f4f3bd1aae440c8518e51a494aafe581628d9c1b0R47">https://github.com/fosslinux/live-bootstrap/pull/30/files#diff-ed5f4c04bdf1baaf9d71576f4f3bd1aae440c8518e51a494aafe581628d9c1b0R47</a> </span></div><div class="line" id="212719"><span class="nick" style="color:#80b1d3"><a href="#212719" label="[21:27:19]">&lt;fossy&gt;</a></span><span class="message">OHHHH I AM</span></div><div class="line" id="212735"><span class="nick" style="color:#6b8072"><a href="#212735" label="[21:27:35]">&lt;stikonas&gt;</a></span><span class="message">let me check</span></div><div class="line" id="212744"><span class="nick" style="color:#80b1d3"><a href="#212744" label="[21:27:44]">&lt;fossy&gt;</a></span><span class="message">now i get the use of line 53</span></div><div class="line" id="212752"><span class="nick" style="color:#80b1d3"><a href="#212752" label="[21:27:52]">&lt;fossy&gt;</a></span><span class="message">but that's really confusing way</span></div><div class="line" id="212816"><span class="nick" style="color:#3c5b35"><a href="#212816" label="[21:28:16]">&lt;xentrac&gt;</a></span><span class="message">I think if ! grep would be slightly clearer than grep ... || {</span></div><div class="line" id="212824"><span class="nick" style="color:#80b1d3"><a href="#212824" label="[21:28:24]">&lt;fossy&gt;</a></span><span class="message">yeah...</span></div><div class="line" id="212835"><span class="nick" style="color:#3c5b35"><a href="#212835" label="[21:28:35]">&lt;xentrac&gt;</a></span><span class="message">but to my eye it's pretty readable</span></div><div class="line" id="212906"><span class="nick" style="color:#80b1d3"><a href="#212906" label="[21:29:06]">&lt;fossy&gt;</a></span><span class="message">it's ok.. i don't mind that too much, but the rest of the code uses if, as do all others in the repo, including for failure</span></div><div class="line" id="212936"><span class="nick" style="color:#3c5b35"><a href="#212936" label="[21:29:36]">&lt;xentrac&gt;</a></span><span class="message">otoh test -f ./rootfs.sh || { would be a lot more readable as if [ ! -f ./rootfs.sh ]; IMHO</span></div><div class="line" id="213133"><span class="nick" style="color:#80b1d3"><a href="#213133" label="[21:31:33]">&lt;fossy&gt;</a></span><span class="message">hm, gforce_de1977 i don't really get what your commit message means about /dl</span></div><div class="line" id="213216"><span class="nick" style="color:#80b1d3"><a href="#213216" label="[21:32:16]">&lt;fossy&gt;</a></span><span class="message">why download to sources/dl instead of sources? i knwon downloads could go anywhere depending on what the user specifies but why make it two layers deep by default</span></div><div class="line" id="213245"><span class="nick" style="color:#6b8072"><a href="#213245" label="[21:32:45]">&lt;stikonas&gt;</a></span><span class="message">can we not just run sha256sum -c?</span></div><div class="line" id="213248"><span class="nick" style="color:#6b8072"><a href="#213248" label="[21:32:48]">&lt;stikonas&gt;</a></span><span class="message">instead of looping</span></div><div class="line" id="213424"><span class="nick" style="color:#80b1d3"><a href="#213424" label="[21:34:24]">&lt;fossy&gt;</a></span><span class="message">stikonas: thats what I suggested but my suggestion was not taken up</span></div><div class="line" id="213624"><span class="nick" style="color:#80b1d3"><a href="#213624" label="[21:36:24]">&lt;fossy&gt;</a></span><span class="message">although gforce_de1977 your if-like syntax has given me a good idea for how to implement conditionals in kaem</span></div><div class="line" id="213631"><span class="nick" style="color:#80b1d3"><a href="#213631" label="[21:36:31]">&lt;fossy&gt;</a></span><span class="message">(Only support them the way you did)</span></div><div class="line" id="213641"><span class="nick" style="color:#80b1d3"><a href="#213641" label="[21:36:41]">&lt;fossy&gt;</a></span><span class="message">because that is very easy to implement</span></div><div class="line" id="213656"><span class="nick" style="color:#3c5b35"><a href="#213656" label="[21:36:56]">&lt;xentrac&gt;</a></span><span class="message">:)</span></div><div class="line" id="213810"><span class="nick" style="color:#3c5b35"><a href="#213810" label="[21:38:10]">&lt;xentrac&gt;</a></span><span class="message">you can rewrite a ? b : c, when executed for side effects, as a &amp;&amp; (b; True) || c</span></div><div class="line" id="214357"><span class="nick" style="color:#3c5b35"><a href="#214357" label="[21:43:57]">&lt;xentrac&gt;</a></span><span class="message">when you care about the return value of b, it is not so easy</span></div><div class="line" id="214420"><span class="nick" style="color:#6b8072"><a href="#214420" label="[21:44:20]">&lt;stikonas&gt;</a></span><span class="message">but what are the advantages of all this over sha256sum -c ../../SHA256SUMS.sources ?</span></div><div class="line" id="214649"><span class="nick" style="color:#6b8072"><a href="#214649" label="[21:46:49]">&lt;stikonas&gt;</a></span><span class="message">can't we just run this one command after everything is downloaded?</span></div><div class="line" id="214752"><span class="nick" style="color:#6b8072"><a href="#214752" label="[21:47:52]">&lt;stikonas&gt;</a></span><span class="message">(and maybe add some check in download function that file is mentioned in SHA256SUMS.sources)</span></div><div class="line" id="215131"><span class="nick" style="color:#80b1d3"><a href="#215131" label="[21:51:31]">&lt;fossy&gt;</a></span><span class="message">stikonas: yeah, idk.... I am reasonably unconcerned but I dont see any real reason to do it this way</span></div><div class="line" id="220822"><span class="nick" style="color:#6b8072"><a href="#220822" label="[22:08:22]">&lt;stikonas&gt;</a></span><span class="message">fossy: one (minor) con of doing it this way is that we are much stricter on SHA256SUM file structure than even sha256sum is...</span></div><div class="line" id="220857"><span class="nick" style="color:#6b8072"><a href="#220857" label="[22:08:57]">&lt;stikonas&gt;</a></span><span class="message">although, we should still keep style of checksum file consistent...</span></div><div class="line" id="220913"><span class="nick" style="color:#6b8072"><a href="#220913" label="[22:09:13]">&lt;stikonas&gt;</a></span><span class="message">but sha256sum --check does not insist on two spaces</span></div><div class="line" id="222400"><span class="nick" style="color:#6b8072"><a href="#222400" label="[22:24:00]">&lt;stikonas&gt;</a></span><span class="message">ok, I wrote my suggestion there in the comment</span></div><div class="line" id="222455"><span class="nick" style="color:#6b8072"><a href="#222455" label="[22:24:55]">&lt;stikonas&gt;</a></span><span class="message">a single if, no loops required...</span></div><div class="line" id="222631"><span class="nick" style="color:#6b8072"><a href="#222631" label="[22:26:31]">&lt;stikonas&gt;</a></span><span class="message"> <a rel="nofollow" href="https://github.com/fosslinux/live-bootstrap/pull/30/files#r572383345">https://github.com/fosslinux/live-bootstrap/pull/30/files#r572383345</a> </span></div><div class="line" id="222733"><span class="nick" style="color:#6b8072"><a href="#222733" label="[22:27:33]">&lt;stikonas&gt;</a></span><span class="message">and in my opinion less confusing...</span></div><div class="line" id="224003"><span class="nick" style="color:#80b1d3"><a href="#224003" label="[22:40:03]">&lt;fossy&gt;</a></span><span class="message">same I agree</span></div><div class="line" id="234342"><span class="nick">***</span><span class="message notice">ChanServ sets mode: +o rekado_</span></div><div class="line" id="234343"><span class="nick">***</span><span class="message notice">rekado_ is now known as rekado</span></div><br /></div></body></html>