<!DOCTYPE html><html><head><title>IRC channel logs</title><style>html {
  background: #fdfdfd;
}

h1 {
  font-weight: 300;
}

h2 {
  font-weight: 200;
}

h3 {
  padding: .5em 0;
  border-top: 3px dotted #ddd;
  margin-bottom: 0;
}

form {
  width: 400px;
  display: flex;
}

input {
  width: 100%;
  display: flex;
  border-radius: .25em 0 0 .25em;
  border: 1px solid #aaa;
  border-right: 0;
  padding: 0.5em;
}

button {
  display: flex;
  border-radius: 0 .25em .25em 0;
  background-color: #007bff;
  border: 1px solid #007bff;
  padding: .5em;
  cursor: pointer;
  color: white;
}

button:hover {
  background-color: #0069d9;
  border-color: #0062cc;
}

a {
  color: #007bff;
  text-decoration: none;
}

a:hover {
  text-decoration: underline;
}

h4 {
  margin-bottom: .5em;
}

table td {
  padding: 0.75em;
}

table tr:hover {
  background: #eee;
}

.year {
  display: table;
}

.month {
  display: table-cell;
  padding-right: 1em;
}

ul {
  margin: 0;
  padding: 0;
  list-style: none;
}

.nick {
  padding-right: 0.6rem;
  font-weight: bold;
  text-align: right;
  width: 13rem;
  display: table-cell;
}

.nick a {
  color: inherit;
  text-decoration: none;
}

.message {
  display: table-cell;
  padding-left: 0.6rem;
  border-left: 2px solid #333;
}

.notice {
  color: #859900;
  font-style: italic;
}

.line {
  line-height: 1.8rem;
  display: table;
}

#logs {
  margin-top: 1.5rem;
  padding: 1.5rem;
}
</style></head><body><h1>IRC channel logs</h1><h2>2021-10-16.log</h2><p><a href="/bootstrappable">back to list of logs</a></p><div id="logs"><div class="line" id="012003"><span class="nick">***</span><span class="message notice">stikonas_ is now known as stikonas</span></div><div class="line" id="013937"><span class="nick" style="color:#8dd3c7"><a href="#013937" label="[01:39:37]">&lt;stikonas&gt;</a></span><span class="message">got a new feature for kaem working...</span></div><div class="line" id="013948"><span class="nick" style="color:#8dd3c7"><a href="#013948" label="[01:39:48]">&lt;stikonas&gt;</a></span><span class="message">although will have to clean up the code first</span></div><div class="line" id="014750"><span class="nick" style="color:#8dd3c7"><a href="#014750" label="[01:47:50]">&lt;stikonas&gt;</a></span><span class="message">this should help with kaem files in mes, especially mescc invocation: <a rel="nofollow" href="https://paste.debian.net/1215610/">https://paste.debian.net/1215610/</a> </span></div><div class="line" id="015813"><span class="nick" style="color:#8dd3c7"><a href="#015813" label="[01:58:13]">&lt;stikonas&gt;</a></span><span class="message">fossy: should I keep add_alias separate from add_envar? <a rel="nofollow" href="https://github.com/stikonas/mescc-tools/commit/076383298c67735f5a2a6999f0fa90aaa71953a9">https://github.com/stikonas/mescc-tools/commit/076383298c67735f5a2a6999f0fa90aaa71953a9</a> </span></div><div class="line" id="015837"><span class="nick" style="color:#8dd3c7"><a href="#015837" label="[01:58:37]">&lt;stikonas&gt;</a></span><span class="message">or should I unify them</span></div><div class="line" id="020936"><span class="nick" style="color:#2e2a4a"><a href="#020936" label="[02:09:36]">&lt;fossy&gt;</a></span><span class="message">no, keep them seperate</span></div><div class="line" id="021937"><span class="nick" style="color:#8dd3c7"><a href="#021937" label="[02:19:37]">&lt;stikonas&gt;</a></span><span class="message">I did unify env_lookup and alias_lookup</span></div><div class="line" id="021944"><span class="nick" style="color:#8dd3c7"><a href="#021944" label="[02:19:44]">&lt;stikonas&gt;</a></span><span class="message">but that's 100% identical code</span></div><div class="line" id="021951"><span class="nick" style="color:#8dd3c7"><a href="#021951" label="[02:19:51]">&lt;stikonas&gt;</a></span><span class="message">unlike add_aliast and add_envar</span></div><div class="line" id="025038"><span class="nick" style="color:#8dd3c7"><a href="#025038" label="[02:50:38]">&lt;stikonas&gt;</a></span><span class="message">fossy, oriansj: <a rel="nofollow" href="https://github.com/oriansj/mescc-tools/pull/33">https://github.com/oriansj/mescc-tools/pull/33</a> </span></div><div class="line" id="025106"><span class="nick" style="color:#8dd3c7"><a href="#025106" label="[02:51:06]">&lt;stikonas&gt;</a></span><span class="message">it's not completely trivial, so if you can please review</span></div><br /></div></body></html>