<!DOCTYPE html><html><head><title>IRC channel logs</title><style>html {
  background: #fdfdfd;
}

h1 {
  font-weight: 300;
}

h2 {
  font-weight: 200;
}

h3 {
  padding: .5em 0;
  border-top: 3px dotted #ddd;
  margin-bottom: 0;
}

form {
  width: 400px;
  display: flex;
}

input {
  width: 100%;
  display: flex;
  border-radius: .25em 0 0 .25em;
  border: 1px solid #aaa;
  border-right: 0;
  padding: 0.5em;
}

button {
  display: flex;
  border-radius: 0 .25em .25em 0;
  background-color: #007bff;
  border: 1px solid #007bff;
  padding: .5em;
  cursor: pointer;
  color: white;
}

button:hover {
  background-color: #0069d9;
  border-color: #0062cc;
}

a {
  color: #007bff;
  text-decoration: none;
}

a:hover {
  text-decoration: underline;
}

h4 {
  margin-bottom: .5em;
}

table td {
  padding: 0.75em;
}

table tr:hover {
  background: #eee;
}

.year {
  display: table;
}

.month {
  display: table-cell;
  padding-right: 1em;
}

ul {
  margin: 0;
  padding: 0;
  list-style: none;
}

.nick {
  padding-right: 0.6rem;
  font-weight: bold;
  text-align: right;
  width: 13rem;
  display: table-cell;
}

.nick a {
  color: inherit;
  text-decoration: none;
}

.message {
  display: table-cell;
  padding-left: 0.6rem;
  border-left: 2px solid #333;
}

.notice {
  color: #859900;
  font-style: italic;
}

.line {
  line-height: 1.8rem;
  display: table;
}

#logs {
  margin-top: 1.5rem;
  padding: 1.5rem;
}
</style></head><body><h1>IRC channel logs</h1><h2>2021-08-13.log</h2><p><a href="/bootstrappable">back to list of logs</a></p><div id="logs"><div class="line" id="022157"><span class="nick" style="color:#8dd3c7"><a href="#022157" label="[02:21:57]">&lt;stikonas&gt;</a></span><span class="message">oriansj: <a rel="nofollow" href="https://github.com/oriansj/stage0-posix/pull/36">https://github.com/oriansj/stage0-posix/pull/36</a>  that's hex1.M1</span></div><div class="line" id="024523"><span class="nick" style="color:#8dd3c7"><a href="#024523" label="[02:45:23]">&lt;stikonas&gt;</a></span><span class="message">and also pushed hex1_riscv64.hex2</span></div><div class="line" id="024835"><span class="nick" style="color:#8dd3c7"><a href="#024835" label="[02:48:35]">&lt;stikonas&gt;</a></span><span class="message">now just 72 branching/jumping encodings...</span></div><div class="line" id="034530"><span class="nick" style="color:#2e2a4a"><a href="#034530" label="[03:45:30]">&lt;oriansj&gt;</a></span><span class="message">stikonas: merged. It looks like you are starting to get more comfortable with M1/hex2 syntax.</span></div><div class="line" id="074153"><span class="nick" style="color:#6b8072"><a href="#074153" label="[07:41:53]">&lt;pabs3&gt;</a></span><span class="message">some more discussion about packaging standardisation: <a rel="nofollow" href="https://news.ycombinator.com/item?id=28157768#28158549">https://news.ycombinator.com/item?id=28157768#28158549</a> </span></div><div class="line" id="074222"><span class="nick" style="color:#6b8072"><a href="#074222" label="[07:42:22]">&lt;pabs3&gt;</a></span><span class="message">(on a thread about the Packaging Conference <a rel="nofollow" href="https://packaging-con.org/">https://packaging-con.org/</a>) </span></div><div class="line" id="081317"><span class="nick" style="color:#80b1d3"><a href="#081317" label="[08:13:17]">&lt;gforce_de1977&gt;</a></span><span class="message">stikonas: also with a 64bit kernel/qemu, the perl-checksums are BAD for me: <a rel="nofollow" href="http://intercity-vpn.de/bootstrap/bootstrap64bitXYZ.log-multilog-1-1628702471">http://intercity-vpn.de/bootstrap/bootstrap64bitXYZ.log-multilog-1-1628702471</a> </span></div><div class="line" id="100443"><span class="nick" style="color:#6d2462"><a href="#100443" label="[10:04:43]">&lt;stikonas[m]&gt;</a></span><span class="message">gforce_de1977: possibly due to kernal config...</span></div><div class="line" id="100534"><span class="nick" style="color:#6d2462"><a href="#100534" label="[10:05:34]">&lt;stikonas[m]&gt;</a></span><span class="message">fossy's kernel work might fix it</span></div><div class="line" id="125540"><span class="nick" style="color:#80b1d3"><a href="#125540" label="[12:55:40]">&lt;gforce_de1977&gt;</a></span><span class="message">it might be, because i have not mounted procfs and sysfs...will try with that</span></div><div class="line" id="130418"><span class="nick" style="color:#8dd3c7"><a href="#130418" label="[13:04:18]">&lt;stikonas&gt;</a></span><span class="message">gforce_de1977: don't spend too much time on it. Fossy will eventually land kernel work, so qemu path will use standard kernel</span></div><div class="line" id="160315"><span class="nick" style="color:#80b1d3"><a href="#160315" label="[16:03:15]">&lt;gforce_de1977&gt;</a></span><span class="message">i'am eager to see this stuff</span></div><br /></div></body></html>