<!DOCTYPE html><html><head><title>IRC channel logs</title><style>html {
  background: #fdfdfd;
}

h1 {
  font-weight: 300;
}

h2 {
  font-weight: 200;
}

h3 {
  padding: .5em 0;
  border-top: 3px dotted #ddd;
  margin-bottom: 0;
}

form {
  width: 400px;
  display: flex;
}

input {
  width: 100%;
  display: flex;
  border-radius: .25em 0 0 .25em;
  border: 1px solid #aaa;
  border-right: 0;
  padding: 0.5em;
}

button {
  display: flex;
  border-radius: 0 .25em .25em 0;
  background-color: #007bff;
  border: 1px solid #007bff;
  padding: .5em;
  cursor: pointer;
  color: white;
}

button:hover {
  background-color: #0069d9;
  border-color: #0062cc;
}

a {
  color: #007bff;
  text-decoration: none;
}

a:hover {
  text-decoration: underline;
}

h4 {
  margin-bottom: .5em;
}

table td {
  padding: 0.75em;
}

table tr:hover {
  background: #eee;
}

.year {
  display: table;
}

.month {
  display: table-cell;
  padding-right: 1em;
}

ul {
  margin: 0;
  padding: 0;
  list-style: none;
}

.nick {
  padding-right: 0.6rem;
  font-weight: bold;
  text-align: right;
  width: 13rem;
  display: table-cell;
}

.nick a {
  color: inherit;
  text-decoration: none;
}

.message {
  display: table-cell;
  padding-left: 0.6rem;
  border-left: 2px solid #333;
}

.notice {
  color: #859900;
  font-style: italic;
}

.line {
  line-height: 1.8rem;
  display: table;
}

#logs {
  margin-top: 1.5rem;
  padding: 1.5rem;
}
</style></head><body><h1>IRC channel logs</h1><h2>2021-07-29.log</h2><p><a href="/bootstrappable">back to list of logs</a></p><div id="logs"><div class="line" id="024715"><span class="nick" style="color:#8dd3c7"><a href="#024715" label="[02:47:15]">&lt;stikonas&gt;</a></span><span class="message">a bit of progress on low level prototype of kaem-minimal on rv64. Now it can read 1 character from kaem.run file</span></div><div class="line" id="024735"><span class="nick" style="color:#8dd3c7"><a href="#024735" label="[02:47:35]">&lt;stikonas&gt;</a></span><span class="message">should be quicker from now on</span></div><div class="line" id="032137"><span class="nick" style="color:#2e2a4a"><a href="#032137" label="[03:21:37]">&lt;Hagfish&gt;</a></span><span class="message">reminds me of the inspiring &quot;black triangle&quot; story, <a rel="nofollow" href="http://rampantgames.com/blog/?p=7745">http://rampantgames.com/blog/?p=7745</a> </span></div><div class="line" id="064532"><span class="nick">***</span><span class="message notice">KM4MBG is now known as jackhill</span></div><div class="line" id="090944"><span class="nick" style="color:#6b8072"><a href="#090944" label="[09:09:44]">&lt;fossy&gt;</a></span><span class="message">Holy</span></div><div class="line" id="090950"><span class="nick" style="color:#6b8072"><a href="#090950" label="[09:09:50]">&lt;fossy&gt;</a></span><span class="message">deblob script takes *forever*</span></div><div class="line" id="090952"><span class="nick" style="color:#6b8072"><a href="#090952" label="[09:09:52]">&lt;fossy&gt;</a></span><span class="message">oh well</span></div><div class="line" id="091002"><span class="nick" style="color:#6b8072"><a href="#091002" label="[09:10:02]">&lt;fossy&gt;</a></span><span class="message">not much we can do abt that</span></div><div class="line" id="093656"><span class="nick" style="color:#80b1d3"><a href="#093656" label="[09:36:56]">&lt;siraben&gt;</a></span><span class="message">wow, blynn pushed a series of commits to his compiler</span></div><div class="line" id="093736"><span class="nick" style="color:#80b1d3"><a href="#093736" label="[09:37:36]">&lt;siraben&gt;</a></span><span class="message">looks like the most stable thing is the trusted/unreadable seeds the beginning of the bootstrapping process, I should replace them with an interpreter</span></div><div class="line" id="094118"><span class="nick" style="color:#80b1d3"><a href="#094118" label="[09:41:18]">&lt;siraben&gt;</a></span><span class="message">Melg8:</span></div><div class="line" id="094119"><span class="nick" style="color:#80b1d3"><a href="#094119" label="[09:41:19]">&lt;siraben&gt;</a></span><span class="message">-bash-4.2$ cd bootstrap_nix/bootstrap_seeds/</span></div><div class="line" id="094119"><span class="nick" style="color:#80b1d3"><a href="#094119" label="[09:41:19]">&lt;siraben&gt;</a></span><span class="message">-bash-4.2$ nix-build ./default.nix</span></div><div class="line" id="094119"><span class="nick" style="color:#80b1d3"><a href="#094119" label="[09:41:19]">&lt;siraben&gt;</a></span><span class="message">error: unsupported Git input attribute 'name'</span></div><div class="line" id="094119"><span class="nick" style="color:#80b1d3"><a href="#094119" label="[09:41:19]">&lt;siraben&gt;</a></span><span class="message">(use '--show-trace' to show detailed location information)</span></div><div class="line" id="094126"><span class="nick" style="color:#80b1d3"><a href="#094126" label="[09:41:26]">&lt;siraben&gt;</a></span><span class="message">&quot;error: unsupported Git input attribute 'name'&quot; not sure about this error</span></div><div class="line" id="095147"><span class="nick" style="color:#80b1d3"><a href="#095147" label="[09:51:47]">&lt;siraben&gt;</a></span><span class="message">I know why, you need to update niv</span></div><div class="line" id="095207"><span class="nick" style="color:#80b1d3"><a href="#095207" label="[09:52:07]">&lt;siraben&gt;</a></span><span class="message">Melg8: <a rel="nofollow" href="https://github.com/NixOS/nix/pull/3459/files#diff-7e39b3dccfe1a07ed3f4af7f4d8da628R57">https://github.com/NixOS/nix/pull/3459/files#diff-7e39b3dccfe1a07ed3f4af7f4d8da628R57</a> </span></div><div class="line" id="095715"><span class="nick" style="color:#6b8072"><a href="#095715" label="[09:57:15]">&lt;fossy&gt;</a></span><span class="message">deblob script still going... i think we are looking at 1.5 hrs (given it had been going for like 15 minutes when i posted my last msg)</span></div><div class="line" id="095842"><span class="nick" style="color:#80b1d3"><a href="#095842" label="[09:58:42]">&lt;siraben&gt;</a></span><span class="message">never mind, just remove the name attribute</span></div><br /></div></body></html>