<!DOCTYPE html><html><head><title>IRC channel logs</title><style>html {
  background: #fdfdfd;
}

h1 {
  font-weight: 300;
}

h2 {
  font-weight: 200;
}

h3 {
  padding: .5em 0;
  border-top: 3px dotted #ddd;
  margin-bottom: 0;
}

form {
  width: 400px;
  display: flex;
}

input {
  width: 100%;
  display: flex;
  border-radius: .25em 0 0 .25em;
  border: 1px solid #aaa;
  border-right: 0;
  padding: 0.5em;
}

button {
  display: flex;
  border-radius: 0 .25em .25em 0;
  background-color: #007bff;
  border: 1px solid #007bff;
  padding: .5em;
  cursor: pointer;
  color: white;
}

button:hover {
  background-color: #0069d9;
  border-color: #0062cc;
}

a {
  color: #007bff;
  text-decoration: none;
}

a:hover {
  text-decoration: underline;
}

h4 {
  margin-bottom: .5em;
}

table td {
  padding: 0.75em;
}

table tr:hover {
  background: #eee;
}

.year {
  display: table;
}

.month {
  display: table-cell;
  padding-right: 1em;
}

ul {
  margin: 0;
  padding: 0;
  list-style: none;
}

.nick {
  padding-right: 0.6rem;
  font-weight: bold;
  text-align: right;
  width: 13rem;
  display: table-cell;
}

.nick a {
  color: inherit;
  text-decoration: none;
}

.message {
  display: table-cell;
  padding-left: 0.6rem;
  border-left: 2px solid #333;
}

.notice {
  color: #859900;
  font-style: italic;
}

.line {
  line-height: 1.8rem;
  display: table;
}

#logs {
  margin-top: 1.5rem;
  padding: 1.5rem;
}
</style></head><body><h1>IRC channel logs</h1><h2>2021-07-08.log</h2><p><a href="/bootstrappable">back to list of logs</a></p><div id="logs"><div class="line" id="145307"><span class="nick">***</span><span class="message notice">rt is now known as robin</span></div><div class="line" id="182302"><span class="nick" style="color:#8dd3c7"><a href="#182302" label="[18:23:02]">&lt;Hagfish&gt;</a></span><span class="message"> <a rel="nofollow" href="https://security.googleblog.com/2021/07/measuring-security-risks-in-open-source.html">https://security.googleblog.com/2021/07/measuring-security-risks-in-open-source.html</a> </span></div><div class="line" id="182308"><span class="nick" style="color:#8dd3c7"><a href="#182308" label="[18:23:08]">&lt;Hagfish&gt;</a></span><span class="message">interesting idea</span></div><div class="line" id="182317"><span class="nick" style="color:#8dd3c7"><a href="#182317" label="[18:23:17]">&lt;Hagfish&gt;</a></span><span class="message">let's hope it incentivises the right behaviours, over all</span></div><div class="line" id="190611"><span class="nick" style="color:#2e2a4a"><a href="#190611" label="[19:06:11]">&lt;stikonas&gt;</a></span><span class="message">well, but you can always game that score a bit if you are malicious. E.g. for signed  releases thing it says &quot;The check does not verify the signatures.&quot; So even completely broken signature would pass that check</span></div><div class="line" id="192752"><span class="nick" style="color:#6b8072"><a href="#192752" label="[19:27:52]">&lt;civodul&gt;</a></span><span class="message">yeah, it reminds me of the &quot;Verified&quot; badge on GitHub</span></div><div class="line" id="212416"><span class="nick" style="color:#80b1d3"><a href="#212416" label="[21:24:16]">&lt;hendursaga&gt;</a></span><span class="message">civodul: did they finally make a way where you could verify that badge offline by yourself with PGP??</span></div><div class="line" id="213337"><span class="nick" style="color:#2e2a4a"><a href="#213337" label="[21:33:37]">&lt;stikonas&gt;</a></span><span class="message">hendursaga: well, they don't have to make any way, you just do that with git/gpg</span></div><div class="line" id="213412"><span class="nick" style="color:#2e2a4a"><a href="#213412" label="[21:34:12]">&lt;stikonas&gt;</a></span><span class="message">but as usual with gpg, you want your key to be in the strong set to be able to verify anything</span></div><div class="line" id="213431"><span class="nick" style="color:#80b1d3"><a href="#213431" label="[21:34:31]">&lt;hendursaga&gt;</a></span><span class="message">stikonas: I meant, when the maintainer doesn't provide signed hashes in the releases page or elsewhere</span></div><div class="line" id="213511"><span class="nick" style="color:#2e2a4a"><a href="#213511" label="[21:35:11]">&lt;stikonas&gt;</a></span><span class="message">in that case how can you check...</span></div><div class="line" id="213606"><span class="nick" style="color:#2e2a4a"><a href="#213606" label="[21:36:06]">&lt;stikonas&gt;</a></span><span class="message">you need at least signed git tags</span></div><div class="line" id="213625"><span class="nick" style="color:#80b1d3"><a href="#213625" label="[21:36:25]">&lt;hendursaga&gt;</a></span><span class="message">because isn't the verified badge only when they sign commits or releases or something?</span></div><div class="line" id="213626"><span class="nick" style="color:#2e2a4a"><a href="#213626" label="[21:36:26]">&lt;stikonas&gt;</a></span><span class="message">or in some cases (like package manager repos in e.g. guix or gentoo) you need each commit to be signed</span></div><div class="line" id="213653"><span class="nick" style="color:#2e2a4a"><a href="#213653" label="[21:36:53]">&lt;stikonas&gt;</a></span><span class="message">it can be either commits or tags</span></div><div class="line" id="213719"><span class="nick" style="color:#80b1d3"><a href="#213719" label="[21:37:19]">&lt;hendursaga&gt;</a></span><span class="message">hmmm, so when that badge is shown, the signed commit/tag is somewhere in the Git repo that you could then check?</span></div><div class="line" id="213737"><span class="nick" style="color:#2e2a4a"><a href="#213737" label="[21:37:37]">&lt;stikonas&gt;</a></span><span class="message">yes, with git log --show-signatures</span></div><div class="line" id="213758"><span class="nick" style="color:#2e2a4a"><a href="#213758" label="[21:37:58]">&lt;stikonas&gt;</a></span><span class="message">--show-signature, apparently it is singular</span></div><div class="line" id="213848"><span class="nick" style="color:#80b1d3"><a href="#213848" label="[21:38:48]">&lt;hendursaga&gt;</a></span><span class="message">oh, TIL - I'm only used to signing commits and sending them through email (I used to do some Guix development)</span></div><div class="line" id="213917"><span class="nick" style="color:#2e2a4a"><a href="#213917" label="[21:39:17]">&lt;stikonas&gt;</a></span><span class="message">I don't think commit signature survives email...</span></div><div class="line" id="213949"><span class="nick" style="color:#2e2a4a"><a href="#213949" label="[21:39:49]">&lt;stikonas&gt;</a></span><span class="message">since commit is actually made by somebody else</span></div><div class="line" id="213956"><span class="nick" style="color:#2e2a4a"><a href="#213956" label="[21:39:56]">&lt;stikonas&gt;</a></span><span class="message">so has to be modified</span></div><div class="line" id="214003"><span class="nick" style="color:#2e2a4a"><a href="#214003" label="[21:40:03]">&lt;stikonas&gt;</a></span><span class="message">git has both author and committer fields</span></div><div class="line" id="214017"><span class="nick" style="color:#80b1d3"><a href="#214017" label="[21:40:17]">&lt;hendursaga&gt;</a></span><span class="message">no, like, creating a patch file and signing it then sending both..?</span></div><div class="line" id="214045"><span class="nick" style="color:#2e2a4a"><a href="#214045" label="[21:40:45]">&lt;stikonas&gt;</a></span><span class="message">I think that's different from git signatures</span></div><div class="line" id="214055"><span class="nick" style="color:#80b1d3"><a href="#214055" label="[21:40:55]">&lt;hendursaga&gt;</a></span><span class="message">yes, that's what I was trying to convey</span></div><div class="line" id="214057"><span class="nick" style="color:#2e2a4a"><a href="#214057" label="[21:40:57]">&lt;stikonas&gt;</a></span><span class="message">it's  the same idea and algorithm...</span></div><div class="line" id="214313"><span class="nick" style="color:#80b1d3"><a href="#214313" label="[21:43:13]">&lt;hendursaga&gt;</a></span><span class="message">I'm currently rather excited about Pijul, eventually they'll have multiple ways to sign/verify patches and all that</span></div><div class="line" id="222433"><span class="nick" style="color:#6b8072"><a href="#222433" label="[22:24:33]">&lt;civodul&gt;</a></span><span class="message">hendursaga: re the OpenPGP badge on GitHub, i don't know</span></div><div class="line" id="222451"><span class="nick" style="color:#6b8072"><a href="#222451" label="[22:24:51]">&lt;civodul&gt;</a></span><span class="message">but i think it's pointless without a mechanism similar to what Guix has</span></div><div class="line" id="222507"><span class="nick" style="color:#6b8072"><a href="#222507" label="[22:25:07]">&lt;civodul&gt;</a></span><span class="message"> <a rel="nofollow" href="https://guix.gnu.org/en/blog/2020/securing-updates/">https://guix.gnu.org/en/blog/2020/securing-updates/</a> </span></div><br /></div></body></html>