<!DOCTYPE html><html><head><title>IRC channel logs</title><style>html {
  background: #fdfdfd;
}

h1 {
  font-weight: 300;
}

h2 {
  font-weight: 200;
}

h3 {
  padding: .5em 0;
  border-top: 3px dotted #ddd;
  margin-bottom: 0;
}

form {
  width: 400px;
  display: flex;
}

input {
  width: 100%;
  display: flex;
  border-radius: .25em 0 0 .25em;
  border: 1px solid #aaa;
  border-right: 0;
  padding: 0.5em;
}

button {
  display: flex;
  border-radius: 0 .25em .25em 0;
  background-color: #007bff;
  border: 1px solid #007bff;
  padding: .5em;
  cursor: pointer;
  color: white;
}

button:hover {
  background-color: #0069d9;
  border-color: #0062cc;
}

a {
  color: #007bff;
  text-decoration: none;
}

a:hover {
  text-decoration: underline;
}

h4 {
  margin-bottom: .5em;
}

table td {
  padding: 0.75em;
}

table tr:hover {
  background: #eee;
}

.year {
  display: table;
}

.month {
  display: table-cell;
  padding-right: 1em;
}

ul {
  margin: 0;
  padding: 0;
  list-style: none;
}

.nick {
  padding-right: 0.6rem;
  font-weight: bold;
  text-align: right;
  width: 13rem;
  display: table-cell;
}

.nick a {
  color: inherit;
  text-decoration: none;
}

.message {
  display: table-cell;
  padding-left: 0.6rem;
  border-left: 2px solid #333;
}

.notice {
  color: #859900;
  font-style: italic;
}

.line {
  line-height: 1.8rem;
  display: table;
}

#logs {
  margin-top: 1.5rem;
  padding: 1.5rem;
}
</style></head><body><h1>IRC channel logs</h1><h2>2022-06-08.log</h2><p><a href="/bootstrappable">back to list of logs</a></p><div id="logs"><div class="line" id="155632"><span class="nick">***</span><span class="message notice">nimaje1 is now known as nimaje</span></div><div class="line" id="221408"><span class="nick" style="color:#8dd3c7"><a href="#221408" label="[22:14:08]">&lt;stikonas&gt;</a></span><span class="message">doras: should --update-checksums work with -bw option for rootfs.py?</span></div><div class="line" id="223346"><span class="nick" style="color:#2e2a4a"><a href="#223346" label="[22:33:46]">&lt;doras&gt;</a></span><span class="message">stikonas @stikonas:libera.chat: it did work when I tested it.</span></div><div class="line" id="223549"><span class="nick" style="color:#8dd3c7"><a href="#223549" label="[22:35:49]">&lt;stikonas&gt;</a></span><span class="message">hmm, I've somehow got error 1 when creating checksum (if I remember correctly coreutils-5.0.checksum)</span></div><div class="line" id="224056"><span class="nick" style="color:#8dd3c7"><a href="#224056" label="[22:40:56]">&lt;stikonas&gt;</a></span><span class="message">doras: ok, it's now -bw option that is broken</span></div><div class="line" id="224104"><span class="nick" style="color:#8dd3c7"><a href="#224104" label="[22:41:04]">&lt;stikonas&gt;</a></span><span class="message">but probably all of them</span></div><div class="line" id="224157"><span class="nick" style="color:#8dd3c7"><a href="#224157" label="[22:41:57]">&lt;stikonas&gt;</a></span><span class="message"> <a rel="nofollow" href="https://paste.debian.net/1243524/">https://paste.debian.net/1243524/</a> </span></div><div class="line" id="224405"><span class="nick" style="color:#8dd3c7"><a href="#224405" label="[22:44:05]">&lt;stikonas&gt;</a></span><span class="message">oh, I know what's the problem</span></div><div class="line" id="224429"><span class="nick" style="color:#8dd3c7"><a href="#224429" label="[22:44:29]">&lt;stikonas&gt;</a></span><span class="message">it's the removed factor binary</span></div><br /></div></body></html>