<!DOCTYPE html><html><head><title>IRC channel logs</title><style>html {
  background: #fdfdfd;
}

h1 {
  font-weight: 300;
}

h2 {
  font-weight: 200;
}

h3 {
  padding: .5em 0;
  border-top: 3px dotted #ddd;
  margin-bottom: 0;
}

form {
  width: 400px;
  display: flex;
}

input {
  width: 100%;
  display: flex;
  border-radius: .25em 0 0 .25em;
  border: 1px solid #aaa;
  border-right: 0;
  padding: 0.5em;
}

button {
  display: flex;
  border-radius: 0 .25em .25em 0;
  background-color: #007bff;
  border: 1px solid #007bff;
  padding: .5em;
  cursor: pointer;
  color: white;
}

button:hover {
  background-color: #0069d9;
  border-color: #0062cc;
}

a {
  color: #007bff;
  text-decoration: none;
}

a:hover {
  text-decoration: underline;
}

h4 {
  margin-bottom: .5em;
}

table td {
  padding: 0.75em;
}

table tr:hover {
  background: #eee;
}

.year {
  display: table;
}

.month {
  display: table-cell;
  padding-right: 1em;
}

ul {
  margin: 0;
  padding: 0;
  list-style: none;
}

.nick {
  padding-right: 0.6rem;
  font-weight: bold;
  text-align: right;
  width: 13rem;
  display: table-cell;
}

.nick a {
  color: inherit;
  text-decoration: none;
}

.message {
  display: table-cell;
  padding-left: 0.6rem;
  border-left: 2px solid #333;
}

.notice {
  color: #859900;
  font-style: italic;
}

.line {
  line-height: 1.8rem;
  display: table;
}

#logs {
  margin-top: 1.5rem;
  padding: 1.5rem;
}
</style></head><body><h1>IRC channel logs</h1><h2>2022-09-12.log</h2><p><a href="/bootstrappable">back to list of logs</a></p><div id="logs"><div class="line" id="000627"><span class="nick" style="color:#389600"><a href="#000627" label="[00:06:27]">&lt;oriansj&gt;</a></span><span class="message">well atleast the procedure now is resulting in a function system; I've added an option to allow building of initramfs files for other kernels</span></div><div class="line" id="001626"><span class="nick" style="color:#389600"><a href="#001626" label="[00:16:26]">&lt;oriansj&gt;</a></span><span class="message">now comes the real hard question, why the heck is cryptsetup luksAddKey /dev/sda1 /crypto_keyfile.bin resulting in unknown action</span></div><div class="line" id="002010"><span class="nick" style="color:#389600"><a href="#002010" label="[00:20:10]">&lt;oriansj&gt;</a></span><span class="message">capitalization</span></div><div class="line" id="002019"><span class="nick" style="color:#389600"><a href="#002019" label="[00:20:19]">&lt;oriansj&gt;</a></span><span class="message">freaking capitalization</span></div><div class="line" id="004208"><span class="nick" style="color:#389600"><a href="#004208" label="[00:42:08]">&lt;oriansj&gt;</a></span><span class="message">they have the full power of GCC+glibc and any library they want and they skimp on case insensitive keyword matching</span></div><div class="line" id="004354"><span class="nick" style="color:#389600"><a href="#004354" label="[00:43:54]">&lt;oriansj&gt;</a></span><span class="message">oh well</span></div><div class="line" id="055556"><span class="nick" style="color:#2e2a4a"><a href="#055556" label="[05:55:56]">&lt;markjenkinssksp&gt;</a></span><span class="message">I was just reading the obituary of Frank DeRemer (1942-2019) who is known for his 1969 PDF dissertation on LALR(1) parsing</span></div><div class="line" id="055735"><span class="nick" style="color:#2e2a4a"><a href="#055735" label="[05:57:35]">&lt;markjenkinssksp&gt;</a></span><span class="message">fittingly, the obit contains a thestic joke story DeRemer was fond us that's also a bootstrapping joke <a rel="nofollow" href="https://scmemorial.com/tribute/details/2094/Frank-DeRemer/obituary.html">https://scmemorial.com/tribute/details/2094/Frank-DeRemer/obituary.html</a> </span></div><div class="line" id="055807"><span class="nick" style="color:#2e2a4a"><a href="#055807" label="[05:58:07]">&lt;markjenkinssksp&gt;</a></span><span class="message">don't know if that one has been told here before, if not should maybe just be transcribed into the chat</span></div><div class="line" id="055831"><span class="nick" style="color:#2e2a4a"><a href="#055831" label="[05:58:31]">&lt;markjenkinssksp&gt;</a></span><span class="message">the bootstrapping joke that is, not the whole obit :)</span></div><br /></div></body></html>