<!DOCTYPE html><html><head><title>IRC channel logs</title><style>html {
  background: #fdfdfd;
}

h1 {
  font-weight: 300;
}

h2 {
  font-weight: 200;
}

h3 {
  padding: .5em 0;
  border-top: 3px dotted #ddd;
  margin-bottom: 0;
}

form {
  width: 400px;
  display: flex;
}

input {
  width: 100%;
  display: flex;
  border-radius: .25em 0 0 .25em;
  border: 1px solid #aaa;
  border-right: 0;
  padding: 0.5em;
}

button {
  display: flex;
  border-radius: 0 .25em .25em 0;
  background-color: #007bff;
  border: 1px solid #007bff;
  padding: .5em;
  cursor: pointer;
  color: white;
}

button:hover {
  background-color: #0069d9;
  border-color: #0062cc;
}

a {
  color: #007bff;
  text-decoration: none;
}

a:hover {
  text-decoration: underline;
}

h4 {
  margin-bottom: .5em;
}

table td {
  padding: 0.75em;
}

table tr:hover {
  background: #eee;
}

.year {
  display: table;
}

.month {
  display: table-cell;
  padding-right: 1em;
}

ul {
  margin: 0;
  padding: 0;
  list-style: none;
}

.nick {
  padding-right: 0.6rem;
  font-weight: bold;
  text-align: right;
  width: 13rem;
  display: table-cell;
}

.nick a {
  color: inherit;
  text-decoration: none;
}

.message {
  display: table-cell;
  padding-left: 0.6rem;
  border-left: 2px solid #333;
}

.notice {
  color: #859900;
  font-style: italic;
}

.line {
  line-height: 1.8rem;
  display: table;
}

#logs {
  margin-top: 1.5rem;
  padding: 1.5rem;
}
</style></head><body><h1>IRC channel logs</h1><h2>2022-03-03.log</h2><p><a href="/bootstrappable">back to list of logs</a></p><div id="logs"><div class="line" id="131400"><span class="nick" style="color:#8dd3c7"><a href="#131400" label="[13:14:00]">&lt;oriansj&gt;</a></span><span class="message">muurkha: I wouldn't say smarter but perhaps just slightly more organized as I tend to have only exactly one copy of code that I am working on. So good process is worth 50 IQ points?</span></div><div class="line" id="131749"><span class="nick" style="color:#8dd3c7"><a href="#131749" label="[13:17:49]">&lt;oriansj&gt;</a></span><span class="message">bauen1: well it certainly is smaller than Linux and it appears to support far more than we need; while somehow missing support for block devices???</span></div><div class="line" id="131933"><span class="nick" style="color:#8dd3c7"><a href="#131933" label="[13:19:33]">&lt;oriansj&gt;</a></span><span class="message">but I guess I'll be getting a vigorous education on all the ways I am wrong about kernels next week when I take a vacation from work.</span></div><div class="line" id="133200"><span class="nick" style="color:#8dd3c7"><a href="#133200" label="[13:32:00]">&lt;oriansj&gt;</a></span><span class="message">and after refecting on the new &quot;agile process&quot; at work over the last week, bad process is definitely a net -100 IQ points. Because you know &quot;agile&quot; means 400+ meetings, fully specified design requirements, a 2 month QA process across 8 environments and screen shots taken showing that mov *.pdf Processed/; does in fact successfully move 3 pdfs into the folder named Processed but doesn't move them if the prior command fails thanks to an</span></div><div class="line" id="133201"><span class="nick" style="color:#8dd3c7"><a href="#133201" label="[13:32:01]">&lt;oriansj&gt;</a></span><span class="message">already existing set -e</span></div><br /></div></body></html>