<!DOCTYPE html><html><head><title>IRC channel logs</title><style>html {
  background: #fdfdfd;
}

h1 {
  font-weight: 300;
}

h2 {
  font-weight: 200;
}

h3 {
  padding: .5em 0;
  border-top: 3px dotted #ddd;
  margin-bottom: 0;
}

form {
  width: 400px;
  display: flex;
}

input {
  width: 100%;
  display: flex;
  border-radius: .25em 0 0 .25em;
  border: 1px solid #aaa;
  border-right: 0;
  padding: 0.5em;
}

button {
  display: flex;
  border-radius: 0 .25em .25em 0;
  background-color: #007bff;
  border: 1px solid #007bff;
  padding: .5em;
  cursor: pointer;
  color: white;
}

button:hover {
  background-color: #0069d9;
  border-color: #0062cc;
}

a {
  color: #007bff;
  text-decoration: none;
}

a:hover {
  text-decoration: underline;
}

h4 {
  margin-bottom: .5em;
}

table td {
  padding: 0.75em;
}

table tr:hover {
  background: #eee;
}

.year {
  display: table;
}

.month {
  display: table-cell;
  padding-right: 1em;
}

ul {
  margin: 0;
  padding: 0;
  list-style: none;
}

.nick {
  padding-right: 0.6rem;
  font-weight: bold;
  text-align: right;
  width: 13rem;
  display: table-cell;
}

.nick a {
  color: inherit;
  text-decoration: none;
}

.message {
  display: table-cell;
  padding-left: 0.6rem;
  border-left: 2px solid #333;
}

.notice {
  color: #859900;
  font-style: italic;
}

.line {
  line-height: 1.8rem;
  display: table;
}

#logs {
  margin-top: 1.5rem;
  padding: 1.5rem;
}
</style></head><body><h1>IRC channel logs</h1><h2>2022-05-25.log</h2><p><a href="/bootstrappable">back to list of logs</a></p><div id="logs"><div class="line" id="015958"><span class="nick">***</span><span class="message notice">Server sets mode: +cnt </span></div><div class="line" id="030800"><span class="nick" style="color:#8dd3c7"><a href="#030800" label="[03:08:00]">*</a></span><span class="message">fossy is now reviewing bwrap</span></div><div class="line" id="031350"><span class="nick" style="color:#2e2a4a"><a href="#031350" label="[03:13:50]">&lt;stikonas&gt;</a></span><span class="message">fossy: mostly looks right to me but we need to deal with tmpdirs not honouring --preserve (or rather its absense)</span></div><div class="line" id="032100"><span class="nick" style="color:#6b8072"><a href="#032100" label="[03:21:00]">&lt;fossy&gt;</a></span><span class="message">yes, that seems to be the only problem i found</span></div><div class="line" id="032420"><span class="nick" style="color:#80b1d3"><a href="#032420" label="[03:24:20]">&lt;oriansj&gt;</a></span><span class="message">janneke: your makefile for bootstrap-seeds has been merged</span></div><div class="line" id="032434"><span class="nick" style="color:#80b1d3"><a href="#032434" label="[03:24:34]">&lt;oriansj&gt;</a></span><span class="message">mihi: your patch for bootstrap-sseds has been merged</span></div><div class="line" id="085641"><span class="nick">***</span><span class="message notice">dongcarl1 is now known as dongcarl</span></div><br /></div></body></html>