<!DOCTYPE html><html><head><title>IRC channel logs</title><style>html {
  background: #fdfdfd;
}

h1 {
  font-weight: 300;
}

h2 {
  font-weight: 200;
}

h3 {
  padding: .5em 0;
  border-top: 3px dotted #ddd;
  margin-bottom: 0;
}

form {
  width: 400px;
  display: flex;
}

input {
  width: 100%;
  display: flex;
  border-radius: .25em 0 0 .25em;
  border: 1px solid #aaa;
  border-right: 0;
  padding: 0.5em;
}

button {
  display: flex;
  border-radius: 0 .25em .25em 0;
  background-color: #007bff;
  border: 1px solid #007bff;
  padding: .5em;
  cursor: pointer;
  color: white;
}

button:hover {
  background-color: #0069d9;
  border-color: #0062cc;
}

a {
  color: #007bff;
  text-decoration: none;
}

a:hover {
  text-decoration: underline;
}

h4 {
  margin-bottom: .5em;
}

table td {
  padding: 0.75em;
}

table tr:hover {
  background: #eee;
}

.year {
  display: table;
}

.month {
  display: table-cell;
  padding-right: 1em;
}

ul {
  margin: 0;
  padding: 0;
  list-style: none;
}

.nick {
  padding-right: 0.6rem;
  font-weight: bold;
  text-align: right;
  width: 13rem;
  display: table-cell;
}

.nick a {
  color: inherit;
  text-decoration: none;
}

.message {
  display: table-cell;
  padding-left: 0.6rem;
  border-left: 2px solid #333;
}

.notice {
  color: #859900;
  font-style: italic;
}

.line {
  line-height: 1.8rem;
  display: table;
}

#logs {
  margin-top: 1.5rem;
  padding: 1.5rem;
}
</style></head><body><h1>IRC channel logs</h1><h2>2022-09-23.log</h2><p><a href="/bootstrappable">back to list of logs</a></p><div id="logs"><div class="line" id="001645"><span class="nick" style="color:#8dd3c7"><a href="#001645" label="[00:16:45]">&lt;oriansj&gt;</a></span><span class="message">ekaitz: is mescc spawning the correct M1/hex2 flags?</span></div><div class="line" id="001719"><span class="nick" style="color:#8dd3c7"><a href="#001719" label="[00:17:19]">&lt;oriansj&gt;</a></span><span class="message">for example if you leverage mescc's -c option and hand compile does it work?</span></div><div class="line" id="001749"><span class="nick" style="color:#8dd3c7"><a href="#001749" label="[00:17:49]">&lt;oriansj&gt;</a></span><span class="message">^hand compile^hand assemble^</span></div><div class="line" id="025759"><span class="nick">***</span><span class="message notice">ChanServ sets mode: +o oriansj</span></div><div class="line" id="030822"><span class="nick">***</span><span class="message notice">ChanServ sets mode: +o oriansj</span></div><div class="line" id="195558"><span class="nick" style="color:#2e2a4a"><a href="#195558" label="[19:55:58]">&lt;stikonas&gt;</a></span><span class="message">doras: would you be fine if we move dynamic linking in live-bootstrap after new GCC (once we get it in)?</span></div><div class="line" id="195607"><span class="nick" style="color:#2e2a4a"><a href="#195607" label="[19:56:07]">&lt;stikonas&gt;</a></span><span class="message">then we don't even need any patches</span></div><div class="line" id="214710"><span class="nick" style="color:#6b8072"><a href="#214710" label="[21:47:10]">&lt;doras&gt;</a></span><span class="message">stikonas: sure, I don't mind.</span></div><br /></div></body></html>