<!DOCTYPE html><html><head><title>IRC channel logs</title><style>html {
  background: #fdfdfd;
}

h1 {
  font-weight: 300;
}

h2 {
  font-weight: 200;
}

h3 {
  padding: .5em 0;
  border-top: 3px dotted #ddd;
  margin-bottom: 0;
}

form {
  width: 400px;
  display: flex;
}

input {
  width: 100%;
  display: flex;
  border-radius: .25em 0 0 .25em;
  border: 1px solid #aaa;
  border-right: 0;
  padding: 0.5em;
}

button {
  display: flex;
  border-radius: 0 .25em .25em 0;
  background-color: #007bff;
  border: 1px solid #007bff;
  padding: .5em;
  cursor: pointer;
  color: white;
}

button:hover {
  background-color: #0069d9;
  border-color: #0062cc;
}

a {
  color: #007bff;
  text-decoration: none;
}

a:hover {
  text-decoration: underline;
}

h4 {
  margin-bottom: .5em;
}

table td {
  padding: 0.75em;
}

table tr:hover {
  background: #eee;
}

.year {
  display: table;
}

.month {
  display: table-cell;
  padding-right: 1em;
}

ul {
  margin: 0;
  padding: 0;
  list-style: none;
}

.nick {
  padding-right: 0.6rem;
  font-weight: bold;
  text-align: right;
  width: 13rem;
  display: table-cell;
}

.nick a {
  color: inherit;
  text-decoration: none;
}

.message {
  display: table-cell;
  padding-left: 0.6rem;
  border-left: 2px solid #333;
}

.notice {
  color: #859900;
  font-style: italic;
}

.line {
  line-height: 1.8rem;
  display: table;
}

#logs {
  margin-top: 1.5rem;
  padding: 1.5rem;
}
</style></head><body><h1>IRC channel logs</h1><h2>2022-03-06.log</h2><p><a href="/bootstrappable">back to list of logs</a></p><div id="logs"><div class="line" id="132557"><span class="nick">***</span><span class="message notice">genr8eofl_ is now known as genr8eofl</span></div><div class="line" id="134538"><span class="nick" style="color:#8dd3c7"><a href="#134538" label="[13:45:38]">&lt;oriansj&gt;</a></span><span class="message">I guess that is a change from when it was originally setup</span></div><div class="line" id="140212"><span class="nick" style="color:#2e2a4a"><a href="#140212" label="[14:02:12]">&lt;muurkha&gt;</a></span><span class="message">19:56 &lt; unmatched-paren&gt; makefiles are terrible, is scons good?</span></div><div class="line" id="140232"><span class="nick" style="color:#2e2a4a"><a href="#140232" label="[14:02:32]">&lt;muurkha&gt;</a></span><span class="message">I remember when I was a beginning programmer and thought I would find good software if I looked hard enough</span></div><div class="line" id="154834"><span class="nick" style="color:#6b8072"><a href="#154834" label="[15:48:34]">&lt;nimaje&gt;</a></span><span class="message">hey, true is good software (in some implementations)</span></div><div class="line" id="154950"><span class="nick" style="color:#2e2a4a"><a href="#154950" label="[15:49:50]">&lt;muurkha&gt;</a></span><span class="message">true returns 0, false returns 1.  what the fuck kind of good software is that?</span></div><div class="line" id="155403"><span class="nick" style="color:#6b8072"><a href="#155403" label="[15:54:03]">&lt;nimaje&gt;</a></span><span class="message">it does exactly what it should, it is simple and well writen (in some implementations) and it is useful, what do you miss to call it good software?</span></div><div class="line" id="155520"><span class="nick" style="color:#2e2a4a"><a href="#155520" label="[15:55:20]">&lt;muurkha&gt;</a></span><span class="message">I agree with those three things, but the fact remains that there's a fatal inconsistency in the way Unix exit statuses are defined that prevents it from being good</span></div><div class="line" id="155720"><span class="nick" style="color:#6b8072"><a href="#155720" label="[15:57:20]">&lt;nimaje&gt;</a></span><span class="message">so your problem is with error codes?</span></div><div class="line" id="160226"><span class="nick" style="color:#2e2a4a"><a href="#160226" label="[16:02:26]">&lt;muurkha&gt;</a></span><span class="message">well, the conflation of success/failure codes with boolean values in the shell is reasonable.  and the representation of success/failure with 0 for success and other numbers for different kinds of failure is reasonable.  and the cultural convention of doing Boolean logic with 1 for true and 0 for false is reasonable.  any two of them are reasonable together, too.  but the combination of the three</span></div><div class="line" id="160232"><span class="nick" style="color:#2e2a4a"><a href="#160232" label="[16:02:32]">&lt;muurkha&gt;</a></span><span class="message">is inconsistent in a sort of self-parodying way</span></div><div class="line" id="160240"><span class="nick" style="color:#2e2a4a"><a href="#160240" label="[16:02:40]">&lt;muurkha&gt;</a></span><span class="message">it's kind of a microcosm of how all software is bad</span></div><div class="line" id="160322"><span class="nick" style="color:#2e2a4a"><a href="#160322" label="[16:03:22]">&lt;muurkha&gt;</a></span><span class="message">a reasonable alternative would be to use negative numbers for failure and positive numbers for success</span></div><div class="line" id="160341"><span class="nick" style="color:#2e2a4a"><a href="#160341" label="[16:03:41]">&lt;muurkha&gt;</a></span><span class="message">but of course that involves boiling the ocean</span></div><div class="line" id="182837"><span class="nick" style="color:#8dd3c7"><a href="#182837" label="[18:28:37]">&lt;oriansj&gt;</a></span><span class="message">or just changing the libc definitions of EXIT_SUCCESS and EXIT_FAILURE for while made software</span></div><div class="line" id="182847"><span class="nick" style="color:#8dd3c7"><a href="#182847" label="[18:28:47]">&lt;oriansj&gt;</a></span><span class="message">^while^well^</span></div><div class="line" id="182946"><span class="nick" style="color:#8dd3c7"><a href="#182946" label="[18:29:46]">&lt;oriansj&gt;</a></span><span class="message">although we didn't standardize on: <a rel="nofollow" href="https://www.freebsd.org/cgi/man.cgi?query=sysexits">https://www.freebsd.org/cgi/man.cgi?query=sysexits</a> </span></div><div class="line" id="213523"><span class="nick">***</span><span class="message notice">alMalsamo is now known as lumberjack123</span></div><br /></div></body></html>