<!DOCTYPE html><html><head><title>IRC channel logs</title><style>html {
  background: #fdfdfd;
}

h1 {
  font-weight: 300;
}

h2 {
  font-weight: 200;
}

h3 {
  padding: .5em 0;
  border-top: 3px dotted #ddd;
  margin-bottom: 0;
}

form {
  width: 400px;
  display: flex;
}

input {
  width: 100%;
  display: flex;
  border-radius: .25em 0 0 .25em;
  border: 1px solid #aaa;
  border-right: 0;
  padding: 0.5em;
}

button {
  display: flex;
  border-radius: 0 .25em .25em 0;
  background-color: #007bff;
  border: 1px solid #007bff;
  padding: .5em;
  cursor: pointer;
  color: white;
}

button:hover {
  background-color: #0069d9;
  border-color: #0062cc;
}

a {
  color: #007bff;
  text-decoration: none;
}

a:hover {
  text-decoration: underline;
}

h4 {
  margin-bottom: .5em;
}

table td {
  padding: 0.75em;
}

table tr:hover {
  background: #eee;
}

.year {
  display: table;
}

.month {
  display: table-cell;
  padding-right: 1em;
}

ul {
  margin: 0;
  padding: 0;
  list-style: none;
}

.nick {
  padding-right: 0.6rem;
  font-weight: bold;
  text-align: right;
  width: 13rem;
  display: table-cell;
}

.nick a {
  color: inherit;
  text-decoration: none;
}

.message {
  display: table-cell;
  padding-left: 0.6rem;
  border-left: 2px solid #333;
}

.notice {
  color: #859900;
  font-style: italic;
}

.line {
  line-height: 1.8rem;
  display: table;
}

#logs {
  margin-top: 1.5rem;
  padding: 1.5rem;
}
</style></head><body><h1>IRC channel logs</h1><h2>2022-03-01.log</h2><p><a href="/bootstrappable">back to list of logs</a></p><div id="logs"><div class="line" id="000636"><span class="nick" style="color:#389600"><a href="#000636" label="[00:06:36]">&lt;muurkha&gt;</a></span><span class="message">yeah, that's generally the reason for that kind of thing</span></div><div class="line" id="000647"><span class="nick" style="color:#389600"><a href="#000647" label="[00:06:47]">&lt;muurkha&gt;</a></span><span class="message">and it can be nice to include the full path</span></div><div class="line" id="012208"><span class="nick" style="color:#2e2a4a"><a href="#012208" label="[01:22:08]">&lt;oriansj&gt;</a></span><span class="message">muurkha: well if you notice full paths are not needed to provide those useful error messages by the compiler. However cgdb debug info pointing to the source files could use the full path but honestly I hope one way we can get people to just create a .source segment and use that instead.</span></div><div class="line" id="012438"><span class="nick" style="color:#2e2a4a"><a href="#012438" label="[01:24:38]">&lt;oriansj&gt;</a></span><span class="message">^one way^one day^</span></div><div class="line" id="012549"><span class="nick" style="color:#2e2a4a"><a href="#012549" label="[01:25:49]">&lt;oriansj&gt;</a></span><span class="message">would seriously bloat the binaries but then all binaries would always carry the correct and corresponding source code.</span></div><div class="line" id="023019"><span class="nick" style="color:#389600"><a href="#023019" label="[02:30:19]">&lt;muurkha&gt;</a></span><span class="message">if the error messages include the full path, Emacs can take you to the correct file when you click them, which can be useful, without having to ask you which directory it's in (and possibly getting the wrong one).  I like the .source segment idea but I don't think it helps for that particular case</span></div><div class="line" id="023050"><span class="nick" style="color:#389600"><a href="#023050" label="[02:30:50]">&lt;muurkha&gt;</a></span><span class="message">because the source you want to edit then is the original source you will then try to recompile, not the source embedded in the .o file you're about to overwrite</span></div><div class="line" id="023107"><span class="nick" style="color:#389600"><a href="#023107" label="[02:31:07]">&lt;muurkha&gt;</a></span><span class="message">I don't know if that's why tcc embeds the paths, I haven't looked</span></div><div class="line" id="023110"><span class="nick" style="color:#389600"><a href="#023110" label="[02:31:10]">&lt;muurkha&gt;</a></span><span class="message">it's why Plan9 did it</span></div><div class="line" id="035903"><span class="nick">***</span><span class="message notice">alMalsamo is now known as lumberjack</span></div><div class="line" id="042858"><span class="nick">***</span><span class="message notice">genr8eofl_ is now known as genr8eofl</span></div><div class="line" id="125619"><span class="nick">***</span><span class="message notice">alMalsamo is now known as lumberjack123</span></div><div class="line" id="204633"><span class="nick" style="color:#6b8072"><a href="#204633" label="[20:46:33]">&lt;PureTryOut[m]&gt;</a></span><span class="message">mbakke: do you by any chance know if the author of that Dart packaging series is reachable on Matrix and/or IRC?</span></div><div class="line" id="235047"><span class="nick">***</span><span class="message notice">dongcarl2 is now known as dongcarl</span></div><br /></div></body></html>