<!DOCTYPE html><html><head><title>IRC channel logs</title><style>html {
  background: #fdfdfd;
}

h1 {
  font-weight: 300;
}

h2 {
  font-weight: 200;
}

h3 {
  padding: .5em 0;
  border-top: 3px dotted #ddd;
  margin-bottom: 0;
}

form {
  width: 400px;
  display: flex;
}

input {
  width: 100%;
  display: flex;
  border-radius: .25em 0 0 .25em;
  border: 1px solid #aaa;
  border-right: 0;
  padding: 0.5em;
}

button {
  display: flex;
  border-radius: 0 .25em .25em 0;
  background-color: #007bff;
  border: 1px solid #007bff;
  padding: .5em;
  cursor: pointer;
  color: white;
}

button:hover {
  background-color: #0069d9;
  border-color: #0062cc;
}

a {
  color: #007bff;
  text-decoration: none;
}

a:hover {
  text-decoration: underline;
}

h4 {
  margin-bottom: .5em;
}

table td {
  padding: 0.75em;
}

table tr:hover {
  background: #eee;
}

.year {
  display: table;
}

.month {
  display: table-cell;
  padding-right: 1em;
}

ul {
  margin: 0;
  padding: 0;
  list-style: none;
}

.nick {
  padding-right: 0.6rem;
  font-weight: bold;
  text-align: right;
  width: 13rem;
  display: table-cell;
}

.nick a {
  color: inherit;
  text-decoration: none;
}

.message {
  display: table-cell;
  padding-left: 0.6rem;
  border-left: 2px solid #333;
}

.notice {
  color: #859900;
  font-style: italic;
}

.line {
  line-height: 1.8rem;
  display: table;
}

#logs {
  margin-top: 1.5rem;
  padding: 1.5rem;
}
</style></head><body><h1>IRC channel logs</h1><h2>2022-06-19.log</h2><p><a href="/bootstrappable">back to list of logs</a></p><div id="logs"><div class="line" id="000513"><span class="nick" style="color:#389600"><a href="#000513" label="[00:05:13]">&lt;oriansj&gt;</a></span><span class="message">shall we use Haunt like the bootstrappable website?</span></div><div class="line" id="000747"><span class="nick" style="color:#389600"><a href="#000747" label="[00:07:47]">&lt;oriansj&gt;</a></span><span class="message">or is there a more accessable website generator which people like better?</span></div><div class="line" id="003448"><span class="nick" style="color:#8dd3c7"><a href="#003448" label="[00:34:48]">&lt;stikonas&gt;</a></span><span class="message">hmm, that's not really a wiki then, more like website</span></div><div class="line" id="003503"><span class="nick" style="color:#8dd3c7"><a href="#003503" label="[00:35:03]">&lt;stikonas&gt;</a></span><span class="message">but maybe we don't have much choice over wiki vs website</span></div><div class="line" id="003610"><span class="nick" style="color:#389600"><a href="#003610" label="[00:36:10]">&lt;oriansj&gt;</a></span><span class="message">stikonas: DokuWiki ?</span></div><div class="line" id="003703"><span class="nick" style="color:#8dd3c7"><a href="#003703" label="[00:37:03]">&lt;stikonas&gt;</a></span><span class="message">hmm, possibly, I haven't used it but seems to have good reviews</span></div><div class="line" id="003820"><span class="nick" style="color:#389600"><a href="#003820" label="[00:38:20]">&lt;oriansj&gt;</a></span><span class="message">and it works on just plain text files which we can have in version control in a public git repo</span></div><div class="line" id="003857"><span class="nick" style="color:#8dd3c7"><a href="#003857" label="[00:38:57]">&lt;stikonas&gt;</a></span><span class="message">the other alternative might be just use wikis that come with VCS websites...</span></div><div class="line" id="003905"><span class="nick" style="color:#8dd3c7"><a href="#003905" label="[00:39:05]">&lt;stikonas&gt;</a></span><span class="message">something like gitlab/gitea/github...</span></div><div class="line" id="004031"><span class="nick" style="color:#8dd3c7"><a href="#004031" label="[00:40:31]">&lt;stikonas&gt;</a></span><span class="message">maybe less flexible but might be cheaper</span></div><div class="line" id="004053"><span class="nick" style="color:#389600"><a href="#004053" label="[00:40:53]">&lt;oriansj&gt;</a></span><span class="message">well $5/month for a server isn't that much of an expense</span></div><div class="line" id="004115"><span class="nick" style="color:#389600"><a href="#004115" label="[00:41:15]">&lt;oriansj&gt;</a></span><span class="message">unless one counts the cost of the time required to properly maintain the server</span></div><div class="line" id="004407"><span class="nick" style="color:#389600"><a href="#004407" label="[00:44:07]">&lt;oriansj&gt;</a></span><span class="message">hence why I like the idea of pulling from a git repo. So that if anything goes sideways, we just nuke the server and do a git clone</span></div><div class="line" id="004951"><span class="nick" style="color:#389600"><a href="#004951" label="[00:49:51]">&lt;oriansj&gt;</a></span><span class="message">ideally the solution we pick wouldn't require javascript to view the content</span></div><div class="line" id="010023"><span class="nick" style="color:#8dd3c7"><a href="#010023" label="[01:00:23]">&lt;stikonas&gt;</a></span><span class="message">well, if server configuration is non-trivial, it's also good to put it into git repo (i.e. via ansible or something like that)</span></div><div class="line" id="010354"><span class="nick" style="color:#6b8072"><a href="#010354" label="[01:03:54]">&lt;plasma41&gt;</a></span><span class="message">IMO, git backed wikis that don't either have talk pages or support pull requests are pain for working on experimental edits requiring feedback from other contributors</span></div><div class="line" id="010536"><span class="nick" style="color:#6b8072"><a href="#010536" label="[01:05:36]">&lt;plasma41&gt;</a></span><span class="message">s/are pain/are a pain/</span></div><div class="line" id="011054"><span class="nick" style="color:#389600"><a href="#011054" label="[01:10:54]">&lt;oriansj&gt;</a></span><span class="message">stikonas: excellent point</span></div><div class="line" id="011144"><span class="nick" style="color:#389600"><a href="#011144" label="[01:11:44]">&lt;oriansj&gt;</a></span><span class="message">plasma41: didn't think of that, thank you</span></div><div class="line" id="011456"><span class="nick" style="color:#6b8072"><a href="#011456" label="[01:14:56]">&lt;plasma41&gt;</a></span><span class="message">oriansj: I find it especially frustrating that there's no mechanism to submit a pull request to the git-backed wikis associated with projects on Git{Hub,Lab}.</span></div><div class="line" id="011534"><span class="nick" style="color:#6b8072"><a href="#011534" label="[01:15:34]">&lt;plasma41&gt;</a></span><span class="message">It's a pet peeve of mine</span></div><div class="line" id="011740"><span class="nick" style="color:#389600"><a href="#011740" label="[01:17:40]">&lt;oriansj&gt;</a></span><span class="message">plasma41: now what sort of tools/projects don't have that problem?</span></div><div class="line" id="012119"><span class="nick" style="color:#6b8072"><a href="#012119" label="[01:21:19]">&lt;plasma41&gt;</a></span><span class="message">oriansj: I'm interpreting that as a rhetorical question. Tone of voice is hard for me to discern through text without tone indicators. <a rel="nofollow" href="https://en.wikipedia.org/wiki/Tone_indicator">https://en.wikipedia.org/wiki/Tone_indicator</a> </span></div><div class="line" id="014253"><span class="nick" style="color:#389600"><a href="#014253" label="[01:42:53]">&lt;oriansj&gt;</a></span><span class="message">plasma41: now that is a new one for me. /srs</span></div><div class="line" id="014313"><span class="nick" style="color:#389600"><a href="#014313" label="[01:43:13]">&lt;oriansj&gt;</a></span><span class="message">plasma41: /pos</span></div><div class="line" id="014405"><span class="nick" style="color:#6b8072"><a href="#014405" label="[01:44:05]">&lt;plasma41&gt;</a></span><span class="message">oriansj: It's a pretty nifty little system.</span></div><div class="line" id="014420"><span class="nick" style="color:#389600"><a href="#014420" label="[01:44:20]">&lt;oriansj&gt;</a></span><span class="message">plasma41: and the question was Genuine curiousity</span></div><div class="line" id="014551"><span class="nick" style="color:#6b8072"><a href="#014551" label="[01:45:51]">&lt;plasma41&gt;</a></span><span class="message">Could you try rephrasing the question?</span></div><div class="line" id="014651"><span class="nick" style="color:#389600"><a href="#014651" label="[01:46:51]">&lt;oriansj&gt;</a></span><span class="message">if anything I say can be considered impolite or inconsiderate or talking down to anyone. Raise it as a major issue as I love the people here and just want to help everyone as much as I can. /pos  /srs  /gen  /p</span></div><div class="line" id="014741"><span class="nick" style="color:#389600"><a href="#014741" label="[01:47:41]">&lt;oriansj&gt;</a></span><span class="message">plasma41: of course. Are there any tools or projects that don't have that problem as I am not familiar with it enough to know myself.</span></div><div class="line" id="014939"><span class="nick" style="color:#6b8072"><a href="#014939" label="[01:49:39]">&lt;plasma41&gt;</a></span><span class="message">oriansj: <a rel="nofollow" href="https://man.sr.ht/man.sr.ht/">https://man.sr.ht/man.sr.ht/</a> </span></div><div class="line" id="015037"><span class="nick" style="color:#389600"><a href="#015037" label="[01:50:37]">&lt;oriansj&gt;</a></span><span class="message">thank you plasma41, I'll take a look</span></div><div class="line" id="015213"><span class="nick" style="color:#6b8072"><a href="#015213" label="[01:52:13]">&lt;plasma41&gt;</a></span><span class="message">Sourcehut's &quot;mailing lists as a first class collaboration mechanism&quot;/&quot;no accounts needed, just email a patch&quot; design philosophy is a breath of fresh air compared to GitHub/GitLab and similiar forges.</span></div><div class="line" id="015337"><span class="nick" style="color:#389600"><a href="#015337" label="[01:53:37]">&lt;oriansj&gt;</a></span><span class="message">seems handy</span></div><div class="line" id="015708"><span class="nick" style="color:#6b8072"><a href="#015708" label="[01:57:08]">&lt;plasma41&gt;</a></span><span class="message">Sourcehut's <a rel="nofollow" href="https://git-send-email.io/">https://git-send-email.io/</a>  companion website was very helpful in teaching me to use the email-based collaboration features of git for the first time.</span></div><div class="line" id="020800"><span class="nick" style="color:#389600"><a href="#020800" label="[02:08:00]">&lt;oriansj&gt;</a></span><span class="message">well atleast it gets a B rating: <a rel="nofollow" href="https://www.gnu.org/software/repo-criteria-evaluation.html">https://www.gnu.org/software/repo-criteria-evaluation.html</a> </span></div><div class="line" id="022212"><span class="nick" style="color:#80b1d3"><a href="#022212" label="[02:22:12]">&lt;siraben&gt;</a></span><span class="message">&quot;Says “free software,” not “open source.” (A6)&quot;</span></div><div class="line" id="023557"><span class="nick" style="color:#6d2462"><a href="#023557" label="[02:35:57]">&lt;stikonas_&gt;</a></span><span class="message">well, gnu seems to be happy even with grade C</span></div><div class="line" id="023600"><span class="nick">***</span><span class="message notice">stikonas_ is now known as stikonas</span></div><div class="line" id="023659"><span class="nick" style="color:#8dd3c7"><a href="#023659" label="[02:36:59]">&lt;stikonas&gt;</a></span><span class="message">and there is nothing between F and C</span></div><div class="line" id="030903"><span class="nick" style="color:#389600"><a href="#030903" label="[03:09:03]">&lt;oriansj&gt;</a></span><span class="message">siraben: hence why a B grade isn't bad in this case</span></div><div class="line" id="031048"><span class="nick" style="color:#389600"><a href="#031048" label="[03:10:48]">&lt;oriansj&gt;</a></span><span class="message">stikonas: well anything below C is missing some rather basic functionality in terms of user freedom</span></div><div class="line" id="050147"><span class="nick">***</span><span class="message notice">lukedashjr is now known as luke-jr</span></div><div class="line" id="071131"><span class="nick" style="color:#234e69"><a href="#071131" label="[07:11:31]">&lt;yjftsjthsd3&gt;</a></span><span class="message">On the wiki conversation: I would also advocate for backing it with git; I would personally suggest a normal git repo of markdown files, with a cronjob somewhere that pulls it, runs it through pandoc (or a static site generator if you feel fancy) and publishes the output via httpd</span></div><div class="line" id="071213"><span class="nick" style="color:#234e69"><a href="#071213" label="[07:12:13]">&lt;yjftsjthsd3&gt;</a></span><span class="message">Sidestep the problem of &quot;git repo but treated as a wiki in ways that undermines the usual git workflows&quot;</span></div><div class="line" id="071237"><span class="nick" style="color:#234e69"><a href="#071237" label="[07:12:37]">&lt;yjftsjthsd3&gt;</a></span><span class="message">(And yeah, srht's mechanism is pretty great)</span></div><div class="line" id="071300"><span class="nick" style="color:#234e69"><a href="#071300" label="[07:13:00]">&lt;yjftsjthsd3&gt;</a></span><span class="message">Just as another well-meaning member of the peanut gallery:)</span></div><div class="line" id="071443"><span class="nick" style="color:#234e69"><a href="#071443" label="[07:14:43]">&lt;yjftsjthsd3&gt;</a></span><span class="message">And separately, thanks for the &quot;Tone indicator&quot; article:) No idea why wikipedia thinks its mostly useful for people on the Autism spectrum; tone over text is infamous for being awful to read...</span></div><div class="line" id="072829"><span class="nick" style="color:#6b8072"><a href="#072829" label="[07:28:29]">&lt;plasma41&gt;</a></span><span class="message">yjftsjthsd3: yw :-)</span></div><div class="line" id="102113"><span class="nick" style="color:#6c3d55"><a href="#102113" label="[10:21:13]">&lt;Hagfish&gt;</a></span><span class="message">yeah, that was a fun and insightful article.  and also from the peanut gallery, i'm wondering if there is a way of converting wiki &lt;-&gt; repo bidirectionally</span></div><div class="line" id="102407"><span class="nick" style="color:#d9d9d9"><a href="#102407" label="[10:24:07]">&lt;pabs3&gt;</a></span><span class="message">for mediawiki there is git-mediawiki, which lets you push/pull to a mediawiki remote</span></div><div class="line" id="102518"><span class="nick" style="color:#d9d9d9"><a href="#102518" label="[10:25:18]">&lt;pabs3&gt;</a></span><span class="message">seems that is in git itself now, I thought it was separate before</span></div><div class="line" id="142057"><span class="nick" style="color:#389600"><a href="#142057" label="[14:20:57]">&lt;oriansj&gt;</a></span><span class="message">Hagfish: absolutely, Dokuwiki would just require a cronjob to check in the state of the text files and do a git push</span></div><div class="line" id="142317"><span class="nick" style="color:#389600"><a href="#142317" label="[14:23:17]">&lt;oriansj&gt;</a></span><span class="message">although that produces problems if there is a merge conflict</span></div><div class="line" id="142713"><span class="nick" style="color:#389600"><a href="#142713" label="[14:27:13]">&lt;oriansj&gt;</a></span><span class="message">Hagfish: neat, didn't know mediawiki had that</span></div><div class="line" id="231048"><span class="nick" style="color:#389600"><a href="#231048" label="[23:10:48]">&lt;oriansj&gt;</a></span><span class="message">am I just overthinking this?</span></div><div class="line" id="233734"><span class="nick" style="color:#389600"><a href="#233734" label="[23:37:34]">&lt;oriansj&gt;</a></span><span class="message">is it wrong I wish guix download supported --download-all-the-sources and created a folder with all of the sources referenced in guix</span></div><br /></div></body></html>