<!DOCTYPE html><html><head><title>IRC channel logs</title><style>html {
  background: #fdfdfd;
}

h1 {
  font-weight: 300;
}

h2 {
  font-weight: 200;
}

h3 {
  padding: .5em 0;
  border-top: 3px dotted #ddd;
  margin-bottom: 0;
}

form {
  width: 400px;
  display: flex;
}

input {
  width: 100%;
  display: flex;
  border-radius: .25em 0 0 .25em;
  border: 1px solid #aaa;
  border-right: 0;
  padding: 0.5em;
}

button {
  display: flex;
  border-radius: 0 .25em .25em 0;
  background-color: #007bff;
  border: 1px solid #007bff;
  padding: .5em;
  cursor: pointer;
  color: white;
}

button:hover {
  background-color: #0069d9;
  border-color: #0062cc;
}

a {
  color: #007bff;
  text-decoration: none;
}

a:hover {
  text-decoration: underline;
}

h4 {
  margin-bottom: .5em;
}

table td {
  padding: 0.75em;
}

table tr:hover {
  background: #eee;
}

.year {
  display: table;
}

.month {
  display: table-cell;
  padding-right: 1em;
}

ul {
  margin: 0;
  padding: 0;
  list-style: none;
}

.nick {
  padding-right: 0.6rem;
  font-weight: bold;
  text-align: right;
  width: 13rem;
  display: table-cell;
}

.nick a {
  color: inherit;
  text-decoration: none;
}

.message {
  display: table-cell;
  padding-left: 0.6rem;
  border-left: 2px solid #333;
}

.notice {
  color: #859900;
  font-style: italic;
}

.line {
  line-height: 1.8rem;
  display: table;
}

#logs {
  margin-top: 1.5rem;
  padding: 1.5rem;
}
</style></head><body><h1>IRC channel logs</h1><h2>2022-08-08.log</h2><p><a href="/bootstrappable">back to list of logs</a></p><div id="logs"><div class="line" id="005713"><span class="nick" style="color:#8dd3c7"><a href="#005713" label="[00:57:13]">&lt;oriansj&gt;</a></span><span class="message">stikonas: I believe there is an outstanding bug for x86 where hex1 and hex2 have too small of an allocated image size (Linux silently rounded up to a full page which was large enough)</span></div><div class="line" id="013121"><span class="nick" style="color:#2e2a4a"><a href="#013121" label="[01:31:21]">&lt;stikonas&gt;</a></span><span class="message">oriansj: anyway, I think so far things seem to work if I just do the same thing as on POSIX and dont' allocate extra memory</span></div><div class="line" id="013220"><span class="nick" style="color:#2e2a4a"><a href="#013220" label="[01:32:20]">&lt;stikonas&gt;</a></span><span class="message">so I guess I'll ignore this issue for now</span></div><div class="line" id="013929"><span class="nick" style="color:#2e2a4a"><a href="#013929" label="[01:39:29]">&lt;stikonas&gt;</a></span><span class="message">I tested it a bit with hex1.M1 prototype which should be binary identical to final hex1</span></div><div class="line" id="013953"><span class="nick" style="color:#2e2a4a"><a href="#013953" label="[01:39:53]">&lt;stikonas&gt;</a></span><span class="message">so I guess UEFI also loads the whole page</span></div><div class="line" id="091603"><span class="nick" style="color:#6b8072"><a href="#091603" label="[09:16:03]">&lt;pabs3&gt;</a></span><span class="message">a thread about a Prolog interpreter in C, but the GitHub repo was just made private for some reason <a rel="nofollow" href="https://news.ycombinator.com/item?id=32382514">https://news.ycombinator.com/item?id=32382514</a> </span></div><div class="line" id="091622"><span class="nick" style="color:#6b8072"><a href="#091622" label="[09:16:22]">&lt;pabs3&gt;</a></span><span class="message">outdated fork at <a rel="nofollow" href="https://github.com/guregu/trealla">https://github.com/guregu/trealla</a> </span></div><div class="line" id="110400"><span class="nick" style="color:#80b1d3"><a href="#110400" label="[11:04:00]">&lt;nimaje&gt;</a></span><span class="message">yay, that repo was recreated to reset the git history, why would 1GB of commit history be bad (just do shallow clones if you don't want the history)? (<a rel="nofollow" href="https://github.com/trealla-prolog/trealla/issues/1">https://github.com/trealla-prolog/trealla/issues/1</a>) </span></div><div class="line" id="142909"><span class="nick">***</span><span class="message notice">Andrew is now known as HaxCPU</span></div><div class="line" id="142913"><span class="nick">***</span><span class="message notice">HaxCPU is now known as Andrew</span></div><div class="line" id="143416"><span class="nick">***</span><span class="message notice">Andrew is now known as HaxCUP</span></div><div class="line" id="143420"><span class="nick">***</span><span class="message notice">HaxCUP is now known as HaxCPU</span></div><div class="line" id="143503"><span class="nick">***</span><span class="message notice">HaxCPU is now known as ANdrew</span></div><div class="line" id="143505"><span class="nick">***</span><span class="message notice">ANdrew is now known as Andrew</span></div><div class="line" id="184634"><span class="nick">***</span><span class="message notice">Noisytoot is now known as [</span></div><div class="line" id="230228"><span class="nick">***</span><span class="message notice">lukedashjr is now known as luke-jr</span></div><div class="line" id="230621"><span class="nick">***</span><span class="message notice">theruran_ is now known as theruran</span></div><div class="line" id="231249"><span class="nick">***</span><span class="message notice">ericonr- is now known as ericonr</span></div><div class="line" id="233537"><span class="nick">***</span><span class="message notice">nimaje1 is now known as nimaje</span></div><br /></div></body></html>