<!DOCTYPE html><html><head><title>IRC channel logs</title><style>html {
  background: #fdfdfd;
}

h1 {
  font-weight: 300;
}

h2 {
  font-weight: 200;
}

h3 {
  padding: .5em 0;
  border-top: 3px dotted #ddd;
  margin-bottom: 0;
}

form {
  width: 400px;
  display: flex;
}

input {
  width: 100%;
  display: flex;
  border-radius: .25em 0 0 .25em;
  border: 1px solid #aaa;
  border-right: 0;
  padding: 0.5em;
}

button {
  display: flex;
  border-radius: 0 .25em .25em 0;
  background-color: #007bff;
  border: 1px solid #007bff;
  padding: .5em;
  cursor: pointer;
  color: white;
}

button:hover {
  background-color: #0069d9;
  border-color: #0062cc;
}

a {
  color: #007bff;
  text-decoration: none;
}

a:hover {
  text-decoration: underline;
}

h4 {
  margin-bottom: .5em;
}

table td {
  padding: 0.75em;
}

table tr:hover {
  background: #eee;
}

.year {
  display: table;
}

.month {
  display: table-cell;
  padding-right: 1em;
}

ul {
  margin: 0;
  padding: 0;
  list-style: none;
}

.nick {
  padding-right: 0.6rem;
  font-weight: bold;
  text-align: right;
  width: 13rem;
  display: table-cell;
}

.nick a {
  color: inherit;
  text-decoration: none;
}

.message {
  display: table-cell;
  padding-left: 0.6rem;
  border-left: 2px solid #333;
}

.notice {
  color: #859900;
  font-style: italic;
}

.line {
  line-height: 1.8rem;
  display: table;
}

#logs {
  margin-top: 1.5rem;
  padding: 1.5rem;
}
</style></head><body><h1>IRC channel logs</h1><h2>2022-03-25.log</h2><p><a href="/bootstrappable">back to list of logs</a></p><div id="logs"><div class="line" id="013935"><span class="nick" style="color:#8dd3c7"><a href="#013935" label="[01:39:35]">&lt;oriansj&gt;</a></span><span class="message">fossy: TMPDIR can be set in stage0-posix and it'll just be inherited by the  mescc-tools-extra script</span></div><div class="line" id="014012"><span class="nick" style="color:#8dd3c7"><a href="#014012" label="[01:40:12]">&lt;oriansj&gt;</a></span><span class="message">in which case I'd put the TMPDIR to point to the architecture specific artifacts folder</span></div><div class="line" id="014100"><span class="nick" style="color:#8dd3c7"><a href="#014100" label="[01:41:00]">&lt;oriansj&gt;</a></span><span class="message">as the pieces that are not needing to be kept (except if there is an audit)</span></div><div class="line" id="014119"><span class="nick" style="color:#8dd3c7"><a href="#014119" label="[01:41:19]">&lt;oriansj&gt;</a></span><span class="message">are put there by default in stage0-posix already</span></div><div class="line" id="025708"><span class="nick" style="color:#2e2a4a"><a href="#025708" label="[02:57:08]">&lt;Christoph[m]&gt;</a></span><span class="message">Oh! I see. Thank you!</span></div><div class="line" id="062356"><span class="nick" style="color:#6b8072"><a href="#062356" label="[06:23:56]">&lt;fossy&gt;</a></span><span class="message">oriansj: ok, sounds good</span></div><div class="line" id="062556"><span class="nick" style="color:#6b8072"><a href="#062556" label="[06:25:56]">&lt;fossy&gt;</a></span><span class="message">oriansj: also i think you invited me to stage0-posix-x86, but i forgot to accep the invite. if you did would you remind reinviting me (or i am misremembering)</span></div><div class="line" id="074950"><span class="nick" style="color:#8dd3c7"><a href="#074950" label="[07:49:50]">&lt;oriansj&gt;</a></span><span class="message">fossy: I don't think github supports resending the invite but I can remove and re-add you</span></div><div class="line" id="093748"><span class="nick">***</span><span class="message notice">alMalsamo is now known as lumberjack123</span></div><div class="line" id="172956"><span class="nick">***</span><span class="message notice">dongcarl1 is now known as dongcarl</span></div><div class="line" id="202344"><span class="nick">***</span><span class="message notice">robin_ is now known as robin</span></div><br /></div></body></html>