<!DOCTYPE html><html><head><title>IRC channel logs</title><style>html {
  background: #fdfdfd;
}

h1 {
  font-weight: 300;
}

h2 {
  font-weight: 200;
}

h3 {
  padding: .5em 0;
  border-top: 3px dotted #ddd;
  margin-bottom: 0;
}

form {
  width: 400px;
  display: flex;
}

input {
  width: 100%;
  display: flex;
  border-radius: .25em 0 0 .25em;
  border: 1px solid #aaa;
  border-right: 0;
  padding: 0.5em;
}

button {
  display: flex;
  border-radius: 0 .25em .25em 0;
  background-color: #007bff;
  border: 1px solid #007bff;
  padding: .5em;
  cursor: pointer;
  color: white;
}

button:hover {
  background-color: #0069d9;
  border-color: #0062cc;
}

a {
  color: #007bff;
  text-decoration: none;
}

a:hover {
  text-decoration: underline;
}

h4 {
  margin-bottom: .5em;
}

table td {
  padding: 0.75em;
}

table tr:hover {
  background: #eee;
}

.year {
  display: table;
}

.month {
  display: table-cell;
  padding-right: 1em;
}

ul {
  margin: 0;
  padding: 0;
  list-style: none;
}

.nick {
  padding-right: 0.6rem;
  font-weight: bold;
  text-align: right;
  width: 13rem;
  display: table-cell;
}

.nick a {
  color: inherit;
  text-decoration: none;
}

.message {
  display: table-cell;
  padding-left: 0.6rem;
  border-left: 2px solid #333;
}

.notice {
  color: #859900;
  font-style: italic;
}

.line {
  line-height: 1.8rem;
  display: table;
}

#logs {
  margin-top: 1.5rem;
  padding: 1.5rem;
}
</style></head><body><h1>IRC channel logs</h1><h2>2022-03-14.log</h2><p><a href="/bootstrappable">back to list of logs</a></p><div id="logs"><div class="line" id="000043"><span class="nick">***</span><span class="message notice">qyliss_ is now known as qyliss</span></div><div class="line" id="004345"><span class="nick" style="color:#8dd3c7"><a href="#004345" label="[00:43:45]">&lt;stikonas&gt;</a></span><span class="message">fossy: I've added a few more suggestions to your PR...</span></div><div class="line" id="004430"><span class="nick" style="color:#8dd3c7"><a href="#004430" label="[00:44:30]">&lt;stikonas&gt;</a></span><span class="message">some extra work for you but it should make code better</span></div><div class="line" id="034710"><span class="nick">***</span><span class="message notice">alMalsamo is now known as lumberjack123</span></div><div class="line" id="123149"><span class="nick">***</span><span class="message notice">pgreco_ is now known as pgreco</span></div><div class="line" id="170013"><span class="nick">***</span><span class="message notice">alMalsamo is now known as lumberjack123</span></div><br /></div></body></html>