<!DOCTYPE html><html><head><title>IRC channel logs</title><style>html {
  background: #fdfdfd;
}

h1 {
  font-weight: 300;
}

h2 {
  font-weight: 200;
}

h3 {
  padding: .5em 0;
  border-top: 3px dotted #ddd;
  margin-bottom: 0;
}

form {
  width: 400px;
  display: flex;
}

input {
  width: 100%;
  display: flex;
  border-radius: .25em 0 0 .25em;
  border: 1px solid #aaa;
  border-right: 0;
  padding: 0.5em;
}

button {
  display: flex;
  border-radius: 0 .25em .25em 0;
  background-color: #007bff;
  border: 1px solid #007bff;
  padding: .5em;
  cursor: pointer;
  color: white;
}

button:hover {
  background-color: #0069d9;
  border-color: #0062cc;
}

a {
  color: #007bff;
  text-decoration: none;
}

a:hover {
  text-decoration: underline;
}

h4 {
  margin-bottom: .5em;
}

table td {
  padding: 0.75em;
}

table tr:hover {
  background: #eee;
}

.year {
  display: table;
}

.month {
  display: table-cell;
  padding-right: 1em;
}

ul {
  margin: 0;
  padding: 0;
  list-style: none;
}

.nick {
  padding-right: 0.6rem;
  font-weight: bold;
  text-align: right;
  width: 13rem;
  display: table-cell;
}

.nick a {
  color: inherit;
  text-decoration: none;
}

.message {
  display: table-cell;
  padding-left: 0.6rem;
  border-left: 2px solid #333;
}

.notice {
  color: #859900;
  font-style: italic;
}

.line {
  line-height: 1.8rem;
  display: table;
}

#logs {
  margin-top: 1.5rem;
  padding: 1.5rem;
}
</style></head><body><h1>IRC channel logs</h1><h2>2022-11-13.log</h2><p><a href="/bootstrappable">back to list of logs</a></p><div id="logs"><div class="line" id="002959"><span class="nick" style="color:#389600"><a href="#002959" label="[00:29:59]">&lt;stikonas&gt;</a></span><span class="message">so it looks like a slightly better malloc/free implementation can be added as a number of small incremental changes which is good</span></div><div class="line" id="003118"><span class="nick" style="color:#389600"><a href="#003118" label="[00:31:18]">&lt;stikonas&gt;</a></span><span class="message">1. global struct support for M2-Planet. 2. first-free list implementation (without any free() support working). (this is now done)</span></div><div class="line" id="003202"><span class="nick" style="color:#389600"><a href="#003202" label="[00:32:02]">&lt;stikonas&gt;</a></span><span class="message">then 3. add simple free() implementation (possibly one that does not reduce brk but at least reuses freed space)</span></div><div class="line" id="003215"><span class="nick" style="color:#389600"><a href="#003215" label="[00:32:15]">&lt;stikonas&gt;</a></span><span class="message">and then we can add UEFI AllocatePages backend</span></div><div class="line" id="014423"><span class="nick" style="color:#8dd3c7"><a href="#014423" label="[01:44:23]">&lt;oriansj&gt;</a></span><span class="message">stikonas: nice</span></div><div class="line" id="100317"><span class="nick" style="color:#2e2a4a"><a href="#100317" label="[10:03:17]">&lt;Irvise_&gt;</a></span><span class="message">May be relevant here: <a rel="nofollow" href="https://www.phoronix.com/news/Google-GloFo-Sponsored-Si">https://www.phoronix.com/news/Google-GloFo-Sponsored-Si</a> </span></div><div class="line" id="194427"><span class="nick" style="color:#8dd3c7"><a href="#194427" label="[19:44:27]">&lt;oriansj&gt;</a></span><span class="message">Irvise_: well it is interesting. The transistion from 130nm to 90nm to 180nm seems slightly like a step backwards but I guess it is progress in that more than just SkyWater is a kind of progress.</span></div><div class="line" id="194657"><span class="nick" style="color:#2e2a4a"><a href="#194657" label="[19:46:57]">&lt;Irvise_&gt;</a></span><span class="message">I think 180nm is prefered for MEMS, sensors and dirt-cheap production.</span></div><div class="line" id="194833"><span class="nick" style="color:#8dd3c7"><a href="#194833" label="[19:48:33]">&lt;oriansj&gt;</a></span><span class="message">well I haven't seen the prices for 180nm yet but I do know it is small enough for us to make Dual-core 64bit processors and 1GB sticks of RAM</span></div><div class="line" id="194922"><span class="nick" style="color:#8dd3c7"><a href="#194922" label="[19:49:22]">&lt;oriansj&gt;</a></span><span class="message">or single core processors with 60% of current Processor performance</span></div><br /></div></body></html>