<!DOCTYPE html><html><head><title>IRC channel logs</title><style>html {
  background: #fdfdfd;
}

h1 {
  font-weight: 300;
}

h2 {
  font-weight: 200;
}

h3 {
  padding: .5em 0;
  border-top: 3px dotted #ddd;
  margin-bottom: 0;
}

form {
  width: 400px;
  display: flex;
}

input {
  width: 100%;
  display: flex;
  border-radius: .25em 0 0 .25em;
  border: 1px solid #aaa;
  border-right: 0;
  padding: 0.5em;
}

button {
  display: flex;
  border-radius: 0 .25em .25em 0;
  background-color: #007bff;
  border: 1px solid #007bff;
  padding: .5em;
  cursor: pointer;
  color: white;
}

button:hover {
  background-color: #0069d9;
  border-color: #0062cc;
}

a {
  color: #007bff;
  text-decoration: none;
}

a:hover {
  text-decoration: underline;
}

h4 {
  margin-bottom: .5em;
}

table td {
  padding: 0.75em;
}

table tr:hover {
  background: #eee;
}

.year {
  display: table;
}

.month {
  display: table-cell;
  padding-right: 1em;
}

ul {
  margin: 0;
  padding: 0;
  list-style: none;
}

.nick {
  padding-right: 0.6rem;
  font-weight: bold;
  text-align: right;
  width: 13rem;
  display: table-cell;
}

.nick a {
  color: inherit;
  text-decoration: none;
}

.message {
  display: table-cell;
  padding-left: 0.6rem;
  border-left: 2px solid #333;
}

.notice {
  color: #859900;
  font-style: italic;
}

.line {
  line-height: 1.8rem;
  display: table;
}

#logs {
  margin-top: 1.5rem;
  padding: 1.5rem;
}
</style></head><body><h1>IRC channel logs</h1><h2>2022-06-20.log</h2><p><a href="/bootstrappable">back to list of logs</a></p><div id="logs"><div class="line" id="001441"><span class="nick" style="color:#389600"><a href="#001441" label="[00:14:41]">&lt;plasma41&gt;</a></span><span class="message">oriansj: Sounds perfectly reasonable to me</span></div><div class="line" id="001716"><span class="nick" style="color:#389600"><a href="#001716" label="[00:17:16]">&lt;plasma41&gt;</a></span><span class="message">oriansj: When you say &quot;all of the sources referenced in guix&quot; are you referring to all the sources associated with a given manifest file or all sources for all packages in the entirety of the distro? I'd love to have both.</span></div><div class="line" id="002503"><span class="nick" style="color:#389600"><a href="#002503" label="[00:25:03]">&lt;plasma41&gt;</a></span><span class="message">I currently have burned to DVDs 13 out of the full 17 ISO set of source packages of Debian Bullseye. I have one system I mostly use offline and I enjoy being able to compile programs from the source DVD set. I have all 17 ISOs on the hard disk of my main system and burn the disc with the packages I need as I need them. I wish more distros distributed full sets of the sources in their archives in some format, be that ISOs or other</span></div><div class="line" id="002503"><span class="nick" style="color:#389600"><a href="#002503" label="[00:25:03]">&lt;plasma41&gt;</a></span><span class="message"> image formats.</span></div><div class="line" id="002943"><span class="nick" style="color:#8dd3c7"><a href="#002943" label="[00:29:43]">&lt;stikonas_&gt;</a></span><span class="message">fossy: why didn't you use make install_headers when installing linux-headers</span></div><div class="line" id="002957"><span class="nick" style="color:#389600"><a href="#002957" label="[00:29:57]">&lt;plasma41&gt;</a></span><span class="message">I really like Guix's ability to recursively build an entire operating system environment from source, but I fear linkrot whenever a distro doesn't host their own copies of the source code to their packages, only the build scripts. (Admittedly, the Software Heritage foundation helps with this somewhat.)</span></div><div class="line" id="002957"><span class="nick">***</span><span class="message notice">stikonas_ is now known as stikonas</span></div><div class="line" id="003243"><span class="nick" style="color:#6b8072"><a href="#003243" label="[00:32:43]">&lt;civodul&gt;</a></span><span class="message">oriansj: try &quot;guix build --sources=all PKG&quot;</span></div><div class="line" id="003332"><span class="nick" style="color:#80b1d3"><a href="#003332" label="[00:33:32]">&lt;oriansj&gt;</a></span><span class="message">plasma41: I am referencing all of the packages in the entirety of the distro</span></div><div class="line" id="003334"><span class="nick" style="color:#6b8072"><a href="#003334" label="[00:33:34]">&lt;civodul&gt;</a></span><span class="message">plasma41: SWH + Disarchive get us a long way</span></div><div class="line" id="003411"><span class="nick" style="color:#389600"><a href="#003411" label="[00:34:11]">&lt;plasma41&gt;</a></span><span class="message">civodul: I'm unfamiliar with Disarchive</span></div><div class="line" id="003421"><span class="nick" style="color:#389600"><a href="#003421" label="[00:34:21]">&lt;plasma41&gt;</a></span><span class="message">Do you have a link?</span></div><div class="line" id="003543"><span class="nick" style="color:#6d2462"><a href="#003543" label="[00:35:43]">*</a></span><span class="message">pabs3 finds <a rel="nofollow" href="https://issues.guix.gnu.org/47336">https://issues.guix.gnu.org/47336</a> </span></div><div class="line" id="003608"><span class="nick" style="color:#234e69"><a href="#003608" label="[00:36:08]">&lt;pabs3&gt;</a></span><span class="message"> <a rel="nofollow" href="https://disarchive.ngyro.com/">https://disarchive.ngyro.com/</a> </span></div><div class="line" id="003619"><span class="nick" style="color:#80b1d3"><a href="#003619" label="[00:36:19]">&lt;oriansj&gt;</a></span><span class="message">I believe he is referencing: <a rel="nofollow" href="https://ngyro.com/software/disarchive.html">https://ngyro.com/software/disarchive.html</a> </span></div><div class="line" id="003637"><span class="nick" style="color:#389600"><a href="#003637" label="[00:36:37]">&lt;plasma41&gt;</a></span><span class="message">pabs3: thanks</span></div><div class="line" id="003656"><span class="nick" style="color:#389600"><a href="#003656" label="[00:36:56]">&lt;plasma41&gt;</a></span><span class="message"> <a rel="nofollow" href="https://disarchive.ngyro.com/">https://disarchive.ngyro.com/</a>  returns a 403 :-/</span></div><div class="line" id="003701"><span class="nick" style="color:#234e69"><a href="#003701" label="[00:37:01]">&lt;pabs3&gt;</a></span><span class="message">hmm, sounds a bit similar to Debian's pristine-tar</span></div><div class="line" id="003707"><span class="nick" style="color:#234e69"><a href="#003707" label="[00:37:07]">&lt;pabs3&gt;</a></span><span class="message">see oriansj's link</span></div><div class="line" id="004345"><span class="nick" style="color:#80b1d3"><a href="#004345" label="[00:43:45]">&lt;oriansj&gt;</a></span><span class="message">and can be installed with guix package -i disarchive</span></div><div class="line" id="004412"><span class="nick" style="color:#80b1d3"><a href="#004412" label="[00:44:12]">&lt;oriansj&gt;</a></span><span class="message">(sadly I don't have good notes on how to use it effectively yet)</span></div><div class="line" id="012017"><span class="nick" style="color:#80b1d3"><a href="#012017" label="[01:20:17]">&lt;oriansj&gt;</a></span><span class="message">but at a rought glance it appears to be an extension to  guix-daemon which downloads tarballs from the Software Heritage web service</span></div><div class="line" id="012656"><span class="nick" style="color:#80b1d3"><a href="#012656" label="[01:26:56]">&lt;oriansj&gt;</a></span><span class="message">but It would be nice to be able to have guix create a source folder that we can serve with http(s) servers we control and just point guix to use that server to download all of the sources</span></div><div class="line" id="065020"><span class="nick">***</span><span class="message notice">roptat_ is now known as Guest7900</span></div><div class="line" id="072726"><span class="nick">***</span><span class="message notice">Guest7900 is now known as roptat</span></div><div class="line" id="073358"><span class="nick">***</span><span class="message notice">ChanServ sets mode: +o oriansj</span></div><br /></div></body></html>