<!DOCTYPE html><html><head><title>IRC channel logs</title><style>html {
  background: #fdfdfd;
}

h1 {
  font-weight: 300;
}

h2 {
  font-weight: 200;
}

h3 {
  padding: .5em 0;
  border-top: 3px dotted #ddd;
  margin-bottom: 0;
}

form {
  width: 400px;
  display: flex;
}

input {
  width: 100%;
  display: flex;
  border-radius: .25em 0 0 .25em;
  border: 1px solid #aaa;
  border-right: 0;
  padding: 0.5em;
}

button {
  display: flex;
  border-radius: 0 .25em .25em 0;
  background-color: #007bff;
  border: 1px solid #007bff;
  padding: .5em;
  cursor: pointer;
  color: white;
}

button:hover {
  background-color: #0069d9;
  border-color: #0062cc;
}

a {
  color: #007bff;
  text-decoration: none;
}

a:hover {
  text-decoration: underline;
}

h4 {
  margin-bottom: .5em;
}

table td {
  padding: 0.75em;
}

table tr:hover {
  background: #eee;
}

.year {
  display: table;
}

.month {
  display: table-cell;
  padding-right: 1em;
}

ul {
  margin: 0;
  padding: 0;
  list-style: none;
}

.nick {
  padding-right: 0.6rem;
  font-weight: bold;
  text-align: right;
  width: 13rem;
  display: table-cell;
}

.nick a {
  color: inherit;
  text-decoration: none;
}

.message {
  display: table-cell;
  padding-left: 0.6rem;
  border-left: 2px solid #333;
}

.notice {
  color: #859900;
  font-style: italic;
}

.line {
  line-height: 1.8rem;
  display: table;
}

#logs {
  margin-top: 1.5rem;
  padding: 1.5rem;
}
</style></head><body><h1>IRC channel logs</h1><h2>2022-02-05.log</h2><p><a href="/bootstrappable">back to list of logs</a></p><div id="logs"><div class="line" id="011232"><span class="nick" style="color:#8dd3c7"><a href="#011232" label="[01:12:32]">&lt;rekado&gt;</a></span><span class="message">my latest patches are here: <a rel="nofollow" href="https://issues.guix.gnu.org/53609#4">https://issues.guix.gnu.org/53609#4</a> </span></div><div class="line" id="012006"><span class="nick" style="color:#8dd3c7"><a href="#012006" label="[01:20:06]">&lt;rekado&gt;</a></span><span class="message">trying to document the road as I walk it: <a rel="nofollow" href="https://elephly.net/paste/1644020383.html">https://elephly.net/paste/1644020383.html</a> </span></div><div class="line" id="012012"><span class="nick" style="color:#8dd3c7"><a href="#012012" label="[01:20:12]">&lt;rekado&gt;</a></span><span class="message">includes commands to try in hugs</span></div><div class="line" id="021234"><span class="nick" style="color:#2e2a4a"><a href="#021234" label="[02:12:34]">&lt;stikonas&gt;</a></span><span class="message">rekado_: thanks!</span></div><div class="line" id="025245"><span class="nick" style="color:#6b8072"><a href="#025245" label="[02:52:45]">&lt;plasma41&gt;</a></span><span class="message">Does anyone have an original IBM PC Model 5150?</span></div><div class="line" id="070315"><span class="nick" style="color:#80b1d3"><a href="#070315" label="[07:03:15]">&lt;janus&gt;</a></span><span class="message">rekado_: can i post your paste to the haskell reddit? just so that people with arcane knowledge get the chance to emerge from the woodwork</span></div><div class="line" id="092108"><span class="nick">***</span><span class="message notice">ChanServ sets mode: +o rekado_</span></div><div class="line" id="092110"><span class="nick" style="color:#6d2462"><a href="#092110" label="[09:21:10]">&lt;rekado_&gt;</a></span><span class="message">janus: sure!</span></div><div class="line" id="092203"><span class="nick" style="color:#6d2462"><a href="#092203" label="[09:22:03]">&lt;rekado_&gt;</a></span><span class="message">plasma41: that was my first computer, but it got destroyed when our basement was flooded</span></div><div class="line" id="144502"><span class="nick" style="color:#234e69"><a href="#144502" label="[14:45:02]">&lt;GeDaMo&gt;</a></span><span class="message">Not sure if this is of interest here but at the top of <a rel="nofollow" href="https://bootstrapping.miraheze.org/wiki/Main_Page">https://bootstrapping.miraheze.org/wiki/Main_Page</a>  it says:</span></div><div class="line" id="144502"><span class="nick" style="color:#234e69"><a href="#144502" label="[14:45:02]">&lt;GeDaMo&gt;</a></span><span class="message">&quot;This wiki has no edits or logs made within the last 45 days, therefore it is marked as inactive. If you would like to prevent this wiki from being closed, please start showing signs of activity here.&quot;</span></div><div class="line" id="152815"><span class="nick" style="color:#6c3d55"><a href="#152815" label="[15:28:15]">&lt;muurkha&gt;</a></span><span class="message">oh dear</span></div><div class="line" id="163920"><span class="nick" style="color:#6b8072"><a href="#163920" label="[16:39:20]">&lt;plasma41&gt;</a></span><span class="message">rekado_: :-(</span></div><div class="line" id="213300"><span class="nick">***</span><span class="message notice">ChanServ sets mode: +o janneke_</span></div><br /></div></body></html>