<!DOCTYPE html><html><head><title>IRC channel logs</title><style>html {
  background: #fdfdfd;
}

h1 {
  font-weight: 300;
}

h2 {
  font-weight: 200;
}

h3 {
  padding: .5em 0;
  border-top: 3px dotted #ddd;
  margin-bottom: 0;
}

form {
  width: 400px;
  display: flex;
}

input {
  width: 100%;
  display: flex;
  border-radius: .25em 0 0 .25em;
  border: 1px solid #aaa;
  border-right: 0;
  padding: 0.5em;
}

button {
  display: flex;
  border-radius: 0 .25em .25em 0;
  background-color: #007bff;
  border: 1px solid #007bff;
  padding: .5em;
  cursor: pointer;
  color: white;
}

button:hover {
  background-color: #0069d9;
  border-color: #0062cc;
}

a {
  color: #007bff;
  text-decoration: none;
}

a:hover {
  text-decoration: underline;
}

h4 {
  margin-bottom: .5em;
}

table td {
  padding: 0.75em;
}

table tr:hover {
  background: #eee;
}

.year {
  display: table;
}

.month {
  display: table-cell;
  padding-right: 1em;
}

ul {
  margin: 0;
  padding: 0;
  list-style: none;
}

.nick {
  padding-right: 0.6rem;
  font-weight: bold;
  text-align: right;
  width: 13rem;
  display: table-cell;
}

.nick a {
  color: inherit;
  text-decoration: none;
}

.message {
  display: table-cell;
  padding-left: 0.6rem;
  border-left: 2px solid #333;
}

.notice {
  color: #859900;
  font-style: italic;
}

.line {
  line-height: 1.8rem;
  display: table;
}

#logs {
  margin-top: 1.5rem;
  padding: 1.5rem;
}
</style></head><body><h1>IRC channel logs</h1><h2>2022-11-18.log</h2><p><a href="/bootstrappable">back to list of logs</a></p><div id="logs"><div class="line" id="205903"><span class="nick" style="color:#389600"><a href="#205903" label="[20:59:03]">&lt;rickmasters&gt;</a></span><span class="message">Good news: I have compiled Fiwix with tcc 0.9.27 and booted it successfully.</span></div><div class="line" id="205913"><span class="nick" style="color:#389600"><a href="#205913" label="[20:59:13]">&lt;rickmasters&gt;</a></span><span class="message">It was built on Linux (outside of live-bootstrap) and booted with qemu.</span></div><div class="line" id="205922"><span class="nick" style="color:#389600"><a href="#205922" label="[20:59:22]">&lt;rickmasters&gt;</a></span><span class="message">The tcc I used was built with gcc on Linux.</span></div><div class="line" id="205930"><span class="nick" style="color:#389600"><a href="#205930" label="[20:59:30]">&lt;rickmasters&gt;</a></span><span class="message">I had to make a few minor changes to tcc and Fiwix.</span></div><div class="line" id="205939"><span class="nick" style="color:#389600"><a href="#205939" label="[20:59:39]">&lt;rickmasters&gt;</a></span><span class="message">It did take quite a bit of effort to figure out what needed to change, though.</span></div><div class="line" id="205943"><span class="nick" style="color:#8dd3c7"><a href="#205943" label="[20:59:43]">&lt;stikonas&gt;</a></span><span class="message">that's faster than I expected</span></div><div class="line" id="205947"><span class="nick" style="color:#389600"><a href="#205947" label="[20:59:47]">&lt;rickmasters&gt;</a></span><span class="message">I thought building with tcc was going to take more time and effort so I'm happy with the pace of progress so far.</span></div><div class="line" id="205959"><span class="nick" style="color:#389600"><a href="#205959" label="[20:59:59]">&lt;rickmasters&gt;</a></span><span class="message">I am now going to move onto building and booting Fiwix as part of live-bootstrap.</span></div><div class="line" id="210007"><span class="nick" style="color:#389600"><a href="#210007" label="[21:00:07]">&lt;rickmasters&gt;</a></span><span class="message">By the way, the author released a new kernel version and OS this week.</span></div><div class="line" id="210015"><span class="nick" style="color:#389600"><a href="#210015" label="[21:00:15]">&lt;rickmasters&gt;</a></span><span class="message">See <a rel="nofollow" href="https://github.com/mikaku/Fiwix">https://github.com/mikaku/Fiwix</a>  and <a rel="nofollow" href="https://www.fiwix.org/">https://www.fiwix.org/</a> </span></div><div class="line" id="210022"><span class="nick" style="color:#389600"><a href="#210022" label="[21:00:22]">&lt;rickmasters&gt;</a></span><span class="message">He pronounces it &quot;Few Weeks&quot; and that's meant to reflect how fast you can learn it.</span></div><div class="line" id="210023"><span class="nick" style="color:#8dd3c7"><a href="#210023" label="[21:00:23]">&lt;stikonas&gt;</a></span><span class="message">so you'll insert another system before sysb/sysc?</span></div><div class="line" id="210119"><span class="nick" style="color:#8dd3c7"><a href="#210119" label="[21:01:19]">&lt;stikonas&gt;</a></span><span class="message">hopefully Fiwix can last all the way to gcc</span></div><div class="line" id="210125"><span class="nick" style="color:#389600"><a href="#210125" label="[21:01:25]">&lt;rickmasters&gt;</a></span><span class="message">stikonas: not sure yet, but I think so</span></div><div class="line" id="210239"><span class="nick" style="color:#389600"><a href="#210239" label="[21:02:39]">&lt;rickmasters&gt;</a></span><span class="message">stikonas: I think I'll need to go straight to tcc-0.9.27 after tcc-0.9.26 and then build any support tools and artifacts to boot Fiwix</span></div><div class="line" id="210321"><span class="nick" style="color:#8dd3c7"><a href="#210321" label="[21:03:21]">&lt;stikonas&gt;</a></span><span class="message">that might need repacking tcc 0.9.27</span></div><div class="line" id="210355"><span class="nick" style="color:#8dd3c7"><a href="#210355" label="[21:03:55]">&lt;stikonas&gt;</a></span><span class="message">upstream only ships .tar.bz2 <a rel="nofollow" href="https://download.savannah.gnu.org/releases/tinycc/">https://download.savannah.gnu.org/releases/tinycc/</a> </span></div><div class="line" id="210429"><span class="nick" style="color:#389600"><a href="#210429" label="[21:04:29]">&lt;rickmasters&gt;</a></span><span class="message">yes, I think it would need a repackage</span></div><div class="line" id="210519"><span class="nick" style="color:#389600"><a href="#210519" label="[21:05:19]">&lt;rickmasters&gt;</a></span><span class="message">or we build gzip without make</span></div><div class="line" id="210539"><span class="nick" style="color:#8dd3c7"><a href="#210539" label="[21:05:39]">&lt;stikonas&gt;</a></span><span class="message">it's bzip2, not just gzip</span></div><div class="line" id="210550"><span class="nick" style="color:#8dd3c7"><a href="#210550" label="[21:05:50]">&lt;stikonas&gt;</a></span><span class="message">gzip can be built without make, presumably bzip2</span></div><div class="line" id="210553"><span class="nick" style="color:#8dd3c7"><a href="#210553" label="[21:05:53]">&lt;stikonas&gt;</a></span><span class="message">but bzip2 needs patch</span></div><div class="line" id="210607"><span class="nick" style="color:#8dd3c7"><a href="#210607" label="[21:06:07]">&lt;stikonas&gt;</a></span><span class="message">oh, maybe it doesn't if we use kaem script rather than their makefile</span></div><div class="line" id="210655"><span class="nick" style="color:#8dd3c7"><a href="#210655" label="[21:06:55]">&lt;stikonas&gt;</a></span><span class="message">hmm, we actually patch bzip2 to work with mes (meslibc does not have any time support)</span></div><div class="line" id="210736"><span class="nick" style="color:#8dd3c7"><a href="#210736" label="[21:07:36]">&lt;stikonas&gt;</a></span><span class="message">which could be fixed on meslibc side by adding stubs</span></div><div class="line" id="210752"><span class="nick" style="color:#389600"><a href="#210752" label="[21:07:52]">&lt;rickmasters&gt;</a></span><span class="message">Another possibility is to build Fiwix with tcc-0.9.26. I haven't tried yet</span></div><div class="line" id="210904"><span class="nick" style="color:#2e2a4a"><a href="#210904" label="[21:09:04]">&lt;stikonas[m]&gt;</a></span><span class="message">Might be harder...</span></div><div class="line" id="210924"><span class="nick" style="color:#389600"><a href="#210924" label="[21:09:24]">&lt;rickmasters&gt;</a></span><span class="message">... And I might need tcc-0.9.27 for other tools so it's not my first choice</span></div><div class="line" id="211510"><span class="nick" style="color:#389600"><a href="#211510" label="[21:15:10]">&lt;rickmasters&gt;</a></span><span class="message">But I have no qualms with repackaging tcc-0.9.27 but you've got some investment in bootstrapping bzip2 first to avoid that</span></div><div class="line" id="211729"><span class="nick" style="color:#2e2a4a"><a href="#211729" label="[21:17:29]">&lt;stikonas[m]&gt;</a></span><span class="message">Those early packages were moved around quite a bit</span></div><div class="line" id="211749"><span class="nick" style="color:#2e2a4a"><a href="#211749" label="[21:17:49]">&lt;stikonas[m]&gt;</a></span><span class="message">But without any kernel in sight it was not clear what is better</span></div><div class="line" id="211813"><span class="nick" style="color:#2e2a4a"><a href="#211813" label="[21:18:13]">&lt;stikonas[m]&gt;</a></span><span class="message">Right now it was optimised for fewest kaem scripts, so make was built early</span></div><div class="line" id="211902"><span class="nick" style="color:#2e2a4a"><a href="#211902" label="[21:19:02]">&lt;stikonas[m]&gt;</a></span><span class="message">But turns out make does need quite a bit more powerful kernel</span></div><div class="line" id="211922"><span class="nick" style="color:#2e2a4a"><a href="#211922" label="[21:19:22]">&lt;stikonas[m]&gt;</a></span><span class="message">But repackaging is fine.</span></div><div class="line" id="211938"><span class="nick" style="color:#2e2a4a"><a href="#211938" label="[21:19:38]">&lt;stikonas[m]&gt;</a></span><span class="message">Tcc 0.9.26 is patched and repackaged</span></div><div class="line" id="212401"><span class="nick" style="color:#389600"><a href="#212401" label="[21:24:01]">&lt;rickmasters&gt;</a></span><span class="message">I can stage a repackage in the boot2now repo for now. Eventually I'd like to merge everything from boot2now into live-bootstrap.</span></div><div class="line" id="212429"><span class="nick" style="color:#389600"><a href="#212429" label="[21:24:29]">&lt;rickmasters&gt;</a></span><span class="message">But that's a lot of work and somewhat disruptive.</span></div><div class="line" id="212453"><span class="nick" style="color:#389600"><a href="#212453" label="[21:24:53]">&lt;rickmasters&gt;</a></span><span class="message">I wanted to make it work first. It's getting there.</span></div><div class="line" id="212809"><span class="nick" style="color:#389600"><a href="#212809" label="[21:28:09]">&lt;rickmasters&gt;</a></span><span class="message">I'm presuming you'd want it... The boot2now process is oriented towards the builder-hex0 kernel which is quite different and would be difficult to integrate as a live-bootstrap option.</span></div><div class="line" id="221047"><span class="nick" style="color:#8dd3c7"><a href="#221047" label="[22:10:47]">&lt;stikonas&gt;</a></span><span class="message">yes, builder-hex0 is quite a bit different (especially file system stuff)</span></div><div class="line" id="221058"><span class="nick" style="color:#8dd3c7"><a href="#221058" label="[22:10:58]">&lt;stikonas&gt;</a></span><span class="message">well, let's start with fiwix and we'll see how it goes</span></div><div class="line" id="221128"><span class="nick" style="color:#8dd3c7"><a href="#221128" label="[22:11:28]">&lt;stikonas&gt;</a></span><span class="message">rickmasters: actually, can fiwix be used as qemu seed kernel in live-bootstrap?</span></div><div class="line" id="221139"><span class="nick" style="color:#8dd3c7"><a href="#221139" label="[22:11:39]">&lt;stikonas&gt;</a></span><span class="message">rather than starting with some linux</span></div><div class="line" id="221148"><span class="nick" style="color:#8dd3c7"><a href="#221148" label="[22:11:48]">&lt;stikonas&gt;</a></span><span class="message">that might be a fairly easy test</span></div><div class="line" id="221726"><span class="nick" style="color:#389600"><a href="#221726" label="[22:17:26]">&lt;rickmasters&gt;</a></span><span class="message">stikonas: i'm going to try it as a seed kernel for testing purposes soon</span></div><div class="line" id="221808"><span class="nick" style="color:#389600"><a href="#221808" label="[22:18:08]">&lt;rickmasters&gt;</a></span><span class="message">I think it requires so work because Fiwix uses ext2 for it's initrd</span></div><div class="line" id="221906"><span class="nick" style="color:#389600"><a href="#221906" label="[22:19:06]">&lt;rickmasters&gt;</a></span><span class="message">To be clear, that's just a test to see how far it can take us, because it's not a proper bootstrap seed like builder-hex0</span></div><div class="line" id="222142"><span class="nick" style="color:#389600"><a href="#222142" label="[22:21:42]">&lt;rickmasters&gt;</a></span><span class="message">But maybe you're thinking its simpler to start with than linux...?</span></div><div class="line" id="222825"><span class="nick" style="color:#8dd3c7"><a href="#222825" label="[22:28:25]">&lt;stikonas&gt;</a></span><span class="message">yes, I was indeed thinking about this for these two purposes: 1. check how far proper bootstrap can take it. 2. It's a smaller seed than linux. And also might help to catch some more reproducibility issues</span></div><div class="line" id="223657"><span class="nick" style="color:#389600"><a href="#223657" label="[22:36:57]">&lt;rickmasters&gt;</a></span><span class="message">it will be an interesting test. I'll let you know how it goes. Probably tomorrow</span></div><div class="line" id="233247"><span class="nick" style="color:#6b8072"><a href="#233247" label="[23:32:47]">&lt;oriansj&gt;</a></span><span class="message">rickmasters: sounds very exciting</span></div><br /></div></body></html>