<!DOCTYPE html><html><head><title>IRC channel logs</title><style>html {
  background: #fdfdfd;
}

h1 {
  font-weight: 300;
}

h2 {
  font-weight: 200;
}

h3 {
  padding: .5em 0;
  border-top: 3px dotted #ddd;
  margin-bottom: 0;
}

form {
  width: 400px;
  display: flex;
}

input {
  width: 100%;
  display: flex;
  border-radius: .25em 0 0 .25em;
  border: 1px solid #aaa;
  border-right: 0;
  padding: 0.5em;
}

button {
  display: flex;
  border-radius: 0 .25em .25em 0;
  background-color: #007bff;
  border: 1px solid #007bff;
  padding: .5em;
  cursor: pointer;
  color: white;
}

button:hover {
  background-color: #0069d9;
  border-color: #0062cc;
}

a {
  color: #007bff;
  text-decoration: none;
}

a:hover {
  text-decoration: underline;
}

h4 {
  margin-bottom: .5em;
}

table td {
  padding: 0.75em;
}

table tr:hover {
  background: #eee;
}

.year {
  display: table;
}

.month {
  display: table-cell;
  padding-right: 1em;
}

ul {
  margin: 0;
  padding: 0;
  list-style: none;
}

.nick {
  padding-right: 0.6rem;
  font-weight: bold;
  text-align: right;
  width: 13rem;
  display: table-cell;
}

.nick a {
  color: inherit;
  text-decoration: none;
}

.message {
  display: table-cell;
  padding-left: 0.6rem;
  border-left: 2px solid #333;
}

.notice {
  color: #859900;
  font-style: italic;
}

.line {
  line-height: 1.8rem;
  display: table;
}

#logs {
  margin-top: 1.5rem;
  padding: 1.5rem;
}
</style></head><body><h1>IRC channel logs</h1><h2>2022-04-18.log</h2><p><a href="/bootstrappable">back to list of logs</a></p><div id="logs"><div class="line" id="020559"><span class="nick" style="color:#8dd3c7"><a href="#020559" label="[02:05:59]">&lt;oriansj&gt;</a></span><span class="message">huh. ExecStart=/bin/true in /lib/systemd/system/tor.service that doesn't seem right but it is the debian default config</span></div><div class="line" id="020956"><span class="nick" style="color:#8dd3c7"><a href="#020956" label="[02:09:56]">&lt;oriansj&gt;</a></span><span class="message">oh, it is a stupid systemd thing, the correct bit is in /lib/systemd/system/tor@default.service</span></div><div class="line" id="053051"><span class="nick" style="color:#2e2a4a"><a href="#053051" label="[05:30:51]">&lt;littlebobeep&gt;</a></span><span class="message">oriansj: You use systemd?</span></div><div class="line" id="114027"><span class="nick" style="color:#6b8072"><a href="#114027" label="[11:40:27]">&lt;unmatched-paren&gt;</a></span><span class="message">littlebobeep: well, they're on debian, which uses systemd...</span></div><div class="line" id="114045"><span class="nick" style="color:#6b8072"><a href="#114045" label="[11:40:45]">&lt;unmatched-paren&gt;</a></span><span class="message">bootstrappable seems to be half Debian users and half Guix users :)</span></div><div class="line" id="114106"><span class="nick" style="color:#6b8072"><a href="#114106" label="[11:41:06]">&lt;unmatched-paren&gt;</a></span><span class="message">at least, that's my impression, anyway</span></div><div class="line" id="134735"><span class="nick" style="color:#8dd3c7"><a href="#134735" label="[13:47:35]">&lt;oriansj&gt;</a></span><span class="message">littlebobeep: I use all inits that are free (as in freedom) software.</span></div><div class="line" id="135007"><span class="nick" style="color:#8dd3c7"><a href="#135007" label="[13:50:07]">&lt;oriansj&gt;</a></span><span class="message">unmatched-paren: well the Debian community was the one that first spawned reproducible builds and the Guix community is where the bootstrappable work first came together. So people from them is kind of expected.</span></div><div class="line" id="143044"><span class="nick" style="color:#6b8072"><a href="#143044" label="[14:30:44]">&lt;unmatched-paren&gt;</a></span><span class="message">oriansj: huh, i thought it was Nix that started Reproducible Builds</span></div><div class="line" id="143104"><span class="nick" style="color:#6b8072"><a href="#143104" label="[14:31:04]">&lt;unmatched-paren&gt;</a></span><span class="message">not sure why i thought that</span></div><div class="line" id="190419"><span class="nick" style="color:#80b1d3"><a href="#190419" label="[19:04:19]">&lt;stikonas[m]&gt;</a></span><span class="message">unmatched-paren: we have a wide range of distros here, not just Debian or Guix</span></div><div class="line" id="190455"><span class="nick" style="color:#80b1d3"><a href="#190455" label="[19:04:55]">&lt;stikonas[m]&gt;</a></span><span class="message">there is also Void, Gentoo, I think Arch too</span></div><br /></div></body></html>