<!DOCTYPE html><html><head><title>IRC channel logs</title><style>html {
  background: #fdfdfd;
}

h1 {
  font-weight: 300;
}

h2 {
  font-weight: 200;
}

h3 {
  padding: .5em 0;
  border-top: 3px dotted #ddd;
  margin-bottom: 0;
}

form {
  width: 400px;
  display: flex;
}

input {
  width: 100%;
  display: flex;
  border-radius: .25em 0 0 .25em;
  border: 1px solid #aaa;
  border-right: 0;
  padding: 0.5em;
}

button {
  display: flex;
  border-radius: 0 .25em .25em 0;
  background-color: #007bff;
  border: 1px solid #007bff;
  padding: .5em;
  cursor: pointer;
  color: white;
}

button:hover {
  background-color: #0069d9;
  border-color: #0062cc;
}

a {
  color: #007bff;
  text-decoration: none;
}

a:hover {
  text-decoration: underline;
}

h4 {
  margin-bottom: .5em;
}

table td {
  padding: 0.75em;
}

table tr:hover {
  background: #eee;
}

.year {
  display: table;
}

.month {
  display: table-cell;
  padding-right: 1em;
}

ul {
  margin: 0;
  padding: 0;
  list-style: none;
}

.nick {
  padding-right: 0.6rem;
  font-weight: bold;
  text-align: right;
  width: 13rem;
  display: table-cell;
}

.nick a {
  color: inherit;
  text-decoration: none;
}

.message {
  display: table-cell;
  padding-left: 0.6rem;
  border-left: 2px solid #333;
}

.notice {
  color: #859900;
  font-style: italic;
}

.line {
  line-height: 1.8rem;
  display: table;
}

#logs {
  margin-top: 1.5rem;
  padding: 1.5rem;
}
</style></head><body><h1>IRC channel logs</h1><h2>2022-07-05.log</h2><p><a href="/bootstrappable">back to list of logs</a></p><div id="logs"><div class="line" id="020131"><span class="nick" style="color:#8dd3c7"><a href="#020131" label="[02:01:31]">&lt;oriansj&gt;</a></span><span class="message">stikonas: It is the SuperH clone <a rel="nofollow" href="https://j-core.org/">https://j-core.org/</a> </span></div><div class="line" id="020211"><span class="nick" style="color:#8dd3c7"><a href="#020211" label="[02:02:11]">&lt;oriansj&gt;</a></span><span class="message">It is both big and little endian and the instruction encoding looks spot on for hex0</span></div><div class="line" id="020212"><span class="nick" style="color:#2e2a4a"><a href="#020212" label="[02:02:12]">&lt;stikonas&gt;</a></span><span class="message">thanks</span></div><div class="line" id="020247"><span class="nick" style="color:#8dd3c7"><a href="#020247" label="[02:02:47]">&lt;oriansj&gt;</a></span><span class="message">and SuperH appears to already be supported by GCC</span></div><div class="line" id="020309"><span class="nick" style="color:#2e2a4a"><a href="#020309" label="[02:03:09]">&lt;stikonas&gt;</a></span><span class="message">well, as long as early hex encoding is easier than risc-v it should be good</span></div><div class="line" id="020415"><span class="nick" style="color:#8dd3c7"><a href="#020415" label="[02:04:15]">&lt;oriansj&gt;</a></span><span class="message">and it looks like it has been in GCC since v3.2</span></div><div class="line" id="020533"><span class="nick" style="color:#8dd3c7"><a href="#020533" label="[02:05:33]">&lt;oriansj&gt;</a></span><span class="message">the hex encoding looks literally hex aligned with only 8bit immediates and only 16bit instructions</span></div><div class="line" id="020614"><span class="nick" style="color:#8dd3c7"><a href="#020614" label="[02:06:14]">&lt;oriansj&gt;</a></span><span class="message">So we will have to do jump load PC relative to load values larger than 8bit but that is a non-issue at this point.</span></div><div class="line" id="020718"><span class="nick" style="color:#8dd3c7"><a href="#020718" label="[02:07:18]">&lt;oriansj&gt;</a></span><span class="message">and there is an ICE40 FPGA for it out too</span></div><div class="line" id="020735"><span class="nick" style="color:#8dd3c7"><a href="#020735" label="[02:07:35]">&lt;oriansj&gt;</a></span><span class="message">so it might be a winner from the bootstrapping perspective</span></div><div class="line" id="020759"><span class="nick" style="color:#6b8072"><a href="#020759" label="[02:07:59]">&lt;muurkha&gt;</a></span><span class="message">yay ICE40 &lt;3</span></div><div class="line" id="020810"><span class="nick" style="color:#2e2a4a"><a href="#020810" label="[02:08:10]">&lt;stikonas&gt;</a></span><span class="message">except for mes, tcc stages where x86 is still a winner</span></div><div class="line" id="020912"><span class="nick" style="color:#8dd3c7"><a href="#020912" label="[02:09:12]">&lt;oriansj&gt;</a></span><span class="message">stikonas: very true but hey, that just gives us another option to provide going forward.</span></div><div class="line" id="100241"><span class="nick">***</span><span class="message notice">civodul` is now known as civodul</span></div><div class="line" id="134357"><span class="nick">***</span><span class="message notice">civodul` is now known as civodul</span></div><br /></div></body></html>