<!DOCTYPE html><html><head><title>IRC channel logs</title><style>html {
  background: #fdfdfd;
}

h1 {
  font-weight: 300;
}

h2 {
  font-weight: 200;
}

h3 {
  padding: .5em 0;
  border-top: 3px dotted #ddd;
  margin-bottom: 0;
}

form {
  width: 400px;
  display: flex;
}

input {
  width: 100%;
  display: flex;
  border-radius: .25em 0 0 .25em;
  border: 1px solid #aaa;
  border-right: 0;
  padding: 0.5em;
}

button {
  display: flex;
  border-radius: 0 .25em .25em 0;
  background-color: #007bff;
  border: 1px solid #007bff;
  padding: .5em;
  cursor: pointer;
  color: white;
}

button:hover {
  background-color: #0069d9;
  border-color: #0062cc;
}

a {
  color: #007bff;
  text-decoration: none;
}

a:hover {
  text-decoration: underline;
}

h4 {
  margin-bottom: .5em;
}

table td {
  padding: 0.75em;
}

table tr:hover {
  background: #eee;
}

.year {
  display: table;
}

.month {
  display: table-cell;
  padding-right: 1em;
}

ul {
  margin: 0;
  padding: 0;
  list-style: none;
}

.nick {
  padding-right: 0.6rem;
  font-weight: bold;
  text-align: right;
  width: 13rem;
  display: table-cell;
}

.nick a {
  color: inherit;
  text-decoration: none;
}

.message {
  display: table-cell;
  padding-left: 0.6rem;
  border-left: 2px solid #333;
}

.notice {
  color: #859900;
  font-style: italic;
}

.line {
  line-height: 1.8rem;
  display: table;
}

#logs {
  margin-top: 1.5rem;
  padding: 1.5rem;
}
</style></head><body><h1>IRC channel logs</h1><h2>2022-08-16.log</h2><p><a href="/bootstrappable">back to list of logs</a></p><div id="logs"><div class="line" id="101111"><span class="nick" style="color:#8dd3c7"><a href="#101111" label="[10:11:11]">&lt;aggi&gt;</a></span><span class="message">tried something: CC|LD|AR|AS=tcc, and all others NM|OBJDUMP|READELF=/bin/false</span></div><div class="line" id="101135"><span class="nick" style="color:#8dd3c7"><a href="#101135" label="[10:11:35]">&lt;aggi&gt;</a></span><span class="message">and compiled/linked the entire package set... none required any additional from the binutils/elfutils</span></div><div class="line" id="101234"><span class="nick" style="color:#8dd3c7"><a href="#101234" label="[10:12:34]">&lt;aggi&gt;</a></span><span class="message">meaning tcc can fully replace binutils(elfutils)/gcc and llvm</span></div><div class="line" id="101423"><span class="nick" style="color:#8dd3c7"><a href="#101423" label="[10:14:23]">&lt;aggi&gt;</a></span><span class="message">tcc offers a sufficiently complete toolchain to maintain an entire linux distribution</span></div><div class="line" id="101449"><span class="nick" style="color:#8dd3c7"><a href="#101449" label="[10:14:49]">&lt;aggi&gt;</a></span><span class="message">including it's cross-compiler capabilities, which is amazing</span></div><div class="line" id="112512"><span class="nick" style="color:#2e2a4a"><a href="#112512" label="[11:25:12]">&lt;Guest77&gt;</a></span><span class="message">Hi! According to <a rel="nofollow" href="http://bootstrappable.org/projects/jvm-languages.html">http://bootstrappable.org/projects/jvm-languages.html</a>  &quot;Some preliminary work has already been done&quot; regarding a Scala bootstrap. Where could I find the code? Or a better first question: What is actually the plan?</span></div><div class="line" id="112720"><span class="nick" style="color:#6b8072"><a href="#112720" label="[11:27:20]">&lt;Guest7785&gt;</a></span><span class="message">Stupid web IRC client… I was Guest77 just before… :-|</span></div><div class="line" id="112735"><span class="nick" style="color:#6b8072"><a href="#112735" label="[11:27:35]">&lt;Guest7785&gt;</a></span><span class="message">I was also thinking about how to bootstrap Scala as this would be a clean way to get it into Debian.</span></div><div class="line" id="112908"><span class="nick" style="color:#6b8072"><a href="#112908" label="[11:29:08]">&lt;Guest7785&gt;</a></span><span class="message">The other (and much simpler and faster) option would be some &quot;Psy-OPS&quot;: Just telling the Debian people that it would be OK to pull some more BLOBs, as everything else that is important is coming from BLOBs anyway. But maybe it would be time to break the circle.</span></div><div class="line" id="112956"><span class="nick" style="color:#6b8072"><a href="#112956" label="[11:29:56]">&lt;Guest7785&gt;</a></span><span class="message">So if someone has put work into a Scala bootstrap I would be happy to hear their ideas.</span></div><div class="line" id="113012"><span class="nick" style="color:#6b8072"><a href="#113012" label="[11:30:12]">&lt;Guest7785&gt;</a></span><span class="message">I would share mine.</span></div><div class="line" id="113051"><span class="nick" style="color:#6b8072"><a href="#113051" label="[11:30:51]">&lt;Guest7785&gt;</a></span><span class="message">BTW: I'm a Scala developer, so I have no problem working with that code or the stuff around it.</span></div><div class="line" id="113123"><span class="nick" style="color:#6b8072"><a href="#113123" label="[11:31:23]">&lt;Guest7785&gt;</a></span><span class="message">So could anybody tell me to whom I need to talk further?</span></div><div class="line" id="113309"><span class="nick" style="color:#6b8072"><a href="#113309" label="[11:33:09]">&lt;Guest7785&gt;</a></span><span class="message">Thanks in advance for taking time to answer my questions! :-)</span></div><div class="line" id="115216"><span class="nick" style="color:#6b8072"><a href="#115216" label="[11:52:16]">&lt;Guest7785&gt;</a></span><span class="message">I've searched the mail archive now also for info about Scala. But noop, nothing.</span></div><div class="line" id="124033"><span class="nick" style="color:#80b1d3"><a href="#124033" label="[12:40:33]">&lt;Guest7731&gt;</a></span><span class="message">I now also found and searched the IRC logs for anything regarding Scala. But again, noop, nothing useful. (I was Guest7785 before. Ultra crappy web IRC client, dies all every few minutes…)</span></div><div class="line" id="124708"><span class="nick" style="color:#6d2462"><a href="#124708" label="[12:47:08]">&lt;Guest7796&gt;</a></span><span class="message">Oh, found something: <a rel="nofollow" href="https://bootstrapping.miraheze.org/wiki/Bootstrapping_Specific_Languages">https://bootstrapping.miraheze.org/wiki/Bootstrapping_Specific_Languages</a> </span></div><div class="line" id="124756"><span class="nick" style="color:#6d2462"><a href="#124756" label="[12:47:56]">&lt;Guest7796&gt;</a></span><span class="message">But the search facility on this site is broken. If you search for &quot;scala&quot; (or &quot;scala&quot;) nothing appears…</span></div><div class="line" id="124819"><span class="nick" style="color:#6d2462"><a href="#124819" label="[12:48:19]">&lt;Guest7796&gt;</a></span><span class="message">Let's see whether this makes any sense what this dude is doing.</span></div><div class="line" id="130445"><span class="nick" style="color:#234e69"><a href="#130445" label="[13:04:45]">&lt;Guest7746&gt;</a></span><span class="message">I've found this here: <a rel="nofollow" href="https://framagit.org/tyreunom/scabo">https://framagit.org/tyreunom/scabo</a> </span></div><div class="line" id="130458"><span class="nick" style="color:#234e69"><a href="#130458" label="[13:04:58]">&lt;Guest7746&gt;</a></span><span class="message">But now I'm puzzled.</span></div><div class="line" id="130537"><span class="nick" style="color:#234e69"><a href="#130537" label="[13:05:37]">&lt;Guest7746&gt;</a></span><span class="message">The README says: &quot;Our goal is not to have readable source, so the end result would be fine with us.&quot;</span></div><div class="line" id="130545"><span class="nick" style="color:#234e69"><a href="#130545" label="[13:05:45]">&lt;Guest7746&gt;</a></span><span class="message">WTF?!</span></div><div class="line" id="130613"><span class="nick" style="color:#234e69"><a href="#130613" label="[13:06:13]">&lt;Guest7746&gt;</a></span><span class="message">Isn't the whole point of bootstrapping that you have some sources that are auditable?</span></div><div class="line" id="130749"><span class="nick" style="color:#234e69"><a href="#130749" label="[13:07:49]">&lt;Guest7746&gt;</a></span><span class="message">And the next sentence makes also zero sense: &quot;The issue is that .class files are the result of compilation... by the scala compiler.&quot;</span></div><div class="line" id="130806"><span class="nick" style="color:#234e69"><a href="#130806" label="[13:08:06]">&lt;Guest7746&gt;</a></span><span class="message">What &quot;issue&quot;?</span></div><div class="line" id="130825"><span class="nick" style="color:#234e69"><a href="#130825" label="[13:08:25]">&lt;Guest7746&gt;</a></span><span class="message">If the sources are readable there is no &quot;issue&quot;.</span></div><div class="line" id="130903"><span class="nick" style="color:#234e69"><a href="#130903" label="[13:09:03]">&lt;Guest7746&gt;</a></span><span class="message">If the sources aren't readable, _that_ is an issue OTOH.</span></div><div class="line" id="131058"><span class="nick" style="color:#2e2a4a"><a href="#131058" label="[13:10:58]">&lt;Guest77&gt;</a></span><span class="message">The only point I agree is that decompiling the Scala JARs doesn't work. I've also tried that. (The result is that you would to manually tweak thousands of .java files, which contain anyway very messy code).</span></div><div class="line" id="131137"><span class="nick" style="color:#2e2a4a"><a href="#131137" label="[13:11:37]">&lt;Guest77&gt;</a></span><span class="message">The only point I agree is that decompiling the Scala JARs doesn't work. I've also tried that. (The result is that you would need to manually tweak thousands of .java files, which contain anyway very messy code).</span></div><div class="line" id="131303"><span class="nick" style="color:#2e2a4a"><a href="#131303" label="[13:13:03]">&lt;Guest77&gt;</a></span><span class="message">But producing readable .java files form the original sources with the help of the original compiler _would be_ an viable way to get this off the ground, imho.</span></div><div class="line" id="131328"><span class="nick" style="color:#2e2a4a"><a href="#131328" label="[13:13:28]">&lt;Guest77&gt;</a></span><span class="message">Would you accept something like that?</span></div><div class="line" id="131339"><span class="nick" style="color:#2e2a4a"><a href="#131339" label="[13:13:39]">&lt;Guest77&gt;</a></span><span class="message">Or what would be the objectives?</span></div><div class="line" id="131613"><span class="nick" style="color:#2e2a4a"><a href="#131613" label="[13:16:13]">&lt;Guest77&gt;</a></span><span class="message">At least I don't see any cause why something like that should get rejected.</span></div><div class="line" id="131625"><span class="nick" style="color:#2e2a4a"><a href="#131625" label="[13:16:25]">&lt;Guest77&gt;</a></span><span class="message">What do you guys think?</span></div><div class="line" id="131819"><span class="nick" style="color:#2e2a4a"><a href="#131819" label="[13:18:19]">&lt;Guest77&gt;</a></span><span class="message">But actually who cares. I don't see any interest here for that topic at all, so I think I'm leaving again.</span></div><div class="line" id="131841"><span class="nick" style="color:#2e2a4a"><a href="#131841" label="[13:18:41]">&lt;Guest77&gt;</a></span><span class="message">Maybe the Debian dudes want to listen…</span></div><div class="line" id="133022"><span class="nick" style="color:#6c3d55"><a href="#133022" label="[13:30:22]">&lt;oriansj&gt;</a></span><span class="message">Guest77: well, not everyone is online all of the time.</span></div><div class="line" id="133428"><span class="nick" style="color:#6c3d55"><a href="#133428" label="[13:34:28]">&lt;oriansj&gt;</a></span><span class="message">that being said, progress on bootstrapping specific languages is always related to the individuals who choose to do that work. If they go off the rails, we can learn from their work but we can't use it as it isn't bootstrapping work.</span></div><div class="line" id="133623"><span class="nick" style="color:#d9d9d9"><a href="#133623" label="[13:36:23]">&lt;qyliss&gt;</a></span><span class="message">oriansj: they're gone already :(</span></div><div class="line" id="133832"><span class="nick" style="color:#6c3d55"><a href="#133832" label="[13:38:32]">&lt;oriansj&gt;</a></span><span class="message">also looking at the scabo readme, the bit about readability seems to be related to generated .class files not the code itself</span></div><div class="line" id="133936"><span class="nick" style="color:#6c3d55"><a href="#133936" label="[13:39:36]">&lt;oriansj&gt;</a></span><span class="message">also it's last commit was in 2019 and it is in an unfinished state</span></div><div class="line" id="133945"><span class="nick" style="color:#bc80bd"><a href="#133945" label="[13:39:45]">&lt;pabs3&gt;</a></span><span class="message">IIRC the published scabo work isn't the latest either, the author has some newer stuff that isn't published</span></div><div class="line" id="134026"><span class="nick" style="color:#bc80bd"><a href="#134026" label="[13:40:26]">&lt;pabs3&gt;</a></span><span class="message">(the author is roptat, they are here occasionally)</span></div><div class="line" id="134437"><span class="nick" style="color:#6c3d55"><a href="#134437" label="[13:44:37]">&lt;oriansj&gt;</a></span><span class="message">fair, just I can only use code that people make publicly available. Otherwise how else could others build upon, audit or improve upon my work.</span></div><div class="line" id="134544"><span class="nick" style="color:#6c3d55"><a href="#134544" label="[13:45:44]">&lt;oriansj&gt;</a></span><span class="message">aka if the work isn't public and independently varified; the language isn't actually bootstrapped yet.</span></div><div class="line" id="134801"><span class="nick" style="color:#bc80bd"><a href="#134801" label="[13:48:01]">&lt;pabs3&gt;</a></span><span class="message">indeed. would be nice if roptat would work in public, at least on a draft branch</span></div><div class="line" id="150147"><span class="nick">***</span><span class="message notice">mattx is now known as mateusz</span></div><div class="line" id="185746"><span class="nick" style="color:#6c3d55"><a href="#185746" label="[18:57:46]">&lt;oriansj&gt;</a></span><span class="message">heck, even a scratch_rebase branch which can be nuked at anytime for any reason would atleast give a hint that if someone else might need to pick up the work or if it is still moving smoothly forward.</span></div><div class="line" id="192650"><span class="nick" style="color:#3c5b35"><a href="#192650" label="[19:26:50]">&lt;stikonas[m]&gt;</a></span><span class="message">yes, it's better to publish something even if it is not fully working</span></div><div class="line" id="223720"><span class="nick" style="color:#8dd3c7"><a href="#223720" label="[22:37:20]">&lt;aggi&gt;</a></span><span class="message">sam_: FYI ... slibtool related; slibtool calls a function slbt_archive_import_child</span></div><div class="line" id="223740"><span class="nick" style="color:#8dd3c7"><a href="#223740" label="[22:37:40]">&lt;aggi&gt;</a></span><span class="message">this is not compatible with AR=arm-tcc-ar or AR=eu-ar, seems only supported by binutils-ar</span></div><div class="line" id="224115"><span class="nick" style="color:#8dd3c7"><a href="#224115" label="[22:41:15]">&lt;aggi&gt;</a></span><span class="message">this problem is only hit when AR!=binutils-ar and prevents bootstrapping without binutils</span></div><br /></div></body></html>