<!DOCTYPE html><html><head><title>IRC channel logs</title><style>html {
  background: #fdfdfd;
}

h1 {
  font-weight: 300;
}

h2 {
  font-weight: 200;
}

h3 {
  padding: .5em 0;
  border-top: 3px dotted #ddd;
  margin-bottom: 0;
}

form {
  width: 400px;
  display: flex;
}

input {
  width: 100%;
  display: flex;
  border-radius: .25em 0 0 .25em;
  border: 1px solid #aaa;
  border-right: 0;
  padding: 0.5em;
}

button {
  display: flex;
  border-radius: 0 .25em .25em 0;
  background-color: #007bff;
  border: 1px solid #007bff;
  padding: .5em;
  cursor: pointer;
  color: white;
}

button:hover {
  background-color: #0069d9;
  border-color: #0062cc;
}

a {
  color: #007bff;
  text-decoration: none;
}

a:hover {
  text-decoration: underline;
}

h4 {
  margin-bottom: .5em;
}

table td {
  padding: 0.75em;
}

table tr:hover {
  background: #eee;
}

.year {
  display: table;
}

.month {
  display: table-cell;
  padding-right: 1em;
}

ul {
  margin: 0;
  padding: 0;
  list-style: none;
}

.nick {
  padding-right: 0.6rem;
  font-weight: bold;
  text-align: right;
  width: 13rem;
  display: table-cell;
}

.nick a {
  color: inherit;
  text-decoration: none;
}

.message {
  display: table-cell;
  padding-left: 0.6rem;
  border-left: 2px solid #333;
}

.notice {
  color: #859900;
  font-style: italic;
}

.line {
  line-height: 1.8rem;
  display: table;
}

#logs {
  margin-top: 1.5rem;
  padding: 1.5rem;
}
</style></head><body><h1>IRC channel logs</h1><h2>2022-03-13.log</h2><p><a href="/bootstrappable">back to list of logs</a></p><div id="logs"><div class="line" id="030042"><span class="nick" style="color:#8dd3c7"><a href="#030042" label="[03:00:42]">&lt;oriansj&gt;</a></span><span class="message">stikonas: I have sent fossy an invite to mescc-tools-extra but it appears to be &quot;Pending&quot;</span></div><div class="line" id="030133"><span class="nick" style="color:#8dd3c7"><a href="#030133" label="[03:01:33]">&lt;oriansj&gt;</a></span><span class="message">so fossy still needs to accept first</span></div><div class="line" id="032616"><span class="nick">***</span><span class="message notice">alMalsamo is now known as lumberjack123</span></div><div class="line" id="134324"><span class="nick" style="color:#2e2a4a"><a href="#134324" label="[13:43:24]">&lt;stikonas&gt;</a></span><span class="message">fossy: so I still get those /tmp/filelists.txt: error 02 messages</span></div><div class="line" id="134339"><span class="nick" style="color:#2e2a4a"><a href="#134339" label="[13:43:39]">&lt;stikonas&gt;</a></span><span class="message">first one happens when installing flex-2.5.11</span></div><div class="line" id="134413"><span class="nick" style="color:#2e2a4a"><a href="#134413" label="[13:44:13]">&lt;stikonas&gt;</a></span><span class="message">(probably because that's the first package built after bash)</span></div><div class="line" id="134424"><span class="nick" style="color:#2e2a4a"><a href="#134424" label="[13:44:24]">&lt;stikonas&gt;</a></span><span class="message">I can also see messages like &quot;run.sh: line 96: grep: command not found&quot;</span></div><div class="line" id="134510"><span class="nick" style="color:#2e2a4a"><a href="#134510" label="[13:45:10]">&lt;stikonas&gt;</a></span><span class="message">which I guess comes from reset_timestamp function</span></div><div class="line" id="134608"><span class="nick" style="color:#2e2a4a"><a href="#134608" label="[13:46:08]">&lt;stikonas&gt;</a></span><span class="message">hmm, or maybe from &quot;if tar --help | grep ' \-\-sort' &gt;/dev/null 2&gt;&amp;1; then&quot;</span></div><div class="line" id="142242"><span class="nick">***</span><span class="message notice">Guest5602 is now known as roptat_</span></div><div class="line" id="142246"><span class="nick">***</span><span class="message notice">roptat_ is now known as roptat</span></div><div class="line" id="172543"><span class="nick">***</span><span class="message notice">leah is now known as unoccupied</span></div><div class="line" id="172608"><span class="nick">***</span><span class="message notice">unoccupied is now known as _4of7</span></div><div class="line" id="172634"><span class="nick">***</span><span class="message notice">_4of7 is now known as leah</span></div><br /></div></body></html>