<!DOCTYPE html><html><head><title>IRC channel logs</title><style>html {
  background: #fdfdfd;
}

h1 {
  font-weight: 300;
}

h2 {
  font-weight: 200;
}

h3 {
  padding: .5em 0;
  border-top: 3px dotted #ddd;
  margin-bottom: 0;
}

form {
  width: 400px;
  display: flex;
}

input {
  width: 100%;
  display: flex;
  border-radius: .25em 0 0 .25em;
  border: 1px solid #aaa;
  border-right: 0;
  padding: 0.5em;
}

button {
  display: flex;
  border-radius: 0 .25em .25em 0;
  background-color: #007bff;
  border: 1px solid #007bff;
  padding: .5em;
  cursor: pointer;
  color: white;
}

button:hover {
  background-color: #0069d9;
  border-color: #0062cc;
}

a {
  color: #007bff;
  text-decoration: none;
}

a:hover {
  text-decoration: underline;
}

h4 {
  margin-bottom: .5em;
}

table td {
  padding: 0.75em;
}

table tr:hover {
  background: #eee;
}

.year {
  display: table;
}

.month {
  display: table-cell;
  padding-right: 1em;
}

ul {
  margin: 0;
  padding: 0;
  list-style: none;
}

.nick {
  padding-right: 0.6rem;
  font-weight: bold;
  text-align: right;
  width: 13rem;
  display: table-cell;
}

.nick a {
  color: inherit;
  text-decoration: none;
}

.message {
  display: table-cell;
  padding-left: 0.6rem;
  border-left: 2px solid #333;
}

.notice {
  color: #859900;
  font-style: italic;
}

.line {
  line-height: 1.8rem;
  display: table;
}

#logs {
  margin-top: 1.5rem;
  padding: 1.5rem;
}
</style></head><body><h1>IRC channel logs</h1><h2>2022-01-18.log</h2><p><a href="/bootstrappable">back to list of logs</a></p><div id="logs"><div class="line" id="000206"><span class="nick" style="color:#389600"><a href="#000206" label="[00:02:06]">&lt;fossy&gt;</a></span><span class="message">stikonas: binary packages for live-bootstrap is almost what i am doing now</span></div><div class="line" id="000308"><span class="nick" style="color:#8dd3c7"><a href="#000308" label="[00:03:08]">&lt;stikonas&gt;</a></span><span class="message">well, that was my impression too, it's just that I haven't seen what exactly is there...</span></div><div class="line" id="000316"><span class="nick" style="color:#8dd3c7"><a href="#000316" label="[00:03:16]">&lt;stikonas&gt;</a></span><span class="message">since there were no code drops yet</span></div><div class="line" id="081810"><span class="nick" style="color:#389600"><a href="#081810" label="[08:18:10]">&lt;fossy&gt;</a></span><span class="message">stikonas[m]: code coming in next few days, just finishing checksums</span></div><div class="line" id="081819"><span class="nick" style="color:#389600"><a href="#081819" label="[08:18:19]">&lt;fossy&gt;</a></span><span class="message">then i implement all the interesting applications of it</span></div><div class="line" id="081859"><span class="nick" style="color:#389600"><a href="#081859" label="[08:18:59]">&lt;fossy&gt;</a></span><span class="message">mostly, being able to start snapshot from arbitary location; and hence running sysc seperately to sysa</span></div><div class="line" id="081905"><span class="nick" style="color:#389600"><a href="#081905" label="[08:19:05]">&lt;fossy&gt;</a></span><span class="message">start bootstrap*</span></div><div class="line" id="082153"><span class="nick" style="color:#389600"><a href="#082153" label="[08:21:53]">&lt;fossy&gt;</a></span><span class="message">of course, auto checksum updating too</span></div><div class="line" id="085739"><span class="nick" style="color:#6b8072"><a href="#085739" label="[08:57:39]">&lt;Hagfish&gt;</a></span><span class="message">will this mean that there can be more modular CI builds?</span></div><div class="line" id="085813"><span class="nick" style="color:#6b8072"><a href="#085813" label="[08:58:13]">&lt;Hagfish&gt;</a></span><span class="message">being able to run sysc separately to sysa sounds like a good engineering principle, regardless</span></div><div class="line" id="100916"><span class="nick" style="color:#389600"><a href="#100916" label="[10:09:16]">&lt;fossy&gt;</a></span><span class="message">Hagfish: yes</span></div><div class="line" id="211249"><span class="nick" style="color:#80b1d3"><a href="#211249" label="[21:12:49]">&lt;gbrlwck&gt;</a></span><span class="message">stikonas, oriansj : i did a tiny update for in stage0 comments</span></div><div class="line" id="211250"><span class="nick" style="color:#80b1d3"><a href="#211250" label="[21:12:50]">&lt;gbrlwck&gt;</a></span><span class="message"> <a rel="nofollow" href="https://github.com/oriansj/stage0-posix/pull/71">https://github.com/oriansj/stage0-posix/pull/71</a> </span></div><div class="line" id="215443"><span class="nick" style="color:#8dd3c7"><a href="#215443" label="[21:54:43]">&lt;stikonas&gt;</a></span><span class="message">gbrlwck: if you can update the other files too, so that they don't get out of sync</span></div><div class="line" id="234121"><span class="nick" style="color:#80b1d3"><a href="#234121" label="[23:41:21]">&lt;gbrlwck&gt;</a></span><span class="message">sure thing</span></div><div class="line" id="234608"><span class="nick" style="color:#80b1d3"><a href="#234608" label="[23:46:08]">&lt;gbrlwck&gt;</a></span><span class="message">updated</span></div><div class="line" id="234701"><span class="nick" style="color:#8dd3c7"><a href="#234701" label="[23:47:01]">&lt;stikonas&gt;</a></span><span class="message">there is also .S file in GAS folder</span></div><div class="line" id="234709"><span class="nick" style="color:#8dd3c7"><a href="#234709" label="[23:47:09]">&lt;stikonas&gt;</a></span><span class="message">and also riscv32 would have the same comments</span></div><br /></div></body></html>