<!DOCTYPE html><html><head><title>IRC channel logs</title><style>html {
  background: #fdfdfd;
}

h1 {
  font-weight: 300;
}

h2 {
  font-weight: 200;
}

h3 {
  padding: .5em 0;
  border-top: 3px dotted #ddd;
  margin-bottom: 0;
}

form {
  width: 400px;
  display: flex;
}

input {
  width: 100%;
  display: flex;
  border-radius: .25em 0 0 .25em;
  border: 1px solid #aaa;
  border-right: 0;
  padding: 0.5em;
}

button {
  display: flex;
  border-radius: 0 .25em .25em 0;
  background-color: #007bff;
  border: 1px solid #007bff;
  padding: .5em;
  cursor: pointer;
  color: white;
}

button:hover {
  background-color: #0069d9;
  border-color: #0062cc;
}

a {
  color: #007bff;
  text-decoration: none;
}

a:hover {
  text-decoration: underline;
}

h4 {
  margin-bottom: .5em;
}

table td {
  padding: 0.75em;
}

table tr:hover {
  background: #eee;
}

.year {
  display: table;
}

.month {
  display: table-cell;
  padding-right: 1em;
}

ul {
  margin: 0;
  padding: 0;
  list-style: none;
}

.nick {
  padding-right: 0.6rem;
  font-weight: bold;
  text-align: right;
  width: 13rem;
  display: table-cell;
}

.nick a {
  color: inherit;
  text-decoration: none;
}

.message {
  display: table-cell;
  padding-left: 0.6rem;
  border-left: 2px solid #333;
}

.notice {
  color: #859900;
  font-style: italic;
}

.line {
  line-height: 1.8rem;
  display: table;
}

#logs {
  margin-top: 1.5rem;
  padding: 1.5rem;
}
</style></head><body><h1>IRC channel logs</h1><h2>2022-03-23.log</h2><p><a href="/bootstrappable">back to list of logs</a></p><div id="logs"><div class="line" id="024255"><span class="nick">***</span><span class="message notice">oriansj sets mode: -q fedorafan!*@*</span></div><div class="line" id="024409"><span class="nick">***</span><span class="message notice">oriansj sets mode: -q $~a</span></div><div class="line" id="024640"><span class="nick" style="color:#8dd3c7"><a href="#024640" label="[02:46:40]">&lt;oriansj&gt;</a></span><span class="message">I guess forgetting to set expiration dates is my rushed mistake</span></div><div class="line" id="025934"><span class="nick">***</span><span class="message notice">muurkha_ is now known as muurkha</span></div><div class="line" id="030006"><span class="nick" style="color:#2e2a4a"><a href="#030006" label="[03:00:06]">&lt;muurkha&gt;</a></span><span class="message">hello</span></div><div class="line" id="030014"><span class="nick" style="color:#2e2a4a"><a href="#030014" label="[03:00:14]">&lt;muurkha&gt;</a></span><span class="message">thank you!</span></div><div class="line" id="030031"><span class="nick" style="color:#2e2a4a"><a href="#030031" label="[03:00:31]">&lt;muurkha&gt;</a></span><span class="message">I didn't even know about $~a</span></div><div class="line" id="030830"><span class="nick" style="color:#8dd3c7"><a href="#030830" label="[03:08:30]">&lt;oriansj&gt;</a></span><span class="message">well for the most part we try not to ban people; pulling of the voice is generally reserved for people who can't take the hint of being kicked by those who have ops that they need to rethink what they are doing</span></div><div class="line" id="030944"><span class="nick" style="color:#8dd3c7"><a href="#030944" label="[03:09:44]">&lt;oriansj&gt;</a></span><span class="message">and that usually doesn't happen until after they miss the more civilized hints prior</span></div><div class="line" id="031304"><span class="nick" style="color:#2e2a4a"><a href="#031304" label="[03:13:04]">&lt;muurkha&gt;</a></span><span class="message">I think I was only unidentified because I reconnected as muurkha_</span></div><div class="line" id="031318"><span class="nick" style="color:#2e2a4a"><a href="#031318" label="[03:13:18]">&lt;muurkha&gt;</a></span><span class="message">which I'm guessing is what $~a means</span></div><div class="line" id="032206"><span class="nick" style="color:#8dd3c7"><a href="#032206" label="[03:22:06]">&lt;oriansj&gt;</a></span><span class="message">$~a means all unregistered users</span></div><div class="line" id="032246"><span class="nick" style="color:#8dd3c7"><a href="#032246" label="[03:22:46]">&lt;oriansj&gt;</a></span><span class="message">so +q $~a straight up devoices everyone who has an unregistered nick</span></div><div class="line" id="032353"><span class="nick" style="color:#8dd3c7"><a href="#032353" label="[03:23:53]">&lt;oriansj&gt;</a></span><span class="message">we set it when dealing with a troll who is willing to change names</span></div><div class="line" id="032605"><span class="nick" style="color:#8dd3c7"><a href="#032605" label="[03:26:05]">&lt;oriansj&gt;</a></span><span class="message">as it a much more civilized alternative to doing +r which would prevent them from reading an learning how to behave better.</span></div><div class="line" id="033125"><span class="nick" style="color:#2e2a4a"><a href="#033125" label="[03:31:25]">&lt;muurkha&gt;</a></span><span class="message">right</span></div><div class="line" id="034511"><span class="nick" style="color:#6b8072"><a href="#034511" label="[03:45:11]">&lt;janus&gt;</a></span><span class="message">does a devoiced user know they have been devoiced?</span></div><div class="line" id="034706"><span class="nick" style="color:#8dd3c7"><a href="#034706" label="[03:47:06]">&lt;oriansj&gt;</a></span><span class="message">janus: well if I remember correctly yes (please correct if incorrect)</span></div><div class="line" id="034856"><span class="nick" style="color:#2e2a4a"><a href="#034856" label="[03:48:56]">&lt;muurkha&gt;</a></span><span class="message">janus: if they try to speak I think they do</span></div><div class="line" id="091836"><span class="nick" style="color:#80b1d3"><a href="#091836" label="[09:18:36]">&lt;bauen1&gt;</a></span><span class="message">yes, if you log in and aren't registered libera will inform you that you can't speak</span></div><div class="line" id="141852"><span class="nick">***</span><span class="message notice">alMalsamo is now known as lumberjack123</span></div><br /></div></body></html>