<!DOCTYPE html><html><head><title>IRC channel logs</title><style>html {
  background: #fdfdfd;
}

h1 {
  font-weight: 300;
}

h2 {
  font-weight: 200;
}

h3 {
  padding: .5em 0;
  border-top: 3px dotted #ddd;
  margin-bottom: 0;
}

form {
  width: 400px;
  display: flex;
}

input {
  width: 100%;
  display: flex;
  border-radius: .25em 0 0 .25em;
  border: 1px solid #aaa;
  border-right: 0;
  padding: 0.5em;
}

button {
  display: flex;
  border-radius: 0 .25em .25em 0;
  background-color: #007bff;
  border: 1px solid #007bff;
  padding: .5em;
  cursor: pointer;
  color: white;
}

button:hover {
  background-color: #0069d9;
  border-color: #0062cc;
}

a {
  color: #007bff;
  text-decoration: none;
}

a:hover {
  text-decoration: underline;
}

h4 {
  margin-bottom: .5em;
}

table td {
  padding: 0.75em;
}

table tr:hover {
  background: #eee;
}

.year {
  display: table;
}

.month {
  display: table-cell;
  padding-right: 1em;
}

ul {
  margin: 0;
  padding: 0;
  list-style: none;
}

.nick {
  padding-right: 0.6rem;
  font-weight: bold;
  text-align: right;
  width: 13rem;
  display: table-cell;
}

.nick a {
  color: inherit;
  text-decoration: none;
}

.message {
  display: table-cell;
  padding-left: 0.6rem;
  border-left: 2px solid #333;
}

.notice {
  color: #859900;
  font-style: italic;
}

.line {
  line-height: 1.8rem;
  display: table;
}

#logs {
  margin-top: 1.5rem;
  padding: 1.5rem;
}
</style></head><body><h1>IRC channel logs</h1><h2>2022-10-08.log</h2><p><a href="/bootstrappable">back to list of logs</a></p><div id="logs"><div class="line" id="003748"><span class="nick" style="color:#8dd3c7"><a href="#003748" label="[00:37:48]">&lt;muurkha&gt;</a></span><span class="message">agreed, that's the idea of the Cuneiform Tablets paper by Nguyen and Kay; have I not recommended it to you?</span></div><div class="line" id="003825"><span class="nick" style="color:#2e2a4a"><a href="#003825" label="[00:38:25]">&lt;oriansj&gt;</a></span><span class="message">I have read it</span></div><div class="line" id="004548"><span class="nick" style="color:#2e2a4a"><a href="#004548" label="[00:45:48]">&lt;oriansj&gt;</a></span><span class="message">the Chifir virtual machine is certainly something a possible host for stage0</span></div><div class="line" id="004842"><span class="nick" style="color:#8dd3c7"><a href="#004842" label="[00:48:42]">&lt;muurkha&gt;</a></span><span class="message">yeah, it would work for that; its fatal flaws wouldn't come into play</span></div><div class="line" id="005407"><span class="nick" style="color:#2e2a4a"><a href="#005407" label="[00:54:07]">&lt;oriansj&gt;</a></span><span class="message">but my thought was a CPU one could specify using only basic logic gates on a single sheet of paper (and a few pages explaining the basic logic gates)</span></div><div class="line" id="010527"><span class="nick" style="color:#8dd3c7"><a href="#010527" label="[01:05:27]">&lt;muurkha&gt;</a></span><span class="message">I think the nand2tetris &quot;Hack&quot; CPU could probably fit on a single sheet of paper that way; have you seen <a rel="nofollow" href="https://nandgame.com/?">https://nandgame.com/?</a> </span></div><div class="line" id="010721"><span class="nick" style="color:#8dd3c7"><a href="#010721" label="[01:07:21]">&lt;muurkha&gt;</a></span><span class="message">it guides you through 27 hardware design exercises, in each of which you build a component from more primitive components (either relays or something you'd already built)</span></div><div class="line" id="010734"><span class="nick" style="color:#8dd3c7"><a href="#010734" label="[01:07:34]">&lt;muurkha&gt;</a></span><span class="message">none of them require assembling more than 8 components</span></div><div class="line" id="010951"><span class="nick" style="color:#8dd3c7"><a href="#010951" label="[01:09:51]">&lt;muurkha&gt;</a></span><span class="message">you could imagine dividing an A4 sheet of paper into 35 blocks of 42 × 42 mm, each a diagram of one of the 27 levels (or blank)</span></div><div class="line" id="011140"><span class="nick" style="color:#8dd3c7"><a href="#011140" label="[01:11:40]">&lt;muurkha&gt;</a></span><span class="message">the 26th level is &quot;computer&quot;, with a CPU (levels 25 and 21) capable of executing instructions, and RAM and ROM</span></div><div class="line" id="011543"><span class="nick" style="color:#8dd3c7"><a href="#011543" label="[01:15:43]">&lt;muurkha&gt;</a></span><span class="message">I think Chuck Thacker designed a 1-page CPU in Verilog for VPRI at some point</span></div><div class="line" id="022213"><span class="nick" style="color:#6b8072"><a href="#022213" label="[02:22:13]">&lt;stikonas&gt;</a></span><span class="message">strange, still can't find out what's wrong with my cc_amd64.M1 Anyway, I pushed wip broken version for now...</span></div><div class="line" id="023033"><span class="nick" style="color:#6b8072"><a href="#023033" label="[02:30:33]">&lt;stikonas&gt;</a></span><span class="message">hmm, looking at bytes, might be something wrong with type structures</span></div><div class="line" id="023040"><span class="nick" style="color:#6b8072"><a href="#023040" label="[02:30:40]">&lt;stikonas&gt;</a></span><span class="message">especially negative offsets...</span></div><div class="line" id="203449"><span class="nick" style="color:#6b8072"><a href="#203449" label="[20:34:49]">&lt;stikonas&gt;</a></span><span class="message">finally got cc_amd64 to work in UEFI</span></div><div class="line" id="203525"><span class="nick" style="color:#6b8072"><a href="#203525" label="[20:35:25]">&lt;stikonas&gt;</a></span><span class="message">had &quot;mov_rax,[rip+DWORD] %global_token&quot; rather than &quot;mov_rax,[rip+DWORD] %global_types&quot; in one place</span></div><div class="line" id="203559"><span class="nick" style="color:#6b8072"><a href="#203559" label="[20:35:59]">&lt;stikonas&gt;</a></span><span class="message">now it seems to be able to build M2-Planet</span></div><div class="line" id="203603"><span class="nick" style="color:#6b8072"><a href="#203603" label="[20:36:03]">&lt;stikonas&gt;</a></span><span class="message">(for POSIX)</span></div><div class="line" id="203618"><span class="nick" style="color:#6b8072"><a href="#203618" label="[20:36:18]">&lt;stikonas&gt;</a></span><span class="message">well, at least size of M2.M1 seems fine, I didn't check contents</span></div><div class="line" id="211427"><span class="nick" style="color:#6b8072"><a href="#211427" label="[21:14:27]">&lt;stikonas&gt;</a></span><span class="message">oh, actually the size is still wrong I was a bit too quick... it's missing 40 KiB or so at the end...</span></div><div class="line" id="211436"><span class="nick" style="color:#6b8072"><a href="#211436" label="[21:14:36]">&lt;stikonas&gt;</a></span><span class="message">so probably one more bug...</span></div><div class="line" id="211441"><span class="nick" style="color:#6b8072"><a href="#211441" label="[21:14:41]">&lt;stikonas&gt;</a></span><span class="message">but should be easier to debug now</span></div><div class="line" id="212629"><span class="nick" style="color:#6b8072"><a href="#212629" label="[21:26:29]">&lt;stikonas&gt;</a></span><span class="message">ok, now I think all fixed...</span></div><div class="line" id="213609"><span class="nick" style="color:#6b8072"><a href="#213609" label="[21:36:09]">&lt;stikonas&gt;</a></span><span class="message">oriansj: so while debugging this, I've also created relocatable version of cc_amd64.M1 for posix</span></div><div class="line" id="213630"><span class="nick" style="color:#6b8072"><a href="#213630" label="[21:36:30]">&lt;stikonas&gt;</a></span><span class="message">oriansj: are you interested in using it in stage0-posix or should we keep current version</span></div><div class="line" id="213646"><span class="nick" style="color:#6b8072"><a href="#213646" label="[21:36:46]">&lt;stikonas&gt;</a></span><span class="message">(this new version that I have also has gas style defines)</span></div><div class="line" id="233740"><span class="nick" style="color:#6b8072"><a href="#233740" label="[23:37:40]">&lt;stikonas&gt;</a></span><span class="message">oh, just found a bug in M2libc defines that somehow didn't break anything</span></div><div class="line" id="233819"><span class="nick" style="color:#6b8072"><a href="#233819" label="[23:38:19]">&lt;stikonas&gt;</a></span><span class="message"> <a rel="nofollow" href="https://github.com/oriansj/M2libc/blob/main/amd64/amd64_defs.M1#L48">https://github.com/oriansj/M2libc/blob/main/amd64/amd64_defs.M1#L48</a> </span></div><div class="line" id="233828"><span class="nick" style="color:#6b8072"><a href="#233828" label="[23:38:28]">&lt;stikonas&gt;</a></span><span class="message">this one is rdx, not r10</span></div><div class="line" id="233844"><span class="nick" style="color:#6b8072"><a href="#233844" label="[23:38:44]">&lt;stikonas&gt;</a></span><span class="message">given that nothing is broken, I guess r10 is not needed</span></div><br /></div></body></html>