<!DOCTYPE html><html><head><title>IRC channel logs</title><style>html {
  background: #fdfdfd;
}

h1 {
  font-weight: 300;
}

h2 {
  font-weight: 200;
}

h3 {
  padding: .5em 0;
  border-top: 3px dotted #ddd;
  margin-bottom: 0;
}

form {
  width: 400px;
  display: flex;
}

input {
  width: 100%;
  display: flex;
  border-radius: .25em 0 0 .25em;
  border: 1px solid #aaa;
  border-right: 0;
  padding: 0.5em;
}

button {
  display: flex;
  border-radius: 0 .25em .25em 0;
  background-color: #007bff;
  border: 1px solid #007bff;
  padding: .5em;
  cursor: pointer;
  color: white;
}

button:hover {
  background-color: #0069d9;
  border-color: #0062cc;
}

a {
  color: #007bff;
  text-decoration: none;
}

a:hover {
  text-decoration: underline;
}

h4 {
  margin-bottom: .5em;
}

table td {
  padding: 0.75em;
}

table tr:hover {
  background: #eee;
}

.year {
  display: table;
}

.month {
  display: table-cell;
  padding-right: 1em;
}

ul {
  margin: 0;
  padding: 0;
  list-style: none;
}

.nick {
  padding-right: 0.6rem;
  font-weight: bold;
  text-align: right;
  width: 13rem;
  display: table-cell;
}

.nick a {
  color: inherit;
  text-decoration: none;
}

.message {
  display: table-cell;
  padding-left: 0.6rem;
  border-left: 2px solid #333;
}

.notice {
  color: #859900;
  font-style: italic;
}

.line {
  line-height: 1.8rem;
  display: table;
}

#logs {
  margin-top: 1.5rem;
  padding: 1.5rem;
}
</style></head><body><h1>IRC channel logs</h1><h2>2022-03-19.log</h2><p><a href="/bootstrappable">back to list of logs</a></p><div id="logs"><div class="line" id="014302"><span class="nick" style="color:#8dd3c7"><a href="#014302" label="[01:43:02]">&lt;fossy&gt;</a></span><span class="message">stikonas: i plan to hopefully finish the PR today, this and next week are school exam weeks for me, so i have not had time</span></div><div class="line" id="014327"><span class="nick" style="color:#2e2a4a"><a href="#014327" label="[01:43:27]">&lt;stikonas&gt;</a></span><span class="message">fossy: no rush</span></div><div class="line" id="014402"><span class="nick" style="color:#2e2a4a"><a href="#014402" label="[01:44:02]">&lt;stikonas&gt;</a></span><span class="message">there is always time after exams</span></div><div class="line" id="014630"><span class="nick" style="color:#8dd3c7"><a href="#014630" label="[01:46:30]">&lt;fossy&gt;</a></span><span class="message">holidays soon to look forward to, at least</span></div><div class="line" id="050412"><span class="nick">***</span><span class="message notice">alMalsamo is now known as lumberjack123</span></div><div class="line" id="133229"><span class="nick">***</span><span class="message notice">alMalsamo is now known as lumberjack123</span></div><br /></div></body></html>