<!DOCTYPE html><html><head><title>IRC channel logs</title><style>html {
  background: #fdfdfd;
}

h1 {
  font-weight: 300;
}

h2 {
  font-weight: 200;
}

h3 {
  padding: .5em 0;
  border-top: 3px dotted #ddd;
  margin-bottom: 0;
}

form {
  width: 400px;
  display: flex;
}

input {
  width: 100%;
  display: flex;
  border-radius: .25em 0 0 .25em;
  border: 1px solid #aaa;
  border-right: 0;
  padding: 0.5em;
}

button {
  display: flex;
  border-radius: 0 .25em .25em 0;
  background-color: #007bff;
  border: 1px solid #007bff;
  padding: .5em;
  cursor: pointer;
  color: white;
}

button:hover {
  background-color: #0069d9;
  border-color: #0062cc;
}

a {
  color: #007bff;
  text-decoration: none;
}

a:hover {
  text-decoration: underline;
}

h4 {
  margin-bottom: .5em;
}

table td {
  padding: 0.75em;
}

table tr:hover {
  background: #eee;
}

.year {
  display: table;
}

.month {
  display: table-cell;
  padding-right: 1em;
}

ul {
  margin: 0;
  padding: 0;
  list-style: none;
}

.nick {
  padding-right: 0.6rem;
  font-weight: bold;
  text-align: right;
  width: 13rem;
  display: table-cell;
}

.nick a {
  color: inherit;
  text-decoration: none;
}

.message {
  display: table-cell;
  padding-left: 0.6rem;
  border-left: 2px solid #333;
}

.notice {
  color: #859900;
  font-style: italic;
}

.line {
  line-height: 1.8rem;
  display: table;
}

#logs {
  margin-top: 1.5rem;
  padding: 1.5rem;
}
</style></head><body><h1>IRC channel logs</h1><h2>2022-01-06.log</h2><p><a href="/bootstrappable">back to list of logs</a></p><div id="logs"><div class="line" id="000557"><span class="nick" style="color:#389600"><a href="#000557" label="[00:05:57]">&lt;stikonas&gt;</a></span><span class="message">oh, I need to update my M2-Planet...</span></div><div class="line" id="000622"><span class="nick" style="color:#389600"><a href="#000622" label="[00:06:22]">&lt;stikonas&gt;</a></span><span class="message">hmm, no, I think it is up-to-date</span></div><div class="line" id="000624"><span class="nick" style="color:#389600"><a href="#000624" label="[00:06:24]">&lt;stikonas&gt;</a></span><span class="message">strange</span></div><div class="line" id="000625"><span class="nick" style="color:#389600"><a href="#000625" label="[00:06:25]">&lt;stikonas&gt;</a></span><span class="message">I'm getting</span></div><div class="line" id="000632"><span class="nick" style="color:#389600"><a href="#000632" label="[00:06:32]">&lt;stikonas&gt;</a></span><span class="message">non-line number: . provided to #FILENAME</span></div><div class="line" id="000656"><span class="nick" style="color:#389600"><a href="#000656" label="[00:06:56]">&lt;stikonas&gt;</a></span><span class="message">anyway, I can run with -E mode</span></div><div class="line" id="000758"><span class="nick" style="color:#389600"><a href="#000758" label="[00:07:58]">&lt;stikonas&gt;</a></span><span class="message">yes, I can reproduce...</span></div><div class="line" id="001044"><span class="nick" style="color:#389600"><a href="#001044" label="[00:10:44]">&lt;stikonas&gt;</a></span><span class="message">I guess bug in #if define preprocessing</span></div><div class="line" id="001536"><span class="nick" style="color:#389600"><a href="#001536" label="[00:15:36]">&lt;stikonas&gt;</a></span><span class="message">oriansj: M2-Planet has the same bug</span></div><div class="line" id="001546"><span class="nick" style="color:#389600"><a href="#001546" label="[00:15:46]">&lt;stikonas&gt;</a></span><span class="message">so it's inherited from there</span></div><div class="line" id="001613"><span class="nick" style="color:#389600"><a href="#001613" label="[00:16:13]">&lt;stikonas&gt;</a></span><span class="message">M2-Planet -f hello.c -D __x86_64__=1 -E&quot;</span></div><div class="line" id="001618"><span class="nick" style="color:#389600"><a href="#001618" label="[00:16:18]">&lt;stikonas&gt;</a></span><span class="message">&quot;M2-Planet -f hello.c -D __x86_64__=1 -E&quot; does &quot;return 1 ;&quot;</span></div><div class="line" id="144418"><span class="nick">***</span><span class="message notice">stikonas_ is now known as stikonas</span></div><div class="line" id="145303"><span class="nick">***</span><span class="message notice">bauen1_ is now known as bauen1</span></div><br /></div></body></html>