<!DOCTYPE html><html><head><title>IRC channel logs</title><style>html {
  background: #fdfdfd;
}

h1 {
  font-weight: 300;
}

h2 {
  font-weight: 200;
}

h3 {
  padding: .5em 0;
  border-top: 3px dotted #ddd;
  margin-bottom: 0;
}

form {
  width: 400px;
  display: flex;
}

input {
  width: 100%;
  display: flex;
  border-radius: .25em 0 0 .25em;
  border: 1px solid #aaa;
  border-right: 0;
  padding: 0.5em;
}

button {
  display: flex;
  border-radius: 0 .25em .25em 0;
  background-color: #007bff;
  border: 1px solid #007bff;
  padding: .5em;
  cursor: pointer;
  color: white;
}

button:hover {
  background-color: #0069d9;
  border-color: #0062cc;
}

a {
  color: #007bff;
  text-decoration: none;
}

a:hover {
  text-decoration: underline;
}

h4 {
  margin-bottom: .5em;
}

table td {
  padding: 0.75em;
}

table tr:hover {
  background: #eee;
}

.year {
  display: table;
}

.month {
  display: table-cell;
  padding-right: 1em;
}

ul {
  margin: 0;
  padding: 0;
  list-style: none;
}

.nick {
  padding-right: 0.6rem;
  font-weight: bold;
  text-align: right;
  width: 13rem;
  display: table-cell;
}

.nick a {
  color: inherit;
  text-decoration: none;
}

.message {
  display: table-cell;
  padding-left: 0.6rem;
  border-left: 2px solid #333;
}

.notice {
  color: #859900;
  font-style: italic;
}

.line {
  line-height: 1.8rem;
  display: table;
}

#logs {
  margin-top: 1.5rem;
  padding: 1.5rem;
}
</style></head><body><h1>IRC channel logs</h1><h2>2022-02-24.log</h2><p><a href="/bootstrappable">back to list of logs</a></p><div id="logs"><div class="line" id="005749"><span class="nick" style="color:#389600"><a href="#005749" label="[00:57:49]">&lt;stikonas&gt;</a></span><span class="message">fossy: libtool-1.4_0.tar.gz: FAILED</span></div><div class="line" id="005759"><span class="nick" style="color:#389600"><a href="#005759" label="[00:57:59]">&lt;stikonas&gt;</a></span><span class="message">there are probably more reproducibility issues</span></div><div class="line" id="055242"><span class="nick">***</span><span class="message notice">genr8eofl_ is now known as genr8eofl</span></div><div class="line" id="145016"><span class="nick" style="color:#2e2a4a"><a href="#145016" label="[14:50:16]">&lt;ekaitz&gt;</a></span><span class="message">hi all who is the author of this? <a rel="nofollow" href="https://codeberg.org/StefanK/MinimalBinaryBoot">https://codeberg.org/StefanK/MinimalBinaryBoot</a> </span></div><div class="line" id="145037"><span class="nick" style="color:#2e2a4a"><a href="#145037" label="[14:50:37]">&lt;ekaitz&gt;</a></span><span class="message">it's a really interesting project!</span></div><div class="line" id="151146"><span class="nick" style="color:#6b8072"><a href="#151146" label="[15:11:46]">&lt;AwesomeAdam54321&gt;</a></span><span class="message">ekaitz: From the license header in MinimalBinaryBoot/tools/reverse-octal.py, the author's name is Dr. Stefan Karrman</span></div><div class="line" id="151206"><span class="nick" style="color:#2e2a4a"><a href="#151206" label="[15:12:06]">&lt;ekaitz&gt;</a></span><span class="message">what I meant was if he was here in this room</span></div><div class="line" id="151231"><span class="nick" style="color:#2e2a4a"><a href="#151231" label="[15:12:31]">&lt;ekaitz&gt;</a></span><span class="message">but thanks! :)</span></div><div class="line" id="185232"><span class="nick" style="color:#80b1d3"><a href="#185232" label="[18:52:32]">&lt;PureTryOut[m]&gt;</a></span><span class="message">Hey hey I love this project! Recently I've had a need to use Dart/Flutter for work but the Dart compiler is written in, you guessed it, Dart. I run a system which can't run that compiler due to it being linked to glibc so I have been resorting to containers. I wanted to look into compiling Dart myself somehow, probably by starting from a way earlier version, but I have trouble finding a version that was compiled using a compiler in</span></div><div class="line" id="185233"><span class="nick" style="color:#80b1d3"><a href="#185233" label="[18:52:33]">&lt;PureTryOut[m]&gt;</a></span><span class="message">some other language. Has anyone looked into this yet?</span></div><div class="line" id="212005"><span class="nick" style="color:#6d2462"><a href="#212005" label="[21:20:05]">&lt;mbakke&gt;</a></span><span class="message">PureTryOut (matrix.org): it appears someone has successfully bootstrapped Dart 2.8.4 for Guix, but the patches were apparently never merged: <a rel="nofollow" href="https://debbugs.gnu.org/cgi/bugreport.cgi?bug=44926">https://debbugs.gnu.org/cgi/bugreport.cgi?bug=44926</a> </span></div><div class="line" id="212823"><span class="nick" style="color:#80b1d3"><a href="#212823" label="[21:28:23]">&lt;PureTryOut[m]&gt;</a></span><span class="message">Thanks for the pointer! It's a start at least.</span></div><div class="line" id="212831"><span class="nick" style="color:#80b1d3"><a href="#212831" label="[21:28:31]">&lt;PureTryOut[m]&gt;</a></span><span class="message">Did the author lose interest?</span></div><div class="line" id="213738"><span class="nick" style="color:#6d2462"><a href="#213738" label="[21:37:38]">&lt;mbakke&gt;</a></span><span class="message">PureTryOut (matrix.org): I don't know; it seems they are still active on Guix mailing lists, so perhaps you can reach out and ask :)</span></div><div class="line" id="214318"><span class="nick" style="color:#80b1d3"><a href="#214318" label="[21:43:18]">&lt;PureTryOut[m]&gt;</a></span><span class="message">The author mentioned they would submit a v2 the next day, did that ever happen? I find it hard to look through mailing lists like that...</span></div><div class="line" id="214549"><span class="nick" style="color:#6d2462"><a href="#214549" label="[21:45:49]">&lt;mbakke&gt;</a></span><span class="message">PureTryOut (matrix.org): here is a better interface with the v2 thread: <a rel="nofollow" href="https://patches.guix-patches.cbaines.net/project/guix-patches/list/?series=5921">https://patches.guix-patches.cbaines.net/project/guix-patches/list/?series=5921</a> </span></div><div class="line" id="214615"><span class="nick" style="color:#6d2462"><a href="#214615" label="[21:46:15]">&lt;mbakke&gt;</a></span><span class="message">normally I'd link to issues.guix.gnu.org, but it has some problems with that particular issue</span></div><div class="line" id="215008"><span class="nick" style="color:#80b1d3"><a href="#215008" label="[21:50:08]">&lt;PureTryOut[m]&gt;</a></span><span class="message">that last one is more readable indeed</span></div><br /></div></body></html>