<!DOCTYPE html><html><head><title>IRC channel logs</title><style>html {
  background: #fdfdfd;
}

h1 {
  font-weight: 300;
}

h2 {
  font-weight: 200;
}

h3 {
  padding: .5em 0;
  border-top: 3px dotted #ddd;
  margin-bottom: 0;
}

form {
  width: 400px;
  display: flex;
}

input {
  width: 100%;
  display: flex;
  border-radius: .25em 0 0 .25em;
  border: 1px solid #aaa;
  border-right: 0;
  padding: 0.5em;
}

button {
  display: flex;
  border-radius: 0 .25em .25em 0;
  background-color: #007bff;
  border: 1px solid #007bff;
  padding: .5em;
  cursor: pointer;
  color: white;
}

button:hover {
  background-color: #0069d9;
  border-color: #0062cc;
}

a {
  color: #007bff;
  text-decoration: none;
}

a:hover {
  text-decoration: underline;
}

h4 {
  margin-bottom: .5em;
}

table td {
  padding: 0.75em;
}

table tr:hover {
  background: #eee;
}

.year {
  display: table;
}

.month {
  display: table-cell;
  padding-right: 1em;
}

ul {
  margin: 0;
  padding: 0;
  list-style: none;
}

.nick {
  padding-right: 0.6rem;
  font-weight: bold;
  text-align: right;
  width: 13rem;
  display: table-cell;
}

.nick a {
  color: inherit;
  text-decoration: none;
}

.message {
  display: table-cell;
  padding-left: 0.6rem;
  border-left: 2px solid #333;
}

.notice {
  color: #859900;
  font-style: italic;
}

.line {
  line-height: 1.8rem;
  display: table;
}

#logs {
  margin-top: 1.5rem;
  padding: 1.5rem;
}
</style></head><body><h1>IRC channel logs</h1><h2>2022-06-07.log</h2><p><a href="/bootstrappable">back to list of logs</a></p><div id="logs"><div class="line" id="022607"><span class="nick" style="color:#8dd3c7"><a href="#022607" label="[02:26:07]">&lt;muurkha&gt;</a></span><span class="message">someone (maybe Ted Nelson?) pointed out that the fact that we call computers &quot;computers&quot; is sort of a historical accident; it's rooted in the fact that the line of development that reached general-purpose computation first was funded by the War Department computing artillery tables and whatnot</span></div><div class="line" id="022706"><span class="nick" style="color:#8dd3c7"><a href="#022706" label="[02:27:06]">&lt;muurkha&gt;</a></span><span class="message">but you could imagine an alternate history in which instead it was controllers for movie marquees that reached general-purpose computation first, and then we'd call them &quot;marquees&quot; or something</span></div><div class="line" id="022842"><span class="nick" style="color:#8dd3c7"><a href="#022842" label="[02:28:42]">&lt;muurkha&gt;</a></span><span class="message">and I realized I actually touched one branch of those alternate histories in my childhood: the book I learned digital logic design from was called &quot;The Design of Switching Circuits&quot; because it was by some guys from Bell Labs, namely Keister, Ritchie, and Washburn</span></div><div class="line" id="022917"><span class="nick" style="color:#8dd3c7"><a href="#022917" label="[02:29:17]">&lt;muurkha&gt;</a></span><span class="message">(Dennis Ritchie's father, as it happens.  I sent him a heartfelt appreciation for the book and he was touched because his father had died recently)</span></div><div class="line" id="022951"><span class="nick" style="color:#8dd3c7"><a href="#022951" label="[02:29:51]">&lt;muurkha&gt;</a></span><span class="message">so from their point of view they weren't &quot;logic circuits&quot; or &quot;computing circuits&quot;, they were &quot;switching circuits&quot;</span></div><div class="line" id="023043"><span class="nick" style="color:#2e2a4a"><a href="#023043" label="[02:30:43]">&lt;vagrantc&gt;</a></span><span class="message">computer was a human profession before the precursors to what we now think of as (digital) computers</span></div><div class="line" id="023143"><span class="nick" style="color:#2e2a4a"><a href="#023143" label="[02:31:43]">&lt;vagrantc&gt;</a></span><span class="message"> <a rel="nofollow" href="https://en.wikipedia.org/wiki/Computer_">https://en.wikipedia.org/wiki/Computer_</a>(occupation) </span></div><div class="line" id="023317"><span class="nick" style="color:#8dd3c7"><a href="#023317" label="[02:33:17]">&lt;muurkha&gt;</a></span><span class="message">right, but what they did was calculations</span></div><div class="line" id="023329"><span class="nick" style="color:#8dd3c7"><a href="#023329" label="[02:33:29]">&lt;muurkha&gt;</a></span><span class="message">and our current computers mostly don't</span></div><div class="line" id="023435"><span class="nick" style="color:#8dd3c7"><a href="#023435" label="[02:34:35]">&lt;muurkha&gt;</a></span><span class="message">like, in Ur-Scheme I implemented +, -, quotient, remainder, and = for integers; I didn't even implement multiplication</span></div><div class="line" id="023500"><span class="nick" style="color:#8dd3c7"><a href="#023500" label="[02:35:00]">&lt;muurkha&gt;</a></span><span class="message">the entire compiler can compile itself (or any other Ur-Scheme program) without ever doing a multiply!</span></div><div class="line" id="023516"><span class="nick" style="color:#6b8072"><a href="#023516" label="[02:35:16]">*</a></span><span class="message">vagrantc finds it curious that in latin america computers are generally called &quot;computadora&quot; and in spain &quot;ordenador&quot; ... probably mostly due to proximity to the united states vs. france</span></div><div class="line" id="023647"><span class="nick" style="color:#8dd3c7"><a href="#023647" label="[02:36:47]">&lt;muurkha&gt;</a></span><span class="message">probably</span></div><div class="line" id="023753"><span class="nick" style="color:#80b1d3"><a href="#023753" label="[02:37:53]">&lt;tinybronca[m]&gt;</a></span><span class="message">muurkha: they don't??  What do you call the operations happening on CPU registers?</span></div><div class="line" id="023837"><span class="nick" style="color:#8dd3c7"><a href="#023837" label="[02:38:37]">&lt;muurkha&gt;</a></span><span class="message">tinybronca[m]: often you do operations like &lt;&lt;, &amp;, ^, |, &gt;&gt;, and &lt;=, which aren't calculations</span></div><div class="line" id="023906"><span class="nick" style="color:#8dd3c7"><a href="#023906" label="[02:39:06]">&lt;muurkha&gt;</a></span><span class="message">and lots of loads and stores</span></div><div class="line" id="023919"><span class="nick" style="color:#8dd3c7"><a href="#023919" label="[02:39:19]">&lt;muurkha&gt;</a></span><span class="message">but it's true that you also often do + and - and even occasionally %, /, and *</span></div><div class="line" id="024001"><span class="nick" style="color:#8dd3c7"><a href="#024001" label="[02:40:01]">&lt;muurkha&gt;</a></span><span class="message">probably the majority of + CPU operations in the majority of programs are base-offset addressing, though.  things like indexing into a stack frame, a struct, or an array</span></div><div class="line" id="024218"><span class="nick" style="color:#8dd3c7"><a href="#024218" label="[02:42:18]">&lt;muurkha&gt;</a></span><span class="message">in, for example, the PDP-8, most of those operations were done by replacing some of the bits of a base register (such as the program counter) with bits from the instruction's address field to form the effective address.  that way you don't need an adder, see!</span></div><div class="line" id="024343"><span class="nick" style="color:#8dd3c7"><a href="#024343" label="[02:43:43]">&lt;muurkha&gt;</a></span><span class="message">and you could imagine, for example, a machine using a CAM where the memory stores (entity, attribute, value) triples instead</span></div><div class="line" id="024418"><span class="nick" style="color:#8dd3c7"><a href="#024418" label="[02:44:18]">&lt;muurkha&gt;</a></span><span class="message">where maybe the attribute is an integer indicating an array offset, or maybe it's an integer naming a struct field</span></div><div class="line" id="024537"><span class="nick" style="color:#8dd3c7"><a href="#024537" label="[02:45:37]">&lt;muurkha&gt;</a></span><span class="message">(Lua pretends to be such a machine)</span></div><div class="line" id="025627"><span class="nick" style="color:#80b1d3"><a href="#025627" label="[02:56:27]">&lt;tinybronca[m]&gt;</a></span><span class="message">&lt;muurkha&gt; &quot;tinybronca: often you do...&quot; &lt;- sorry what do these operations mean?  are they ISA-agnostic?</span></div><div class="line" id="031348"><span class="nick" style="color:#8dd3c7"><a href="#031348" label="[03:13:48]">&lt;muurkha&gt;</a></span><span class="message">&lt;&lt; is left shift, &amp; is bitwise AND, ^ is bitwise XOR, | is bitwise inclusive OR, &gt;&gt; is right shift, and &lt;= is less-than-or-equal</span></div><div class="line" id="031530"><span class="nick" style="color:#8dd3c7"><a href="#031530" label="[03:15:30]">&lt;muurkha&gt;</a></span><span class="message">they're not totally ISA-agnostic but they're pretty widely supported</span></div><div class="line" id="034146"><span class="nick" style="color:#8dd3c7"><a href="#034146" label="[03:41:46]">&lt;muurkha&gt;</a></span><span class="message">like, SETUN probably didn't support most of them ;)</span></div><div class="line" id="035454"><span class="nick" style="color:#6d2462"><a href="#035454" label="[03:54:54]">&lt;pabs3&gt;</a></span><span class="message">oriansj: is that stage0 post to be considered finished/publish? there are still some instances of she/girl, while that was removed from the intro</span></div><div class="line" id="040141"><span class="nick" style="color:#8dd3c7"><a href="#040141" label="[04:01:41]">&lt;muurkha&gt;</a></span><span class="message">in 01946 Murray Leinster wrote a short story called &quot;A Logic Named Joe&quot;, which is largely about the privacy issues involved in using personal computers for social networking over the internet.  but because it was published two years before ENIAC became a stored-program computer, in the story computers are called &quot;logics&quot; rather than &quot;computers&quot;</span></div><div class="line" id="040423"><span class="nick" style="color:#234e69"><a href="#040423" label="[04:04:23]">&lt;oriansj&gt;</a></span><span class="message">pabs3: it is considered published but no writing is ever considered finished, only abandoned.</span></div><div class="line" id="055801"><span class="nick" style="color:#80b1d3"><a href="#055801" label="[05:58:01]">&lt;tinybronca[m]&gt;</a></span><span class="message">&lt;muurkha&gt; &quot;&lt;&lt; is left shift, &amp; is bitwise...&quot; &lt;- &quot;A calculation is a deliberate process that transforms one or more inputs into one or more results.&quot;  it depends on how vague your definition of &quot;calculation&quot; is...</span></div><div class="line" id="060513"><span class="nick" style="color:#8dd3c7"><a href="#060513" label="[06:05:13]">&lt;muurkha&gt;</a></span><span class="message">hmm, I think that's a very general definition of &quot;calculation&quot;</span></div><div class="line" id="060609"><span class="nick" style="color:#8dd3c7"><a href="#060609" label="[06:06:09]">&lt;muurkha&gt;</a></span><span class="message"> <a rel="nofollow" href="https://en.wiktionary.org/wiki/calculate">https://en.wiktionary.org/wiki/calculate</a>  has as its first definition &quot;(transitive, mathematics) To determine the value of something or the solution to something by a mathematical process.&quot;</span></div><div class="line" id="060654"><span class="nick" style="color:#8dd3c7"><a href="#060654" label="[06:06:54]">&lt;muurkha&gt;</a></span><span class="message">Webster says, &quot;To ascertain or determine by mathematical processes, usually by the ordinary rules of arithmetic; to reckon up; to estimate; to compute.&quot;</span></div><div class="line" id="060856"><span class="nick" style="color:#8dd3c7"><a href="#060856" label="[06:08:56]">&lt;muurkha&gt;</a></span><span class="message">I don't think bitwise AND is among the ordinary rules of arithmetic, and although *I* know it's mathematical, I've often had trouble convincing the mundanes of that :)</span></div><div class="line" id="061110"><span class="nick" style="color:#8dd3c7"><a href="#061110" label="[06:11:10]">&lt;muurkha&gt;</a></span><span class="message">and it's sort of a stretch to say it &quot;determines the value of something&quot; or &quot;determines the solution of something&quot; or &quot;ascertains&quot; something, and it doesn't &quot;estimate&quot; anything at all</span></div><div class="line" id="061135"><span class="nick" style="color:#8dd3c7"><a href="#061135" label="[06:11:35]">&lt;muurkha&gt;</a></span><span class="message">that is, it &quot;determines&quot; the result in the sense that it *causes* a particular bitvector to be written to the result register, but the sense of &quot;determine&quot; being used in these definitions is &quot;find out&quot;</span></div><div class="line" id="061141"><span class="nick" style="color:#8dd3c7"><a href="#061141" label="[06:11:41]">&lt;muurkha&gt;</a></span><span class="message">not &quot;decide&quot;</span></div><div class="line" id="061237"><span class="nick" style="color:#8dd3c7"><a href="#061237" label="[06:12:37]">&lt;muurkha&gt;</a></span><span class="message">fortunately Webster has one of his wonderful &quot;usage notes&quot; with respect to the word</span></div><div class="line" id="061334"><span class="nick" style="color:#8dd3c7"><a href="#061334" label="[06:13:34]">&lt;muurkha&gt;</a></span><span class="message">&gt; Usage: To CALCULATE, COMPUTE. RECKON, COUNT. These words indicate the means by which we arrive at a given result in regard to quantity. We calculate with a view to obtain a certain point of knowledge; as, to calculate an eclipse. We compute by combining given numbers, in order to learn the grand result. We reckon and count in carrying out the details of a computation. These words are also used</span></div><div class="line" id="061340"><span class="nick" style="color:#8dd3c7"><a href="#061340" label="[06:13:40]">&lt;muurkha&gt;</a></span><span class="message">in a secondary and figurative sense. “Calculate is rather a conjection from what is, as to what may be; computation is a rational estimate of what has been, from what is; reckoning is a conclusive conviction, a pleasing assurance that a thing will happen; counting indicates an expectation. We calculate on a gain; we compute any loss sustained, or the amount of any mischief done; we reckon on a</span></div><div class="line" id="061346"><span class="nick" style="color:#8dd3c7"><a href="#061346" label="[06:13:46]">&lt;muurkha&gt;</a></span><span class="message">promised pleasure; we count the hours and minutes until the time of enjoyment arrives” --Crabb.</span></div><div class="line" id="061441"><span class="nick" style="color:#8dd3c7"><a href="#061441" label="[06:14:41]">&lt;muurkha&gt;</a></span><span class="message">this is much, much more specific than &quot;a deliberate process that transforms one or more inputs into one or more results.&quot;</span></div><div class="line" id="061921"><span class="nick" style="color:#8dd3c7"><a href="#061921" label="[06:19:21]">&lt;muurkha&gt;</a></span><span class="message">now, this is very much what &quot;computers&quot; such as the ENIAC, the EDVAC, and the Manchester Mark 1 were designed for: they were for finding things out, such as where artillery shells would fall, whether a hydrogen bomb would explode, or what the next Mersenne prime was</span></div><div class="line" id="062037"><span class="nick" style="color:#8dd3c7"><a href="#062037" label="[06:20:37]">&lt;muurkha&gt;</a></span><span class="message">the Z3 was used to find out which forms of airfoils would flutter dangerously when flown</span></div><div class="line" id="062127"><span class="nick" style="color:#8dd3c7"><a href="#062127" label="[06:21:27]">&lt;muurkha&gt;</a></span><span class="message">these are &quot;a conjection from what is, as to what may be&quot; and &quot;a rational estimate of what has been, from what is&quot;.</span></div><div class="line" id="062237"><span class="nick" style="color:#8dd3c7"><a href="#062237" label="[06:22:37]">&lt;muurkha&gt;</a></span><span class="message">and they are &quot;in regard to quantity&quot;</span></div><div class="line" id="062415"><span class="nick" style="color:#8dd3c7"><a href="#062415" label="[06:24:15]">&lt;muurkha&gt;</a></span><span class="message">but grep, irssi (my IRC client), gcc, Emacs, bash, xpdf, wget, and rm do not normally do such things.</span></div><div class="line" id="062549"><span class="nick" style="color:#6d2462"><a href="#062549" label="[06:25:49]">&lt;pabs3&gt;</a></span><span class="message">oriansj: ok, maybe s/she/we/ and s/girl/us/? also for some reason my browser wants to download it instead of display it...</span></div><div class="line" id="062607"><span class="nick" style="color:#6d2462"><a href="#062607" label="[06:26:07]">&lt;pabs3&gt;</a></span><span class="message">er s/our girl/us/</span></div><div class="line" id="063226"><span class="nick" style="color:#8dd3c7"><a href="#063226" label="[06:32:26]">&lt;muurkha&gt;</a></span><span class="message">tinybronca[m]: with respect to Netflix's storage devices and network architecture, <a rel="nofollow" href="https://www.youtube.com/watch?v=_o-HcG8QxPc">https://www.youtube.com/watch?v=_o-HcG8QxPc</a>  is a recent presentation on how Netflix does things</span></div><div class="line" id="113011"><span class="nick" style="color:#6c3d55"><a href="#113011" label="[11:30:11]">&lt;ekaitz&gt;</a></span><span class="message">hi, does anyone know about the status of the riscv assembler on tinyCC?</span></div><div class="line" id="113101"><span class="nick" style="color:#6c3d55"><a href="#113101" label="[11:31:01]">&lt;ekaitz&gt;</a></span><span class="message">did anyone try to assemble a riscv assembly file from an amd64 machine?</span></div><div class="line" id="114149"><span class="nick" style="color:#d9d9d9"><a href="#114149" label="[11:41:49]">&lt;Irvise_&gt;</a></span><span class="message">ekaitz: AFAIK, there is a RV64 backend for quite some time. I would expect it to work. I do not know if it can do RV32 nor if it can be compiled to xcompile...</span></div><div class="line" id="114321"><span class="nick" style="color:#6c3d55"><a href="#114321" label="[11:43:21]">&lt;ekaitz&gt;</a></span><span class="message">Irvise_: there's a rv64 backend but I'm unable to assemble anything, it's like it doesn't recognize instructions</span></div><div class="line" id="114357"><span class="nick" style="color:#d9d9d9"><a href="#114357" label="[11:43:57]">&lt;Irvise_&gt;</a></span><span class="message">ekaitz: I suppose you are using the development branch, are you?</span></div><div class="line" id="114449"><span class="nick" style="color:#6c3d55"><a href="#114449" label="[11:44:49]">&lt;ekaitz&gt;</a></span><span class="message">I'm on mob branch</span></div><div class="line" id="114746"><span class="nick" style="color:#d9d9d9"><a href="#114746" label="[11:47:46]">&lt;Irvise_&gt;</a></span><span class="message">Then if it is not working on the mob branch, I will let others chime in.</span></div><div class="line" id="114854"><span class="nick" style="color:#6c3d55"><a href="#114854" label="[11:48:54]">&lt;ekaitz&gt;</a></span><span class="message">:)</span></div><div class="line" id="141906"><span class="nick">***</span><span class="message notice">blockhead_ is now known as blockhead</span></div><div class="line" id="205044"><span class="nick">***</span><span class="message notice">dnm_ is now known as dnm</span></div><div class="line" id="210945"><span class="nick" style="color:#8dd3c7"><a href="#210945" label="[21:09:45]">&lt;muurkha&gt;</a></span><span class="message">have a solemn Alan Turing Day</span></div><div class="line" id="211617"><span class="nick" style="color:#2e2a4a"><a href="#211617" label="[21:16:17]">&lt;vagrantc&gt;</a></span><span class="message">why is it alan turing day?</span></div><div class="line" id="211736"><span class="nick" style="color:#2e2a4a"><a href="#211736" label="[21:17:36]">&lt;vagrantc&gt;</a></span><span class="message">memorial of, i guess</span></div><div class="line" id="211752"><span class="nick" style="color:#8dd3c7"><a href="#211752" label="[21:17:52]">&lt;muurkha&gt;</a></span><span class="message">this is the day he committed suicide</span></div><div class="line" id="211857"><span class="nick" style="color:#bc80bd"><a href="#211857" label="[21:18:57]">&lt;unmatched-paren&gt;</a></span><span class="message">7 June 1954 (aged 41)</span></div><div class="line" id="211857"><span class="nick" style="color:#bc80bd"><a href="#211857" label="[21:18:57]">&lt;unmatched-paren&gt;</a></span><span class="message">Wilmslow, Cheshire, England</span></div><div class="line" id="224759"><span class="nick">***</span><span class="message notice">janus__ is now known as janus</span></div><br /></div></body></html>