<!DOCTYPE html><html><head><title>IRC channel logs</title><style>html {
  background: #fdfdfd;
}

h1 {
  font-weight: 300;
}

h2 {
  font-weight: 200;
}

h3 {
  padding: .5em 0;
  border-top: 3px dotted #ddd;
  margin-bottom: 0;
}

form {
  width: 400px;
  display: flex;
}

input {
  width: 100%;
  display: flex;
  border-radius: .25em 0 0 .25em;
  border: 1px solid #aaa;
  border-right: 0;
  padding: 0.5em;
}

button {
  display: flex;
  border-radius: 0 .25em .25em 0;
  background-color: #007bff;
  border: 1px solid #007bff;
  padding: .5em;
  cursor: pointer;
  color: white;
}

button:hover {
  background-color: #0069d9;
  border-color: #0062cc;
}

a {
  color: #007bff;
  text-decoration: none;
}

a:hover {
  text-decoration: underline;
}

h4 {
  margin-bottom: .5em;
}

table td {
  padding: 0.75em;
}

table tr:hover {
  background: #eee;
}

.year {
  display: table;
}

.month {
  display: table-cell;
  padding-right: 1em;
}

ul {
  margin: 0;
  padding: 0;
  list-style: none;
}

.nick {
  padding-right: 0.6rem;
  font-weight: bold;
  text-align: right;
  width: 13rem;
  display: table-cell;
}

.nick a {
  color: inherit;
  text-decoration: none;
}

.message {
  display: table-cell;
  padding-left: 0.6rem;
  border-left: 2px solid #333;
}

.notice {
  color: #859900;
  font-style: italic;
}

.line {
  line-height: 1.8rem;
  display: table;
}

#logs {
  margin-top: 1.5rem;
  padding: 1.5rem;
}
</style></head><body><h1>IRC channel logs</h1><h2>2022-04-11.log</h2><p><a href="/bootstrappable">back to list of logs</a></p><div id="logs"><div class="line" id="021615"><span class="nick" style="color:#8dd3c7"><a href="#021615" label="[02:16:15]">&lt;oriansj&gt;</a></span><span class="message">unmatched-paren: if you are familiar with assembly you can just do: rasm2 -a x86 -d '1ABCDEF0123456' and rasm2 -a x86 'add eax, ebx' to get the encoding information you need for M1</span></div><div class="line" id="021641"><span class="nick" style="color:#8dd3c7"><a href="#021641" label="[02:16:41]">&lt;oriansj&gt;</a></span><span class="message">But if you are talking about syscall details, you can find that in M2libc in each respective architecture's folder</span></div><div class="line" id="021833"><span class="nick" style="color:#8dd3c7"><a href="#021833" label="[02:18:33]">&lt;oriansj&gt;</a></span><span class="message">one only needs to know an architecture's turing core: load from memory, store to memory, subtract, jump if zero; the rest is just an optimization</span></div><div class="line" id="094712"><span class="nick" style="color:#2e2a4a"><a href="#094712" label="[09:47:12]">&lt;unmatched-paren&gt;</a></span><span class="message">oriansj: where is this rasm2 command from? it doesn't seem to be in binutils...</span></div><div class="line" id="094735"><span class="nick" style="color:#2e2a4a"><a href="#094735" label="[09:47:35]">&lt;unmatched-paren&gt;</a></span><span class="message">there's no package called `rasm2' in guix</span></div><div class="line" id="094801"><span class="nick" style="color:#2e2a4a"><a href="#094801" label="[09:48:01]">&lt;unmatched-paren&gt;</a></span><span class="message">not in `nasm' either</span></div><div class="line" id="101939"><span class="nick" style="color:#2e2a4a"><a href="#101939" label="[10:19:39]">&lt;unmatched-paren&gt;</a></span><span class="message">oh, i see, it's part of `radare2'</span></div><br /></div></body></html>