<!DOCTYPE html><html><head><title>IRC channel logs</title><style>html {
  background: #fdfdfd;
}

h1 {
  font-weight: 300;
}

h2 {
  font-weight: 200;
}

h3 {
  padding: .5em 0;
  border-top: 3px dotted #ddd;
  margin-bottom: 0;
}

form {
  width: 400px;
  display: flex;
}

input {
  width: 100%;
  display: flex;
  border-radius: .25em 0 0 .25em;
  border: 1px solid #aaa;
  border-right: 0;
  padding: 0.5em;
}

button {
  display: flex;
  border-radius: 0 .25em .25em 0;
  background-color: #007bff;
  border: 1px solid #007bff;
  padding: .5em;
  cursor: pointer;
  color: white;
}

button:hover {
  background-color: #0069d9;
  border-color: #0062cc;
}

a {
  color: #007bff;
  text-decoration: none;
}

a:hover {
  text-decoration: underline;
}

h4 {
  margin-bottom: .5em;
}

table td {
  padding: 0.75em;
}

table tr:hover {
  background: #eee;
}

.year {
  display: table;
}

.month {
  display: table-cell;
  padding-right: 1em;
}

ul {
  margin: 0;
  padding: 0;
  list-style: none;
}

.nick {
  padding-right: 0.6rem;
  font-weight: bold;
  text-align: right;
  width: 13rem;
  display: table-cell;
}

.nick a {
  color: inherit;
  text-decoration: none;
}

.message {
  display: table-cell;
  padding-left: 0.6rem;
  border-left: 2px solid #333;
}

.notice {
  color: #859900;
  font-style: italic;
}

.line {
  line-height: 1.8rem;
  display: table;
}

#logs {
  margin-top: 1.5rem;
  padding: 1.5rem;
}
</style></head><body><h1>IRC channel logs</h1><h2>2022-01-24.log</h2><p><a href="/bootstrappable">back to list of logs</a></p><div id="logs"><div class="line" id="001803"><span class="nick" style="color:#389600"><a href="#001803" label="[00:18:03]">&lt;oriansj&gt;</a></span><span class="message">stikonas: ok, what sort of issues.</span></div><div class="line" id="002415"><span class="nick" style="color:#8dd3c7"><a href="#002415" label="[00:24:15]">&lt;stikonas&gt;</a></span><span class="message">oriansj: well, one is that M2LIBC_PATH is ignored</span></div><div class="line" id="002419"><span class="nick" style="color:#8dd3c7"><a href="#002419" label="[00:24:19]">&lt;stikonas&gt;</a></span><span class="message">or I can't get it to work</span></div><div class="line" id="002427"><span class="nick" style="color:#8dd3c7"><a href="#002427" label="[00:24:27]">&lt;stikonas&gt;</a></span><span class="message">and the others are probably crashes</span></div><div class="line" id="002456"><span class="nick" style="color:#8dd3c7"><a href="#002456" label="[00:24:56]">&lt;stikonas&gt;</a></span><span class="message">if I run this command &quot;M2LIBC_PATH=../M2libc PATH=../AMD64/bin ../AMD64/bin/M2-Mesoplanet -f sha256sum.c -o ../AMD64/bin/sha256sum&quot;</span></div><div class="line" id="002518"><span class="nick" style="color:#8dd3c7"><a href="#002518" label="[00:25:18]">&lt;stikonas&gt;</a></span><span class="message">using the versions from <a rel="nofollow" href="https://github.com/stikonas/stage0-posix">https://github.com/stikonas/stage0-posix</a> </span></div><div class="line" id="002537"><span class="nick" style="color:#8dd3c7"><a href="#002537" label="[00:25:37]">&lt;stikonas&gt;</a></span><span class="message">then I get reading file: &lt;string.h&gt;</span></div><div class="line" id="002538"><span class="nick" style="color:#8dd3c7"><a href="#002538" label="[00:25:38]">&lt;stikonas&gt;</a></span><span class="message">unable to read file: &lt;string.h&gt;</span></div><div class="line" id="024748"><span class="nick" style="color:#389600"><a href="#024748" label="[02:47:48]">&lt;oriansj&gt;</a></span><span class="message">stikonas: ok M2LIBC_PATH right now is stupid, it only supports one target not multiple</span></div><div class="line" id="030007"><span class="nick" style="color:#389600"><a href="#030007" label="[03:00:07]">&lt;oriansj&gt;</a></span><span class="message">and it looks like I am an idiot who also hard-coded the path in cc_reader.c</span></div><div class="line" id="031149"><span class="nick" style="color:#389600"><a href="#031149" label="[03:11:49]">&lt;oriansj&gt;</a></span><span class="message">and the only M2libc file that needs to be treated special is #include &quot;M2libc/bootstrappable.h&quot;</span></div><div class="line" id="032633"><span class="nick" style="color:#389600"><a href="#032633" label="[03:26:33]">&lt;oriansj&gt;</a></span><span class="message">ok, the needed fix is up</span></div><div class="line" id="032715"><span class="nick" style="color:#389600"><a href="#032715" label="[03:27:15]">&lt;oriansj&gt;</a></span><span class="message">both -I (prior to a -f) and the M2LIBC_PATH environment variable are respected</span></div><div class="line" id="032908"><span class="nick" style="color:#389600"><a href="#032908" label="[03:29:08]">&lt;oriansj&gt;</a></span><span class="message">so if one wanted to get tricky they could do -I ../foo1 -f a.c -I ../foo2 -f b.c ... -I ../fooN -f zN.c and each would be using a different libc; which would make things quite messy, so you'd probably want to avoid that</span></div><div class="line" id="033015"><span class="nick" style="color:#389600"><a href="#033015" label="[03:30:15]">&lt;oriansj&gt;</a></span><span class="message">and &quot;M2libc/bootstrappable.h&quot; is special cased simply because &lt;bootstrappable.h&gt; isn't valid for any other libc</span></div><div class="line" id="033206"><span class="nick" style="color:#389600"><a href="#033206" label="[03:32:06]">&lt;oriansj&gt;</a></span><span class="message">although it would be a rather minimal libbootstrappable.a to distribute</span></div><div class="line" id="233220"><span class="nick" style="color:#389600"><a href="#233220" label="[23:32:20]">&lt;oriansj&gt;</a></span><span class="message">or do you think a better idea is to do #ifdef __M2__ #include &lt;bootstrappable.h&gt; #else #include &quot;M2libc/bootstrappable.h&quot; #endif instead</span></div><div class="line" id="234525"><span class="nick" style="color:#8dd3c7"><a href="#234525" label="[23:45:25]">&lt;stikonas&gt;</a></span><span class="message">hmm, not sure yet, I'll try to get mescc-tools-extra working first, haven't looked at it yet today</span></div><div class="line" id="234904"><span class="nick" style="color:#8dd3c7"><a href="#234904" label="[23:49:04]">&lt;stikonas&gt;</a></span><span class="message">maybe just leave it as it is</span></div><div class="line" id="234913"><span class="nick" style="color:#8dd3c7"><a href="#234913" label="[23:49:13]">&lt;stikonas&gt;</a></span><span class="message">I think that part is working now that I've pulled in your latest commit</span></div><br /></div></body></html>