<!DOCTYPE html><html><head><title>IRC channel logs</title><style>html {
  background: #fdfdfd;
}

h1 {
  font-weight: 300;
}

h2 {
  font-weight: 200;
}

h3 {
  padding: .5em 0;
  border-top: 3px dotted #ddd;
  margin-bottom: 0;
}

form {
  width: 400px;
  display: flex;
}

input {
  width: 100%;
  display: flex;
  border-radius: .25em 0 0 .25em;
  border: 1px solid #aaa;
  border-right: 0;
  padding: 0.5em;
}

button {
  display: flex;
  border-radius: 0 .25em .25em 0;
  background-color: #007bff;
  border: 1px solid #007bff;
  padding: .5em;
  cursor: pointer;
  color: white;
}

button:hover {
  background-color: #0069d9;
  border-color: #0062cc;
}

a {
  color: #007bff;
  text-decoration: none;
}

a:hover {
  text-decoration: underline;
}

h4 {
  margin-bottom: .5em;
}

table td {
  padding: 0.75em;
}

table tr:hover {
  background: #eee;
}

.year {
  display: table;
}

.month {
  display: table-cell;
  padding-right: 1em;
}

ul {
  margin: 0;
  padding: 0;
  list-style: none;
}

.nick {
  padding-right: 0.6rem;
  font-weight: bold;
  text-align: right;
  width: 13rem;
  display: table-cell;
}

.nick a {
  color: inherit;
  text-decoration: none;
}

.message {
  display: table-cell;
  padding-left: 0.6rem;
  border-left: 2px solid #333;
}

.notice {
  color: #859900;
  font-style: italic;
}

.line {
  line-height: 1.8rem;
  display: table;
}

#logs {
  margin-top: 1.5rem;
  padding: 1.5rem;
}
</style></head><body><h1>IRC channel logs</h1><h2>2022-08-27.log</h2><p><a href="/bootstrappable">back to list of logs</a></p><div id="logs"><div class="line" id="042056"><span class="nick" style="color:#8dd3c7"><a href="#042056" label="[04:20:56]">&lt;oriansj&gt;</a></span><span class="message">now this is an interesting idea: <a rel="nofollow" href="https://gist.github.com/median-man/3a7c4324005e96f02691f3a20aeac26b">https://gist.github.com/median-man/3a7c4324005e96f02691f3a20aeac26b</a>  default commit templates as part of git repo</span></div><div class="line" id="043229"><span class="nick" style="color:#8dd3c7"><a href="#043229" label="[04:32:29]">&lt;oriansj&gt;</a></span><span class="message">anyone know of a really good template?</span></div><div class="line" id="043323"><span class="nick" style="color:#8dd3c7"><a href="#043323" label="[04:33:23]">&lt;oriansj&gt;</a></span><span class="message">it literally it just add a .gitmessage file with the desired template and git config commit.template '.gitmessage'</span></div><div class="line" id="043353"><span class="nick" style="color:#8dd3c7"><a href="#043353" label="[04:33:53]">&lt;oriansj&gt;</a></span><span class="message">when commiting it shows up but all of the commented lines are dropped when the message is commited.</span></div><div class="line" id="060248"><span class="nick" style="color:#8dd3c7"><a href="#060248" label="[06:02:48]">&lt;oriansj&gt;</a></span><span class="message">well I've opted to create a sourcehut account</span></div><div class="line" id="063735"><span class="nick" style="color:#8dd3c7"><a href="#063735" label="[06:37:35]">&lt;oriansj&gt;</a></span><span class="message">and as promised, I will be creating a dotfiles repo for sharing and after some work my notes too</span></div><div class="line" id="065054"><span class="nick" style="color:#8dd3c7"><a href="#065054" label="[06:50:54]">&lt;oriansj&gt;</a></span><span class="message">which looks like no one but me cares about</span></div><div class="line" id="070026"><span class="nick" style="color:#2e2a4a"><a href="#070026" label="[07:00:26]">&lt;fossy&gt;</a></span><span class="message">there are many ways to template git messages</span></div><div class="line" id="070056"><span class="nick" style="color:#2e2a4a"><a href="#070056" label="[07:00:56]">&lt;fossy&gt;</a></span><span class="message">its very important in larger git repos</span></div><div class="line" id="143034"><span class="nick" style="color:#8dd3c7"><a href="#143034" label="[14:30:34]">&lt;oriansj&gt;</a></span><span class="message">fossy: fair, just seems like a good idea to include the template in the repo which it is to be used in.</span></div><div class="line" id="175535"><span class="nick" style="color:#8dd3c7"><a href="#175535" label="[17:55:35]">&lt;oriansj&gt;</a></span><span class="message">and now people can judge my config harshly: <a rel="nofollow" href="https://git.sr.ht/~oriansj/config">https://git.sr.ht/~oriansj/config</a> </span></div><div class="line" id="175608"><span class="nick" style="color:#8dd3c7"><a href="#175608" label="[17:56:08]">&lt;oriansj&gt;</a></span><span class="message">I'll probably have some cleanup and missing bits to sort out too</span></div><div class="line" id="184624"><span class="nick" style="color:#8dd3c7"><a href="#184624" label="[18:46:24]">&lt;oriansj&gt;</a></span><span class="message">and I'm gonna setup a mirror of the wiki on sourcehut too as part of a project called bootstrappable</span></div><div class="line" id="185943"><span class="nick" style="color:#8dd3c7"><a href="#185943" label="[18:59:43]">&lt;oriansj&gt;</a></span><span class="message">well the wiki clone looks ugly: <a rel="nofollow" href="https://man.sr.ht/~oriansj/bootstrappable/">https://man.sr.ht/~oriansj/bootstrappable/</a> </span></div><div class="line" id="190008"><span class="nick" style="color:#8dd3c7"><a href="#190008" label="[19:00:08]">&lt;oriansj&gt;</a></span><span class="message">now how to grant write access?</span></div><div class="line" id="193925"><span class="nick" style="color:#6b8072"><a href="#193925" label="[19:39:25]">&lt;theruran&gt;</a></span><span class="message">is there a DOT diagram of the bootstrap path from hex0 to GCC?</span></div><div class="line" id="194037"><span class="nick" style="color:#8dd3c7"><a href="#194037" label="[19:40:37]">&lt;oriansj&gt;</a></span><span class="message">theruran: yeah: <a rel="nofollow" href="https://github.com/oriansj/talk-notes/blob/master/live-bootstrap.dot">https://github.com/oriansj/talk-notes/blob/master/live-bootstrap.dot</a>  (it is a little old but it is largely correct)</span></div><div class="line" id="194148"><span class="nick" style="color:#8dd3c7"><a href="#194148" label="[19:41:48]">&lt;oriansj&gt;</a></span><span class="message">I probably should start unifying the bootstrap notes I have with the wiki</span></div><div class="line" id="194323"><span class="nick" style="color:#8dd3c7"><a href="#194323" label="[19:43:23]">&lt;oriansj&gt;</a></span><span class="message">which reminds me ekaitz I don't think ever got a pull for your fosdem 2022 talk slides to add to the bootstrapping talk list</span></div><div class="line" id="194515"><span class="nick" style="color:#6b8072"><a href="#194515" label="[19:45:15]">&lt;theruran&gt;</a></span><span class="message">oriansj: christ. yep, this is what I was looking for. Thanks!</span></div><div class="line" id="194633"><span class="nick" style="color:#80b1d3"><a href="#194633" label="[19:46:33]">&lt;ekaitz&gt;</a></span><span class="message">oriansj: oh i didn't think about adding that there</span></div><div class="line" id="194710"><span class="nick" style="color:#80b1d3"><a href="#194710" label="[19:47:10]">&lt;ekaitz&gt;</a></span><span class="message">oriansj: feel free to add it! <a rel="nofollow" href="https://fosdem.org/2022/schedule/event/riscvadventures/">https://fosdem.org/2022/schedule/event/riscvadventures/</a> </span></div><div class="line" id="194716"><span class="nick" style="color:#80b1d3"><a href="#194716" label="[19:47:16]">&lt;ekaitz&gt;</a></span><span class="message">or should I do it myself?</span></div><div class="line" id="194916"><span class="nick" style="color:#8dd3c7"><a href="#194916" label="[19:49:16]">&lt;oriansj&gt;</a></span><span class="message">I can do it in a couple hours but if you do it before then, I'll be certain to merge your improvements ^_^</span></div><div class="line" id="195008"><span class="nick" style="color:#80b1d3"><a href="#195008" label="[19:50:08]">&lt;ekaitz&gt;</a></span><span class="message">oriansj: I'm trying to stay out of the screen now, so feel free to do it :)</span></div><div class="line" id="215245"><span class="nick" style="color:#8dd3c7"><a href="#215245" label="[21:52:45]">&lt;oriansj&gt;</a></span><span class="message">ekaitz: ok</span></div><div class="line" id="215835"><span class="nick" style="color:#6d2462"><a href="#215835" label="[21:58:35]">&lt;aggi&gt;</a></span><span class="message">gladly, it is still possible to use perl-5.8.6, only two minor patches to pass with autoconf-2.7 and some latest automake version</span></div><div class="line" id="215917"><span class="nick" style="color:#6d2462"><a href="#215917" label="[21:59:17]">&lt;aggi&gt;</a></span><span class="message">meaning, perl-5.8.6 can both be bootstrapped with tcc-toolchain. and it still works with gentoo and the package set chosen</span></div><div class="line" id="220306"><span class="nick" style="color:#6d2462"><a href="#220306" label="[22:03:06]">&lt;aggi&gt;</a></span><span class="message">at least the the entire package set of ~600 builds passed compilation with this, and wherever autoreconf is called, which it is very often</span></div><div class="line" id="220730"><span class="nick" style="color:#6d2462"><a href="#220730" label="[22:07:30]">&lt;aggi&gt;</a></span><span class="message">GNU gettext too was a trouble source with tcc-toolchain, it's completely removed now, only a dozen minor hacks, not require compile-time nor run-time anymore</span></div><div class="line" id="220837"><span class="nick" style="color:#6d2462"><a href="#220837" label="[22:08:37]">&lt;aggi&gt;</a></span><span class="message">almost done with the gcc47-toolchain freeze and archival, and the entire distro for this</span></div><div class="line" id="221113"><span class="nick" style="color:#6d2462"><a href="#221113" label="[22:11:13]">&lt;aggi&gt;</a></span><span class="message">i'll re-try tcc-toolchain with arm-tcc this night, to emit a mes-libc/toybox userspace compiled/linked/assembled without any GNU gcc/binutils</span></div><div class="line" id="234036"><span class="nick" style="color:#8dd3c7"><a href="#234036" label="[23:40:36]">&lt;oriansj&gt;</a></span><span class="message">now the real question is should I publish my whole Dr Stone-like notes collection or just those I think people will probably find interesting</span></div><div class="line" id="234450"><span class="nick" style="color:#234e69"><a href="#234450" label="[23:44:50]">&lt;vagrantc&gt;</a></span><span class="message">/30/30</span></div><div class="line" id="234637"><span class="nick" style="color:#8dd3c7"><a href="#234637" label="[23:46:37]">&lt;oriansj&gt;</a></span><span class="message">vagrantc: ???</span></div><div class="line" id="234658"><span class="nick" style="color:#234e69"><a href="#234658" label="[23:46:58]">&lt;vagrantc&gt;</a></span><span class="message">oriansj: channel-switching typo, sorry :)</span></div><div class="line" id="234722"><span class="nick" style="color:#8dd3c7"><a href="#234722" label="[23:47:22]">&lt;oriansj&gt;</a></span><span class="message">lol</span></div><div class="line" id="234757"><span class="nick" style="color:#6c3d55"><a href="#234757" label="[23:47:57]">&lt;unmatched-paren&gt;</a></span><span class="message">oriansj: You should probably convert those == ... == headers to ## ...</span></div><div class="line" id="234805"><span class="nick" style="color:#6c3d55"><a href="#234805" label="[23:48:05]">&lt;unmatched-paren&gt;</a></span><span class="message">or # ... for top-level headers i guess</span></div><div class="line" id="234823"><span class="nick" style="color:#6c3d55"><a href="#234823" label="[23:48:23]">&lt;unmatched-paren&gt;</a></span><span class="message">Also, iirc sourcehut supports autogenerating TOCs</span></div><div class="line" id="234842"><span class="nick" style="color:#6c3d55"><a href="#234842" label="[23:48:42]">&lt;unmatched-paren&gt;</a></span><span class="message"> <a rel="nofollow" href="https://man.sr.ht/man.sr.ht/">https://man.sr.ht/man.sr.ht/</a>  &lt;- very meta :)</span></div><div class="line" id="234852"><span class="nick" style="color:#6c3d55"><a href="#234852" label="[23:48:52]">&lt;unmatched-paren&gt;</a></span><span class="message"> <a rel="nofollow" href="https://man.sr.ht/meta.sr.ht/">https://man.sr.ht/meta.sr.ht/</a>  &lt;- even more meta... :P</span></div><div class="line" id="234914"><span class="nick" style="color:#6c3d55"><a href="#234914" label="[23:49:14]">&lt;unmatched-paren&gt;</a></span><span class="message">Hmm, looks like the TOC is enabled by default</span></div><div class="line" id="235026"><span class="nick" style="color:#6c3d55"><a href="#235026" label="[23:50:26]">&lt;unmatched-paren&gt;</a></span><span class="message">it should look something like <a rel="nofollow" href="https://paste.sr.ht/~unmatched-paren/17658713bc069a6c40525724df55b558da03bae5">https://paste.sr.ht/~unmatched-paren/17658713bc069a6c40525724df55b558da03bae5</a> </span></div><div class="line" id="235039"><span class="nick" style="color:#6c3d55"><a href="#235039" label="[23:50:39]">&lt;unmatched-paren&gt;</a></span><span class="message">sorry, <a rel="nofollow" href="https://paste.sr.ht/blob/a5bdd258fc9a916fd4e72c62ff00dc8cb1cf7260">https://paste.sr.ht/blob/a5bdd258fc9a916fd4e72c62ff00dc8cb1cf7260</a> </span></div><div class="line" id="235051"><span class="nick" style="color:#6c3d55"><a href="#235051" label="[23:50:51]">&lt;unmatched-paren&gt;</a></span><span class="message">using name: instead of a toplevel header</span></div><div class="line" id="235256"><span class="nick" style="color:#8dd3c7"><a href="#235256" label="[23:52:56]">&lt;oriansj&gt;</a></span><span class="message">unmatched-paren: yeah, I just did a raw copy and paste from the current bootstrap wiki without any format changes</span></div><div class="line" id="235341"><span class="nick" style="color:#8dd3c7"><a href="#235341" label="[23:53:41]">&lt;oriansj&gt;</a></span><span class="message">so I have a good bit to clean up, unless someone wants me to assign them write permissions and then I'll gladly do that instead</span></div><div class="line" id="235618"><span class="nick" style="color:#6c3d55"><a href="#235618" label="[23:56:18]">&lt;unmatched-paren&gt;</a></span><span class="message">I'll clean it up if you wish</span></div><div class="line" id="235752"><span class="nick" style="color:#8dd3c7"><a href="#235752" label="[23:57:52]">&lt;oriansj&gt;</a></span><span class="message">unmatched-paren: you now have read/write access ^_^</span></div><div class="line" id="235758"><span class="nick" style="color:#6c3d55"><a href="#235758" label="[23:57:58]">&lt;unmatched-paren&gt;</a></span><span class="message">okee</span></div><div class="line" id="235811"><span class="nick" style="color:#d9d9d9"><a href="#235811" label="[23:58:11]">*</a></span><span class="message">unmatched-paren git clone</span></div><div class="line" id="235849"><span class="nick" style="color:#8dd3c7"><a href="#235849" label="[23:58:49]">&lt;oriansj&gt;</a></span><span class="message">(anyone here to wants write access to the wiki can get it)</span></div><br /></div></body></html>