<!DOCTYPE html><html><head><title>IRC channel logs</title><style>html {
  background: #fdfdfd;
}

h1 {
  font-weight: 300;
}

h2 {
  font-weight: 200;
}

h3 {
  padding: .5em 0;
  border-top: 3px dotted #ddd;
  margin-bottom: 0;
}

form {
  width: 400px;
  display: flex;
}

input {
  width: 100%;
  display: flex;
  border-radius: .25em 0 0 .25em;
  border: 1px solid #aaa;
  border-right: 0;
  padding: 0.5em;
}

button {
  display: flex;
  border-radius: 0 .25em .25em 0;
  background-color: #007bff;
  border: 1px solid #007bff;
  padding: .5em;
  cursor: pointer;
  color: white;
}

button:hover {
  background-color: #0069d9;
  border-color: #0062cc;
}

a {
  color: #007bff;
  text-decoration: none;
}

a:hover {
  text-decoration: underline;
}

h4 {
  margin-bottom: .5em;
}

table td {
  padding: 0.75em;
}

table tr:hover {
  background: #eee;
}

.year {
  display: table;
}

.month {
  display: table-cell;
  padding-right: 1em;
}

ul {
  margin: 0;
  padding: 0;
  list-style: none;
}

.nick {
  padding-right: 0.6rem;
  font-weight: bold;
  text-align: right;
  width: 13rem;
  display: table-cell;
}

.nick a {
  color: inherit;
  text-decoration: none;
}

.message {
  display: table-cell;
  padding-left: 0.6rem;
  border-left: 2px solid #333;
}

.notice {
  color: #859900;
  font-style: italic;
}

.line {
  line-height: 1.8rem;
  display: table;
}

#logs {
  margin-top: 1.5rem;
  padding: 1.5rem;
}
</style></head><body><h1>IRC channel logs</h1><h2>2022-06-01.log</h2><p><a href="/bootstrappable">back to list of logs</a></p><div id="logs"><div class="line" id="000546"><span class="nick" style="color:#389600"><a href="#000546" label="[00:05:46]">&lt;stikonas[m]&gt;</a></span><span class="message">OK, normal mode works though --repo mode might be broken</span></div><div class="line" id="030925"><span class="nick" style="color:#2e2a4a"><a href="#030925" label="[03:09:25]">&lt;Hagfish&gt;</a></span><span class="message"> <a rel="nofollow" href="https://news.ycombinator.com/item?id=31575765#31576741">https://news.ycombinator.com/item?id=31575765#31576741</a>  &quot;On the list of things that we are exploring ways to improve on in the future: ... Moving to open UEFI/BIOS solutions.&quot;</span></div><div class="line" id="031038"><span class="nick" style="color:#2e2a4a"><a href="#031038" label="[03:10:38]">&lt;Hagfish&gt;</a></span><span class="message">i would have thought that was easier than open hardware designs, but at least it's on the list of things they are &quot;exploring&quot;</span></div><div class="line" id="032235"><span class="nick" style="color:#6b8072"><a href="#032235" label="[03:22:35]">&lt;oriansj&gt;</a></span><span class="message">Hagfish: coreboot or libreboot support would have been a better firmware direction but it is up to them to do that work and thus all I can say is atleast it is progress.</span></div><div class="line" id="032813"><span class="nick" style="color:#6b8072"><a href="#032813" label="[03:28:13]">&lt;oriansj&gt;</a></span><span class="message">relative to where they previously existed.</span></div><div class="line" id="041631"><span class="nick" style="color:#80b1d3"><a href="#041631" label="[04:16:31]">&lt;tinybronca[m]&gt;</a></span><span class="message">&lt;muurkha&gt; &quot;tinybronca: when we say that...&quot; &lt;- Weird, I thought 130nm meant the half-pitch between identical features was that wide</span></div><div class="line" id="041855"><span class="nick" style="color:#80b1d3"><a href="#041855" label="[04:18:55]">&lt;tinybronca[m]&gt;</a></span><span class="message">&lt;Hagfish&gt; &quot;i would have thought that was...&quot; &lt;- I don't wanna buy more Intel gear personally I will not buy Framework</span></div><div class="line" id="050946"><span class="nick" style="color:#2e2a4a"><a href="#050946" label="[05:09:46]">&lt;Hagfish&gt;</a></span><span class="message">yeah, that's another way they could set a good example, but they have to pick their battles i guess</span></div><div class="line" id="051500"><span class="nick" style="color:#80b1d3"><a href="#051500" label="[05:15:00]">&lt;tinybronca[m]&gt;</a></span><span class="message">&quot;pick your battle&quot; eehhh continuing Intel dominance is not helping</span></div><div class="line" id="144012"><span class="nick" style="color:#6d2462"><a href="#144012" label="[14:40:12]">&lt;muurkha&gt;</a></span><span class="message"> <a rel="nofollow" href="https://en.wikipedia.org/wiki/Transistor_count">https://en.wikipedia.org/wiki/Transistor_count</a>  maybe is a more reliable way to estimate: PIII Tualatin was 45 million transistors in 81 mm² in 130nm, thus 556,000 transistors per mm²; Itanium 2 was 592 million transistors in 432 mm², thus 1.37 million transistors per mm²</span></div><div class="line" id="144033"><span class="nick" style="color:#6d2462"><a href="#144033" label="[14:40:33]">&lt;muurkha&gt;</a></span><span class="message">also in 130nm</span></div><div class="line" id="144042"><span class="nick" style="color:#6d2462"><a href="#144042" label="[14:40:42]">&lt;muurkha&gt;</a></span><span class="message">by coincidence this happens to be pretty close to my guess of 600,000 transistors per mm² in 130nm</span></div><div class="line" id="175244"><span class="nick" style="color:#234e69"><a href="#175244" label="[17:52:44]">&lt;unmatched-paren&gt;</a></span><span class="message">tinybronca[m]: the alternative is AMD, which is worse, or ARM, which is still pretty bad and not even an option for some people. the Talos POWER CPUs are incredibly expensive, and i don't think anyone could comfortably use a RISC-V right now. it's a rather unfortunate situation, and people do need to make compromises</span></div><div class="line" id="175447"><span class="nick" style="color:#234e69"><a href="#175447" label="[17:54:47]">&lt;unmatched-paren&gt;</a></span><span class="message">personally, i'll be getting a framework laptop pretty soon i think :) a shame they don't use free UEFI yet, though. much better than what i currently have</span></div><div class="line" id="180650"><span class="nick" style="color:#2e2a4a"><a href="#180650" label="[18:06:50]">&lt;Hagfish&gt;</a></span><span class="message">yeah, that's a metric i've used in the past:  it doesn't have to be perfect, or even the best, as long as it's better (in terms of freedom) than what it's replacing</span></div><div class="line" id="212358"><span class="nick" style="color:#6c3d55"><a href="#212358" label="[21:23:58]">&lt;Irvise_&gt;</a></span><span class="message">And talking about open silicon... <a rel="nofollow" href="https://www.phoronix.com/scan.php?page=news_item&amp;px=Google-Open-Silicon-Portal">https://www.phoronix.com/scan.php?page=news_item&amp;px=Google-Open-Silicon-Portal</a> </span></div><div class="line" id="213349"><span class="nick" style="color:#389600"><a href="#213349" label="[21:33:49]">&lt;stikonas[m]&gt;</a></span><span class="message">unmatched-paren: Why are AMD CPUs worse than Intel for bootstrapping?</span></div><div class="line" id="213441"><span class="nick" style="color:#389600"><a href="#213441" label="[21:34:41]">&lt;stikonas[m]&gt;</a></span><span class="message">(Or privacy?)</span></div><div class="line" id="213533"><span class="nick" style="color:#389600"><a href="#213533" label="[21:35:33]">&lt;stikonas[m]&gt;</a></span><span class="message">I guess more intels have coreboot</span></div><div class="line" id="213612"><span class="nick" style="color:#389600"><a href="#213612" label="[21:36:12]">&lt;stikonas[m]&gt;</a></span><span class="message">But it's either ME or PSP black boxes, so similar on that front</span></div><div class="line" id="213625"><span class="nick" style="color:#234e69"><a href="#213625" label="[21:36:25]">&lt;unmatched-paren&gt;</a></span><span class="message">stikonas[m]: i thought AMD was slightly worse for blobs? but maybe that's just the GPUs</span></div><div class="line" id="213829"><span class="nick" style="color:#389600"><a href="#213829" label="[21:38:29]">&lt;stikonas[m]&gt;</a></span><span class="message">unmatched-paren: I think just GPUs</span></div><div class="line" id="213923"><span class="nick" style="color:#389600"><a href="#213923" label="[21:39:23]">&lt;stikonas[m]&gt;</a></span><span class="message">Well, Intel's blob is burned into ROM, while AMDs is uploaded by driver</span></div><div class="line" id="214147"><span class="nick" style="color:#389600"><a href="#214147" label="[21:41:47]">&lt;stikonas[m]&gt;</a></span><span class="message">unmatched-paren: it might be that if you want Intel GPU, you won't be able to use AMD CPU, since Intel GPUs are integrated</span></div><div class="line" id="214206"><span class="nick" style="color:#389600"><a href="#214206" label="[21:42:06]">&lt;stikonas[m]&gt;</a></span><span class="message">But I might be wrong here...</span></div><div class="line" id="220232"><span class="nick" style="color:#80b1d3"><a href="#220232" label="[22:02:32]">&lt;tinybronca[m]&gt;</a></span><span class="message">&lt;unmatched-paren&gt; &quot;tinybronca: the alternative is...&quot; &lt;- I do not consider AMD worse, as the claim is their PSP does not even have &quot;remote management&quot; capabilities but I don't know how to verify this or if a tool like me_cleaner exists</span></div><div class="line" id="220323"><span class="nick" style="color:#80b1d3"><a href="#220323" label="[22:03:23]">&lt;tinybronca[m]&gt;</a></span><span class="message">&lt;unmatched-paren&gt; &quot;tinybronca: the alternative is...&quot; &lt;- I do not see why ARM is not option, there are SBCs, laptops, and desktop/server motherboards</span></div><div class="line" id="220421"><span class="nick" style="color:#80b1d3"><a href="#220421" label="[22:04:21]">&lt;tinybronca[m]&gt;</a></span><span class="message">&lt;Hagfish&gt; &quot;yeah, that's a metric i've...&quot; &lt;- I do not see Framework laptops as better in freedom at all, they just more modular/repairable physically, they apparently don't even release full libre PCB schematics</span></div><div class="line" id="221039"><span class="nick" style="color:#80b1d3"><a href="#221039" label="[22:10:39]">&lt;tinybronca[m]&gt;</a></span><span class="message">&lt;stikonas[m]&gt; &quot;Well, Intel's blob is burned...&quot; &lt;- I do not know how to access firmware in iGPU ROMs to know how big it is or that it even exists, do you have more info [stikonas](<a rel="nofollow" href="https://matrix.to/#/%40stikonas%3Akde.org">https://matrix.to/#/%40stikonas%3Akde.org</a>)  ??</span></div><div class="line" id="223239"><span class="nick" style="color:#389600"><a href="#223239" label="[22:32:39]">&lt;stikonas[m]&gt;</a></span><span class="message">tinybronca: no, I don't have any more info</span></div><div class="line" id="223559"><span class="nick" style="color:#389600"><a href="#223559" label="[22:35:59]">&lt;stikonas[m]&gt;</a></span><span class="message">But it might not be igpu but just Intel gpus (in case Intel releases standalone GPUs at some point)</span></div><br /></div></body></html>