<!DOCTYPE html><html><head><title>IRC channel logs</title><style>html {
  background: #fdfdfd;
}

h1 {
  font-weight: 300;
}

h2 {
  font-weight: 200;
}

h3 {
  padding: .5em 0;
  border-top: 3px dotted #ddd;
  margin-bottom: 0;
}

form {
  width: 400px;
  display: flex;
}

input {
  width: 100%;
  display: flex;
  border-radius: .25em 0 0 .25em;
  border: 1px solid #aaa;
  border-right: 0;
  padding: 0.5em;
}

button {
  display: flex;
  border-radius: 0 .25em .25em 0;
  background-color: #007bff;
  border: 1px solid #007bff;
  padding: .5em;
  cursor: pointer;
  color: white;
}

button:hover {
  background-color: #0069d9;
  border-color: #0062cc;
}

a {
  color: #007bff;
  text-decoration: none;
}

a:hover {
  text-decoration: underline;
}

h4 {
  margin-bottom: .5em;
}

table td {
  padding: 0.75em;
}

table tr:hover {
  background: #eee;
}

.year {
  display: table;
}

.month {
  display: table-cell;
  padding-right: 1em;
}

ul {
  margin: 0;
  padding: 0;
  list-style: none;
}

.nick {
  padding-right: 0.6rem;
  font-weight: bold;
  text-align: right;
  width: 13rem;
  display: table-cell;
}

.nick a {
  color: inherit;
  text-decoration: none;
}

.message {
  display: table-cell;
  padding-left: 0.6rem;
  border-left: 2px solid #333;
}

.notice {
  color: #859900;
  font-style: italic;
}

.line {
  line-height: 1.8rem;
  display: table;
}

#logs {
  margin-top: 1.5rem;
  padding: 1.5rem;
}
</style></head><body><h1>IRC channel logs</h1><h2>2022-11-01.log</h2><p><a href="/bootstrappable">back to list of logs</a></p><div id="logs"><div class="line" id="101331"><span class="nick">***</span><span class="message notice">jeffbezos is now known as nckx</span></div><div class="line" id="143337"><span class="nick">***</span><span class="message notice">civodul` is now known as civodul</span></div><div class="line" id="234907"><span class="nick" style="color:#8dd3c7"><a href="#234907" label="[23:49:07]">&lt;stikonas&gt;</a></span><span class="message">oriansj: we can probably adapt <a rel="nofollow" href="https://github.com/evanw/buddy-malloc/blob/master/buddy-malloc.c">https://github.com/evanw/buddy-malloc/blob/master/buddy-malloc.c</a>  for malloc</span></div><div class="line" id="234916"><span class="nick" style="color:#8dd3c7"><a href="#234916" label="[23:49:16]">&lt;stikonas&gt;</a></span><span class="message">I don't think we need full slab allocator with caches...</span></div><div class="line" id="235009"><span class="nick" style="color:#8dd3c7"><a href="#235009" label="[23:50:09]">&lt;stikonas&gt;</a></span><span class="message">would need a bit of porting to M2 but shouldn't be too hard</span></div><br /></div></body></html>