<!DOCTYPE html><html><head><title>IRC channel logs</title><style>html {
  background: #fdfdfd;
}

h1 {
  font-weight: 300;
}

h2 {
  font-weight: 200;
}

h3 {
  padding: .5em 0;
  border-top: 3px dotted #ddd;
  margin-bottom: 0;
}

form {
  width: 400px;
  display: flex;
}

input {
  width: 100%;
  display: flex;
  border-radius: .25em 0 0 .25em;
  border: 1px solid #aaa;
  border-right: 0;
  padding: 0.5em;
}

button {
  display: flex;
  border-radius: 0 .25em .25em 0;
  background-color: #007bff;
  border: 1px solid #007bff;
  padding: .5em;
  cursor: pointer;
  color: white;
}

button:hover {
  background-color: #0069d9;
  border-color: #0062cc;
}

a {
  color: #007bff;
  text-decoration: none;
}

a:hover {
  text-decoration: underline;
}

h4 {
  margin-bottom: .5em;
}

table td {
  padding: 0.75em;
}

table tr:hover {
  background: #eee;
}

.year {
  display: table;
}

.month {
  display: table-cell;
  padding-right: 1em;
}

ul {
  margin: 0;
  padding: 0;
  list-style: none;
}

.nick {
  padding-right: 0.6rem;
  font-weight: bold;
  text-align: right;
  width: 13rem;
  display: table-cell;
}

.nick a {
  color: inherit;
  text-decoration: none;
}

.message {
  display: table-cell;
  padding-left: 0.6rem;
  border-left: 2px solid #333;
}

.notice {
  color: #859900;
  font-style: italic;
}

.line {
  line-height: 1.8rem;
  display: table;
}

#logs {
  margin-top: 1.5rem;
  padding: 1.5rem;
}
</style></head><body><h1>IRC channel logs</h1><h2>2023-10-13.log</h2><p><a href="/bootstrappable">back to list of logs</a></p><div id="logs"><div class="line" id="011130"><span class="nick" style="color:#389600"><a href="#011130" label="[01:11:30]">&lt;oriansj&gt;</a></span><span class="message">well it looks like even the VAX magic book only goes so in depth: <a rel="nofollow" href="https://www.bitsavers.org/pdf/dec/vax/750/EK-D5283-SG-002_VAX_750_Magic_Book_198311.pdf">https://www.bitsavers.org/pdf/dec/vax/750/EK-D5283-SG-002_VAX_750_Magic_Book_198311.pdf</a> </span></div><div class="line" id="220929"><span class="nick" style="color:#8dd3c7"><a href="#220929" label="[22:09:29]">&lt;stikonas&gt;</a></span><span class="message">so the big news from risc-v land: ekaitz and I bootstrapped a patched tinycc on risc-v and it is now self-hosting!</span></div><div class="line" id="220950"><span class="nick" style="color:#2e2a4a"><a href="#220950" label="[22:09:50]">&lt;ekaitz&gt;</a></span><span class="message">big up to janneke for not complaining about our patches hehe</span></div><div class="line" id="221005"><span class="nick" style="color:#8dd3c7"><a href="#221005" label="[22:10:05]">&lt;stikonas&gt;</a></span><span class="message">though perhaps more fixes are needed till we can build tcc with more features (floats) and eventually tcc mob (or tcc 0.9.28 once they release it)</span></div><div class="line" id="221304"><span class="nick" style="color:#2e2a4a"><a href="#221304" label="[22:13:04]">&lt;ekaitz&gt;</a></span><span class="message">there are some weird instructions here and there but hey, this is mostly in a runnable state</span></div><div class="line" id="221608"><span class="nick" style="color:#2e2a4a"><a href="#221608" label="[22:16:08]">&lt;ekaitz&gt;</a></span><span class="message">very good teamwork, btw</span></div><div class="line" id="221643"><span class="nick" style="color:#6b8072"><a href="#221643" label="[22:16:43]">&lt;[exa]&gt;</a></span><span class="message">hey guys that is magnificent</span></div><div class="line" id="230543"><span class="nick" style="color:#389600"><a href="#230543" label="[23:05:43]">&lt;oriansj&gt;</a></span><span class="message">great work as always</span></div><div class="line" id="232004"><span class="nick" style="color:#80b1d3"><a href="#232004" label="[23:20:04]">&lt;janneke&gt;</a></span><span class="message">ekaitz, stikonas: \o/ well done, team!</span></div><div class="line" id="232026"><span class="nick" style="color:#8dd3c7"><a href="#232026" label="[23:20:26]">&lt;stikonas&gt;</a></span><span class="message">janneke: let me know when you merge that patch..</span></div><div class="line" id="232029"><span class="nick" style="color:#80b1d3"><a href="#232029" label="[23:20:29]">&lt;janneke&gt;</a></span><span class="message">so much good bootstrapping news, lately</span></div><div class="line" id="232034"><span class="nick" style="color:#80b1d3"><a href="#232034" label="[23:20:34]">&lt;janneke&gt;</a></span><span class="message">stikonas: just did</span></div><div class="line" id="232035"><span class="nick" style="color:#2e2a4a"><a href="#232035" label="[23:20:35]">&lt;ekaitz&gt;</a></span><span class="message">:)</span></div><div class="line" id="232036"><span class="nick" style="color:#8dd3c7"><a href="#232036" label="[23:20:36]">&lt;stikonas&gt;</a></span><span class="message">ok, thanks!</span></div><div class="line" id="232059"><span class="nick" style="color:#80b1d3"><a href="#232059" label="[23:20:59]">&lt;janneke&gt;</a></span><span class="message">yw, thank *you* :)</span></div><br /></div></body></html>