<!DOCTYPE html><html><head><title>IRC channel logs</title><style>html {
  background: #fdfdfd;
}

h1 {
  font-weight: 300;
}

h2 {
  font-weight: 200;
}

h3 {
  padding: .5em 0;
  border-top: 3px dotted #ddd;
  margin-bottom: 0;
}

form {
  width: 400px;
  display: flex;
}

input {
  width: 100%;
  display: flex;
  border-radius: .25em 0 0 .25em;
  border: 1px solid #aaa;
  border-right: 0;
  padding: 0.5em;
}

button {
  display: flex;
  border-radius: 0 .25em .25em 0;
  background-color: #007bff;
  border: 1px solid #007bff;
  padding: .5em;
  cursor: pointer;
  color: white;
}

button:hover {
  background-color: #0069d9;
  border-color: #0062cc;
}

a {
  color: #007bff;
  text-decoration: none;
}

a:hover {
  text-decoration: underline;
}

h4 {
  margin-bottom: .5em;
}

table td {
  padding: 0.75em;
}

table tr:hover {
  background: #eee;
}

.year {
  display: table;
}

.month {
  display: table-cell;
  padding-right: 1em;
}

ul {
  margin: 0;
  padding: 0;
  list-style: none;
}

.nick {
  padding-right: 0.6rem;
  font-weight: bold;
  text-align: right;
  width: 13rem;
  display: table-cell;
}

.nick a {
  color: inherit;
  text-decoration: none;
}

.message {
  display: table-cell;
  padding-left: 0.6rem;
  border-left: 2px solid #333;
}

.notice {
  color: #859900;
  font-style: italic;
}

.line {
  line-height: 1.8rem;
  display: table;
}

#logs {
  margin-top: 1.5rem;
  padding: 1.5rem;
}
</style></head><body><h1>IRC channel logs</h1><h2>2023-07-17.log</h2><p><a href="/bootstrappable">back to list of logs</a></p><div id="logs"><div class="line" id="225026"><span class="nick" style="color:#389600"><a href="#225026" label="[22:50:26]">&lt;stikonas&gt;</a></span><span class="message">oriansj: we need to convert matrix briding to plumbed room (I think at the moment it's portal room). I'll create a new room then, but you'll have to accept bridging request</span></div><div class="line" id="225126"><span class="nick" style="color:#389600"><a href="#225126" label="[22:51:26]">&lt;stikonas&gt;</a></span><span class="message">(trying to follow <a rel="nofollow" href="https://www.matrix.org/blog/2023/07/make-sure-libera-bridge-keeps-working/">https://www.matrix.org/blog/2023/07/make-sure-libera-bridge-keeps-working/</a>) </span></div><div class="line" id="225239"><span class="nick" style="color:#389600"><a href="#225239" label="[22:52:39]">&lt;stikonas&gt;</a></span><span class="message">hmm, somehow I'm getting Could not request link. Error M_AS_UNKNOWN: An internal error occurred when trying to follow those instructions</span></div><div class="line" id="230532"><span class="nick" style="color:#389600"><a href="#230532" label="[23:05:32]">&lt;stikonas&gt;</a></span><span class="message">nckx: did it just work for you when you did it for #guix-risc-v?</span></div><div class="line" id="230855"><span class="nick" style="color:#8dd3c7"><a href="#230855" label="[23:08:55]">&lt;nckx&gt;</a></span><span class="message">I got that error more than I can count (which, granted, isn't that high).  I manually promoted appservice to 99—and then it worked, but that might be wholly coincidental.</span></div><div class="line" id="230904"><span class="nick" style="color:#8dd3c7"><a href="#230904" label="[23:09:04]">&lt;nckx&gt;</a></span><span class="message">You also have to be opped, but I see that oriansj is here.</span></div><div class="line" id="230927"><span class="nick" style="color:#8dd3c7"><a href="#230927" label="[23:09:27]">&lt;nckx&gt;</a></span><span class="message">This is the error that everyone's been getting for days though.  It's not you.</span></div><div class="line" id="231220"><span class="nick" style="color:#8dd3c7"><a href="#231220" label="[23:12:20]">&lt;nckx&gt;</a></span><span class="message">Make sure you remove Libera.chat bridge add-on or whatever it's called from the room, and add it from scratch, each time you try.</span></div><div class="line" id="231223"><span class="nick" style="color:#2e2a4a"><a href="#231223" label="[23:12:23]">&lt;stikonas[m]&gt;</a></span><span class="message">Yeah, I was trying to name oriansj   in that form</span></div><div class="line" id="231321"><span class="nick" style="color:#8dd3c7"><a href="#231321" label="[23:13:21]">&lt;nckx&gt;</a></span><span class="message">I don't see matrixbridge (or matrixbridg[0-9]) joining here to populate the auto-complete of that form field.</span></div><div class="line" id="231332"><span class="nick" style="color:#389600"><a href="#231332" label="[23:13:32]">&lt;stikonas&gt;</a></span><span class="message">yeah, which was my observation too</span></div><div class="line" id="231343"><span class="nick" style="color:#389600"><a href="#231343" label="[23:13:43]">&lt;stikonas&gt;</a></span><span class="message">but I don't see any restrictions on this room either</span></div><div class="line" id="231351"><span class="nick" style="color:#389600"><a href="#231351" label="[23:13:51]">&lt;stikonas&gt;</a></span><span class="message">(e.g. only registered nicks could join)</span></div><div class="line" id="231415"><span class="nick" style="color:#8dd3c7"><a href="#231415" label="[23:14:15]">&lt;nckx&gt;</a></span><span class="message">It's very possible you're doing nothing wrong.</span></div><div class="line" id="231502"><span class="nick" style="color:#389600"><a href="#231502" label="[23:15:02]">&lt;stikonas&gt;</a></span><span class="message">perhaps this process is just a mess...</span></div><div class="line" id="231644"><span class="nick" style="color:#389600"><a href="#231644" label="[23:16:44]">&lt;stikonas&gt;</a></span><span class="message">or maybe bot is overloaded</span></div><div class="line" id="231900"><span class="nick" style="color:#8dd3c7"><a href="#231900" label="[23:19:00]">&lt;nckx&gt;</a></span><span class="message">Matrix says they're working on it, but I haven't seen any explanation of what's actually going wrong.</span></div><div class="line" id="231934"><span class="nick" style="color:#8dd3c7"><a href="#231934" label="[23:19:34]">&lt;nckx&gt;</a></span><span class="message"> <a rel="nofollow" href="https://paste.debian.net/plainh/85e08e10">https://paste.debian.net/plainh/85e08e10</a> </span></div><div class="line" id="232015"><span class="nick" style="color:#8dd3c7"><a href="#232015" label="[23:20:15]">&lt;nckx&gt;</a></span><span class="message">I managed to bridge 3 #guix* channels over 2 days, but maybe I just got lucky.</span></div><div class="line" id="232041"><span class="nick" style="color:#8dd3c7"><a href="#232041" label="[23:20:41]">&lt;nckx&gt;</a></span><span class="message">What's appservice's power level in the Matrix room, stikonas?</span></div><div class="line" id="232052"><span class="nick" style="color:#389600"><a href="#232052" label="[23:20:52]">&lt;stikonas&gt;</a></span><span class="message">it was 70 but now I've set it to 99</span></div><div class="line" id="232101"><span class="nick" style="color:#389600"><a href="#232101" label="[23:21:01]">&lt;stikonas&gt;</a></span><span class="message">doesn't seem to change anything</span></div><div class="line" id="232148"><span class="nick" style="color:#389600"><a href="#232148" label="[23:21:48]">&lt;stikonas&gt;</a></span><span class="message">maybe we need to set it to over 9000...</span></div><div class="line" id="232203"><span class="nick" style="color:#8dd3c7"><a href="#232203" label="[23:22:03]">&lt;nckx&gt;</a></span><span class="message">Heh.  If you set it to 100, can no longer demote it.</span></div><div class="line" id="232215"><span class="nick" style="color:#8dd3c7"><a href="#232215" label="[23:22:15]">&lt;nckx&gt;</a></span><span class="message">I don't think that's a problem but you probably don't want to.</span></div><div class="line" id="232222"><span class="nick" style="color:#8dd3c7"><a href="#232222" label="[23:22:22]">&lt;nckx&gt;</a></span><span class="message">s/can/you can/</span></div><div class="line" id="232253"><span class="nick" style="color:#2e2a4a"><a href="#232253" label="[23:22:53]">&lt;stikonas[m]&gt;</a></span><span class="message">yeah, let's keep it a 99...</span></div><div class="line" id="232306"><span class="nick" style="color:#8dd3c7"><a href="#232306" label="[23:23:06]">&lt;nckx&gt;</a></span><span class="message">Learn from my mistakes.</span></div><div class="line" id="232350"><span class="nick" style="color:#8dd3c7"><a href="#232350" label="[23:23:50]">&lt;nckx&gt;</a></span><span class="message">As much as I'd love to swoop in and save the day, I don't think there's anything to do but stumble upon a minute during which it's working.  Sorry.</span></div><div class="line" id="232401"><span class="nick" style="color:#2e2a4a"><a href="#232401" label="[23:24:01]">&lt;stikonas[m]&gt;</a></span><span class="message">yeah, I'll keep trying</span></div><br /></div></body></html>