<!DOCTYPE html><html><head><title>IRC channel logs</title><style>html {
  background: #fdfdfd;
}

h1 {
  font-weight: 300;
}

h2 {
  font-weight: 200;
}

h3 {
  padding: .5em 0;
  border-top: 3px dotted #ddd;
  margin-bottom: 0;
}

form {
  width: 400px;
  display: flex;
}

input {
  width: 100%;
  display: flex;
  border-radius: .25em 0 0 .25em;
  border: 1px solid #aaa;
  border-right: 0;
  padding: 0.5em;
}

button {
  display: flex;
  border-radius: 0 .25em .25em 0;
  background-color: #007bff;
  border: 1px solid #007bff;
  padding: .5em;
  cursor: pointer;
  color: white;
}

button:hover {
  background-color: #0069d9;
  border-color: #0062cc;
}

a {
  color: #007bff;
  text-decoration: none;
}

a:hover {
  text-decoration: underline;
}

h4 {
  margin-bottom: .5em;
}

table td {
  padding: 0.75em;
}

table tr:hover {
  background: #eee;
}

.year {
  display: table;
}

.month {
  display: table-cell;
  padding-right: 1em;
}

ul {
  margin: 0;
  padding: 0;
  list-style: none;
}

.nick {
  padding-right: 0.6rem;
  font-weight: bold;
  text-align: right;
  width: 13rem;
  display: table-cell;
}

.nick a {
  color: inherit;
  text-decoration: none;
}

.message {
  display: table-cell;
  padding-left: 0.6rem;
  border-left: 2px solid #333;
}

.notice {
  color: #859900;
  font-style: italic;
}

.line {
  line-height: 1.8rem;
  display: table;
}

#logs {
  margin-top: 1.5rem;
  padding: 1.5rem;
}
</style></head><body><h1>IRC channel logs</h1><h2>2023-06-26.log</h2><p><a href="/bootstrappable">back to list of logs</a></p><div id="logs"><div class="line" id="025205"><span class="nick" style="color:#389600"><a href="#025205" label="[02:52:05]">&lt;pabs3&gt;</a></span><span class="message">AwesomeAdam54321: isn't mono dead and replaced by the official FOSS Microsoft .NET stack?</span></div><div class="line" id="025749"><span class="nick" style="color:#8dd3c7"><a href="#025749" label="[02:57:49]">&lt;AwesomeAdam54321&gt;</a></span><span class="message">pabs3: I'm not sure about that, I'm confused whether mono or .NET is offical</span></div><div class="line" id="030046"><span class="nick" style="color:#2e2a4a"><a href="#030046" label="[03:00:46]">&lt;muurkha&gt;</a></span><span class="message">mono doesn't look dead: <a rel="nofollow" href="https://github.com/mono/mono/">https://github.com/mono/mono/</a> </span></div><div class="line" id="030054"><span class="nick" style="color:#2e2a4a"><a href="#030054" label="[03:00:54]">&lt;muurkha&gt;</a></span><span class="message">just not super active</span></div><div class="line" id="030226"><span class="nick" style="color:#2e2a4a"><a href="#030226" label="[03:02:26]">&lt;muurkha&gt;</a></span><span class="message">I hadn't heard Microsoft had an official FOSS .NET stack</span></div><div class="line" id="030438"><span class="nick" style="color:#2e2a4a"><a href="#030438" label="[03:04:38]">&lt;muurkha&gt;</a></span><span class="message">timeouts on <a rel="nofollow" href="https://jenkins.mono-project.com/job/test-mono-mainline-linux/label=debian-9-amd64">https://jenkins.mono-project.com/job/test-mono-mainline-linux/label=debian-9-amd64</a>  are a bit alarming</span></div><div class="line" id="030443"><span class="nick" style="color:#6b8072"><a href="#030443" label="[03:04:43]">&lt;drakonis&gt;</a></span><span class="message">dotnet runtime though</span></div><div class="line" id="030447"><span class="nick" style="color:#6b8072"><a href="#030447" label="[03:04:47]">&lt;drakonis&gt;</a></span><span class="message">debian 9?</span></div><div class="line" id="030454"><span class="nick" style="color:#6b8072"><a href="#030454" label="[03:04:54]">&lt;drakonis&gt;</a></span><span class="message">isnt debian at 12 now?</span></div><div class="line" id="030456"><span class="nick" style="color:#2e2a4a"><a href="#030456" label="[03:04:56]">&lt;muurkha&gt;</a></span><span class="message">also that</span></div><div class="line" id="030711"><span class="nick" style="color:#6b8072"><a href="#030711" label="[03:07:11]">&lt;drakonis&gt;</a></span><span class="message">i'm not really expecting mono to stay usable nowadays</span></div><div class="line" id="030726"><span class="nick" style="color:#6b8072"><a href="#030726" label="[03:07:26]">&lt;drakonis&gt;</a></span><span class="message"> <a rel="nofollow" href="https://github.com/mono/mono">https://github.com/mono/mono</a> </span></div><div class="line" id="030733"><span class="nick" style="color:#6b8072"><a href="#030733" label="[03:07:33]">&lt;drakonis&gt;</a></span><span class="message">oops, already linked</span></div><div class="line" id="030737"><span class="nick" style="color:#2e2a4a"><a href="#030737" label="[03:07:37]">&lt;muurkha&gt;</a></span><span class="message">it seems to work fine?</span></div><div class="line" id="030749"><span class="nick" style="color:#2e2a4a"><a href="#030749" label="[03:07:49]">&lt;muurkha&gt;</a></span><span class="message">I mean why wouldn't it stay usable?</span></div><div class="line" id="030829"><span class="nick" style="color:#6b8072"><a href="#030829" label="[03:08:29]">&lt;drakonis&gt;</a></span><span class="message">also, the jenkins pipeline has gone private some time ago</span></div><div class="line" id="030841"><span class="nick" style="color:#6b8072"><a href="#030841" label="[03:08:41]">&lt;drakonis&gt;</a></span><span class="message">the one you should check is azure</span></div><div class="line" id="030927"><span class="nick" style="color:#6b8072"><a href="#030927" label="[03:09:27]">&lt;drakonis&gt;</a></span><span class="message">but the url seems broken too</span></div><div class="line" id="031021"><span class="nick" style="color:#6b8072"><a href="#031021" label="[03:10:21]">&lt;drakonis&gt;</a></span><span class="message">muurkha: folks have been writing code that is incompatible with mono but not with dotnet core</span></div><div class="line" id="031044"><span class="nick" style="color:#2e2a4a"><a href="#031044" label="[03:10:44]">&lt;muurkha&gt;</a></span><span class="message">oh, so new versions of .NET libraries might not work</span></div><div class="line" id="031047"><span class="nick" style="color:#6b8072"><a href="#031047" label="[03:10:47]">&lt;drakonis&gt;</a></span><span class="message">yes</span></div><div class="line" id="031052"><span class="nick" style="color:#2e2a4a"><a href="#031052" label="[03:10:52]">&lt;muurkha&gt;</a></span><span class="message">is dotnet core open-source?</span></div><div class="line" id="031124"><span class="nick" style="color:#6b8072"><a href="#031124" label="[03:11:24]">&lt;drakonis&gt;</a></span><span class="message">yes it is</span></div><div class="line" id="031133"><span class="nick" style="color:#6b8072"><a href="#031133" label="[03:11:33]">&lt;drakonis&gt;</a></span><span class="message"> <a rel="nofollow" href="https://github.com/dotnet/">https://github.com/dotnet/</a> </span></div><div class="line" id="031141"><span class="nick" style="color:#6b8072"><a href="#031141" label="[03:11:41]">&lt;drakonis&gt;</a></span><span class="message">it has a very complicated bootstrap chain iirc</span></div><div class="line" id="031206"><span class="nick" style="color:#6b8072"><a href="#031206" label="[03:12:06]">&lt;drakonis&gt;</a></span><span class="message">they dont call it dotnet these days, its just dotnet</span></div><div class="line" id="031301"><span class="nick" style="color:#6b8072"><a href="#031301" label="[03:13:01]">&lt;drakonis&gt;</a></span><span class="message">mono is pretty great for running code that requires the runtime that predates this</span></div><div class="line" id="034334"><span class="nick" style="color:#2e2a4a"><a href="#034334" label="[03:43:34]">&lt;muurkha&gt;</a></span><span class="message">they don't call it what?</span></div><div class="line" id="040156"><span class="nick" style="color:#6b8072"><a href="#040156" label="[04:01:56]">&lt;drakonis&gt;</a></span><span class="message">it used to be &quot;dotnet core&quot; for some time</span></div><div class="line" id="040208"><span class="nick" style="color:#6b8072"><a href="#040208" label="[04:02:08]">&lt;drakonis&gt;</a></span><span class="message">before they started calling it &quot;.net&quot; on materials</span></div><div class="line" id="040215"><span class="nick" style="color:#6b8072"><a href="#040215" label="[04:02:15]">&lt;drakonis&gt;</a></span><span class="message">rather</span></div><div class="line" id="040220"><span class="nick" style="color:#6b8072"><a href="#040220" label="[04:02:20]">&lt;drakonis&gt;</a></span><span class="message">they dropped the &quot;core&quot; from the name</span></div><div class="line" id="040900"><span class="nick" style="color:#389600"><a href="#040900" label="[04:09:00]">&lt;pabs3&gt;</a></span><span class="message">AwesomeAdam54321: mono is the re-implementation of earlier .NET by FOSS folks, from before Microsoft released a FOSS .NET implementation</span></div><div class="line" id="053703"><span class="nick" style="color:#80b1d3"><a href="#053703" label="[05:37:03]">&lt;emilytrau[m]&gt;</a></span><span class="message">NixOS bootstrap update – we have GCC 2! <a rel="nofollow" href="https://github.com/NixOS/nixpkgs/pull/239694">https://github.com/NixOS/nixpkgs/pull/239694</a> </span></div><div class="line" id="082449"><span class="nick" style="color:#6d2462"><a href="#082449" label="[08:24:49]">&lt;janneke&gt;</a></span><span class="message">emilytrau[m]: well done!</span></div><div class="line" id="082559"><span class="nick" style="color:#6d2462"><a href="#082559" label="[08:25:59]">&lt;janneke&gt;</a></span><span class="message">that's quite a milestone, it should get (much) easier after this</span></div><div class="line" id="103347"><span class="nick" style="color:#234e69"><a href="#103347" label="[10:33:47]">&lt;sam_&gt;</a></span><span class="message">nice!</span></div><div class="line" id="122503"><span class="nick" style="color:#6c3d55"><a href="#122503" label="[12:25:03]">&lt;kerravon&gt;</a></span><span class="message">i thought of another option with the CDROM. You could combine the microscope with an old-fashioned camera and then blow up the picture and overlay it with the expected bit pattern (you can write a program to generate this - but manually check that the program is producing the correct result - the program can explain where the bits are so that it is</span></div><div class="line" id="122503"><span class="nick" style="color:#6c3d55"><a href="#122503" label="[12:25:03]">&lt;kerravon&gt;</a></span><span class="message">easier to verify)</span></div><br /></div></body></html>