<!DOCTYPE html><html><head><title>IRC channel logs</title><style>html {
  background: #fdfdfd;
}

h1 {
  font-weight: 300;
}

h2 {
  font-weight: 200;
}

h3 {
  padding: .5em 0;
  border-top: 3px dotted #ddd;
  margin-bottom: 0;
}

form {
  width: 400px;
  display: flex;
}

input {
  width: 100%;
  display: flex;
  border-radius: .25em 0 0 .25em;
  border: 1px solid #aaa;
  border-right: 0;
  padding: 0.5em;
}

button {
  display: flex;
  border-radius: 0 .25em .25em 0;
  background-color: #007bff;
  border: 1px solid #007bff;
  padding: .5em;
  cursor: pointer;
  color: white;
}

button:hover {
  background-color: #0069d9;
  border-color: #0062cc;
}

a {
  color: #007bff;
  text-decoration: none;
}

a:hover {
  text-decoration: underline;
}

h4 {
  margin-bottom: .5em;
}

table td {
  padding: 0.75em;
}

table tr:hover {
  background: #eee;
}

.year {
  display: table;
}

.month {
  display: table-cell;
  padding-right: 1em;
}

ul {
  margin: 0;
  padding: 0;
  list-style: none;
}

.nick {
  padding-right: 0.6rem;
  font-weight: bold;
  text-align: right;
  width: 13rem;
  display: table-cell;
}

.nick a {
  color: inherit;
  text-decoration: none;
}

.message {
  display: table-cell;
  padding-left: 0.6rem;
  border-left: 2px solid #333;
}

.notice {
  color: #859900;
  font-style: italic;
}

.line {
  line-height: 1.8rem;
  display: table;
}

#logs {
  margin-top: 1.5rem;
  padding: 1.5rem;
}
</style></head><body><h1>IRC channel logs</h1><h2>2023-10-24.log</h2><p><a href="/bootstrappable">back to list of logs</a></p><div id="logs"><div class="line" id="030716"><span class="nick" style="color:#389600"><a href="#030716" label="[03:07:16]">&lt;pabs3&gt;</a></span><span class="message">oriansj: there is a bit more open firmware than just boot stuff, unfortunately not much <a rel="nofollow" href="https://wiki.debian.org/Firmware/Open">https://wiki.debian.org/Firmware/Open</a> </span></div><div class="line" id="030836"><span class="nick" style="color:#389600"><a href="#030836" label="[03:08:36]">&lt;pabs3&gt;</a></span><span class="message"> most of the talks seem to be about boot firmware and also BMC firmware (which is just Linux/etc IIRC)</span></div><div class="line" id="033154"><span class="nick" style="color:#8dd3c7"><a href="#033154" label="[03:31:54]">&lt;oriansj&gt;</a></span><span class="message">pabs3: well yes. There is very little freedom entering the hardware space; probably because hardware scales differently than software.</span></div><div class="line" id="033435"><span class="nick" style="color:#8dd3c7"><a href="#033435" label="[03:34:35]">&lt;oriansj&gt;</a></span><span class="message">think about how few free wireless cards exist; despite the insanely low margin cost of just giving some of your customers documentation so they can write their own drivers.</span></div><div class="line" id="034016"><span class="nick" style="color:#389600"><a href="#034016" label="[03:40:16]">&lt;pabs3&gt;</a></span><span class="message">the free wifi firmware that does exist was due to companies releasing their internal code, or people doing reverse enginering, and one more that wasn't clear</span></div><div class="line" id="034038"><span class="nick" style="color:#389600"><a href="#034038" label="[03:40:38]">&lt;pabs3&gt;</a></span><span class="message">(one company actually, atheros)</span></div><div class="line" id="034044"><span class="nick" style="color:#389600"><a href="#034044" label="[03:40:44]">&lt;pabs3&gt;</a></span><span class="message">the free audio firmware that exists was due to intel releasing their internal code</span></div><div class="line" id="034142"><span class="nick" style="color:#389600"><a href="#034142" label="[03:41:42]">&lt;pabs3&gt;</a></span><span class="message">so I think getting foss activists into hardware companies is a viable way to get libre firmware, it has certainly worked before, but not for long enough unfortunately</span></div><div class="line" id="041647"><span class="nick" style="color:#2e2a4a"><a href="#041647" label="[04:16:47]">&lt;muurkha&gt;</a></span><span class="message">oriansj: competitors can sue you for patent infringement if they find out how your hardware works maybe</span></div><div class="line" id="041652"><span class="nick" style="color:#2e2a4a"><a href="#041652" label="[04:16:52]">&lt;muurkha&gt;</a></span><span class="message">or improve their own</span></div><div class="line" id="041747"><span class="nick" style="color:#2e2a4a"><a href="#041747" label="[04:17:47]">&lt;muurkha&gt;</a></span><span class="message">I think the main issue is that hardware people come from hardware culure, which has hardware values</span></div><div class="line" id="174443"><span class="nick" style="color:#8dd3c7"><a href="#174443" label="[17:44:43]">&lt;oriansj&gt;</a></span><span class="message">muurkha: fair enough, reverse engineering to see if you can sue a company certainly costs more than just reading documentation.</span></div><div class="line" id="174527"><span class="nick" style="color:#8dd3c7"><a href="#174527" label="[17:45:27]">&lt;oriansj&gt;</a></span><span class="message">and yes, hardware culture is very different than modern software culture.</span></div><div class="line" id="185914"><span class="nick" style="color:#2e2a4a"><a href="#185914" label="[18:59:14]">&lt;muurkha&gt;</a></span><span class="message">oriansj: hardware culture is primarily shaped by the fact that your hardware design skills have no economic value if you don't have investors fronting the cost of the prototypes and scaling up production</span></div><div class="line" id="185952"><span class="nick" style="color:#2e2a4a"><a href="#185952" label="[18:59:52]">&lt;muurkha&gt;</a></span><span class="message">so investors and management have enormously more power relative to builders</span></div><div class="line" id="233435"><span class="nick" style="color:#8dd3c7"><a href="#233435" label="[23:34:35]">&lt;oriansj&gt;</a></span><span class="message">muurkha: sounds like we better start bootstrapping hardware in a very *big* way</span></div><div class="line" id="233610"><span class="nick" style="color:#6b8072"><a href="#233610" label="[23:36:10]">&lt;nektro&gt;</a></span><span class="message">hardware culture is also shaped by that a lot of it is state secrets</span></div><div class="line" id="233746"><span class="nick" style="color:#2e2a4a"><a href="#233746" label="[23:37:46]">&lt;muurkha&gt;</a></span><span class="message">nektro: that's not a relevant difference tho</span></div><div class="line" id="233804"><span class="nick" style="color:#2e2a4a"><a href="#233804" label="[23:38:04]">&lt;muurkha&gt;</a></span><span class="message">oriansj: a very *small* way will be more productive</span></div><div class="line" id="234023"><span class="nick" style="color:#8dd3c7"><a href="#234023" label="[23:40:23]">&lt;oriansj&gt;</a></span><span class="message">well some technologies depend upon mass (such as lathes) to obtain the desired tolerances</span></div><div class="line" id="234121"><span class="nick" style="color:#8dd3c7"><a href="#234121" label="[23:41:21]">&lt;oriansj&gt;</a></span><span class="message">but yes, all progress will start out quite small</span></div><div class="line" id="234341"><span class="nick" style="color:#80b1d3"><a href="#234341" label="[23:43:41]">&lt;clemens3&gt;</a></span><span class="message">or go back to very old hardware</span></div><div class="line" id="234358"><span class="nick" style="color:#80b1d3"><a href="#234358" label="[23:43:58]">&lt;clemens3&gt;</a></span><span class="message">6502/6510 likely doesn't have backdoors and stuff</span></div><div class="line" id="234402"><span class="nick" style="color:#80b1d3"><a href="#234402" label="[23:44:02]">&lt;clemens3&gt;</a></span><span class="message">and move from there</span></div><div class="line" id="234454"><span class="nick" style="color:#80b1d3"><a href="#234454" label="[23:44:54]">&lt;clemens3&gt;</a></span><span class="message">and small stuff without enough room for them either, microcontrollers.. but into what to bootstrap from there..puh</span></div><div class="line" id="234507"><span class="nick" style="color:#8dd3c7"><a href="#234507" label="[23:45:07]">&lt;oriansj&gt;</a></span><span class="message">clemens3: well I ordered a commander x16; with the plan of porting cc_* and mescc-tools to it</span></div><div class="line" id="234520"><span class="nick" style="color:#80b1d3"><a href="#234520" label="[23:45:20]">&lt;clemens3&gt;</a></span><span class="message">yeah</span></div><div class="line" id="234539"><span class="nick" style="color:#80b1d3"><a href="#234539" label="[23:45:39]">&lt;clemens3&gt;</a></span><span class="message">maybe for some tasks just stay on such hardware with airgap or what..</span></div><div class="line" id="234545"><span class="nick" style="color:#2e2a4a"><a href="#234545" label="[23:45:45]">&lt;muurkha&gt;</a></span><span class="message">lathes depend on rigidity, not mass.  mass is kind of the enemy</span></div><div class="line" id="234549"><span class="nick" style="color:#80b1d3"><a href="#234549" label="[23:45:49]">&lt;clemens3&gt;</a></span><span class="message">and then next is some basic communication/networking</span></div><div class="line" id="234606"><span class="nick" style="color:#8dd3c7"><a href="#234606" label="[23:46:06]">&lt;oriansj&gt;</a></span><span class="message">but ultimately  we will be making our own hardware designs and potentially our own hardware</span></div><div class="line" id="234625"><span class="nick" style="color:#80b1d3"><a href="#234625" label="[23:46:25]">&lt;clemens3&gt;</a></span><span class="message">well, you need the production/factory or some diy home lab</span></div><div class="line" id="234700"><span class="nick" style="color:#80b1d3"><a href="#234700" label="[23:47:00]">&lt;clemens3&gt;</a></span><span class="message">i assume the concern is security here..</span></div><div class="line" id="234711"><span class="nick" style="color:#80b1d3"><a href="#234711" label="[23:47:11]">&lt;clemens3&gt;</a></span><span class="message">open source is about control as well, agreed</span></div><div class="line" id="234720"><span class="nick" style="color:#80b1d3"><a href="#234720" label="[23:47:20]">&lt;clemens3&gt;</a></span><span class="message">but they are two different things</span></div><div class="line" id="234721"><span class="nick" style="color:#2e2a4a"><a href="#234721" label="[23:47:21]">&lt;muurkha&gt;</a></span><span class="message">gardeners employ machinery far more complex than any microchip in the production of rosemary</span></div><div class="line" id="234740"><span class="nick" style="color:#80b1d3"><a href="#234740" label="[23:47:40]">&lt;clemens3&gt;</a></span><span class="message">for me software bootstrapping is also about understanding how to build, so i can change it if I want</span></div><div class="line" id="234802"><span class="nick" style="color:#80b1d3"><a href="#234802" label="[23:48:02]">&lt;clemens3&gt;</a></span><span class="message">for others here i guess it is about proving there are no backdoors, which is also fine</span></div><div class="line" id="234849"><span class="nick" style="color:#80b1d3"><a href="#234849" label="[23:48:49]">&lt;clemens3&gt;</a></span><span class="message">muurkha: yes, but some hobby gardeners use zero chips</span></div><div class="line" id="234854"><span class="nick" style="color:#80b1d3"><a href="#234854" label="[23:48:54]">&lt;clemens3&gt;</a></span><span class="message">and have good results too</span></div><div class="line" id="234908"><span class="nick" style="color:#80b1d3"><a href="#234908" label="[23:49:08]">&lt;clemens3&gt;</a></span><span class="message">to write a good novel a c64 would suffice too</span></div><div class="line" id="234924"><span class="nick" style="color:#80b1d3"><a href="#234924" label="[23:49:24]">&lt;clemens3&gt;</a></span><span class="message">or just a pencil</span></div><br /></div></body></html>