<!DOCTYPE html><html><head><title>IRC channel logs</title><style>html {
  background: #fdfdfd;
}

h1 {
  font-weight: 300;
}

h2 {
  font-weight: 200;
}

h3 {
  padding: .5em 0;
  border-top: 3px dotted #ddd;
  margin-bottom: 0;
}

form {
  width: 400px;
  display: flex;
}

input {
  width: 100%;
  display: flex;
  border-radius: .25em 0 0 .25em;
  border: 1px solid #aaa;
  border-right: 0;
  padding: 0.5em;
}

button {
  display: flex;
  border-radius: 0 .25em .25em 0;
  background-color: #007bff;
  border: 1px solid #007bff;
  padding: .5em;
  cursor: pointer;
  color: white;
}

button:hover {
  background-color: #0069d9;
  border-color: #0062cc;
}

a {
  color: #007bff;
  text-decoration: none;
}

a:hover {
  text-decoration: underline;
}

h4 {
  margin-bottom: .5em;
}

table td {
  padding: 0.75em;
}

table tr:hover {
  background: #eee;
}

.year {
  display: table;
}

.month {
  display: table-cell;
  padding-right: 1em;
}

ul {
  margin: 0;
  padding: 0;
  list-style: none;
}

.nick {
  padding-right: 0.6rem;
  font-weight: bold;
  text-align: right;
  width: 13rem;
  display: table-cell;
}

.nick a {
  color: inherit;
  text-decoration: none;
}

.message {
  display: table-cell;
  padding-left: 0.6rem;
  border-left: 2px solid #333;
}

.notice {
  color: #859900;
  font-style: italic;
}

.line {
  line-height: 1.8rem;
  display: table;
}

#logs {
  margin-top: 1.5rem;
  padding: 1.5rem;
}
</style></head><body><h1>IRC channel logs</h1><h2>2023-07-09.log</h2><p><a href="/bootstrappable">back to list of logs</a></p><div id="logs"><div class="line" id="001407"><span class="nick" style="color:#389600"><a href="#001407" label="[00:14:07]">&lt;stikonas&gt;</a></span><span class="message">anyway, I've pushed my tinycc x86_64 patch to <a rel="nofollow" href="https://git.stikonas.eu/andrius/tinycc/commit/c0f9f965d01805dd41027c6ae96e785b907459e8">https://git.stikonas.eu/andrius/tinycc/commit/c0f9f965d01805dd41027c6ae96e785b907459e8</a> </span></div><div class="line" id="001430"><span class="nick" style="color:#389600"><a href="#001430" label="[00:14:30]">&lt;stikonas&gt;</a></span><span class="message">not yet good enough to compile complex stuff but better than what we had earlier</span></div><div class="line" id="002653"><span class="nick" style="color:#8dd3c7"><a href="#002653" label="[00:26:53]">&lt;muurkha&gt;</a></span><span class="message">we need the equivalent of yt-dlp for shitty webpages that don't work in simple browsers</span></div><div class="line" id="002730"><span class="nick" style="color:#8dd3c7"><a href="#002730" label="[00:27:30]">&lt;muurkha&gt;</a></span><span class="message">archive.today I think renders them in phantomjs or something similar, but I'm thinking something hackier</span></div><div class="line" id="083413"><span class="nick" style="color:#2e2a4a"><a href="#083413" label="[08:34:13]">&lt;janneke&gt;</a></span><span class="message">stikonas: nice</span></div><div class="line" id="154601"><span class="nick" style="color:#6b8072"><a href="#154601" label="[15:46:01]">&lt;oriansj&gt;</a></span><span class="message">muurkha: well we have print to pdf but some websites are explicitly designed not to work with that (or are so badly designed that they only display on Chrome)</span></div><div class="line" id="222831"><span class="nick" style="color:#8dd3c7"><a href="#222831" label="[22:28:31]">&lt;muurkha&gt;</a></span><span class="message">oriansj: that's true, but also print to PDF requires that you render the page in the first place</span></div><br /></div></body></html>