<!DOCTYPE html><html><head><title>IRC channel logs</title><style>html {
  background: #fdfdfd;
}

h1 {
  font-weight: 300;
}

h2 {
  font-weight: 200;
}

h3 {
  padding: .5em 0;
  border-top: 3px dotted #ddd;
  margin-bottom: 0;
}

form {
  width: 400px;
  display: flex;
}

input {
  width: 100%;
  display: flex;
  border-radius: .25em 0 0 .25em;
  border: 1px solid #aaa;
  border-right: 0;
  padding: 0.5em;
}

button {
  display: flex;
  border-radius: 0 .25em .25em 0;
  background-color: #007bff;
  border: 1px solid #007bff;
  padding: .5em;
  cursor: pointer;
  color: white;
}

button:hover {
  background-color: #0069d9;
  border-color: #0062cc;
}

a {
  color: #007bff;
  text-decoration: none;
}

a:hover {
  text-decoration: underline;
}

h4 {
  margin-bottom: .5em;
}

table td {
  padding: 0.75em;
}

table tr:hover {
  background: #eee;
}

.year {
  display: table;
}

.month {
  display: table-cell;
  padding-right: 1em;
}

ul {
  margin: 0;
  padding: 0;
  list-style: none;
}

.nick {
  padding-right: 0.6rem;
  font-weight: bold;
  text-align: right;
  width: 13rem;
  display: table-cell;
}

.nick a {
  color: inherit;
  text-decoration: none;
}

.message {
  display: table-cell;
  padding-left: 0.6rem;
  border-left: 2px solid #333;
}

.notice {
  color: #859900;
  font-style: italic;
}

.line {
  line-height: 1.8rem;
  display: table;
}

#logs {
  margin-top: 1.5rem;
  padding: 1.5rem;
}
</style></head><body><h1>IRC channel logs</h1><h2>2023-07-31.log</h2><p><a href="/bootstrappable">back to list of logs</a></p><div id="logs"><div class="line" id="150039"><span class="nick" style="color:#389600"><a href="#150039" label="[15:00:39]">&lt;JeremiahOrians[m&gt;</a></span><span class="message">stikonas: other room closed</span></div><div class="line" id="165833"><span class="nick" style="color:#8dd3c7"><a href="#165833" label="[16:58:33]">&lt;drakonis&gt;</a></span><span class="message"> <a rel="nofollow" href="https://board.flatassembler.net/topic.php?t=22633">https://board.flatassembler.net/topic.php?t=22633</a> </span></div><div class="line" id="165835"><span class="nick" style="color:#8dd3c7"><a href="#165835" label="[16:58:35]">&lt;drakonis&gt;</a></span><span class="message">huh neat.</span></div><div class="line" id="210057"><span class="nick" style="color:#2e2a4a"><a href="#210057" label="[21:00:57]">&lt;luke-jr&gt;</a></span><span class="message">any possibility I could pay someone to put together a straightforward walkthrough to bootstrap a Guix VM (compatible with other Guix systems) without any specific binaries (not even a minimal seed), but instead using already-trusted binaries one can easily get on Gentoo?</span></div><div class="line" id="225801"><span class="nick" style="color:#6b8072"><a href="#225801" label="[22:58:01]">&lt;jcmdln&gt;</a></span><span class="message">luke-jr: for that scenario, the official Guix docs may be enough if your goal is to start a VM via qemu/libvirt (or GNOME Boxes) and create a golden image. Guix has a community help mailing list as well. I found the docs + blogs to be fruitful when trying to automate this with Packer + Vagrant.</span></div><div class="line" id="230551"><span class="nick" style="color:#6b8072"><a href="#230551" label="[23:05:51]">&lt;jcmdln&gt;</a></span><span class="message">oh, maybe you meant with guix system vm - <a rel="nofollow" href="https://guix.gnu.org/manual/en/html_node/Invoking-guix-system.html#index-virtual-machine">https://guix.gnu.org/manual/en/html_node/Invoking-guix-system.html#index-virtual-machine</a> </span></div><div class="line" id="231805"><span class="nick" style="color:#2e2a4a"><a href="#231805" label="[23:18:05]">&lt;luke-jr&gt;</a></span><span class="message">jcmdln: it's definitely not something commonly done</span></div><div class="line" id="231913"><span class="nick" style="color:#2e2a4a"><a href="#231913" label="[23:19:13]">&lt;luke-jr&gt;</a></span><span class="message">the VM is kind of a side aspect; the hard part is getting a Guix system going at all without trusting binaries</span></div><div class="line" id="232620"><span class="nick" style="color:#6b8072"><a href="#232620" label="[23:26:20]">&lt;jcmdln&gt;</a></span><span class="message">ah I see</span></div><div class="line" id="000359"><span class="nick" style="color:#80b1d3"><a href="#000359" label="[00:03:59]">&lt;ekaitz&gt;</a></span><span class="message">luke-jr: there's people in the guix community that can do that I think</span></div><div class="line" id="000430"><span class="nick" style="color:#80b1d3"><a href="#000430" label="[00:04:30]">&lt;ekaitz&gt;</a></span><span class="message">I don't have a lot of time available but I could possibly do it</span></div><div class="line" id="000523"><span class="nick" style="color:#80b1d3"><a href="#000523" label="[00:05:23]">&lt;ekaitz&gt;</a></span><span class="message">I can try to help you find people o do it, feel free to contact me and give me more details if you want</span></div><div class="line" id="014626"><span class="nick" style="color:#6d2462"><a href="#014626" label="[01:46:26]">&lt;oriansj&gt;</a></span><span class="message">drakonis: if by neat, you mean just ship effectively a 646,710 byte hex0 file (which is what that is)</span></div><div class="line" id="014912"><span class="nick" style="color:#6d2462"><a href="#014912" label="[01:49:12]">&lt;oriansj&gt;</a></span><span class="message">but fasm definitely looks like something that wouldn't be too hard to do in M1</span></div><div class="line" id="015133"><span class="nick" style="color:#234e69"><a href="#015133" label="[01:51:33]">&lt;notgull&gt;</a></span><span class="message">Has rustc/cargo been bootstrapped yet?</span></div><div class="line" id="015226"><span class="nick" style="color:#6c3d55"><a href="#015226" label="[01:52:26]">&lt;vagrantc&gt;</a></span><span class="message">mrustc is used to bootstrap an oldish version of rust, which is then used to bootstrap newer versions, which are used to bootstrap newer versions ...</span></div><div class="line" id="015248"><span class="nick" style="color:#6c3d55"><a href="#015248" label="[01:52:48]">&lt;vagrantc&gt;</a></span><span class="message">dunno about cargo</span></div><div class="line" id="015339"><span class="nick" style="color:#2e2a4a"><a href="#015339" label="[01:53:39]">&lt;luke-jr&gt;</a></span><span class="message">cargo is included with that normally</span></div><div class="line" id="015415"><span class="nick" style="color:#234e69"><a href="#015415" label="[01:54:15]">&lt;notgull&gt;</a></span><span class="message">I see, thanks!</span></div><div class="line" id="015504"><span class="nick" style="color:#6d2462"><a href="#015504" label="[01:55:04]">&lt;oriansj&gt;</a></span><span class="message">notgull: there were a few ugly things guix had to do with cargo but yes it is bootstrapped.</span></div><div class="line" id="020309"><span class="nick" style="color:#d9d9d9"><a href="#020309" label="[02:03:09]">&lt;stikonas&gt;</a></span><span class="message">cargo and rustc are actually bootstrapped together</span></div><div class="line" id="020329"><span class="nick" style="color:#d9d9d9"><a href="#020329" label="[02:03:29]">&lt;stikonas&gt;</a></span><span class="message">mrustc repo actually ships two things, one is mrustc itself and the other is minicargo</span></div><div class="line" id="020339"><span class="nick" style="color:#d9d9d9"><a href="#020339" label="[02:03:39]">&lt;stikonas&gt;</a></span><span class="message">minicargo is kind of cargo replacement that calls mrustc</span></div><div class="line" id="020354"><span class="nick" style="color:#d9d9d9"><a href="#020354" label="[02:03:54]">&lt;stikonas&gt;</a></span><span class="message">and then you use those to build rustc and cargo (in any order)</span></div><div class="line" id="025429"><span class="nick" style="color:#6d2462"><a href="#025429" label="[02:54:29]">&lt;oriansj&gt;</a></span><span class="message">drakonis: the 8KB assembler on the other hand, looks like a 2 week project that someone could implement in M1</span></div><div class="line" id="025454"><span class="nick" style="color:#6d2462"><a href="#025454" label="[02:54:54]">&lt;oriansj&gt;</a></span><span class="message">which absolutely is quite interesting</span></div><div class="line" id="030707"><span class="nick" style="color:#bc80bd"><a href="#030707" label="[03:07:07]">&lt;muurkha&gt;</a></span><span class="message">8KB?</span></div><br /></div></body></html>