<!DOCTYPE html><html><head><title>IRC channel logs</title><style>html {
  background: #fdfdfd;
}

h1 {
  font-weight: 300;
}

h2 {
  font-weight: 200;
}

h3 {
  padding: .5em 0;
  border-top: 3px dotted #ddd;
  margin-bottom: 0;
}

form {
  width: 400px;
  display: flex;
}

input {
  width: 100%;
  display: flex;
  border-radius: .25em 0 0 .25em;
  border: 1px solid #aaa;
  border-right: 0;
  padding: 0.5em;
}

button {
  display: flex;
  border-radius: 0 .25em .25em 0;
  background-color: #007bff;
  border: 1px solid #007bff;
  padding: .5em;
  cursor: pointer;
  color: white;
}

button:hover {
  background-color: #0069d9;
  border-color: #0062cc;
}

a {
  color: #007bff;
  text-decoration: none;
}

a:hover {
  text-decoration: underline;
}

h4 {
  margin-bottom: .5em;
}

table td {
  padding: 0.75em;
}

table tr:hover {
  background: #eee;
}

.year {
  display: table;
}

.month {
  display: table-cell;
  padding-right: 1em;
}

ul {
  margin: 0;
  padding: 0;
  list-style: none;
}

.nick {
  padding-right: 0.6rem;
  font-weight: bold;
  text-align: right;
  width: 13rem;
  display: table-cell;
}

.nick a {
  color: inherit;
  text-decoration: none;
}

.message {
  display: table-cell;
  padding-left: 0.6rem;
  border-left: 2px solid #333;
}

.notice {
  color: #859900;
  font-style: italic;
}

.line {
  line-height: 1.8rem;
  display: table;
}

#logs {
  margin-top: 1.5rem;
  padding: 1.5rem;
}
</style></head><body><h1>IRC channel logs</h1><h2>2023-05-08.log</h2><p><a href="/bootstrappable">back to list of logs</a></p><div id="logs"><div class="line" id="002017"><span class="nick" style="color:#389600"><a href="#002017" label="[00:20:17]">&lt;stikonas[m]&gt;</a></span><span class="message">Looks like Intel GPUs will also need binary ucode for 3D acceleration...</span></div><div class="line" id="002055"><span class="nick" style="color:#8dd3c7"><a href="#002055" label="[00:20:55]">&lt;muurkha&gt;</a></span><span class="message">Arghadeep_Saha: have you read <a rel="nofollow" href="https://bootstrapping.miraheze.org/?">https://bootstrapping.miraheze.org/?</a> </span></div><div class="line" id="002136"><span class="nick" style="color:#389600"><a href="#002136" label="[00:21:36]">&lt;stikonas[m]&gt;</a></span><span class="message">linux-libre might be only feasible on non x86 arches (unless they also go binary...)</span></div><div class="line" id="002310"><span class="nick" style="color:#389600"><a href="#002310" label="[00:23:10]">&lt;stikonas[m]&gt;</a></span><span class="message">Unfortunately wiki doesn't have much</span></div><div class="line" id="002334"><span class="nick" style="color:#389600"><a href="#002334" label="[00:23:34]">&lt;stikonas[m]&gt;</a></span><span class="message">And if Arghadeep_Saha also needs programming tips, then none of that in the wiku</span></div><div class="line" id="005841"><span class="nick" style="color:#2e2a4a"><a href="#005841" label="[00:58:41]">&lt;theruran&gt;</a></span><span class="message">Irvise_: passed my preliminary exam, so it is going alright. I am going to put more focus on this issue about bootstrapping as I believe it needs more attention and understanding</span></div><div class="line" id="020229"><span class="nick" style="color:#6b8072"><a href="#020229" label="[02:02:29]">&lt;oriansj&gt;</a></span><span class="message">Irvise_: fair enough and thank you for that clarification.</span></div><div class="line" id="020328"><span class="nick" style="color:#6b8072"><a href="#020328" label="[02:03:28]">&lt;oriansj&gt;</a></span><span class="message">stikonas[m]: yeah, GPUs seem to be a running problem of binary blobs</span></div><div class="line" id="030216"><span class="nick" style="color:#80b1d3"><a href="#030216" label="[03:02:16]">&lt;Christoph[m]&gt;</a></span><span class="message">&lt;janneke&gt; &quot;if you run: &quot;guix install --no-...&quot; &lt;- But only once, right? If one runs this command again, the files bootstrapped locally will be reused?</span></div><div class="line" id="034339"><span class="nick" style="color:#6b8072"><a href="#034339" label="[03:43:39]">&lt;oriansj&gt;</a></span><span class="message">Christoph[m]: yes.</span></div><div class="line" id="062114"><span class="nick" style="color:#8dd3c7"><a href="#062114" label="[06:21:14]">&lt;muurkha&gt;</a></span><span class="message">Arghadeep_Saha: have you read <a rel="nofollow" href="https://bootstrapping.miraheze.org/?">https://bootstrapping.miraheze.org/?</a> </span></div><div class="line" id="062231"><span class="nick" style="color:#6d2462"><a href="#062231" label="[06:22:31]">&lt;Arghadeep_Saha&gt;</a></span><span class="message">Not read this yet and thanks for providing the link.</span></div><div class="line" id="062730"><span class="nick" style="color:#8dd3c7"><a href="#062730" label="[06:27:30]">&lt;muurkha&gt;</a></span><span class="message">it has a lot of links you might like</span></div><div class="line" id="210336"><span class="nick" style="color:#234e69"><a href="#210336" label="[21:03:36]">&lt;rickmasters&gt;</a></span><span class="message">A huge milestone has been passed today!</span></div><div class="line" id="210342"><span class="nick" style="color:#234e69"><a href="#210342" label="[21:03:42]">&lt;rickmasters&gt;</a></span><span class="message">I have live-bootstrap fully working, including bootstrapping all kernels from source, starting with a 200 byte binary seed!</span></div><div class="line" id="210413"><span class="nick" style="color:#234e69"><a href="#210413" label="[21:04:13]">&lt;rickmasters&gt;</a></span><span class="message">The initial seed is called builder-hex0-stage1 and boots as an MBR (after padding) then</span></div><div class="line" id="210416"><span class="nick" style="color:#234e69"><a href="#210416" label="[21:04:16]">&lt;rickmasters&gt;</a></span><span class="message">reads hex0 source from disk, compiles, and transfers control to the 3.5K builder-hex0-stage2 kernel</span></div><div class="line" id="210425"><span class="nick" style="color:#234e69"><a href="#210425" label="[21:04:25]">&lt;rickmasters&gt;</a></span><span class="message">which was used through to building and kexec of Fiwix, and Fiwix is used up to building and kexec of Linux,</span></div><div class="line" id="210432"><span class="nick" style="color:#234e69"><a href="#210432" label="[21:04:32]">&lt;rickmasters&gt;</a></span><span class="message">and Linux runs the rest of the way.</span></div><div class="line" id="210442"><span class="nick" style="color:#234e69"><a href="#210442" label="[21:04:42]">&lt;rickmasters&gt;</a></span><span class="message">This is the culmination of over 14 months of work so it's pretty exciting.</span></div><div class="line" id="210454"><span class="nick" style="color:#234e69"><a href="#210454" label="[21:04:54]">&lt;rickmasters&gt;</a></span><span class="message">I should mention I received a lot of help on this effort, especially from Mikaku, stikonas, fossy, and oriansj.</span></div><div class="line" id="210509"><span class="nick" style="color:#234e69"><a href="#210509" label="[21:05:09]">&lt;rickmasters&gt;</a></span><span class="message">It might be a couple days before I submit a PR with updated packages and checksums.</span></div><div class="line" id="210605"><span class="nick" style="color:#234e69"><a href="#210605" label="[21:06:05]">&lt;rickmasters&gt;</a></span><span class="message">One minor caveat: There is currently an open issue regarding insufficient disk space to complete sysc</span></div><div class="line" id="210613"><span class="nick" style="color:#234e69"><a href="#210613" label="[21:06:13]">&lt;rickmasters&gt;</a></span><span class="message">(which is unrelated to this work) so I have yet to complete building the final gcc 12.2.0 package.</span></div><div class="line" id="210618"><span class="nick" style="color:#6c3d55"><a href="#210618" label="[21:06:18]">&lt;Mikaku&gt;</a></span><span class="message">rickmasters: really really amazing!, you did it!</span></div><div class="line" id="210711"><span class="nick" style="color:#6c3d55"><a href="#210711" label="[21:07:11]">&lt;Mikaku&gt;</a></span><span class="message">I was about to ask your about the progress on kexec Linux, now I have the best answer I would expect</span></div><div class="line" id="210725"><span class="nick" style="color:#6c3d55"><a href="#210725" label="[21:07:25]">&lt;Mikaku&gt;</a></span><span class="message">s/your/you/</span></div><div class="line" id="210929"><span class="nick" style="color:#6c3d55"><a href="#210929" label="[21:09:29]">&lt;Mikaku&gt;</a></span><span class="message">how do you feel? :-)</span></div><div class="line" id="210946"><span class="nick" style="color:#234e69"><a href="#210946" label="[21:09:46]">&lt;rickmasters&gt;</a></span><span class="message">Mikaku: Yes, it's working! This was the first big bootstrapping goal I started on in February 2022 and I finally got there!</span></div><div class="line" id="211018"><span class="nick" style="color:#6c3d55"><a href="#211018" label="[21:10:18]">&lt;Mikaku&gt;</a></span><span class="message">incredible!</span></div><div class="line" id="211053"><span class="nick" style="color:#234e69"><a href="#211053" label="[21:10:53]">&lt;rickmasters&gt;</a></span><span class="message">Mikaku: Honestly, I feel a bit exhausted but also good, satisfied.</span></div><div class="line" id="211249"><span class="nick" style="color:#234e69"><a href="#211249" label="[21:12:49]">&lt;rickmasters&gt;</a></span><span class="message">The final stretch had a lot of glitches so the victory was a bit drawn out. I had kexec of Linux working from Fiwix (outside live-bootstrap) about a week ago.</span></div><div class="line" id="211350"><span class="nick" style="color:#234e69"><a href="#211350" label="[21:13:50]">&lt;rickmasters&gt;</a></span><span class="message">Another note: Fiwix is still running off a RAM drive.</span></div><div class="line" id="211450"><span class="nick" style="color:#234e69"><a href="#211450" label="[21:14:50]">&lt;rickmasters&gt;</a></span><span class="message">Moving Fiwix to a hard drive is still pending for later and mostly orthogonal to this work.</span></div><div class="line" id="211509"><span class="nick" style="color:#234e69"><a href="#211509" label="[21:15:09]">&lt;rickmasters&gt;</a></span><span class="message">I have that working but it needs more integration work.</span></div><div class="line" id="211530"><span class="nick" style="color:#6c3d55"><a href="#211530" label="[21:15:30]">&lt;Mikaku&gt;</a></span><span class="message">yes, probably the next step would be trying it using a hard drive</span></div><div class="line" id="213421"><span class="nick" style="color:#d9d9d9"><a href="#213421" label="[21:34:21]">&lt;Irvise_&gt;</a></span><span class="message">rickmasters: congratulations! Thank you for the amazing feat ^^</span></div><div class="line" id="213440"><span class="nick" style="color:#bc80bd"><a href="#213440" label="[21:34:40]">&lt;[exa]&gt;</a></span><span class="message">wait, 200 bytes?!</span></div><div class="line" id="213447"><span class="nick" style="color:#bc80bd"><a href="#213447" label="[21:34:47]">&lt;[exa]&gt;</a></span><span class="message">cool</span></div><div class="line" id="214242"><span class="nick" style="color:#234e69"><a href="#214242" label="[21:42:42]">&lt;rickmasters&gt;</a></span><span class="message">Irvise_: thanks!</span></div><div class="line" id="221531"><span class="nick" style="color:#3c5b35"><a href="#221531" label="[22:15:31]">&lt;vagrantc&gt;</a></span><span class="message">rickmasters: that sounds absolutely amazing ... please make a post somewhere to be able to reference :)</span></div><div class="line" id="221802"><span class="nick" style="color:#af8d2f"><a href="#221802" label="[22:18:02]">&lt;h01ger&gt;</a></span><span class="message">rickmasters: whoooooooooooooooooooooooooooooooooooooooooooooooooooooooooooooooooooooooooooooooo!</span></div><div class="line" id="221814"><span class="nick" style="color:#af8d2f"><a href="#221814" label="[22:18:14]">&lt;h01ger&gt;</a></span><span class="message">&amp; plus a *lot* more o</span></div><div class="line" id="221819"><span class="nick" style="color:#af8d2f"><a href="#221819" label="[22:18:19]">&lt;h01ger&gt;</a></span><span class="message">'s and then some!</span></div><div class="line" id="223151"><span class="nick" style="color:#389600"><a href="#223151" label="[22:31:51]">&lt;civodul&gt;</a></span><span class="message">rickmasters: woow!! congrats!</span></div><div class="line" id="223154"><span class="nick" style="color:#389600"><a href="#223154" label="[22:31:54]">&lt;civodul&gt;</a></span><span class="message">this is amazing</span></div><div class="line" id="232016"><span class="nick" style="color:#389600"><a href="#232016" label="[23:20:16]">&lt;stikonas[m]&gt;</a></span><span class="message">rickmasters: congratulations</span></div><div class="line" id="232906"><span class="nick" style="color:#d9d9d9"><a href="#232906" label="[23:29:06]">&lt;Irvise_&gt;</a></span><span class="message">theruran: I am happy that the preliminaries are mostly done now ^^ do you know when will you get an official PhD position?</span></div><div class="line" id="232954"><span class="nick" style="color:#d9d9d9"><a href="#232954" label="[23:29:54]">&lt;Irvise_&gt;</a></span><span class="message">I hope to get some Scheme books and plow through them so that I can write good Scheme code from the beginning. It is not going to be easy, but in the meantime I can do other bootstrapping thingies :)</span></div><div class="line" id="233646"><span class="nick" style="color:#234e69"><a href="#233646" label="[23:36:46]">&lt;rickmasters&gt;</a></span><span class="message">stikonas, civodul: thanks!</span></div><div class="line" id="233820"><span class="nick" style="color:#234e69"><a href="#233820" label="[23:38:20]">&lt;rickmasters&gt;</a></span><span class="message">I'll be away a while and so may not respond right away...</span></div><br /></div></body></html>