<!DOCTYPE html><html><head><title>IRC channel logs</title><style>html {
  background: #fdfdfd;
}

h1 {
  font-weight: 300;
}

h2 {
  font-weight: 200;
}

h3 {
  padding: .5em 0;
  border-top: 3px dotted #ddd;
  margin-bottom: 0;
}

form {
  width: 400px;
  display: flex;
}

input {
  width: 100%;
  display: flex;
  border-radius: .25em 0 0 .25em;
  border: 1px solid #aaa;
  border-right: 0;
  padding: 0.5em;
}

button {
  display: flex;
  border-radius: 0 .25em .25em 0;
  background-color: #007bff;
  border: 1px solid #007bff;
  padding: .5em;
  cursor: pointer;
  color: white;
}

button:hover {
  background-color: #0069d9;
  border-color: #0062cc;
}

a {
  color: #007bff;
  text-decoration: none;
}

a:hover {
  text-decoration: underline;
}

h4 {
  margin-bottom: .5em;
}

table td {
  padding: 0.75em;
}

table tr:hover {
  background: #eee;
}

.year {
  display: table;
}

.month {
  display: table-cell;
  padding-right: 1em;
}

ul {
  margin: 0;
  padding: 0;
  list-style: none;
}

.nick {
  padding-right: 0.6rem;
  font-weight: bold;
  text-align: right;
  width: 13rem;
  display: table-cell;
}

.nick a {
  color: inherit;
  text-decoration: none;
}

.message {
  display: table-cell;
  padding-left: 0.6rem;
  border-left: 2px solid #333;
}

.notice {
  color: #859900;
  font-style: italic;
}

.line {
  line-height: 1.8rem;
  display: table;
}

#logs {
  margin-top: 1.5rem;
  padding: 1.5rem;
}
</style></head><body><h1>IRC channel logs</h1><h2>2023-02-16.log</h2><p><a href="/bootstrappable">back to list of logs</a></p><div id="logs"><div class="line" id="011205"><span class="nick" style="color:#389600"><a href="#011205" label="[01:12:05]">&lt;oriansj&gt;</a></span><span class="message">janneke: we probably could just ask siraben to change the default flags for you</span></div><div class="line" id="011515"><span class="nick" style="color:#389600"><a href="#011515" label="[01:15:15]">&lt;oriansj&gt;</a></span><span class="message"> just msg ChanServ FLAGS #bootstrappable to see the current flags for users on the channel</span></div><div class="line" id="044053"><span class="nick" style="color:#8dd3c7"><a href="#044053" label="[04:40:53]">&lt;muurkha&gt;</a></span><span class="message">I just read through a Unix manual from 01971 and listed some of the simplifications it has over modern Unixes: <a rel="nofollow" href="https://news.ycombinator.com/item?id=34814348">https://news.ycombinator.com/item?id=34814348</a> </span></div><div class="line" id="194558"><span class="nick" style="color:#8dd3c7"><a href="#194558" label="[19:45:58]">&lt;muurkha&gt;</a></span><span class="message"> <a rel="nofollow" href="https://github.com/aap/b">https://github.com/aap/b</a>  a B compiler</span></div><div class="line" id="211747"><span class="nick" style="color:#8dd3c7"><a href="#211747" label="[21:17:47]">&lt;muurkha&gt;</a></span><span class="message">also, relatedly, some notes on the history of break()/brk()/sbrk() <a rel="nofollow" href="https://news.ycombinator.com/item?id=34821683">https://news.ycombinator.com/item?id=34821683</a> </span></div><div class="line" id="214707"><span class="nick" style="color:#8dd3c7"><a href="#214707" label="[21:47:07]">&lt;muurkha&gt;</a></span><span class="message"> <a rel="nofollow" href="http://squoze.net/B/">http://squoze.net/B/</a>  mentions that the PDP-7 actually did use the instruction set design approach we were talking about the other day: the instruction words were wider than the address bus (18 bits and 13 bits respectively)</span></div><div class="line" id="234538"><span class="nick" style="color:#389600"><a href="#234538" label="[23:45:38]">&lt;oriansj&gt;</a></span><span class="message">muurkha: interesting, so in someways builder-hex0 is superior to unixv6</span></div><div class="line" id="235054"><span class="nick" style="color:#8dd3c7"><a href="#235054" label="[23:50:54]">&lt;muurkha&gt;</a></span><span class="message">this is unixv1</span></div><div class="line" id="235110"><span class="nick" style="color:#8dd3c7"><a href="#235110" label="[23:51:10]">&lt;muurkha&gt;</a></span><span class="message">but it would hardly be surprising if builder-hex0 were superior to unixv6 ;)</span></div><br /></div></body></html>