<!DOCTYPE html><html><head><title>IRC channel logs</title><style>html {
  background: #fdfdfd;
}

h1 {
  font-weight: 300;
}

h2 {
  font-weight: 200;
}

h3 {
  padding: .5em 0;
  border-top: 3px dotted #ddd;
  margin-bottom: 0;
}

form {
  width: 400px;
  display: flex;
}

input {
  width: 100%;
  display: flex;
  border-radius: .25em 0 0 .25em;
  border: 1px solid #aaa;
  border-right: 0;
  padding: 0.5em;
}

button {
  display: flex;
  border-radius: 0 .25em .25em 0;
  background-color: #007bff;
  border: 1px solid #007bff;
  padding: .5em;
  cursor: pointer;
  color: white;
}

button:hover {
  background-color: #0069d9;
  border-color: #0062cc;
}

a {
  color: #007bff;
  text-decoration: none;
}

a:hover {
  text-decoration: underline;
}

h4 {
  margin-bottom: .5em;
}

table td {
  padding: 0.75em;
}

table tr:hover {
  background: #eee;
}

.year {
  display: table;
}

.month {
  display: table-cell;
  padding-right: 1em;
}

ul {
  margin: 0;
  padding: 0;
  list-style: none;
}

.nick {
  padding-right: 0.6rem;
  font-weight: bold;
  text-align: right;
  width: 13rem;
  display: table-cell;
}

.nick a {
  color: inherit;
  text-decoration: none;
}

.message {
  display: table-cell;
  padding-left: 0.6rem;
  border-left: 2px solid #333;
}

.notice {
  color: #859900;
  font-style: italic;
}

.line {
  line-height: 1.8rem;
  display: table;
}

#logs {
  margin-top: 1.5rem;
  padding: 1.5rem;
}
</style></head><body><h1>IRC channel logs</h1><h2>2023-07-06.log</h2><p><a href="/bootstrappable">back to list of logs</a></p><div id="logs"><div class="line" id="002421"><span class="nick" style="color:#389600"><a href="#002421" label="[00:24:21]">&lt;oriansj&gt;</a></span><span class="message">muurkha: completely valid point.</span></div><div class="line" id="002627"><span class="nick" style="color:#389600"><a href="#002627" label="[00:26:27]">&lt;oriansj&gt;</a></span><span class="message">My method was going to <a rel="nofollow" href="https://cdn.netbsd.org/pub/pkgsrc/packages/NetBSD/earmv7hf/10.0/All/">https://cdn.netbsd.org/pub/pkgsrc/packages/NetBSD/earmv7hf/10.0/All/</a>  and <a rel="nofollow" href="https://cdn.netbsd.org/pub/pkgsrc/packages/NetBSD/vax/10.0/All/">https://cdn.netbsd.org/pub/pkgsrc/packages/NetBSD/vax/10.0/All/</a>  and just comparing a handful of packages to get an approximate value</span></div><div class="line" id="034537"><span class="nick" style="color:#8dd3c7"><a href="#034537" label="[03:45:37]">&lt;muurkha&gt;</a></span><span class="message">oriansj: I think it's plausible that VAX would win in all of these for handwritten assembly</span></div><div class="line" id="231129"><span class="nick" style="color:#389600"><a href="#231129" label="[23:11:29]">&lt;oriansj&gt;</a></span><span class="message">muurkha: well; when it comes to handwritten assembly by people who know what they are doing, VAX should win by a good margin but in terms of compiler generated assembly, it just depends on how much time was spent including optimizations for the given architecture and entirely explains i386's position</span></div><div class="line" id="232318"><span class="nick" style="color:#8dd3c7"><a href="#232318" label="[23:23:18]">&lt;muurkha&gt;</a></span><span class="message">plausibly, but I don't know if you're right</span></div><div class="line" id="232437"><span class="nick" style="color:#8dd3c7"><a href="#232437" label="[23:24:37]">&lt;muurkha&gt;</a></span><span class="message">also though there are some kinds oof instructions that are much more difficult for a compiler to take advantage of and others that are much easier</span></div><br /></div></body></html>