<!DOCTYPE html><html><head><title>IRC channel logs</title><style>html {
  background: #fdfdfd;
}

h1 {
  font-weight: 300;
}

h2 {
  font-weight: 200;
}

h3 {
  padding: .5em 0;
  border-top: 3px dotted #ddd;
  margin-bottom: 0;
}

form {
  width: 400px;
  display: flex;
}

input {
  width: 100%;
  display: flex;
  border-radius: .25em 0 0 .25em;
  border: 1px solid #aaa;
  border-right: 0;
  padding: 0.5em;
}

button {
  display: flex;
  border-radius: 0 .25em .25em 0;
  background-color: #007bff;
  border: 1px solid #007bff;
  padding: .5em;
  cursor: pointer;
  color: white;
}

button:hover {
  background-color: #0069d9;
  border-color: #0062cc;
}

a {
  color: #007bff;
  text-decoration: none;
}

a:hover {
  text-decoration: underline;
}

h4 {
  margin-bottom: .5em;
}

table td {
  padding: 0.75em;
}

table tr:hover {
  background: #eee;
}

.year {
  display: table;
}

.month {
  display: table-cell;
  padding-right: 1em;
}

ul {
  margin: 0;
  padding: 0;
  list-style: none;
}

.nick {
  padding-right: 0.6rem;
  font-weight: bold;
  text-align: right;
  width: 13rem;
  display: table-cell;
}

.nick a {
  color: inherit;
  text-decoration: none;
}

.message {
  display: table-cell;
  padding-left: 0.6rem;
  border-left: 2px solid #333;
}

.notice {
  color: #859900;
  font-style: italic;
}

.line {
  line-height: 1.8rem;
  display: table;
}

#logs {
  margin-top: 1.5rem;
  padding: 1.5rem;
}
</style></head><body><h1>IRC channel logs</h1><h2>2023-09-09.log</h2><p><a href="/bootstrappable">back to list of logs</a></p><div id="logs"><div class="line" id="013426"><span class="nick" style="color:#389600"><a href="#013426" label="[01:34:26]">&lt;oriansj&gt;</a></span><span class="message">civodul: always brings joy to my heart to see more bootstrapping takes and perspectives.</span></div><div class="line" id="042816"><span class="nick" style="color:#8dd3c7"><a href="#042816" label="[04:28:16]">&lt;notgull&gt;</a></span><span class="message">Currently trying to write a WASM virtual machine in M0 assembly</span></div><div class="line" id="110442"><span class="nick" style="color:#2e2a4a"><a href="#110442" label="[11:04:42]">&lt;matrix_bridge&gt;</a></span><span class="message">&lt;Andrius Štikonas&gt; notgull: is it for binary WASM or will it take WASM text format?</span></div><div class="line" id="111157"><span class="nick" style="color:#6b8072"><a href="#111157" label="[11:11:57]">&lt;stikonas&gt;</a></span><span class="message">notgull: my thinking is that it might be less M0 code (which is platform dependent) to have WASM VM/compiler than in cc_x86</span></div><div class="line" id="111213"><span class="nick" style="color:#6b8072"><a href="#111213" label="[11:12:13]">&lt;stikonas&gt;</a></span><span class="message">and then one could port C prototype of cc_x86 to wasm...</span></div><div class="line" id="152512"><span class="nick" style="color:#389600"><a href="#152512" label="[15:25:12]">&lt;oriansj&gt;</a></span><span class="message">notgull: neat</span></div><div class="line" id="154947"><span class="nick" style="color:#80b1d3"><a href="#154947" label="[15:49:47]">&lt;pabs3&gt;</a></span><span class="message">vagrantc's FOSSY talk <a rel="nofollow" href="https://archive.org/details/fossy2023_Breaking_the_Chains_of_Trustin">https://archive.org/details/fossy2023_Breaking_the_Chains_of_Trustin</a> </span></div><div class="line" id="163936"><span class="nick" style="color:#6d2462"><a href="#163936" label="[16:39:36]">&lt;janneke&gt;</a></span><span class="message">pabs3: thanks!  ah, i've been really wanting to see that</span></div><div class="line" id="163957"><span class="nick" style="color:#80b1d3"><a href="#163957" label="[16:39:57]">&lt;pabs3&gt;</a></span><span class="message">archive.org downloads are so slow :(</span></div><div class="line" id="165256"><span class="nick" style="color:#6d2462"><a href="#165256" label="[16:52:56]">&lt;janneke&gt;</a></span><span class="message">yeah, an &quot;original&quot; or alternative url would be nice</span></div><div class="line" id="165336"><span class="nick" style="color:#80b1d3"><a href="#165336" label="[16:53:36]">&lt;pabs3&gt;</a></span><span class="message">might be on the fossy site, or the latest rb report</span></div><div class="line" id="165821"><span class="nick" style="color:#234e69"><a href="#165821" label="[16:58:21]">&lt;t184256&gt;</a></span><span class="message">civodul, janneke: and the recording is up at <a rel="nofollow" href="https://media.ccc.de/v/nixcon-2023-34402-bootstrapping-nix-and-linux-from-tinycc">https://media.ccc.de/v/nixcon-2023-34402-bootstrapping-nix-and-linux-from-tinycc</a> </span></div><div class="line" id="175532"><span class="nick" style="color:#6b8072"><a href="#175532" label="[17:55:32]">&lt;stikonas&gt;</a></span><span class="message">M0 and hex2 order is swapped in that talk</span></div><div class="line" id="180826"><span class="nick" style="color:#6d2462"><a href="#180826" label="[18:08:26]">&lt;janneke&gt;</a></span><span class="message">t184256: a great talk, thanks!</span></div><div class="line" id="180920"><span class="nick" style="color:#6d2462"><a href="#180920" label="[18:09:20]">&lt;janneke&gt;</a></span><span class="message">so we've really all been inspiring eachother, pretty neat</span></div><div class="line" id="190024"><span class="nick" style="color:#6c3d55"><a href="#190024" label="[19:00:24]">&lt;civodul&gt;</a></span><span class="message">t184256: bookmarking it to view it later, thank you!!</span></div><div class="line" id="191004"><span class="nick" style="color:#6d2462"><a href="#191004" label="[19:10:04]">&lt;janneke&gt;</a></span><span class="message">civodul: seen vagrant's fossy talk, don't forget that!</span></div><div class="line" id="191804"><span class="nick" style="color:#6c3d55"><a href="#191804" label="[19:18:04]">&lt;civodul&gt;</a></span><span class="message">ah yes!</span></div><div class="line" id="192054"><span class="nick" style="color:#6b8072"><a href="#192054" label="[19:20:54]">&lt;stikonas&gt;</a></span><span class="message">yeah, these talks are good for spreading word about what we have achieved</span></div><div class="line" id="200744"><span class="nick" style="color:#6d2462"><a href="#200744" label="[20:07:44]">&lt;janneke&gt;</a></span><span class="message">yes!</span></div><div class="line" id="234129"><span class="nick" style="color:#389600"><a href="#234129" label="[23:41:29]">&lt;oriansj&gt;</a></span><span class="message">vagrantc: thank you for your talk; don't forget to make a pull request to add your talk here: <a rel="nofollow" href="https://github.com/oriansj/talk-notes">https://github.com/oriansj/talk-notes</a> </span></div><div class="line" id="234814"><span class="nick" style="color:#d9d9d9"><a href="#234814" label="[23:48:14]">&lt;vagrantc&gt;</a></span><span class="message">oriansj: i have a long list of things to not forget at this point :/ :)</span></div><div class="line" id="234921"><span class="nick" style="color:#389600"><a href="#234921" label="[23:49:21]">&lt;oriansj&gt;</a></span><span class="message">vagrantc: fair enough ^_^</span></div><br /></div></body></html>