<!DOCTYPE html><html><head><title>IRC channel logs</title><style>html {
  background: #fdfdfd;
}

h1 {
  font-weight: 300;
}

h2 {
  font-weight: 200;
}

h3 {
  padding: .5em 0;
  border-top: 3px dotted #ddd;
  margin-bottom: 0;
}

form {
  width: 400px;
  display: flex;
}

input {
  width: 100%;
  display: flex;
  border-radius: .25em 0 0 .25em;
  border: 1px solid #aaa;
  border-right: 0;
  padding: 0.5em;
}

button {
  display: flex;
  border-radius: 0 .25em .25em 0;
  background-color: #007bff;
  border: 1px solid #007bff;
  padding: .5em;
  cursor: pointer;
  color: white;
}

button:hover {
  background-color: #0069d9;
  border-color: #0062cc;
}

a {
  color: #007bff;
  text-decoration: none;
}

a:hover {
  text-decoration: underline;
}

h4 {
  margin-bottom: .5em;
}

table td {
  padding: 0.75em;
}

table tr:hover {
  background: #eee;
}

.year {
  display: table;
}

.month {
  display: table-cell;
  padding-right: 1em;
}

ul {
  margin: 0;
  padding: 0;
  list-style: none;
}

.nick {
  padding-right: 0.6rem;
  font-weight: bold;
  text-align: right;
  width: 13rem;
  display: table-cell;
}

.nick a {
  color: inherit;
  text-decoration: none;
}

.message {
  display: table-cell;
  padding-left: 0.6rem;
  border-left: 2px solid #333;
}

.notice {
  color: #859900;
  font-style: italic;
}

.line {
  line-height: 1.8rem;
  display: table;
}

#logs {
  margin-top: 1.5rem;
  padding: 1.5rem;
}
</style></head><body><h1>IRC channel logs</h1><h2>2023-10-09.log</h2><p><a href="/bootstrappable">back to list of logs</a></p><div id="logs"><div class="line" id="093212"><span class="nick" style="color:#389600"><a href="#093212" label="[09:32:12]">&lt;fossy&gt;</a></span><span class="message">hi all, just wanted to provide quick update on live-bootstrap etc. i currently have final exams which will be consuming my time for ~the next 3 weeks. in the last month ive been exploring a few avenues to work around the mes blocker; in november i'll be choosing and implementing one of those, unless something else comes up in the meantime. rest assured live-bootstrap is not dead and will be</span></div><div class="line" id="093214"><span class="nick" style="color:#389600"><a href="#093214" label="[09:32:14]">&lt;fossy&gt;</a></span><span class="message">completed, along with a variety of interesting ideas i will be pursuing in that space!</span></div><div class="line" id="093424"><span class="nick" style="color:#8dd3c7"><a href="#093424" label="[09:34:24]">&lt;Mikaku&gt;</a></span><span class="message">fossy: good to know and thanks for the update!</span></div><div class="line" id="093754"><span class="nick" style="color:#389600"><a href="#093754" label="[09:37:54]">&lt;fossy&gt;</a></span><span class="message">:D</span></div><div class="line" id="095317"><span class="nick" style="color:#8dd3c7"><a href="#095317" label="[09:53:17]">&lt;Mikaku&gt;</a></span><span class="message">I hope rickmasters have enough time to upstream all changes he made in his Fiwix kernel fork before I release the next 1.5.0 version in November</span></div><div class="line" id="113426"><span class="nick" style="color:#2e2a4a"><a href="#113426" label="[11:34:26]">&lt;bauen1&gt;</a></span><span class="message">fossy: I wish you the best for your exams</span></div><div class="line" id="114919"><span class="nick" style="color:#6b8072"><a href="#114919" label="[11:49:19]">&lt;matrix_bridge&gt;</a></span><span class="message">&lt;Andrius Štikonas&gt; Yes, good luck with exams</span></div><br /></div></body></html>