<!DOCTYPE html><html><head><title>IRC channel logs</title><style>html {
  background: #fdfdfd;
}

h1 {
  font-weight: 300;
}

h2 {
  font-weight: 200;
}

h3 {
  padding: .5em 0;
  border-top: 3px dotted #ddd;
  margin-bottom: 0;
}

form {
  width: 400px;
  display: flex;
}

input {
  width: 100%;
  display: flex;
  border-radius: .25em 0 0 .25em;
  border: 1px solid #aaa;
  border-right: 0;
  padding: 0.5em;
}

button {
  display: flex;
  border-radius: 0 .25em .25em 0;
  background-color: #007bff;
  border: 1px solid #007bff;
  padding: .5em;
  cursor: pointer;
  color: white;
}

button:hover {
  background-color: #0069d9;
  border-color: #0062cc;
}

a {
  color: #007bff;
  text-decoration: none;
}

a:hover {
  text-decoration: underline;
}

h4 {
  margin-bottom: .5em;
}

table td {
  padding: 0.75em;
}

table tr:hover {
  background: #eee;
}

.year {
  display: table;
}

.month {
  display: table-cell;
  padding-right: 1em;
}

ul {
  margin: 0;
  padding: 0;
  list-style: none;
}

.nick {
  padding-right: 0.6rem;
  font-weight: bold;
  text-align: right;
  width: 13rem;
  display: table-cell;
}

.nick a {
  color: inherit;
  text-decoration: none;
}

.message {
  display: table-cell;
  padding-left: 0.6rem;
  border-left: 2px solid #333;
}

.notice {
  color: #859900;
  font-style: italic;
}

.line {
  line-height: 1.8rem;
  display: table;
}

#logs {
  margin-top: 1.5rem;
  padding: 1.5rem;
}
</style></head><body><h1>IRC channel logs</h1><h2>2023-05-01.log</h2><p><a href="/bootstrappable">back to list of logs</a></p><div id="logs"><div class="line" id="232853"><span class="nick" style="color:#389600"><a href="#232853" label="[23:28:53]">&lt;muurkha&gt;</a></span><span class="message">small is beautiful: a wordstar-like text editor in 1754 bytes: <a rel="nofollow" href="https://okmij.org/ftp/Babel/#editorBK">https://okmij.org/ftp/Babel/#editorBK</a> </span></div><div class="line" id="233137"><span class="nick" style="color:#389600"><a href="#233137" label="[23:31:37]">&lt;muurkha&gt;</a></span><span class="message">oddly enough the source code comments are in English</span></div><div class="line" id="233228"><span class="nick" style="color:#8dd3c7"><a href="#233228" label="[23:32:28]">&lt;civodul&gt;</a></span><span class="message">maybe Oleg translated them?</span></div><div class="line" id="233324"><span class="nick" style="color:#389600"><a href="#233324" label="[23:33:24]">&lt;muurkha&gt;</a></span><span class="message">I don't think so, he would have used lower case</span></div><div class="line" id="233330"><span class="nick" style="color:#389600"><a href="#233330" label="[23:33:30]">&lt;muurkha&gt;</a></span><span class="message">this is for a PDP-11</span></div><br /></div></body></html>