<!DOCTYPE html><html><head><title>IRC channel logs</title><style>html {
  background: #fdfdfd;
}

h1 {
  font-weight: 300;
}

h2 {
  font-weight: 200;
}

h3 {
  padding: .5em 0;
  border-top: 3px dotted #ddd;
  margin-bottom: 0;
}

form {
  width: 400px;
  display: flex;
}

input {
  width: 100%;
  display: flex;
  border-radius: .25em 0 0 .25em;
  border: 1px solid #aaa;
  border-right: 0;
  padding: 0.5em;
}

button {
  display: flex;
  border-radius: 0 .25em .25em 0;
  background-color: #007bff;
  border: 1px solid #007bff;
  padding: .5em;
  cursor: pointer;
  color: white;
}

button:hover {
  background-color: #0069d9;
  border-color: #0062cc;
}

a {
  color: #007bff;
  text-decoration: none;
}

a:hover {
  text-decoration: underline;
}

h4 {
  margin-bottom: .5em;
}

table td {
  padding: 0.75em;
}

table tr:hover {
  background: #eee;
}

.year {
  display: table;
}

.month {
  display: table-cell;
  padding-right: 1em;
}

ul {
  margin: 0;
  padding: 0;
  list-style: none;
}

.nick {
  padding-right: 0.6rem;
  font-weight: bold;
  text-align: right;
  width: 13rem;
  display: table-cell;
}

.nick a {
  color: inherit;
  text-decoration: none;
}

.message {
  display: table-cell;
  padding-left: 0.6rem;
  border-left: 2px solid #333;
}

.notice {
  color: #859900;
  font-style: italic;
}

.line {
  line-height: 1.8rem;
  display: table;
}

#logs {
  margin-top: 1.5rem;
  padding: 1.5rem;
}
</style></head><body><h1>IRC channel logs</h1><h2>2023-10-14.log</h2><p><a href="/bootstrappable">back to list of logs</a></p><div id="logs"><div class="line" id="003507"><span class="nick" style="color:#389600"><a href="#003507" label="[00:35:07]">&lt;nektro&gt;</a></span><span class="message">big congrats yall :)</span></div><div class="line" id="010657"><span class="nick" style="color:#8dd3c7"><a href="#010657" label="[01:06:57]">&lt;h01ger&gt;</a></span><span class="message">great work!</span></div><div class="line" id="011108"><span class="nick" style="color:#2e2a4a"><a href="#011108" label="[01:11:08]">&lt;ekaitz&gt;</a></span><span class="message">:)</span></div><div class="line" id="071827"><span class="nick" style="color:#6b8072"><a href="#071827" label="[07:18:27]">&lt;muurkha&gt;</a></span><span class="message">ekaitz, stikonas: congratulations, that's wonderful news</span></div><div class="line" id="071935"><span class="nick" style="color:#6b8072"><a href="#071935" label="[07:19:35]">&lt;muurkha&gt;</a></span><span class="message">oriansj: I think the VAX had a lot of custom DEC silicon in it</span></div><div class="line" id="072204"><span class="nick" style="color:#6b8072"><a href="#072204" label="[07:22:04]">&lt;muurkha&gt;</a></span><span class="message">maybe just gate arrays?</span></div><div class="line" id="135338"><span class="nick" style="color:#80b1d3"><a href="#135338" label="[13:53:38]">&lt;oriansj&gt;</a></span><span class="message">muurkha: hmmm, good point</span></div><div class="line" id="142340"><span class="nick" style="color:#6d2462"><a href="#142340" label="[14:23:40]">&lt;Mikaku&gt;</a></span><span class="message">ekaitz: stikonas: congratulations, amazing milestone!</span></div><div class="line" id="142357"><span class="nick" style="color:#2e2a4a"><a href="#142357" label="[14:23:57]">&lt;ekaitz&gt;</a></span><span class="message">Mikaku: thank you!</span></div><div class="line" id="142402"><span class="nick" style="color:#234e69"><a href="#142402" label="[14:24:02]">&lt;stikonas&gt;</a></span><span class="message">thank you indeed</span></div><div class="line" id="174740"><span class="nick" style="color:#6c3d55"><a href="#174740" label="[17:47:40]">&lt;luke-jr&gt;</a></span><span class="message">FWIW, I finally succeeded in getting Guix going without third-party trusted blobs</span></div><div class="line" id="174749"><span class="nick" style="color:#6c3d55"><a href="#174749" label="[17:47:49]">&lt;luke-jr&gt;</a></span><span class="message">it was quite hacky tho</span></div><div class="line" id="174841"><span class="nick" style="color:#6c3d55"><a href="#174841" label="[17:48:41]">&lt;luke-jr&gt;</a></span><span class="message">first I modified Guix to use my own seeds, and built static binaries it wanted; then I started over, let it download the blobs it wanted, and replaced them in the store data behind its back</span></div><div class="line" id="175150"><span class="nick" style="color:#234e69"><a href="#175150" label="[17:51:50]">&lt;stikonas&gt;</a></span><span class="message">oh, and it does not complain later?</span></div><div class="line" id="175155"><span class="nick" style="color:#234e69"><a href="#175155" label="[17:51:55]">&lt;stikonas&gt;</a></span><span class="message">that binaries have wrong hash</span></div><div class="line" id="175159"><span class="nick" style="color:#234e69"><a href="#175159" label="[17:51:59]">&lt;stikonas&gt;</a></span><span class="message">I guess that's good</span></div><div class="line" id="175203"><span class="nick" style="color:#234e69"><a href="#175203" label="[17:52:03]">&lt;stikonas&gt;</a></span><span class="message">(for your usecase)</span></div><div class="line" id="175341"><span class="nick" style="color:#6c3d55"><a href="#175341" label="[17:53:41]">&lt;luke-jr&gt;</a></span><span class="message">stikonas: it doesn't</span></div><div class="line" id="175356"><span class="nick" style="color:#6c3d55"><a href="#175356" label="[17:53:56]">&lt;luke-jr&gt;</a></span><span class="message">and once it gets past bootstrapping, I assume the hashes do match</span></div><div class="line" id="175444"><span class="nick" style="color:#6c3d55"><a href="#175444" label="[17:54:44]">&lt;luke-jr&gt;</a></span><span class="message">my next goal is to build the official 1.4.0 iso, so I can just save its hash and be sure it's something I could make myself</span></div><div class="line" id="175521"><span class="nick" style="color:#234e69"><a href="#175521" label="[17:55:21]">&lt;stikonas&gt;</a></span><span class="message">but is official iso reproducible?</span></div><div class="line" id="175529"><span class="nick" style="color:#6c3d55"><a href="#175529" label="[17:55:29]">&lt;luke-jr&gt;</a></span><span class="message">it isn't? :O</span></div><div class="line" id="175536"><span class="nick" style="color:#234e69"><a href="#175536" label="[17:55:36]">&lt;stikonas&gt;</a></span><span class="message">no idea</span></div><div class="line" id="175545"><span class="nick" style="color:#234e69"><a href="#175545" label="[17:55:45]">&lt;stikonas&gt;</a></span><span class="message">but not everything in guix is 100% reproducible</span></div><div class="line" id="175546"><span class="nick" style="color:#6c3d55"><a href="#175546" label="[17:55:46]">&lt;luke-jr&gt;</a></span><span class="message">would be quite shocking if not</span></div><div class="line" id="175553"><span class="nick" style="color:#234e69"><a href="#175553" label="[17:55:53]">&lt;stikonas&gt;</a></span><span class="message">though I might be outdated here</span></div><div class="line" id="175556"><span class="nick" style="color:#6c3d55"><a href="#175556" label="[17:55:56]">&lt;luke-jr&gt;</a></span><span class="message">really? :\</span></div><div class="line" id="175602"><span class="nick" style="color:#234e69"><a href="#175602" label="[17:56:02]">&lt;stikonas&gt;</a></span><span class="message">best to ask in #guix...</span></div><div class="line" id="175616"><span class="nick" style="color:#6c3d55"><a href="#175616" label="[17:56:16]">&lt;luke-jr&gt;</a></span><span class="message">I did, but in my experience it's rare to get answers</span></div><div class="line" id="175639"><span class="nick" style="color:#234e69"><a href="#175639" label="[17:56:39]">&lt;stikonas&gt;</a></span><span class="message">well, you can try rebuilding iso</span></div><div class="line" id="175640"><span class="nick" style="color:#234e69"><a href="#175640" label="[17:56:40]">&lt;stikonas&gt;</a></span><span class="message">maybe iso is fine</span></div><div class="line" id="175648"><span class="nick" style="color:#234e69"><a href="#175648" label="[17:56:48]">&lt;stikonas&gt;</a></span><span class="message">those are core packages</span></div><div class="line" id="180054"><span class="nick" style="color:#80b1d3"><a href="#180054" label="[18:00:54]">&lt;oriansj&gt;</a></span><span class="message">luke-jr: nice; guix really should welcome multiple alternate roots as it will enable greater trust</span></div><div class="line" id="180154"><span class="nick" style="color:#234e69"><a href="#180154" label="[18:01:54]">&lt;stikonas&gt;</a></span><span class="message">yeah, ironically \guix doesn't really have an easy bootstrapping path</span></div><div class="line" id="180206"><span class="nick" style="color:#234e69"><a href="#180206" label="[18:02:06]">&lt;stikonas&gt;</a></span><span class="message">if you don't want to trust a few binaries</span></div><div class="line" id="180227"><span class="nick" style="color:#234e69"><a href="#180227" label="[18:02:27]">&lt;stikonas&gt;</a></span><span class="message">which are only used for build orchestration but still</span></div><div class="line" id="180635"><span class="nick" style="color:#6c3d55"><a href="#180635" label="[18:06:35]">&lt;luke-jr&gt;</a></span><span class="message">stikonas: well, the hard part for me is figuring out what the command is</span></div><div class="line" id="180704"><span class="nick" style="color:#6c3d55"><a href="#180704" label="[18:07:04]">&lt;luke-jr&gt;</a></span><span class="message">maybe timemachine? idk</span></div><div class="line" id="181439"><span class="nick" style="color:#80b1d3"><a href="#181439" label="[18:14:39]">&lt;oriansj&gt;</a></span><span class="message">well I don't think guix was ever designed to be easilty broken out</span></div><div class="line" id="182405"><span class="nick" style="color:#6c3d55"><a href="#182405" label="[18:24:05]">&lt;luke-jr&gt;</a></span><span class="message">oriansj: ?</span></div><div class="line" id="182640"><span class="nick" style="color:#80b1d3"><a href="#182640" label="[18:26:40]">&lt;oriansj&gt;</a></span><span class="message">well if guix was designed to be easily broken out, you would expect it to be trivial to replace bootstrap binaries and create new build chains</span></div><div class="line" id="182753"><span class="nick" style="color:#6c3d55"><a href="#182753" label="[18:27:53]">&lt;luke-jr&gt;</a></span><span class="message">it is, but the hashes of everything changes</span></div><div class="line" id="182818"><span class="nick" style="color:#80b1d3"><a href="#182818" label="[18:28:18]">&lt;oriansj&gt;</a></span><span class="message">which shouldn't be an issue</span></div><div class="line" id="182839"><span class="nick" style="color:#6c3d55"><a href="#182839" label="[18:28:39]">&lt;luke-jr&gt;</a></span><span class="message">considering the only purpose of guix for me, is to generate matching hashes, it is :)</span></div><div class="line" id="182945"><span class="nick" style="color:#80b1d3"><a href="#182945" label="[18:29:45]">&lt;oriansj&gt;</a></span><span class="message">oh, I build everything from source and dont use substitues, so the hashes never mattered</span></div><div class="line" id="183319"><span class="nick" style="color:#6c3d55"><a href="#183319" label="[18:33:19]">&lt;luke-jr&gt;</a></span><span class="message">same here, but the hashes are the goal for me</span></div><div class="line" id="183331"><span class="nick" style="color:#6c3d55"><a href="#183331" label="[18:33:31]">&lt;luke-jr&gt;</a></span><span class="message">I want to sign the same binaries everyone else signs</span></div><div class="line" id="183423"><span class="nick" style="color:#6c3d55"><a href="#183423" label="[18:34:23]">&lt;luke-jr&gt;</a></span><span class="message">the actual system/binaries made get thrown away afterward, I just need to verify the hashes</span></div><div class="line" id="183435"><span class="nick" style="color:#80b1d3"><a href="#183435" label="[18:34:35]">&lt;oriansj&gt;</a></span><span class="message">well the hash, should only be based on the source code and the binaries used in generation; not the orchestration bits</span></div><div class="line" id="183529"><span class="nick" style="color:#80b1d3"><a href="#183529" label="[18:35:29]">&lt;oriansj&gt;</a></span><span class="message">so the alternate guile binary and the stage0 bits should not result in an alternate hash value</span></div><div class="line" id="183641"><span class="nick" style="color:#234e69"><a href="#183641" label="[18:36:41]">&lt;stikonas&gt;</a></span><span class="message">oriansj: but guix hash is based on inputs, not on outputs</span></div><div class="line" id="183708"><span class="nick" style="color:#234e69"><a href="#183708" label="[18:37:08]">&lt;stikonas&gt;</a></span><span class="message">so stuff will be installed into different locations</span></div><div class="line" id="183728"><span class="nick" style="color:#234e69"><a href="#183728" label="[18:37:28]">&lt;stikonas&gt;</a></span><span class="message">(which might also change output hashes as input locations of dependencies changed)</span></div><div class="line" id="183735"><span class="nick" style="color:#80b1d3"><a href="#183735" label="[18:37:35]">&lt;oriansj&gt;</a></span><span class="message">stikonas: agreed but the guix version shouldn't be included as an input (or any of the orchestration bits)</span></div><div class="line" id="183822"><span class="nick" style="color:#80b1d3"><a href="#183822" label="[18:38:22]">&lt;oriansj&gt;</a></span><span class="message">so you think it is just a name/location issue for luke-jr ?</span></div><div class="line" id="185415"><span class="nick" style="color:#6c3d55"><a href="#185415" label="[18:54:15]">&lt;luke-jr&gt;</a></span><span class="message">hmm</span></div><div class="line" id="185420"><span class="nick" style="color:#6c3d55"><a href="#185420" label="[18:54:20]">&lt;luke-jr&gt;</a></span><span class="message">I'm not actually sure it IS an issue, I guess</span></div><div class="line" id="185440"><span class="nick" style="color:#6c3d55"><a href="#185440" label="[18:54:40]">&lt;luke-jr&gt;</a></span><span class="message">but I expect it will be if I want to sign Guix's iso for example</span></div><div class="line" id="185643"><span class="nick" style="color:#6c3d55"><a href="#185643" label="[18:56:43]">&lt;luke-jr&gt;</a></span><span class="message">(which would be useful at least to me, if I ever need a trustable root to install from in the future; and also to anyone who trusts me)</span></div><div class="line" id="185752"><span class="nick" style="color:#80b1d3"><a href="#185752" label="[18:57:52]">&lt;oriansj&gt;</a></span><span class="message">luke-jr: well to be honest, once you share your steps; I'll cross verify myself and others can repeat the process to expand the number of parties verifying the guix install media from source to ISO</span></div><div class="line" id="185928"><span class="nick" style="color:#6c3d55"><a href="#185928" label="[18:59:28]">&lt;luke-jr&gt;</a></span><span class="message">oriansj: I shared my steps so far already? :)</span></div><div class="line" id="185956"><span class="nick" style="color:#6c3d55"><a href="#185956" label="[18:59:56]">&lt;luke-jr&gt;</a></span><span class="message">but I suppose I should also share my patch to guix that audits every fixed derivation it downloads...</span></div><div class="line" id="190018"><span class="nick" style="color:#6c3d55"><a href="#190018" label="[19:00:18]">&lt;luke-jr&gt;</a></span><span class="message">(to ensure it doesn't download any blobs)</span></div><div class="line" id="203502"><span class="nick" style="color:#80b1d3"><a href="#203502" label="[20:35:02]">&lt;oriansj&gt;</a></span><span class="message">luke-jr: I can't identify a git repo associated with your work, could you provide a link?</span></div><br /></div></body></html>