<!DOCTYPE html><html><head><title>IRC channel logs</title><style>html {
  background: #fdfdfd;
}

h1 {
  font-weight: 300;
}

h2 {
  font-weight: 200;
}

h3 {
  padding: .5em 0;
  border-top: 3px dotted #ddd;
  margin-bottom: 0;
}

form {
  width: 400px;
  display: flex;
}

input {
  width: 100%;
  display: flex;
  border-radius: .25em 0 0 .25em;
  border: 1px solid #aaa;
  border-right: 0;
  padding: 0.5em;
}

button {
  display: flex;
  border-radius: 0 .25em .25em 0;
  background-color: #007bff;
  border: 1px solid #007bff;
  padding: .5em;
  cursor: pointer;
  color: white;
}

button:hover {
  background-color: #0069d9;
  border-color: #0062cc;
}

a {
  color: #007bff;
  text-decoration: none;
}

a:hover {
  text-decoration: underline;
}

h4 {
  margin-bottom: .5em;
}

table td {
  padding: 0.75em;
}

table tr:hover {
  background: #eee;
}

.year {
  display: table;
}

.month {
  display: table-cell;
  padding-right: 1em;
}

ul {
  margin: 0;
  padding: 0;
  list-style: none;
}

.nick {
  padding-right: 0.6rem;
  font-weight: bold;
  text-align: right;
  width: 13rem;
  display: table-cell;
}

.nick a {
  color: inherit;
  text-decoration: none;
}

.message {
  display: table-cell;
  padding-left: 0.6rem;
  border-left: 2px solid #333;
}

.notice {
  color: #859900;
  font-style: italic;
}

.line {
  line-height: 1.8rem;
  display: table;
}

#logs {
  margin-top: 1.5rem;
  padding: 1.5rem;
}
</style></head><body><h1>IRC channel logs</h1><h2>2023-02-17.log</h2><p><a href="/bootstrappable">back to list of logs</a></p><div id="logs"><div class="line" id="004247"><span class="nick" style="color:#389600"><a href="#004247" label="[00:42:47]">&lt;oriansj&gt;</a></span><span class="message">muurkha: especially given the massive amount of resources available</span></div><div class="line" id="021058"><span class="nick" style="color:#8dd3c7"><a href="#021058" label="[02:10:58]">&lt;muurkha&gt;</a></span><span class="message">oriansj: also, experience</span></div><div class="line" id="030018"><span class="nick" style="color:#389600"><a href="#030018" label="[03:00:18]">&lt;oriansj&gt;</a></span><span class="message">and better source material</span></div><div class="line" id="030039"><span class="nick" style="color:#389600"><a href="#030039" label="[03:00:39]">&lt;oriansj&gt;</a></span><span class="message">and rickmasters is awesome too ^_^</span></div><div class="line" id="033551"><span class="nick" style="color:#2e2a4a"><a href="#033551" label="[03:35:51]">&lt;rickmasters&gt;</a></span><span class="message">oriansj: thank you</span></div><div class="line" id="155948"><span class="nick" style="color:#6b8072"><a href="#155948" label="[15:59:48]">&lt;pder&gt;</a></span><span class="message">Yesterday I tried updating live-bootstrap to use mes 0.24.2, and I ran into an issue where `make` would segfault.</span></div><div class="line" id="160026"><span class="nick" style="color:#6b8072"><a href="#160026" label="[16:00:26]">&lt;pder&gt;</a></span><span class="message">I believe janneke pointed out that he had to rebuild mes libc after tcc.  I tried that today, and that seemed to fix the problem.</span></div><div class="line" id="160310"><span class="nick" style="color:#6b8072"><a href="#160310" label="[16:03:10]">&lt;pder&gt;</a></span><span class="message">Does anyone know why the rebuild is needed?  Is it related to the stat64 changes?</span></div><div class="line" id="160433"><span class="nick" style="color:#6b8072"><a href="#160433" label="[16:04:33]">&lt;pder&gt;</a></span><span class="message">Now I am just trying to figure out a way to do the rebuild of mes libc without duplicating a bunch of code</span></div><div class="line" id="161106"><span class="nick" style="color:#80b1d3"><a href="#161106" label="[16:11:06]">&lt;stikonas_&gt;</a></span><span class="message">pder: after which tcc?</span></div><div class="line" id="161134"><span class="nick" style="color:#6d2462"><a href="#161134" label="[16:11:34]">&lt;stikonas&gt;</a></span><span class="message">pder: and we do rebuild it a few times already</span></div><div class="line" id="161135"><span class="nick" style="color:#6b8072"><a href="#161135" label="[16:11:35]">&lt;pder&gt;</a></span><span class="message">rebuilding mes libc is now necessary after tcc 0.9.27</span></div><div class="line" id="161157"><span class="nick" style="color:#6b8072"><a href="#161157" label="[16:11:57]">&lt;pder&gt;</a></span><span class="message">in tcc-0.9.27.kaem</span></div><div class="line" id="161202"><span class="nick" style="color:#6d2462"><a href="#161202" label="[16:12:02]">&lt;stikonas&gt;</a></span><span class="message">well, that's not too surprising</span></div><div class="line" id="161227"><span class="nick" style="color:#6d2462"><a href="#161227" label="[16:12:27]">&lt;stikonas&gt;</a></span><span class="message">earlier we were mixing mes libc build with tcc 0.9.26 with code compiled with tcc 0.9.27</span></div><div class="line" id="161235"><span class="nick" style="color:#6d2462"><a href="#161235" label="[16:12:35]">&lt;stikonas&gt;</a></span><span class="message">it was more surprising that it worked</span></div><div class="line" id="161356"><span class="nick" style="color:#6d2462"><a href="#161356" label="[16:13:56]">&lt;stikonas&gt;</a></span><span class="message">perhaps recent mes changes trigger expose incompatibility between tcc 0.9.26 and 27</span></div><div class="line" id="161420"><span class="nick" style="color:#6d2462"><a href="#161420" label="[16:14:20]">&lt;stikonas&gt;</a></span><span class="message">and in all other cases we rebuild libc immediately after building the compiler</span></div><div class="line" id="161426"><span class="nick" style="color:#6d2462"><a href="#161426" label="[16:14:26]">&lt;stikonas&gt;</a></span><span class="message">I think this one was the only exception</span></div><div class="line" id="161508"><span class="nick" style="color:#6d2462"><a href="#161508" label="[16:15:08]">&lt;stikonas&gt;</a></span><span class="message">pder: I guess you'll have to duplicate this then <a rel="nofollow" href="https://github.com/fosslinux/live-bootstrap/blob/master/sysa/tcc-0.9.26/tcc-0.9.26.kaem#L82">https://github.com/fosslinux/live-bootstrap/blob/master/sysa/tcc-0.9.26/tcc-0.9.26.kaem#L82</a> </span></div><div class="line" id="161542"><span class="nick" style="color:#6b8072"><a href="#161542" label="[16:15:42]">&lt;pder&gt;</a></span><span class="message">do you have a preference for extracting mes-0.24.2 next to tcc-0.9.27 in the build directory and recreating unified-libc.c, or I can cd into tcc-0.9.26/build/mes-0.24.2 and rebuild the files already there</span></div><div class="line" id="161615"><span class="nick" style="color:#6d2462"><a href="#161615" label="[16:16:15]">&lt;stikonas&gt;</a></span><span class="message">hmm, not sure...</span></div><div class="line" id="161619"><span class="nick" style="color:#6d2462"><a href="#161619" label="[16:16:19]">&lt;stikonas&gt;</a></span><span class="message">maybe let's ask fossy</span></div><div class="line" id="161633"><span class="nick" style="color:#6d2462"><a href="#161633" label="[16:16:33]">&lt;stikonas&gt;</a></span><span class="message">it is slightly ugly to rely on previous build dir</span></div><div class="line" id="161708"><span class="nick" style="color:#6b8072"><a href="#161708" label="[16:17:08]">&lt;pder&gt;</a></span><span class="message">ill push my changes to a branch so its easier to see what I mean.  It felt wrong to be changing to another packages build directory</span></div><div class="line" id="161732"><span class="nick" style="color:#6d2462"><a href="#161732" label="[16:17:32]">&lt;stikonas&gt;</a></span><span class="message">then let's just copy that piece of code</span></div><div class="line" id="161743"><span class="nick" style="color:#6d2462"><a href="#161743" label="[16:17:43]">&lt;stikonas&gt;</a></span><span class="message">and do it in the current build directory of tcc 0.9.27</span></div><div class="line" id="161750"><span class="nick" style="color:#6b8072"><a href="#161750" label="[16:17:50]">&lt;pder&gt;</a></span><span class="message">however duplicating the code that concatenates unifiied-libc.c seems wrong too</span></div><div class="line" id="161800"><span class="nick" style="color:#6d2462"><a href="#161800" label="[16:18:00]">&lt;stikonas&gt;</a></span><span class="message">pder: you don't have to dulpicate it</span></div><div class="line" id="161807"><span class="nick" style="color:#6d2462"><a href="#161807" label="[16:18:07]">&lt;stikonas&gt;</a></span><span class="message">just extract it into some file</span></div><div class="line" id="161809"><span class="nick" style="color:#6d2462"><a href="#161809" label="[16:18:09]">&lt;stikonas&gt;</a></span><span class="message">and include it</span></div><div class="line" id="161850"><span class="nick" style="color:#6d2462"><a href="#161850" label="[16:18:50]">&lt;stikonas&gt;</a></span><span class="message">it might be cleaner if it's in a separate file</span></div><div class="line" id="161909"><span class="nick" style="color:#6d2462"><a href="#161909" label="[16:19:09]">&lt;stikonas&gt;</a></span><span class="message">at the very least running a script from another packages src directory is less messy than going into its build directory</span></div><div class="line" id="161942"><span class="nick" style="color:#6d2462"><a href="#161942" label="[16:19:42]">&lt;stikonas&gt;</a></span><span class="message">or perhaps it should even be extracted into its own package?</span></div><div class="line" id="162032"><span class="nick" style="color:#6d2462"><a href="#162032" label="[16:20:32]">&lt;stikonas&gt;</a></span><span class="message">strictly speaking its mes-0.24.2 package, just need another build script int it</span></div><div class="line" id="172435"><span class="nick" style="color:#2e2a4a"><a href="#172435" label="[17:24:35]">&lt;rickmasters&gt;</a></span><span class="message">Mikaku: I just filed an issue with Fiwix for lseek past end of file. Sorry I don't have a proposed solution this time. Not sure how to fix it.</span></div><div class="line" id="175851"><span class="nick" style="color:#6d2462"><a href="#175851" label="[17:58:51]">&lt;stikonas&gt;</a></span><span class="message">rickmasters: something in live-bootstrap triggers it?</span></div><div class="line" id="180823"><span class="nick" style="color:#2e2a4a"><a href="#180823" label="[18:08:23]">&lt;rickmasters&gt;</a></span><span class="message">stikonas: yes, the GNU Assembler aligns sections by lseek'ing to the start of the next section rather than manually writing pad bytes.</span></div><div class="line" id="180935"><span class="nick" style="color:#6d2462"><a href="#180935" label="[18:09:35]">&lt;stikonas&gt;</a></span><span class="message">rickmasters: do you know if that's just 2.14a?</span></div><div class="line" id="180947"><span class="nick" style="color:#6d2462"><a href="#180947" label="[18:09:47]">&lt;stikonas&gt;</a></span><span class="message">or newer one does that too?</span></div><div class="line" id="180955"><span class="nick" style="color:#2e2a4a"><a href="#180955" label="[18:09:55]">&lt;rickmasters&gt;</a></span><span class="message">stikonas: i don't know</span></div><div class="line" id="181005"><span class="nick" style="color:#6d2462"><a href="#181005" label="[18:10:05]">&lt;stikonas&gt;</a></span><span class="message">I might try upgrading binutils</span></div><div class="line" id="181022"><span class="nick" style="color:#6d2462"><a href="#181022" label="[18:10:22]">&lt;stikonas&gt;</a></span><span class="message">so if that problem goes away, then we might not have to update Fiwix...</span></div><div class="line" id="181055"><span class="nick" style="color:#6d2462"><a href="#181055" label="[18:10:55]">&lt;stikonas&gt;</a></span><span class="message">it is quite likely that we can get something much newer thatn 2.14a...</span></div><div class="line" id="181132"><span class="nick" style="color:#2e2a4a"><a href="#181132" label="[18:11:32]">&lt;rickmasters&gt;</a></span><span class="message">stikonas: well, it's legal behavior and more efficient so I'd be surprised if they redesigned that</span></div><div class="line" id="181158"><span class="nick" style="color:#6d2462"><a href="#181158" label="[18:11:58]">&lt;stikonas&gt;</a></span><span class="message">maybe not...</span></div><div class="line" id="181210"><span class="nick" style="color:#6d2462"><a href="#181210" label="[18:12:10]">&lt;stikonas&gt;</a></span><span class="message">still, upgrading binutils would be useful</span></div><div class="line" id="181229"><span class="nick" style="color:#6d2462"><a href="#181229" label="[18:12:29]">&lt;stikonas&gt;</a></span><span class="message">i.e. if somebody later does riscv or arm live-bootstrap</span></div><div class="line" id="181239"><span class="nick" style="color:#6d2462"><a href="#181239" label="[18:12:39]">&lt;stikonas&gt;</a></span><span class="message">newer binutils would mean it already supports those arches</span></div><div class="line" id="181319"><span class="nick" style="color:#2e2a4a"><a href="#181319" label="[18:13:19]">&lt;rickmasters&gt;</a></span><span class="message">to be honest, gas is so complicated that I haven't even found the code that does it - I basically did an strace in the kernel</span></div><div class="line" id="181608"><span class="nick" style="color:#2e2a4a"><a href="#181608" label="[18:16:08]">&lt;rickmasters&gt;</a></span><span class="message">I think I can put in a simple workaround to inject writes on an lseek past EOF but I'm hoping Mikaku will come up with something better.</span></div><div class="line" id="185815"><span class="nick" style="color:#2e2a4a"><a href="#185815" label="[18:58:15]">&lt;rickmasters&gt;</a></span><span class="message">it looks like I have a workaround. When a write starts at an offset past current file size I rewind back to current size and inject writes up to the current offset</span></div><div class="line" id="191212"><span class="nick" style="color:#2e2a4a"><a href="#191212" label="[19:12:12]">&lt;rickmasters&gt;</a></span><span class="message">stikonas: regarding binutils upgrade, how much of an upgrade?</span></div><div class="line" id="191325"><span class="nick" style="color:#2e2a4a"><a href="#191325" label="[19:13:25]">&lt;rickmasters&gt;</a></span><span class="message">(funnny that comment of yours didn't show in the main chat area of LimeChat but in the bottom &quot;system&quot; window for some reason...)</span></div><div class="line" id="191359"><span class="nick" style="color:#234e69"><a href="#191359" label="[19:13:59]">&lt;stikonas[m]&gt;</a></span><span class="message">rickmasters: not sure yet, I think only depends in what tcc can do</span></div><div class="line" id="191421"><span class="nick" style="color:#234e69"><a href="#191421" label="[19:14:21]">&lt;stikonas[m]&gt;</a></span><span class="message">I think I can sort out all other dependencies like newer autotools</span></div><div class="line" id="191446"><span class="nick" style="color:#234e69"><a href="#191446" label="[19:14:46]">&lt;stikonas[m]&gt;</a></span><span class="message">Perhaps this will result in dropping some older autotools builds too</span></div><div class="line" id="191523"><span class="nick" style="color:#234e69"><a href="#191523" label="[19:15:23]">&lt;stikonas[m]&gt;</a></span><span class="message">I suspect at least 2.20. But perhaps even up-to-date binutils</span></div><div class="line" id="191535"><span class="nick" style="color:#234e69"><a href="#191535" label="[19:15:35]">&lt;stikonas[m]&gt;</a></span><span class="message">I haven't tried yet...</span></div><div class="line" id="191643"><span class="nick" style="color:#2e2a4a"><a href="#191643" label="[19:16:43]">&lt;rickmasters&gt;</a></span><span class="message">hopefully it won't be a problem. I'm not too worried.</span></div><div class="line" id="191852"><span class="nick" style="color:#2e2a4a"><a href="#191852" label="[19:18:52]">&lt;rickmasters&gt;</a></span><span class="message">stikonas: by the way, I've been working on live-bootstrap integration.</span></div><div class="line" id="191951"><span class="nick" style="color:#2e2a4a"><a href="#191951" label="[19:19:51]">&lt;rickmasters&gt;</a></span><span class="message">stikonas: I'm now patching and running live-bootstrap with a new &quot;--kernel-bootstrap&quot; option.</span></div><div class="line" id="192009"><span class="nick" style="color:#234e69"><a href="#192009" label="[19:20:09]">&lt;stikonas[m]&gt;</a></span><span class="message">Oh good, once that is done it will be easier to test such changes against fiwix</span></div><div class="line" id="192102"><span class="nick" style="color:#2e2a4a"><a href="#192102" label="[19:21:02]">&lt;rickmasters&gt;</a></span><span class="message">stikonas: I still have a bit of work before I'll commit it. I'm working through checksum differences right now.</span></div><div class="line" id="192221"><span class="nick" style="color:#2e2a4a"><a href="#192221" label="[19:22:21]">&lt;rickmasters&gt;</a></span><span class="message">stikonas: the builder-hex0 file system creation is still in a separate shell script.</span></div><div class="line" id="192313"><span class="nick" style="color:#2e2a4a"><a href="#192313" label="[19:23:13]">&lt;rickmasters&gt;</a></span><span class="message">I suppose I'll be porting that to python for consistency.</span></div><div class="line" id="192445"><span class="nick" style="color:#6c3d55"><a href="#192445" label="[19:24:45]">&lt;Mikaku&gt;</a></span><span class="message">rickmasters: Ok, I'll take a look to it, thanks for filing this issue</span></div><div class="line" id="192556"><span class="nick" style="color:#2e2a4a"><a href="#192556" label="[19:25:56]">&lt;rickmasters&gt;</a></span><span class="message">Mikaku: sure. Thanks for taking a look. I have a somewhat ugly workaround that I can add to the issue.</span></div><div class="line" id="192720"><span class="nick" style="color:#6c3d55"><a href="#192720" label="[19:27:20]">&lt;Mikaku&gt;</a></span><span class="message">rickmasters: good, any help is welcome</span></div><div class="line" id="192737"><span class="nick" style="color:#6c3d55"><a href="#192737" label="[19:27:37]">&lt;Mikaku&gt;</a></span><span class="message">rickmasters: BTW, you might want to try the latest version of Fiwix (in GitHub) as it comes with DMA support and so disk I/O transfers are now orders of magnitude faster</span></div><div class="line" id="192925"><span class="nick" style="color:#2e2a4a"><a href="#192925" label="[19:29:25]">&lt;rickmasters&gt;</a></span><span class="message">Mikaku: I posted the workaround.</span></div><div class="line" id="193032"><span class="nick" style="color:#2e2a4a"><a href="#193032" label="[19:30:32]">&lt;rickmasters&gt;</a></span><span class="message">Mikaku: Yes, I'll update soon. I'm working with a snapshot from Feb 3 so I'm not too far behind.</span></div><div class="line" id="193107"><span class="nick" style="color:#6c3d55"><a href="#193107" label="[19:31:07]">&lt;Mikaku&gt;</a></span><span class="message">yes I saw it now, I'll take a look later. I've had a small accident this afternoon running in the mountain and my left hand needs some attention :-), nothing serious though</span></div><div class="line" id="193118"><span class="nick" style="color:#6c3d55"><a href="#193118" label="[19:31:18]">&lt;Mikaku&gt;</a></span><span class="message">Ok</span></div><div class="line" id="193238"><span class="nick" style="color:#2e2a4a"><a href="#193238" label="[19:32:38]">&lt;rickmasters&gt;</a></span><span class="message">Mikaku: well take care of yourself :/ there is no rush now as I have a workaround and am no longer blocked</span></div><div class="line" id="193247"><span class="nick" style="color:#6c3d55"><a href="#193247" label="[19:32:47]">&lt;Mikaku&gt;</a></span><span class="message">this is the commit that includes DMA support &lt;<a rel="nofollow" href="https://github.com/mikaku/Fiwix/commit/f9f78adc5eb23f02b25167f021c3da8dd125dceb">https://github.com/mikaku/Fiwix/commit/f9f78adc5eb23f02b25167f021c3da8dd125dceb</a>&gt; </span></div><div class="line" id="193326"><span class="nick" style="color:#6c3d55"><a href="#193326" label="[19:33:26]">&lt;Mikaku&gt;</a></span><span class="message">(Feb 14)</span></div><div class="line" id="193334"><span class="nick" style="color:#6c3d55"><a href="#193334" label="[19:33:34]">&lt;Mikaku&gt;</a></span><span class="message">rickmasters: OK, thanks</span></div><div class="line" id="211108"><span class="nick" style="color:#6c3d55"><a href="#211108" label="[21:11:08]">&lt;Mikaku&gt;</a></span><span class="message">rickmasters: I've been able to run your test program on FiwixOS 3.2 and it works as expected</span></div><div class="line" id="211116"><span class="nick" style="color:#6c3d55"><a href="#211116" label="[21:11:16]">&lt;Mikaku&gt;</a></span><span class="message">I mean, the hole is filled with zeros</span></div><div class="line" id="211133"><span class="nick" style="color:#6c3d55"><a href="#211133" label="[21:11:33]">&lt;Mikaku&gt;</a></span><span class="message">where did you compile this program?</span></div><div class="line" id="211208"><span class="nick" style="color:#2e2a4a"><a href="#211208" label="[21:12:08]">&lt;rickmasters&gt;</a></span><span class="message">Mikaku: I was testing with a fairly recent 1.4.0 kernel</span></div><div class="line" id="211222"><span class="nick" style="color:#6c3d55"><a href="#211222" label="[21:12:22]">&lt;Mikaku&gt;</a></span><span class="message">under FiwixOS 3.2?</span></div><div class="line" id="211229"><span class="nick" style="color:#2e2a4a"><a href="#211229" label="[21:12:29]">&lt;rickmasters&gt;</a></span><span class="message">Mikakue: yes</span></div><div class="line" id="211340"><span class="nick" style="color:#2e2a4a"><a href="#211340" label="[21:13:40]">&lt;rickmasters&gt;</a></span><span class="message">Mikaku: it was a snapshot from Jan 31 (204e594e)</span></div><div class="line" id="211356"><span class="nick" style="color:#6c3d55"><a href="#211356" label="[21:13:56]">&lt;Mikaku&gt;</a></span><span class="message"> &lt;<a rel="nofollow" href="https://pastesite.org/view/344967c1">https://pastesite.org/view/344967c1</a>&gt; </span></div><div class="line" id="211433"><span class="nick" style="color:#6c3d55"><a href="#211433" label="[21:14:33]">&lt;Mikaku&gt;</a></span><span class="message">weird</span></div><div class="line" id="211436"><span class="nick" style="color:#2e2a4a"><a href="#211436" label="[21:14:36]">&lt;rickmasters&gt;</a></span><span class="message">Mikaku: which kernel where you using?</span></div><div class="line" id="211452"><span class="nick" style="color:#6c3d55"><a href="#211452" label="[21:14:52]">&lt;Mikaku&gt;</a></span><span class="message">I'm always using the latest in GitHub</span></div><div class="line" id="211615"><span class="nick" style="color:#6c3d55"><a href="#211615" label="[21:16:15]">&lt;Mikaku&gt;</a></span><span class="message">if you can upload that program, I could do more test on it</span></div><div class="line" id="211626"><span class="nick" style="color:#6c3d55"><a href="#211626" label="[21:16:26]">&lt;Mikaku&gt;</a></span><span class="message">the binary, I mean</span></div><div class="line" id="211737"><span class="nick" style="color:#6c3d55"><a href="#211737" label="[21:17:37]">&lt;Mikaku&gt;</a></span><span class="message">I hate when apparently simple bugs are not easily reproducible :-(</span></div><div class="line" id="211742"><span class="nick" style="color:#2e2a4a"><a href="#211742" label="[21:17:42]">&lt;rickmasters&gt;</a></span><span class="message">Ok, I'll work on uploading the binary.</span></div><div class="line" id="211754"><span class="nick" style="color:#2e2a4a"><a href="#211754" label="[21:17:54]">&lt;rickmasters&gt;</a></span><span class="message">I just tried with latest github code, same result.</span></div><div class="line" id="212923"><span class="nick" style="color:#2e2a4a"><a href="#212923" label="[21:29:23]">&lt;rickmasters&gt;</a></span><span class="message">I uploaded the binary. Perhaps you could try a larger lseek offset?</span></div><div class="line" id="214725"><span class="nick" style="color:#6c3d55"><a href="#214725" label="[21:47:25]">&lt;Mikaku&gt;</a></span><span class="message">rickmasters: I'm gonna test it</span></div><div class="line" id="214837"><span class="nick" style="color:#6c3d55"><a href="#214837" label="[21:48:37]">&lt;Mikaku&gt;</a></span><span class="message">rickmasters: yes, I've been working on a llseek() patch, that is changing all lseek() by llseek() which uses two 32bit numbers to form a 64bit value, but I need to do more testing to make sure that it will work on an i386</span></div><div class="line" id="214915"><span class="nick" style="color:#6c3d55"><a href="#214915" label="[21:49:15]">&lt;Mikaku&gt;</a></span><span class="message">thanks for uploading the binary</span></div><div class="line" id="214932"><span class="nick" style="color:#2e2a4a"><a href="#214932" label="[21:49:32]">&lt;rickmasters&gt;</a></span><span class="message">Mikaku: You're welcome.</span></div><div class="line" id="221801"><span class="nick" style="color:#6c3d55"><a href="#221801" label="[22:18:01]">&lt;Mikaku&gt;</a></span><span class="message">rickmasters: bad news, I don't see any difference between you binary and mine, the hole is zero-filled :-/</span></div><div class="line" id="221845"><span class="nick" style="color:#6c3d55"><a href="#221845" label="[22:18:45]">&lt;Mikaku&gt;</a></span><span class="message">well, bad news, in the sense that I'm still unable to reproduce the issue</span></div><div class="line" id="221853"><span class="nick" style="color:#2e2a4a"><a href="#221853" label="[22:18:53]">&lt;rickmasters&gt;</a></span><span class="message">Mikaku: yeah, that's unfortunate</span></div><div class="line" id="221921"><span class="nick" style="color:#6c3d55"><a href="#221921" label="[22:19:21]">&lt;Mikaku&gt;</a></span><span class="message">it's curious to see that your binary has a different size than mine</span></div><div class="line" id="221947"><span class="nick" style="color:#6c3d55"><a href="#221947" label="[22:19:47]">&lt;Mikaku&gt;</a></span><span class="message">mine: 98449 bytes, yours 95086 bytes</span></div><div class="line" id="222012"><span class="nick" style="color:#6c3d55"><a href="#222012" label="[22:20:12]">&lt;Mikaku&gt;</a></span><span class="message">cat my</span></div><div class="line" id="222016"><span class="nick" style="color:#6c3d55"><a href="#222016" label="[22:20:16]">&lt;Mikaku&gt;</a></span><span class="message">err, sorry</span></div><div class="line" id="222445"><span class="nick" style="color:#6c3d55"><a href="#222445" label="[22:24:45]">&lt;Mikaku&gt;</a></span><span class="message">I don't discard a bug but it will be hard to fix it without having a reproducible scenery</span></div><div class="line" id="222532"><span class="nick" style="color:#6c3d55"><a href="#222532" label="[22:25:32]">&lt;Mikaku&gt;</a></span><span class="message">*scenario</span></div><div class="line" id="223322"><span class="nick" style="color:#2e2a4a"><a href="#223322" label="[22:33:22]">&lt;rickmasters&gt;</a></span><span class="message">Mikaku: sorry. My mistake - I'm on FiwixOS 3.1 with 1.4.0 kernel</span></div><div class="line" id="224242"><span class="nick" style="color:#6c3d55"><a href="#224242" label="[22:42:42]">&lt;Mikaku&gt;</a></span><span class="message">rickmasters: well, since it's a statically linked binary, the system where it's running doesn't care much</span></div><div class="line" id="224254"><span class="nick" style="color:#6c3d55"><a href="#224254" label="[22:42:54]">&lt;Mikaku&gt;</a></span><span class="message">only kernel version matters here</span></div><div class="line" id="224333"><span class="nick" style="color:#6c3d55"><a href="#224333" label="[22:43:33]">&lt;Mikaku&gt;</a></span><span class="message">I've been testing it on the official 1.4.0 version (Nov 15, 2022) and I still see a zero-filled hole</span></div><div class="line" id="225112"><span class="nick" style="color:#6c3d55"><a href="#225112" label="[22:51:12]">&lt;Mikaku&gt;</a></span><span class="message">hmm, why the offsets in your 'od' are always zero?</span></div><br /></div></body></html>