<!DOCTYPE html><html><head><title>IRC channel logs</title><style>html {
  background: #fdfdfd;
}

h1 {
  font-weight: 300;
}

h2 {
  font-weight: 200;
}

h3 {
  padding: .5em 0;
  border-top: 3px dotted #ddd;
  margin-bottom: 0;
}

form {
  width: 400px;
  display: flex;
}

input {
  width: 100%;
  display: flex;
  border-radius: .25em 0 0 .25em;
  border: 1px solid #aaa;
  border-right: 0;
  padding: 0.5em;
}

button {
  display: flex;
  border-radius: 0 .25em .25em 0;
  background-color: #007bff;
  border: 1px solid #007bff;
  padding: .5em;
  cursor: pointer;
  color: white;
}

button:hover {
  background-color: #0069d9;
  border-color: #0062cc;
}

a {
  color: #007bff;
  text-decoration: none;
}

a:hover {
  text-decoration: underline;
}

h4 {
  margin-bottom: .5em;
}

table td {
  padding: 0.75em;
}

table tr:hover {
  background: #eee;
}

.year {
  display: table;
}

.month {
  display: table-cell;
  padding-right: 1em;
}

ul {
  margin: 0;
  padding: 0;
  list-style: none;
}

.nick {
  padding-right: 0.6rem;
  font-weight: bold;
  text-align: right;
  width: 13rem;
  display: table-cell;
}

.nick a {
  color: inherit;
  text-decoration: none;
}

.message {
  display: table-cell;
  padding-left: 0.6rem;
  border-left: 2px solid #333;
}

.notice {
  color: #859900;
  font-style: italic;
}

.line {
  line-height: 1.8rem;
  display: table;
}

#logs {
  margin-top: 1.5rem;
  padding: 1.5rem;
}
</style></head><body><h1>IRC channel logs</h1><h2>2023-11-01.log</h2><p><a href="/bootstrappable">back to list of logs</a></p><div id="logs"><div class="line" id="203941"><span class="nick" style="color:#389600"><a href="#203941" label="[20:39:41]">&lt;stikonas&gt;</a></span><span class="message">ekaitz: oh yes, so many cores...</span></div><div class="line" id="204006"><span class="nick" style="color:#8dd3c7"><a href="#204006" label="[20:40:06]">&lt;ekaitz&gt;</a></span><span class="message">mixed channel</span></div><div class="line" id="204012"><span class="nick" style="color:#8dd3c7"><a href="#204012" label="[20:40:12]">&lt;ekaitz&gt;</a></span><span class="message"> <a rel="nofollow" href="https://milkv.io/pioneer">https://milkv.io/pioneer</a>  i shared this</span></div><div class="line" id="204016"><span class="nick" style="color:#389600"><a href="#204016" label="[20:40:16]">&lt;stikonas&gt;</a></span><span class="message">yeah...</span></div><div class="line" id="204030"><span class="nick" style="color:#389600"><a href="#204030" label="[20:40:30]">&lt;stikonas&gt;</a></span><span class="message">oh yes, it was on #guix-risc-v</span></div><div class="line" id="204047"><span class="nick" style="color:#389600"><a href="#204047" label="[20:40:47]">&lt;stikonas&gt;</a></span><span class="message">anyway, I'm not sure if it's much faster for single core workload</span></div><div class="line" id="204052"><span class="nick" style="color:#389600"><a href="#204052" label="[20:40:52]">&lt;stikonas&gt;</a></span><span class="message">e.g. building tcc with mes :)</span></div><div class="line" id="211507"><span class="nick" style="color:#389600"><a href="#211507" label="[21:15:07]">&lt;stikonas&gt;</a></span><span class="message">ok, pushed M2-Planet 1.11.0 release too <a rel="nofollow" href="https://github.com/oriansj/M2-Planet/releases/tag/Release_1.11.0">https://github.com/oriansj/M2-Planet/releases/tag/Release_1.11.0</a> </span></div><div class="line" id="211512"><span class="nick" style="color:#389600"><a href="#211512" label="[21:15:12]">&lt;stikonas&gt;</a></span><span class="message">so now only stage0-posix is remaining</span></div><div class="line" id="225830"><span class="nick" style="color:#2e2a4a"><a href="#225830" label="[22:58:30]">&lt;oriansj&gt;</a></span><span class="message">ekaitz: hmm, 64 cores with support for ECC but board doesn't support ECC???? either incorrect information on page or they don't realize the average bit corruption rate of DDR4 per GB</span></div><div class="line" id="225904"><span class="nick" style="color:#8dd3c7"><a href="#225904" label="[22:59:04]">&lt;ekaitz&gt;</a></span><span class="message">i have no idea about hardware mate</span></div><div class="line" id="230035"><span class="nick" style="color:#2e2a4a"><a href="#230035" label="[23:00:35]">&lt;oriansj&gt;</a></span><span class="message">fair enough; most people don't know it happens and even fewer actually read the google study on the subject.</span></div><div class="line" id="230100"><span class="nick" style="color:#8dd3c7"><a href="#230100" label="[23:01:00]">&lt;ekaitz&gt;</a></span><span class="message">i don't know what ecc is either</span></div><div class="line" id="230118"><span class="nick" style="color:#8dd3c7"><a href="#230118" label="[23:01:18]">&lt;ekaitz&gt;</a></span><span class="message">but i'm sure i'm able to understand it if you summarize it ;)</span></div><div class="line" id="230234"><span class="nick" style="color:#2e2a4a"><a href="#230234" label="[23:02:34]">&lt;oriansj&gt;</a></span><span class="message">imagine solar or csmic background radiation flips a bit in your memory; ECC would be able to detect and correct it</span></div><div class="line" id="230248"><span class="nick" style="color:#8dd3c7"><a href="#230248" label="[23:02:48]">&lt;ekaitz&gt;</a></span><span class="message">aaaah</span></div><div class="line" id="230319"><span class="nick" style="color:#8dd3c7"><a href="#230319" label="[23:03:19]">&lt;ekaitz&gt;</a></span><span class="message">i even studies that kind of error correction stuff</span></div><div class="line" id="230330"><span class="nick" style="color:#8dd3c7"><a href="#230330" label="[23:03:30]">&lt;ekaitz&gt;</a></span><span class="message">i didn't know that memories needed that but it makes perfect sense</span></div><div class="line" id="230455"><span class="nick" style="color:#2e2a4a"><a href="#230455" label="[23:04:55]">&lt;oriansj&gt;</a></span><span class="message">and as the lithography process uses smaller and smaller features it becomes more sensitive to lower and lower energy radiation. higher odds of a hit as the lithography gets denser too and the more RAM you have the greater the odds of getting hit (it scales approximately linearly with memory capacity)</span></div><div class="line" id="230657"><span class="nick" style="color:#2e2a4a"><a href="#230657" label="[23:06:57]">&lt;oriansj&gt;</a></span><span class="message">a good rule of thumb is 1 bit corruption per GB per day (probably good bit higher now)</span></div><div class="line" id="230744"><span class="nick" style="color:#2e2a4a"><a href="#230744" label="[23:07:44]">&lt;oriansj&gt;</a></span><span class="message">so 128GB =&gt; about a corruption every 10 minutes</span></div><div class="line" id="230816"><span class="nick" style="color:#6b8072"><a href="#230816" label="[23:08:16]">&lt;nektro&gt;</a></span><span class="message">if you're using all of it</span></div><div class="line" id="231104"><span class="nick" style="color:#389600"><a href="#231104" label="[23:11:04]">&lt;stikonas&gt;</a></span><span class="message">also most memory is never written back to disk</span></div><div class="line" id="231124"><span class="nick" style="color:#389600"><a href="#231124" label="[23:11:24]">&lt;stikonas&gt;</a></span><span class="message">which is why most people don't bother</span></div><div class="line" id="231739"><span class="nick" style="color:#389600"><a href="#231739" label="[23:17:39]">&lt;stikonas&gt;</a></span><span class="message">oriansj: we have a mess with mescc-tools</span></div><div class="line" id="231842"><span class="nick" style="color:#80b1d3"><a href="#231842" label="[23:18:42]">&lt;theruran&gt;</a></span><span class="message">Torvalds had a rant about ECC RAM a few years ago: <a rel="nofollow" href="https://arstechnica.com/gadgets/2021/01/linus-torvalds-blames-intel-for-lack-of-ecc-ram-in-consumer-pcs/">https://arstechnica.com/gadgets/2021/01/linus-torvalds-blames-intel-for-lack-of-ecc-ram-in-consumer-pcs/</a> </span></div><div class="line" id="231850"><span class="nick" style="color:#389600"><a href="#231850" label="[23:18:50]">&lt;stikonas&gt;</a></span><span class="message">oriansj: I didn't know that you tagged it on savannah</span></div><div class="line" id="231901"><span class="nick" style="color:#389600"><a href="#231901" label="[23:19:01]">&lt;stikonas&gt;</a></span><span class="message">so I tagged it yesterday on github</span></div><div class="line" id="231905"><span class="nick" style="color:#389600"><a href="#231905" label="[23:19:05]">&lt;stikonas&gt;</a></span><span class="message">and made a release tarball</span></div><div class="line" id="231917"><span class="nick" style="color:#389600"><a href="#231917" label="[23:19:17]">&lt;stikonas&gt;</a></span><span class="message">oriansj: but it's not the same commit!</span></div><div class="line" id="232712"><span class="nick" style="color:#389600"><a href="#232712" label="[23:27:12]">&lt;stikonas&gt;</a></span><span class="message">but we probably want to include that extra kaem fix...</span></div><div class="line" id="232810"><span class="nick" style="color:#389600"><a href="#232810" label="[23:28:10]">&lt;stikonas&gt;</a></span><span class="message">so I think the options are either silently move tag on savannah or bump version, prepeare new 1.5.1 tag...</span></div><div class="line" id="233245"><span class="nick" style="color:#2e2a4a"><a href="#233245" label="[23:32:45]">&lt;oriansj&gt;</a></span><span class="message">stikonas: I pulled your tag and pushed it to savannah</span></div><div class="line" id="233305"><span class="nick" style="color:#389600"><a href="#233305" label="[23:33:05]">&lt;stikonas&gt;</a></span><span class="message">ok, thanks</span></div><div class="line" id="233600"><span class="nick" style="color:#389600"><a href="#233600" label="[23:36:00]">&lt;stikonas&gt;</a></span><span class="message">oriansj: this still seems to show the old tag...</span></div><div class="line" id="233606"><span class="nick" style="color:#389600"><a href="#233606" label="[23:36:06]">&lt;stikonas&gt;</a></span><span class="message">though maybe there is some mirroring delay</span></div><div class="line" id="233912"><span class="nick" style="color:#6d2462"><a href="#233912" label="[23:39:12]">&lt;muurkha&gt;</a></span><span class="message">radiation from the chip packaging is also a contributor</span></div><div class="line" id="234000"><span class="nick" style="color:#6d2462"><a href="#234000" label="[23:40:00]">&lt;muurkha&gt;</a></span><span class="message">chips are packaged in epoxy, epoxy is largely carbon, separating carbon-12 and carbon-13 from carbon-14 is not literally impossible but far too expensive, and carbon-14 is radioactive</span></div><div class="line" id="234121"><span class="nick" style="color:#234e69"><a href="#234121" label="[23:41:21]">&lt;vagrantc&gt;</a></span><span class="message">will be speaking at seagl in a few days, and bootstrappable builds is a solid cornerstone of it: <a rel="nofollow" href="https://osem.seagl.org/conferences/seagl2023/program/proposals/939">https://osem.seagl.org/conferences/seagl2023/program/proposals/939</a> </span></div><div class="line" id="234131"><span class="nick" style="color:#6d2462"><a href="#234131" label="[23:41:31]">&lt;muurkha&gt;</a></span><span class="message">yaay</span></div><div class="line" id="234208"><span class="nick" style="color:#234e69"><a href="#234208" label="[23:42:08]">&lt;vagrantc&gt;</a></span><span class="message">although i only talk about reproducible builds in the abstract ... looking at my slides bootstrappable builds might take up more of the talk :)</span></div><div class="line" id="234313"><span class="nick" style="color:#8dd3c7"><a href="#234313" label="[23:43:13]">&lt;ekaitz&gt;</a></span><span class="message">vagrantc: is it going to be recorded?</span></div><div class="line" id="234331"><span class="nick" style="color:#234e69"><a href="#234331" label="[23:43:31]">&lt;vagrantc&gt;</a></span><span class="message">probably, as well as live-streamed</span></div><div class="line" id="234352"><span class="nick" style="color:#234e69"><a href="#234352" label="[23:43:52]">&lt;vagrantc&gt;</a></span><span class="message">they are doing a hybrid conference this year ... with both local and remote talks</span></div><div class="line" id="234436"><span class="nick" style="color:#234e69"><a href="#234436" label="[23:44:36]">&lt;vagrantc&gt;</a></span><span class="message">will be a pretty introductory talk ... kind of like a trimmed down version of my fossy talk</span></div><div class="line" id="234503"><span class="nick" style="color:#234e69"><a href="#234503" label="[23:45:03]">&lt;vagrantc&gt;</a></span><span class="message">although ... i am finding it hard to trim it down as much as i had hoped ... hopefully i will fit it all in the timeslot :)</span></div><div class="line" id="234511"><span class="nick" style="color:#389600"><a href="#234511" label="[23:45:11]">&lt;stikonas&gt;</a></span><span class="message">yeah, but it might still be able to reach some people that we can't in other ways</span></div><div class="line" id="234527"><span class="nick" style="color:#234e69"><a href="#234527" label="[23:45:27]">&lt;vagrantc&gt;</a></span><span class="message">that's the plan :)_</span></div><div class="line" id="234543"><span class="nick" style="color:#389600"><a href="#234543" label="[23:45:43]">&lt;stikonas&gt;</a></span><span class="message">vagrantc: also, if I recall early boot chain was a bit misordered in fossy talk, if you still have that, I can help you fix that</span></div><div class="line" id="234555"><span class="nick" style="color:#234e69"><a href="#234555" label="[23:45:55]">&lt;vagrantc&gt;</a></span><span class="message">stikonas: oh, please!</span></div><div class="line" id="234638"><span class="nick" style="color:#389600"><a href="#234638" label="[23:46:38]">&lt;stikonas&gt;</a></span><span class="message">ok, so simplified chain without kaem shell and rebuild of original seeds is:</span></div><div class="line" id="234656"><span class="nick" style="color:#234e69"><a href="#234656" label="[23:46:56]">&lt;vagrantc&gt;</a></span><span class="message"> <a rel="nofollow" href="https://salsa.debian.org/reproducible-builds/reproducible-presentations/-/blob/master/2023-11-04-SeaGL-Beyond-Trusting-FOSS/Beyond-Trusting-FOSS.org">https://salsa.debian.org/reproducible-builds/reproducible-presentations/-/blob/master/2023-11-04-SeaGL-Beyond-Trusting-FOSS/Beyond-Trusting-FOSS.org</a> </span></div><div class="line" id="234708"><span class="nick" style="color:#234e69"><a href="#234708" label="[23:47:08]">&lt;vagrantc&gt;</a></span><span class="message">that's my current draft so far</span></div><div class="line" id="234734"><span class="nick" style="color:#234e69"><a href="#234734" label="[23:47:34]">&lt;vagrantc&gt;</a></span><span class="message">i think i extracted the chain i had from what guix actually uses</span></div><div class="line" id="234737"><span class="nick" style="color:#389600"><a href="#234737" label="[23:47:37]">&lt;stikonas&gt;</a></span><span class="message">ok, let's fix 25</span></div><div class="line" id="234758"><span class="nick" style="color:#234e69"><a href="#234758" label="[23:47:58]">&lt;vagrantc&gt;</a></span><span class="message">but i may have missed something, certainly :)</span></div><div class="line" id="234759"><span class="nick" style="color:#389600"><a href="#234759" label="[23:47:59]">&lt;stikonas&gt;</a></span><span class="message">yeah, but even in guix it's the same order</span></div><div class="line" id="234803"><span class="nick" style="color:#389600"><a href="#234803" label="[23:48:03]">&lt;stikonas&gt;</a></span><span class="message">hex0-&gt;hex1-&gt;hex2-&gt;M0</span></div><div class="line" id="234813"><span class="nick" style="color:#389600"><a href="#234813" label="[23:48:13]">&lt;stikonas&gt;</a></span><span class="message">rather than hex0-&gt;hex1-&gt;M0-&gt;hex2-&gt;M1</span></div><div class="line" id="234837"><span class="nick" style="color:#389600"><a href="#234837" label="[23:48:37]">&lt;stikonas&gt;</a></span><span class="message">in fact longer chain is</span></div><div class="line" id="234902"><span class="nick" style="color:#234e69"><a href="#234902" label="[23:49:02]">&lt;vagrantc&gt;</a></span><span class="message">there were some limits to what i could include in a single slide reasonably too ... but best not to be *wrong* :)</span></div><div class="line" id="234905"><span class="nick" style="color:#389600"><a href="#234905" label="[23:49:05]">&lt;stikonas&gt;</a></span><span class="message">hex0-&gt;hex1-&gt;hex2-&gt;M0-&gt;cc_x86-&gt;M2-Planet-&gt;mescc-tools -&gt;Mes -&gt;Tinycc</span></div><div class="line" id="234913"><span class="nick" style="color:#389600"><a href="#234913" label="[23:49:13]">&lt;stikonas&gt;</a></span><span class="message">it's mostly just ordering</span></div><div class="line" id="234929"><span class="nick" style="color:#389600"><a href="#234929" label="[23:49:29]">&lt;stikonas&gt;</a></span><span class="message">M1 is subset of mescc-tools</span></div><div class="line" id="234934"><span class="nick" style="color:#234e69"><a href="#234934" label="[23:49:34]">&lt;vagrantc&gt;</a></span><span class="message">thanks, will see if i get it right :)</span></div><div class="line" id="234939"><span class="nick" style="color:#389600"><a href="#234939" label="[23:49:39]">&lt;stikonas&gt;</a></span><span class="message">kind of cross-platform version of M0</span></div><div class="line" id="234942"><span class="nick" style="color:#8dd3c7"><a href="#234942" label="[23:49:42]">&lt;ekaitz&gt;</a></span><span class="message">i'm not the only one that doesn't have a clear understanding of the whole chain... good good</span></div><div class="line" id="234948"><span class="nick" style="color:#389600"><a href="#234948" label="[23:49:48]">&lt;stikonas&gt;</a></span><span class="message">with nicer interface and a few more features</span></div><div class="line" id="234951"><span class="nick" style="color:#234e69"><a href="#234951" label="[23:49:51]">&lt;vagrantc&gt;</a></span><span class="message">ekaitz: :)</span></div><div class="line" id="235011"><span class="nick" style="color:#8dd3c7"><a href="#235011" label="[23:50:11]">&lt;ekaitz&gt;</a></span><span class="message">vagrantc: :)</span></div><div class="line" id="235043"><span class="nick" style="color:#8dd3c7"><a href="#235043" label="[23:50:43]">&lt;ekaitz&gt;</a></span><span class="message">it's a little bit crazy</span></div><div class="line" id="235054"><span class="nick" style="color:#8dd3c7"><a href="#235054" label="[23:50:54]">&lt;ekaitz&gt;</a></span><span class="message">for example cc_x86?</span></div><div class="line" id="235104"><span class="nick" style="color:#389600"><a href="#235104" label="[23:51:04]">&lt;stikonas&gt;</a></span><span class="message">cc_x86 is C compiler written in M0 language</span></div><div class="line" id="235111"><span class="nick" style="color:#389600"><a href="#235111" label="[23:51:11]">&lt;stikonas&gt;</a></span><span class="message">so C compiler in assembly</span></div><div class="line" id="235119"><span class="nick" style="color:#389600"><a href="#235119" label="[23:51:19]">&lt;stikonas&gt;</a></span><span class="message">well, or cc_riscv64 :)</span></div><div class="line" id="235129"><span class="nick" style="color:#389600"><a href="#235129" label="[23:51:29]">&lt;stikonas&gt;</a></span><span class="message">or cc_amd64, cc_riscv32 or a few others</span></div><div class="line" id="235130"><span class="nick" style="color:#8dd3c7"><a href="#235130" label="[23:51:30]">&lt;ekaitz&gt;</a></span><span class="message">that was going to be my next question</span></div><div class="line" id="235136"><span class="nick" style="color:#8dd3c7"><a href="#235136" label="[23:51:36]">&lt;ekaitz&gt;</a></span><span class="message">haha</span></div><div class="line" id="235150"><span class="nick" style="color:#8dd3c7"><a href="#235150" label="[23:51:50]">&lt;ekaitz&gt;</a></span><span class="message">and M2 planet is a platform neutral thingie</span></div><div class="line" id="235201"><span class="nick" style="color:#389600"><a href="#235201" label="[23:52:01]">&lt;stikonas&gt;</a></span><span class="message">yeah, cc_x86 can't build anything else</span></div><div class="line" id="235205"><span class="nick" style="color:#8dd3c7"><a href="#235205" label="[23:52:05]">&lt;ekaitz&gt;</a></span><span class="message">written in that C subset, but what does it provide?</span></div><div class="line" id="235212"><span class="nick" style="color:#234e69"><a href="#235212" label="[23:52:12]">&lt;vagrantc&gt;</a></span><span class="message">i dropped the non-x86 architectures slide for this talk</span></div><div class="line" id="235227"><span class="nick" style="color:#389600"><a href="#235227" label="[23:52:27]">&lt;stikonas&gt;</a></span><span class="message">ekaitz: m2-planet?</span></div><div class="line" id="235230"><span class="nick" style="color:#8dd3c7"><a href="#235230" label="[23:52:30]">&lt;ekaitz&gt;</a></span><span class="message">stikonas: yes</span></div><div class="line" id="235238"><span class="nick" style="color:#389600"><a href="#235238" label="[23:52:38]">&lt;stikonas&gt;</a></span><span class="message">well, it supports bigger C subset</span></div><div class="line" id="235243"><span class="nick" style="color:#8dd3c7"><a href="#235243" label="[23:52:43]">&lt;ekaitz&gt;</a></span><span class="message">in practical terms i mean</span></div><div class="line" id="235247"><span class="nick" style="color:#8dd3c7"><a href="#235247" label="[23:52:47]">&lt;ekaitz&gt;</a></span><span class="message">so it's just another C compiler</span></div><div class="line" id="235250"><span class="nick" style="color:#389600"><a href="#235250" label="[23:52:50]">&lt;stikonas&gt;</a></span><span class="message">sufficient C subset to build mes</span></div><div class="line" id="235251"><span class="nick" style="color:#389600"><a href="#235251" label="[23:52:51]">&lt;stikonas&gt;</a></span><span class="message">oh ok</span></div><div class="line" id="235259"><span class="nick" style="color:#389600"><a href="#235259" label="[23:52:59]">&lt;stikonas&gt;</a></span><span class="message">so compared to cc_*</span></div><div class="line" id="235319"><span class="nick" style="color:#8dd3c7"><a href="#235319" label="[23:53:19]">&lt;ekaitz&gt;</a></span><span class="message">yes</span></div><div class="line" id="235336"><span class="nick" style="color:#389600"><a href="#235336" label="[23:53:36]">&lt;stikonas&gt;</a></span><span class="message">hmm, let me remember</span></div><div class="line" id="235347"><span class="nick" style="color:#8dd3c7"><a href="#235347" label="[23:53:47]">&lt;ekaitz&gt;</a></span><span class="message">it's not platform specific in this case i guess, but it has to have several backends... or is it like an interpreter or something?</span></div><div class="line" id="235348"><span class="nick" style="color:#389600"><a href="#235348" label="[23:53:48]">&lt;stikonas&gt;</a></span><span class="message">but new features in M2 are structs on stack</span></div><div class="line" id="235404"><span class="nick" style="color:#389600"><a href="#235404" label="[23:54:04]">&lt;stikonas&gt;</a></span><span class="message">ekaitz: no, it's still like tcc</span></div><div class="line" id="235409"><span class="nick" style="color:#389600"><a href="#235409" label="[23:54:09]">&lt;stikonas&gt;</a></span><span class="message">just has a few different codegens</span></div><div class="line" id="235412"><span class="nick" style="color:#8dd3c7"><a href="#235412" label="[23:54:12]">&lt;ekaitz&gt;</a></span><span class="message">okay</span></div><div class="line" id="235430"><span class="nick" style="color:#8dd3c7"><a href="#235430" label="[23:54:30]">&lt;ekaitz&gt;</a></span><span class="message">understood!</span></div><div class="line" id="235456"><span class="nick" style="color:#389600"><a href="#235456" label="[23:54:56]">&lt;stikonas&gt;</a></span><span class="message">it supports quite a few more things than cc_*</span></div><div class="line" id="235501"><span class="nick" style="color:#389600"><a href="#235501" label="[23:55:01]">&lt;stikonas&gt;</a></span><span class="message">though I'm struggling to name them :D</span></div><div class="line" id="235503"><span class="nick" style="color:#234e69"><a href="#235503" label="[23:55:03]">&lt;vagrantc&gt;</a></span><span class="message">stikonas: i think this fixes it? <a rel="nofollow" href="https://paste.debian.net/1296913/">https://paste.debian.net/1296913/</a> </span></div><div class="line" id="235513"><span class="nick" style="color:#389600"><a href="#235513" label="[23:55:13]">&lt;stikonas&gt;</a></span><span class="message">been awhile  since I looked at source of cc_*</span></div><div class="line" id="235602"><span class="nick" style="color:#389600"><a href="#235602" label="[23:56:02]">&lt;stikonas&gt;</a></span><span class="message">vagrantc: yeah I think so</span></div><div class="line" id="235608"><span class="nick" style="color:#389600"><a href="#235608" label="[23:56:08]">&lt;stikonas&gt;</a></span><span class="message">you can also lower hex0 to 256 bytes</span></div><div class="line" id="235615"><span class="nick" style="color:#234e69"><a href="#235615" label="[23:56:15]">&lt;vagrantc&gt;</a></span><span class="message">stikonas: not in guix yet</span></div><div class="line" id="235623"><span class="nick" style="color:#389600"><a href="#235623" label="[23:56:23]">&lt;stikonas&gt;</a></span><span class="message">no, not in guix</span></div><div class="line" id="235626"><span class="nick" style="color:#8dd3c7"><a href="#235626" label="[23:56:26]">&lt;ekaitz&gt;</a></span><span class="message">stikonas: what you explained is enough for me :) i just wanted to understand the high level</span></div><div class="line" id="235631"><span class="nick" style="color:#234e69"><a href="#235631" label="[23:56:31]">&lt;vagrantc&gt;</a></span><span class="message">but i do mention that in the talk :)</span></div><div class="line" id="235632"><span class="nick" style="color:#389600"><a href="#235632" label="[23:56:32]">&lt;stikonas&gt;</a></span><span class="message">I'll try to make stage0-posix release today or tomorrow</span></div><div class="line" id="235656"><span class="nick" style="color:#389600"><a href="#235656" label="[23:56:56]">&lt;stikonas&gt;</a></span><span class="message">anyway, M2-Planet is written in maybe 60% smaller subset than it supports</span></div><div class="line" id="235706"><span class="nick" style="color:#389600"><a href="#235706" label="[23:57:06]">&lt;stikonas&gt;</a></span><span class="message">some other examples are a += 1;</span></div><br /></div></body></html>