<!DOCTYPE html><html><head><title>IRC channel logs</title><style>html {
  background: #fdfdfd;
}

h1 {
  font-weight: 300;
}

h2 {
  font-weight: 200;
}

h3 {
  padding: .5em 0;
  border-top: 3px dotted #ddd;
  margin-bottom: 0;
}

form {
  width: 400px;
  display: flex;
}

input {
  width: 100%;
  display: flex;
  border-radius: .25em 0 0 .25em;
  border: 1px solid #aaa;
  border-right: 0;
  padding: 0.5em;
}

button {
  display: flex;
  border-radius: 0 .25em .25em 0;
  background-color: #007bff;
  border: 1px solid #007bff;
  padding: .5em;
  cursor: pointer;
  color: white;
}

button:hover {
  background-color: #0069d9;
  border-color: #0062cc;
}

a {
  color: #007bff;
  text-decoration: none;
}

a:hover {
  text-decoration: underline;
}

h4 {
  margin-bottom: .5em;
}

table td {
  padding: 0.75em;
}

table tr:hover {
  background: #eee;
}

.year {
  display: table;
}

.month {
  display: table-cell;
  padding-right: 1em;
}

ul {
  margin: 0;
  padding: 0;
  list-style: none;
}

.nick {
  padding-right: 0.6rem;
  font-weight: bold;
  text-align: right;
  width: 13rem;
  display: table-cell;
}

.nick a {
  color: inherit;
  text-decoration: none;
}

.message {
  display: table-cell;
  padding-left: 0.6rem;
  border-left: 2px solid #333;
}

.notice {
  color: #859900;
  font-style: italic;
}

.line {
  line-height: 1.8rem;
  display: table;
}

#logs {
  margin-top: 1.5rem;
  padding: 1.5rem;
}
</style></head><body><h1>IRC channel logs</h1><h2>2023-06-14.log</h2><p><a href="/bootstrappable">back to list of logs</a></p><div id="logs"><div class="line" id="175557"><span class="nick" style="color:#389600"><a href="#175557" label="[17:55:57]">&lt;ccx&gt;</a></span><span class="message">Is there any convenient tool I could use to diff ELFs? I'm setting up my own small reproducible build thingy.</span></div><div class="line" id="180714"><span class="nick" style="color:#8dd3c7"><a href="#180714" label="[18:07:14]">&lt;stikonas[m]&gt;</a></span><span class="message">ccx: diffoscope</span></div><div class="line" id="180752"><span class="nick" style="color:#389600"><a href="#180752" label="[18:07:52]">&lt;ccx&gt;</a></span><span class="message">Thanks@</span></div><div class="line" id="180755"><span class="nick" style="color:#389600"><a href="#180755" label="[18:07:55]">&lt;ccx&gt;</a></span><span class="message">Thanks!</span></div><div class="line" id="224249"><span class="nick" style="color:#2e2a4a"><a href="#224249" label="[22:42:49]">&lt;Christoph[m]&gt;</a></span><span class="message">&lt;ccx&gt; &quot;Is there any convenient tool I...&quot; &lt;- I never tried it, but it sounds relevant to your question:</span></div><div class="line" id="224249"><span class="nick" style="color:#2e2a4a"><a href="#224249" label="[22:42:49]">&lt;Christoph[m]&gt;</a></span><span class="message"> <a rel="nofollow" href="https://www.gnu.org/software/poke/">https://www.gnu.org/software/poke/</a> </span></div><div class="line" id="224650"><span class="nick" style="color:#389600"><a href="#224650" label="[22:46:50]">&lt;ccx&gt;</a></span><span class="message">Christoph[m]: Thanks. I remember seeing that a while ago. But I don't see any obvious diff mode in it.</span></div><div class="line" id="224935"><span class="nick" style="color:#6b8072"><a href="#224935" label="[22:49:35]">&lt;stikonas&gt;</a></span><span class="message">yeah, on the other hand diffoscope does have diff mode, but I haven't found way to control the mode of the diff. I.e. by default it only diffs the headers. And only if they are identical (so file size must be identical) diffoscope would show full hex diff</span></div><div class="line" id="225150"><span class="nick" style="color:#389600"><a href="#225150" label="[22:51:50]">&lt;ccx&gt;</a></span><span class="message">Well, it shows the command it runs for the hexdump, so you can as well call diff manually. But with differing headers/layout the output might be less than useful.</span></div><div class="line" id="233901"><span class="nick" style="color:#2e2a4a"><a href="#233901" label="[23:39:01]">&lt;Christoph[m]&gt;</a></span><span class="message">There's a 'structured diff' command in poke since version 3.0: <a rel="nofollow" href="http://www.jemarch.net/poke-3.2-manual/html_node/sdiff.html">http://www.jemarch.net/poke-3.2-manual/html_node/sdiff.html</a> </span></div><div class="line" id="233901"><span class="nick" style="color:#2e2a4a"><a href="#233901" label="[23:39:01]">&lt;Christoph[m]&gt;</a></span><span class="message">I guess diffoscope is better suited.</span></div><br /></div></body></html>