<!DOCTYPE html><html><head><title>IRC channel logs</title><style>html {
  background: #fdfdfd;
}

h1 {
  font-weight: 300;
}

h2 {
  font-weight: 200;
}

h3 {
  padding: .5em 0;
  border-top: 3px dotted #ddd;
  margin-bottom: 0;
}

form {
  width: 400px;
  display: flex;
}

input {
  width: 100%;
  display: flex;
  border-radius: .25em 0 0 .25em;
  border: 1px solid #aaa;
  border-right: 0;
  padding: 0.5em;
}

button {
  display: flex;
  border-radius: 0 .25em .25em 0;
  background-color: #007bff;
  border: 1px solid #007bff;
  padding: .5em;
  cursor: pointer;
  color: white;
}

button:hover {
  background-color: #0069d9;
  border-color: #0062cc;
}

a {
  color: #007bff;
  text-decoration: none;
}

a:hover {
  text-decoration: underline;
}

h4 {
  margin-bottom: .5em;
}

table td {
  padding: 0.75em;
}

table tr:hover {
  background: #eee;
}

.year {
  display: table;
}

.month {
  display: table-cell;
  padding-right: 1em;
}

ul {
  margin: 0;
  padding: 0;
  list-style: none;
}

.nick {
  padding-right: 0.6rem;
  font-weight: bold;
  text-align: right;
  width: 13rem;
  display: table-cell;
}

.nick a {
  color: inherit;
  text-decoration: none;
}

.message {
  display: table-cell;
  padding-left: 0.6rem;
  border-left: 2px solid #333;
}

.notice {
  color: #859900;
  font-style: italic;
}

.line {
  line-height: 1.8rem;
  display: table;
}

#logs {
  margin-top: 1.5rem;
  padding: 1.5rem;
}
</style></head><body><h1>IRC channel logs</h1><h2>2023-08-20.log</h2><p><a href="/bootstrappable">back to list of logs</a></p><div id="logs"><div class="line" id="013855"><span class="nick" style="color:#389600"><a href="#013855" label="[01:38:55]">&lt;fossy&gt;</a></span><span class="message">is there a way to do alignment in hex2? (some kind of .align equivalent)?</span></div><div class="line" id="013949"><span class="nick" style="color:#8dd3c7"><a href="#013949" label="[01:39:49]">&lt;oriansj&gt;</a></span><span class="message">fossy: yes &lt;</span></div><div class="line" id="014019"><span class="nick" style="color:#8dd3c7"><a href="#014019" label="[01:40:19]">&lt;oriansj&gt;</a></span><span class="message">&lt; will align hex0 to the alignment requirement of the architecture</span></div><div class="line" id="014040"><span class="nick" style="color:#389600"><a href="#014040" label="[01:40:40]">&lt;fossy&gt;</a></span><span class="message">i see</span></div><div class="line" id="014102"><span class="nick" style="color:#389600"><a href="#014102" label="[01:41:02]">&lt;fossy&gt;</a></span><span class="message">our of interest, is arbitary alignment (eg to say 16 bytes) possible?</span></div><div class="line" id="014201"><span class="nick" style="color:#8dd3c7"><a href="#014201" label="[01:42:01]">&lt;oriansj&gt;</a></span><span class="message">fossy: well the alignment is to the architecture for word access but we have &lt;123 to pad an arbitrary number of null bytes</span></div><div class="line" id="014211"><span class="nick" style="color:#8dd3c7"><a href="#014211" label="[01:42:11]">&lt;oriansj&gt;</a></span><span class="message">(in M1 of course)</span></div><div class="line" id="014244"><span class="nick" style="color:#389600"><a href="#014244" label="[01:42:44]">&lt;fossy&gt;</a></span><span class="message">right, i see</span></div><div class="line" id="014331"><span class="nick" style="color:#8dd3c7"><a href="#014331" label="[01:43:31]">&lt;oriansj&gt;</a></span><span class="message">and RISC-V and arm are 4byte align required</span></div><div class="line" id="014504"><span class="nick" style="color:#8dd3c7"><a href="#014504" label="[01:45:04]">&lt;oriansj&gt;</a></span><span class="message">I don't think any architecture has a 16byte alignment requirement for word access and why we didn't have that specified ( most reasonable architectures just have byte alignment and nothing further than that needed)</span></div><div class="line" id="014609"><span class="nick" style="color:#389600"><a href="#014609" label="[01:46:09]">&lt;fossy&gt;</a></span><span class="message">yea there's not really any reason why we'd need that, i was just interested</span></div><div class="line" id="014751"><span class="nick" style="color:#8dd3c7"><a href="#014751" label="[01:47:51]">&lt;oriansj&gt;</a></span><span class="message">so effectively yes, we have &lt; to do alignment but it only  aligns to the address%4 as no architecture has a requirement beyond that (that I know of)</span></div><div class="line" id="024439"><span class="nick" style="color:#2e2a4a"><a href="#024439" label="[02:44:39]">&lt;stikonas&gt;</a></span><span class="message">I don't think we really use alignment in hex2</span></div><div class="line" id="024459"><span class="nick" style="color:#2e2a4a"><a href="#024459" label="[02:44:59]">&lt;stikonas&gt;</a></span><span class="message">or at least I don't remember seeing it in x86/amd64/riscv</span></div><div class="line" id="032320"><span class="nick" style="color:#8dd3c7"><a href="#032320" label="[03:23:20]">&lt;oriansj&gt;</a></span><span class="message">stikonas: well x86 and AMD64 don't need it and we worked around it in RISC-V so that you wouldn't need to support alignment in the hex2.hex1 as you already had to implement a bunch due to risc-v needing the word support bits</span></div><br /></div></body></html>