<!DOCTYPE html><html><head><title>IRC channel logs</title><style>html {
  background: #fdfdfd;
}

h1 {
  font-weight: 300;
}

h2 {
  font-weight: 200;
}

h3 {
  padding: .5em 0;
  border-top: 3px dotted #ddd;
  margin-bottom: 0;
}

form {
  width: 400px;
  display: flex;
}

input {
  width: 100%;
  display: flex;
  border-radius: .25em 0 0 .25em;
  border: 1px solid #aaa;
  border-right: 0;
  padding: 0.5em;
}

button {
  display: flex;
  border-radius: 0 .25em .25em 0;
  background-color: #007bff;
  border: 1px solid #007bff;
  padding: .5em;
  cursor: pointer;
  color: white;
}

button:hover {
  background-color: #0069d9;
  border-color: #0062cc;
}

a {
  color: #007bff;
  text-decoration: none;
}

a:hover {
  text-decoration: underline;
}

h4 {
  margin-bottom: .5em;
}

table td {
  padding: 0.75em;
}

table tr:hover {
  background: #eee;
}

.year {
  display: table;
}

.month {
  display: table-cell;
  padding-right: 1em;
}

ul {
  margin: 0;
  padding: 0;
  list-style: none;
}

.nick {
  padding-right: 0.6rem;
  font-weight: bold;
  text-align: right;
  width: 13rem;
  display: table-cell;
}

.nick a {
  color: inherit;
  text-decoration: none;
}

.message {
  display: table-cell;
  padding-left: 0.6rem;
  border-left: 2px solid #333;
}

.notice {
  color: #859900;
  font-style: italic;
}

.line {
  line-height: 1.8rem;
  display: table;
}

#logs {
  margin-top: 1.5rem;
  padding: 1.5rem;
}
</style></head><body><h1>IRC channel logs</h1><h2>2023-03-15.log</h2><p><a href="/bootstrappable">back to list of logs</a></p><div id="logs"><div class="line" id="042657"><span class="nick" style="color:#389600"><a href="#042657" label="[04:26:57]">&lt;fossy&gt;</a></span><span class="message">rickmasters, pder: I was just running other checks yesterday and came across the same thing. I was about to revalidate today but all of you beat me to doing it</span></div><div class="line" id="223651"><span class="nick" style="color:#8dd3c7"><a href="#223651" label="[22:36:51]">&lt;stikonas&gt;</a></span><span class="message">fossy: I've got python 3.1.5 checksum error</span></div><div class="line" id="223713"><span class="nick" style="color:#8dd3c7"><a href="#223713" label="[22:37:13]">&lt;stikonas&gt;</a></span><span class="message">b8e03286ff4aae2a47e61dd7a11d4b272717a181cbcfa8da3fee91e67c007f94  /usr/src/repo/python-3.1.5_0.tar.bz2</span></div><div class="line" id="223726"><span class="nick" style="color:#8dd3c7"><a href="#223726" label="[22:37:26]">&lt;stikonas&gt;</a></span><span class="message">that's on f44d4acbfb0aa19facde0f13d5ba33314e39ad59</span></div><div class="line" id="223740"><span class="nick" style="color:#8dd3c7"><a href="#223740" label="[22:37:40]">&lt;stikonas&gt;</a></span><span class="message">so I think your last commit is still not good</span></div><br /></div></body></html>