<!DOCTYPE html><html><head><title>IRC channel logs</title><style>html {
  background: #fdfdfd;
}

h1 {
  font-weight: 300;
}

h2 {
  font-weight: 200;
}

h3 {
  padding: .5em 0;
  border-top: 3px dotted #ddd;
  margin-bottom: 0;
}

form {
  width: 400px;
  display: flex;
}

input {
  width: 100%;
  display: flex;
  border-radius: .25em 0 0 .25em;
  border: 1px solid #aaa;
  border-right: 0;
  padding: 0.5em;
}

button {
  display: flex;
  border-radius: 0 .25em .25em 0;
  background-color: #007bff;
  border: 1px solid #007bff;
  padding: .5em;
  cursor: pointer;
  color: white;
}

button:hover {
  background-color: #0069d9;
  border-color: #0062cc;
}

a {
  color: #007bff;
  text-decoration: none;
}

a:hover {
  text-decoration: underline;
}

h4 {
  margin-bottom: .5em;
}

table td {
  padding: 0.75em;
}

table tr:hover {
  background: #eee;
}

.year {
  display: table;
}

.month {
  display: table-cell;
  padding-right: 1em;
}

ul {
  margin: 0;
  padding: 0;
  list-style: none;
}

.nick {
  padding-right: 0.6rem;
  font-weight: bold;
  text-align: right;
  width: 13rem;
  display: table-cell;
}

.nick a {
  color: inherit;
  text-decoration: none;
}

.message {
  display: table-cell;
  padding-left: 0.6rem;
  border-left: 2px solid #333;
}

.notice {
  color: #859900;
  font-style: italic;
}

.line {
  line-height: 1.8rem;
  display: table;
}

#logs {
  margin-top: 1.5rem;
  padding: 1.5rem;
}
</style></head><body><h1>IRC channel logs</h1><h2>2023-05-02.log</h2><p><a href="/bootstrappable">back to list of logs</a></p><div id="logs"><div class="line" id="000058"><span class="nick" style="color:#389600"><a href="#000058" label="[00:00:58]">&lt;theruran&gt;</a></span><span class="message">via civodul: <a rel="nofollow" href="https://blog.josefsson.org/2023/04/29/how-to-trust-a-machine/">https://blog.josefsson.org/2023/04/29/how-to-trust-a-machine/</a> </span></div><div class="line" id="013409"><span class="nick" style="color:#8dd3c7"><a href="#013409" label="[01:34:09]">&lt;stikonas&gt;</a></span><span class="message">hmm, yes, I can't even build tcc 0.9.26 with mes on amd64 <a rel="nofollow" href="https://paste.debian.net/1279030/">https://paste.debian.net/1279030/</a> </span></div><div class="line" id="020538"><span class="nick" style="color:#2e2a4a"><a href="#020538" label="[02:05:38]">&lt;oriansj&gt;</a></span><span class="message">stikonas: thank you for the reminder, stage0's submodules have been updated for UEFI and POSIX</span></div><div class="line" id="020715"><span class="nick" style="color:#2e2a4a"><a href="#020715" label="[02:07:15]">&lt;oriansj&gt;</a></span><span class="message">muurkha: well sub 1K text editors are definitely possible. It is mustly a question of memory efficiency and editing efficiency.</span></div><div class="line" id="020923"><span class="nick" style="color:#2e2a4a"><a href="#020923" label="[02:09:23]">&lt;oriansj&gt;</a></span><span class="message">janneke: yeah, we definitely started seeing a scaling law a couple years back and now all sorts of improvements and great ideas are bubbling up ^_^</span></div><div class="line" id="021000"><span class="nick" style="color:#2e2a4a"><a href="#021000" label="[02:10:00]">&lt;oriansj&gt;</a></span><span class="message">emilytrau[m]: o/ thank you</span></div><div class="line" id="021903"><span class="nick" style="color:#6b8072"><a href="#021903" label="[02:19:03]">&lt;muurkha&gt;</a></span><span class="message">oriansj: and sacrificing features</span></div><div class="line" id="030326"><span class="nick" style="color:#80b1d3"><a href="#030326" label="[03:03:26]">&lt;emilytrau[m]&gt;</a></span><span class="message">oriansj: could i trouble you for an update to the mescc-tools-extra submodule in stage0-posix as well? ^_^</span></div><div class="line" id="033305"><span class="nick" style="color:#2e2a4a"><a href="#033305" label="[03:33:05]">&lt;oriansj&gt;</a></span><span class="message">emilytrau[m]: no trouble at all</span></div><div class="line" id="033318"><span class="nick" style="color:#80b1d3"><a href="#033318" label="[03:33:18]">&lt;emilytrau[m]&gt;</a></span><span class="message">ty!</span></div><div class="line" id="033405"><span class="nick" style="color:#2e2a4a"><a href="#033405" label="[03:34:05]">&lt;oriansj&gt;</a></span><span class="message">muurkha: I believe that would fall under editing efficiency as virtually all of those features are directly tied to improving the editing experience to make it more user efficient.</span></div><div class="line" id="054703"><span class="nick" style="color:#6b8072"><a href="#054703" label="[05:47:03]">&lt;muurkha&gt;</a></span><span class="message">hmm, I hadn't thought of it that way</span></div><div class="line" id="055552"><span class="nick" style="color:#6d2462"><a href="#055552" label="[05:55:52]">&lt;NickH&gt;</a></span><span class="message">fu</span></div><div class="line" id="055620"><span class="nick" style="color:#6d2462"><a href="#055620" label="[05:56:20]">&lt;NickH&gt;</a></span><span class="message">Sorry wrong terminal had focus.</span></div><div class="line" id="060500"><span class="nick" style="color:#6b8072"><a href="#060500" label="[06:05:00]">&lt;muurkha&gt;</a></span><span class="message">bar</span></div><div class="line" id="072819"><span class="nick" style="color:#234e69"><a href="#072819" label="[07:28:19]">&lt;janneke&gt;</a></span><span class="message">stikonas[m]: it says: &quot;parse failed&quot;, so that looks like a setup thingy</span></div><div class="line" id="072924"><span class="nick" style="color:#234e69"><a href="#072924" label="[07:29:24]">&lt;janneke&gt;</a></span><span class="message">(the register #false is collateral damage, mescc could handle that more gracefully)</span></div><div class="line" id="095424"><span class="nick" style="color:#6c3d55"><a href="#095424" label="[09:54:24]">&lt;stikonas[m]&gt;</a></span><span class="message">Hmm, that was the same setupnas for x86...</span></div><div class="line" id="134146"><span class="nick" style="color:#2e2a4a"><a href="#134146" label="[13:41:46]">&lt;oriansj&gt;</a></span><span class="message">muurkha: I think NickH was more aiming for &quot;fu&quot;ture is now, bootstrapping Guix for the win. ^_-</span></div><div class="line" id="134634"><span class="nick" style="color:#2e2a4a"><a href="#134634" label="[13:46:34]">&lt;oriansj&gt;</a></span><span class="message">stikonas[m]: yeah, interpreters which look at the environment tend to be much more touchy than compilers that ignore the world.</span></div><div class="line" id="135100"><span class="nick" style="color:#6d2462"><a href="#135100" label="[13:51:00]">&lt;NickH&gt;</a></span><span class="message">Alias for &quot;flatpak update*. Sorry to disappoint.</span></div><div class="line" id="135627"><span class="nick" style="color:#2e2a4a"><a href="#135627" label="[13:56:27]">&lt;oriansj&gt;</a></span><span class="message">NickH: hey flatpak needs bootstrapping love too. So not really a disappointment as just a different area we can improve things ^_^</span></div><div class="line" id="142727"><span class="nick" style="color:#6c3d55"><a href="#142727" label="[14:27:27]">&lt;stikonas[m]&gt;</a></span><span class="message">doras already did most of the work for flatpaks</span></div><div class="line" id="142757"><span class="nick" style="color:#6c3d55"><a href="#142757" label="[14:27:57]">&lt;stikonas[m]&gt;</a></span><span class="message">Now they are also being bootstrapped from hex0</span></div><div class="line" id="182444"><span class="nick" style="color:#2e2a4a"><a href="#182444" label="[18:24:44]">&lt;oriansj&gt;</a></span><span class="message">stikonas[m]: very true; but things can always be made better ^_^</span></div><br /></div></body></html>