<!DOCTYPE html><html><head><title>IRC channel logs</title><style>html {
  background: #fdfdfd;
}

h1 {
  font-weight: 300;
}

h2 {
  font-weight: 200;
}

h3 {
  padding: .5em 0;
  border-top: 3px dotted #ddd;
  margin-bottom: 0;
}

form {
  width: 400px;
  display: flex;
}

input {
  width: 100%;
  display: flex;
  border-radius: .25em 0 0 .25em;
  border: 1px solid #aaa;
  border-right: 0;
  padding: 0.5em;
}

button {
  display: flex;
  border-radius: 0 .25em .25em 0;
  background-color: #007bff;
  border: 1px solid #007bff;
  padding: .5em;
  cursor: pointer;
  color: white;
}

button:hover {
  background-color: #0069d9;
  border-color: #0062cc;
}

a {
  color: #007bff;
  text-decoration: none;
}

a:hover {
  text-decoration: underline;
}

h4 {
  margin-bottom: .5em;
}

table td {
  padding: 0.75em;
}

table tr:hover {
  background: #eee;
}

.year {
  display: table;
}

.month {
  display: table-cell;
  padding-right: 1em;
}

ul {
  margin: 0;
  padding: 0;
  list-style: none;
}

.nick {
  padding-right: 0.6rem;
  font-weight: bold;
  text-align: right;
  width: 13rem;
  display: table-cell;
}

.nick a {
  color: inherit;
  text-decoration: none;
}

.message {
  display: table-cell;
  padding-left: 0.6rem;
  border-left: 2px solid #333;
}

.notice {
  color: #859900;
  font-style: italic;
}

.line {
  line-height: 1.8rem;
  display: table;
}

#logs {
  margin-top: 1.5rem;
  padding: 1.5rem;
}
</style></head><body><h1>IRC channel logs</h1><h2>2023-10-31.log</h2><p><a href="/bootstrappable">back to list of logs</a></p><div id="logs"><div class="line" id="000009"><span class="nick" style="color:#389600"><a href="#000009" label="[00:00:09]">&lt;janneke&gt;</a></span><span class="message">and you see i had to create empty &quot;mes-m2.kaem&quot; and &quot;mescc-tools-extra.kaem&quot; files too</span></div><div class="line" id="000051"><span class="nick" style="color:#8dd3c7"><a href="#000051" label="[00:00:51]">&lt;stikonas&gt;</a></span><span class="message">oh, I guess you are not building mescc-tools-extra?</span></div><div class="line" id="000119"><span class="nick" style="color:#8dd3c7"><a href="#000119" label="[00:01:19]">&lt;stikonas&gt;</a></span><span class="message">is it simply that you didn't need them?</span></div><div class="line" id="000123"><span class="nick" style="color:#8dd3c7"><a href="#000123" label="[00:01:23]">&lt;stikonas&gt;</a></span><span class="message">or some issue with them</span></div><div class="line" id="000227"><span class="nick" style="color:#389600"><a href="#000227" label="[00:02:27]">&lt;janneke&gt;</a></span><span class="message">i guess i didn't need them, i don't know what they are</span></div><div class="line" id="000240"><span class="nick" style="color:#8dd3c7"><a href="#000240" label="[00:02:40]">&lt;stikonas&gt;</a></span><span class="message">I beleve mes-m2 kaem is gone</span></div><div class="line" id="000256"><span class="nick" style="color:#8dd3c7"><a href="#000256" label="[00:02:56]">&lt;stikonas&gt;</a></span><span class="message">that's some older fork of your mes package before mes 0.24 which became bootstrappable</span></div><div class="line" id="000307"><span class="nick" style="color:#8dd3c7"><a href="#000307" label="[00:03:07]">&lt;stikonas&gt;</a></span><span class="message">mescc-tools-extra is a set of useful utils</span></div><div class="line" id="000312"><span class="nick" style="color:#389600"><a href="#000312" label="[00:03:12]">&lt;janneke&gt;</a></span><span class="message">right</span></div><div class="line" id="000315"><span class="nick" style="color:#8dd3c7"><a href="#000315" label="[00:03:15]">&lt;stikonas&gt;</a></span><span class="message">think of it as very early set of coreutils</span></div><div class="line" id="000322"><span class="nick" style="color:#389600"><a href="#000322" label="[00:03:22]">&lt;janneke&gt;</a></span><span class="message">ah</span></div><div class="line" id="000334"><span class="nick" style="color:#389600"><a href="#000334" label="[00:03:34]">&lt;janneke&gt;</a></span><span class="message">good to know</span></div><div class="line" id="000336"><span class="nick" style="color:#8dd3c7"><a href="#000336" label="[00:03:36]">&lt;stikonas&gt;</a></span><span class="message"> <a rel="nofollow" href="https://github.com/oriansj/mescc-tools-extra/">https://github.com/oriansj/mescc-tools-extra/</a> </span></div><div class="line" id="000345"><span class="nick" style="color:#8dd3c7"><a href="#000345" label="[00:03:45]">&lt;stikonas&gt;</a></span><span class="message">names of the files would be mostly self explanatory</span></div><div class="line" id="000413"><span class="nick" style="color:#8dd3c7"><a href="#000413" label="[00:04:13]">&lt;stikonas&gt;</a></span><span class="message">well, maybe except for match</span></div><div class="line" id="000437"><span class="nick" style="color:#8dd3c7"><a href="#000437" label="[00:04:37]">&lt;stikonas&gt;</a></span><span class="message">match string_a string_b returns 0 or 1 depending on whether strings are equal</span></div><div class="line" id="000452"><span class="nick" style="color:#8dd3c7"><a href="#000452" label="[00:04:52]">&lt;stikonas&gt;</a></span><span class="message">could be useful for conditionals</span></div><div class="line" id="000506"><span class="nick" style="color:#8dd3c7"><a href="#000506" label="[00:05:06]">&lt;stikonas&gt;</a></span><span class="message">but you might not need it in guix</span></div><div class="line" id="000523"><span class="nick" style="color:#8dd3c7"><a href="#000523" label="[00:05:23]">&lt;stikonas&gt;</a></span><span class="message">but we also now have stuff like untar ungz unbz2</span></div><div class="line" id="000533"><span class="nick" style="color:#8dd3c7"><a href="#000533" label="[00:05:33]">&lt;stikonas&gt;</a></span><span class="message">perhaps it might be useful in extracting mes tarball</span></div><div class="line" id="001606"><span class="nick" style="color:#8dd3c7"><a href="#001606" label="[00:16:06]">&lt;stikonas&gt;</a></span><span class="message">janneke: while you are here, maybe you can rename this commit <a rel="nofollow" href="https://gitlab.com/janneke/mes/-/commit/d6383da788a469d0ba7b5fb5ef8e3313639798d9">https://gitlab.com/janneke/mes/-/commit/d6383da788a469d0ba7b5fb5ef8e3313639798d9</a>  ?</span></div><div class="line" id="001618"><span class="nick" style="color:#8dd3c7"><a href="#001618" label="[00:16:18]">&lt;stikonas&gt;</a></span><span class="message">it's not really a workaround for mescc bug as we have discovered later</span></div><div class="line" id="001633"><span class="nick" style="color:#8dd3c7"><a href="#001633" label="[00:16:33]">&lt;stikonas&gt;</a></span><span class="message">(I've also sent an email to bug-mes about this)</span></div><div class="line" id="001647"><span class="nick" style="color:#8dd3c7"><a href="#001647" label="[00:16:47]">&lt;stikonas&gt;</a></span><span class="message">it's a proper fix to the macro</span></div><div class="line" id="001703"><span class="nick" style="color:#8dd3c7"><a href="#001703" label="[00:17:03]">&lt;stikonas&gt;</a></span><span class="message">the earlier version was assuming sizeof(int) == sizeof(register)</span></div><div class="line" id="001709"><span class="nick" style="color:#8dd3c7"><a href="#001709" label="[00:17:09]">&lt;stikonas&gt;</a></span><span class="message">and it was not a mescc issue</span></div><div class="line" id="002710"><span class="nick" style="color:#8dd3c7"><a href="#002710" label="[00:27:10]">&lt;stikonas&gt;</a></span><span class="message">ok, I've pushed M2-Mesoplanet tags and source tarball to github: <a rel="nofollow" href="https://github.com/oriansj/M2-Mesoplanet/releases/tag/Release_1.11.0">https://github.com/oriansj/M2-Mesoplanet/releases/tag/Release_1.11.0</a> </span></div><div class="line" id="002901"><span class="nick" style="color:#8dd3c7"><a href="#002901" label="[00:29:01]">&lt;stikonas&gt;</a></span><span class="message">mescc-tools-extra next...</span></div><div class="line" id="022003"><span class="nick" style="color:#2e2a4a"><a href="#022003" label="[02:20:03]">&lt;oriansj&gt;</a></span><span class="message">well, I very intensionally wanted to ensure more than just me would be able to merge improvments and do new releases and stikonas, fossy and janneke should collectively have all of that access and if not I will promptly fix that</span></div><div class="line" id="151547"><span class="nick" style="color:#6b8072"><a href="#151547" label="[15:15:47]">&lt;pabs3&gt;</a></span><span class="message">HN thread about ekaitz' RISC-V/GCC post above: <a rel="nofollow" href="https://news.ycombinator.com/item?id=38079381">https://news.ycombinator.com/item?id=38079381</a> </span></div><div class="line" id="151619"><span class="nick" style="color:#80b1d3"><a href="#151619" label="[15:16:19]">&lt;ekaitz&gt;</a></span><span class="message">hey pabs3 finally i have the chance to know you!</span></div><div class="line" id="151630"><span class="nick" style="color:#6b8072"><a href="#151630" label="[15:16:30]">&lt;pabs3&gt;</a></span><span class="message">hi :)</span></div><div class="line" id="151635"><span class="nick" style="color:#80b1d3"><a href="#151635" label="[15:16:35]">&lt;ekaitz&gt;</a></span><span class="message">you have been sharing my articles in hn for a while and I didn't know you!</span></div><div class="line" id="151637"><span class="nick" style="color:#80b1d3"><a href="#151637" label="[15:16:37]">&lt;ekaitz&gt;</a></span><span class="message">:)</span></div><div class="line" id="151640"><span class="nick" style="color:#80b1d3"><a href="#151640" label="[15:16:40]">&lt;ekaitz&gt;</a></span><span class="message">thanks for the support</span></div><div class="line" id="151759"><span class="nick" style="color:#80b1d3"><a href="#151759" label="[15:17:59]">&lt;ekaitz&gt;</a></span><span class="message">i don't know if it's good or not but the article is in the cover!</span></div><div class="line" id="151805"><span class="nick" style="color:#6b8072"><a href="#151805" label="[15:18:05]">&lt;pabs3&gt;</a></span><span class="message">thanks for doing the work :)</span></div><div class="line" id="152236"><span class="nick" style="color:#80b1d3"><a href="#152236" label="[15:22:36]">&lt;ekaitz&gt;</a></span><span class="message">:)</span></div><div class="line" id="224935"><span class="nick" style="color:#8dd3c7"><a href="#224935" label="[22:49:35]">&lt;stikonas&gt;</a></span><span class="message">ok, created mescc-tools-extra 1.3.0 tags and tarball: <a rel="nofollow" href="https://github.com/oriansj/mescc-tools-extra/releases/tag/Release_1.3.0">https://github.com/oriansj/mescc-tools-extra/releases/tag/Release_1.3.0</a> </span></div><div class="line" id="224954"><span class="nick" style="color:#8dd3c7"><a href="#224954" label="[22:49:54]">&lt;stikonas&gt;</a></span><span class="message">oriansj: so I've now done M2-Mesoplanet and mescc-tools-extra</span></div><div class="line" id="225007"><span class="nick" style="color:#8dd3c7"><a href="#225007" label="[22:50:07]">&lt;stikonas&gt;</a></span><span class="message">I think I don't have any permissions to make release for other subprojects</span></div><div class="line" id="225032"><span class="nick" style="color:#8dd3c7"><a href="#225032" label="[22:50:32]">&lt;stikonas&gt;</a></span><span class="message">we still need to do M2-Planet, mescc-tools and bootstrap-seeds</span></div><div class="line" id="225043"><span class="nick" style="color:#8dd3c7"><a href="#225043" label="[22:50:43]">&lt;stikonas&gt;</a></span><span class="message">and then stage0-posix that I again have permissions...</span></div><div class="line" id="225103"><span class="nick" style="color:#8dd3c7"><a href="#225103" label="[22:51:03]">&lt;stikonas&gt;</a></span><span class="message">(well, I could do the other 3 too if you grant me permissions...)</span></div><div class="line" id="225223"><span class="nick" style="color:#8dd3c7"><a href="#225223" label="[22:52:23]">&lt;stikonas&gt;</a></span><span class="message">argh, make dist for mescc-tools-extra has a bug ...</span></div><div class="line" id="225233"><span class="nick" style="color:#8dd3c7"><a href="#225233" label="[22:52:33]">&lt;stikonas&gt;</a></span><span class="message">I need to reupload it with the correct name</span></div><div class="line" id="225711"><span class="nick" style="color:#8dd3c7"><a href="#225711" label="[22:57:11]">&lt;stikonas&gt;</a></span><span class="message">ok, fixed tarball name to be mescc-tools-extra and not mescc-tools</span></div><div class="line" id="001351"><span class="nick" style="color:#2e2a4a"><a href="#001351" label="[00:13:51]">&lt;oriansj&gt;</a></span><span class="message">fossy and stikonas now have invites for both</span></div><div class="line" id="001425"><span class="nick" style="color:#6d2462"><a href="#001425" label="[00:14:25]">&lt;matrix_bridge&gt;</a></span><span class="message">&lt;Andrius Štikonas&gt; Thanks, I'll create releases for those two either later today or tomorrow</span></div><div class="line" id="001434"><span class="nick" style="color:#2e2a4a"><a href="#001434" label="[00:14:34]">&lt;oriansj&gt;</a></span><span class="message">bootstrap-seeds I will create the release shortly</span></div><div class="line" id="001445"><span class="nick" style="color:#6d2462"><a href="#001445" label="[00:14:45]">&lt;matrix_bridge&gt;</a></span><span class="message">&lt;Andrius Štikonas&gt; oriansj: thank you!</span></div><div class="line" id="001510"><span class="nick" style="color:#6d2462"><a href="#001510" label="[00:15:10]">&lt;matrix_bridge&gt;</a></span><span class="message">&lt;Andrius Štikonas&gt; I was just going to ask for that but you wrote first</span></div><div class="line" id="001528"><span class="nick" style="color:#6d2462"><a href="#001528" label="[00:15:28]">&lt;matrix_bridge&gt;</a></span><span class="message">&lt;Andrius Štikonas&gt; And yes, it makes sense to control bootstrap seeds more rightly</span></div><div class="line" id="001532"><span class="nick" style="color:#6d2462"><a href="#001532" label="[00:15:32]">&lt;matrix_bridge&gt;</a></span><span class="message">&lt;Andrius Štikonas&gt; Tightly</span></div><div class="line" id="001920"><span class="nick" style="color:#2e2a4a"><a href="#001920" label="[00:19:20]">&lt;oriansj&gt;</a></span><span class="message">it is more that; it is assumed that if anything happens that a new repo will be created and everything of value will just move to that</span></div><div class="line" id="002108"><span class="nick" style="color:#2e2a4a"><a href="#002108" label="[00:21:08]">&lt;oriansj&gt;</a></span><span class="message">but yes, I am a little strict on what get merged there</span></div><div class="line" id="002142"><span class="nick" style="color:#2e2a4a"><a href="#002142" label="[00:21:42]">&lt;oriansj&gt;</a></span><span class="message">and it sometimes takes me days to do a prper review -_-</span></div><div class="line" id="002157"><span class="nick" style="color:#2e2a4a"><a href="#002157" label="[00:21:57]">&lt;oriansj&gt;</a></span><span class="message">^prper^proper^</span></div><div class="line" id="002350"><span class="nick" style="color:#2e2a4a"><a href="#002350" label="[00:23:50]">&lt;oriansj&gt;</a></span><span class="message">as long as the core premise and software contract is preserved, people should be able to create their own bootstrap seeds and switch stage0 to using it without any trouble</span></div><div class="line" id="002603"><span class="nick" style="color:#6d2462"><a href="#002603" label="[00:26:03]">&lt;matrix_bridge&gt;</a></span><span class="message">&lt;Andrius Štikonas&gt; Yeah, I have absolutely no problem with that</span></div><div class="line" id="024038"><span class="nick" style="color:#8dd3c7"><a href="#024038" label="[02:40:38]">&lt;stikonas&gt;</a></span><span class="message">ok, mescc-tools tag/tarball are also generated <a rel="nofollow" href="https://github.com/oriansj/mescc-tools/releases/tag/Release_1.5.0">https://github.com/oriansj/mescc-tools/releases/tag/Release_1.5.0</a> </span></div><div class="line" id="024140"><span class="nick" style="color:#8dd3c7"><a href="#024140" label="[02:41:40]">&lt;stikonas&gt;</a></span><span class="message">oriansj: can you mirro commits/tags from github to savannah?</span></div><div class="line" id="024150"><span class="nick" style="color:#8dd3c7"><a href="#024150" label="[02:41:50]">&lt;stikonas&gt;</a></span><span class="message">(for mescc-tools)</span></div><div class="line" id="024344"><span class="nick" style="color:#8dd3c7"><a href="#024344" label="[02:43:44]">&lt;stikonas&gt;</a></span><span class="message">M2-Planet tomorrow then...</span></div><div class="line" id="031332"><span class="nick" style="color:#2e2a4a"><a href="#031332" label="[03:13:32]">&lt;oriansj&gt;</a></span><span class="message">stikonas: yes</span></div><div class="line" id="031525"><span class="nick" style="color:#2e2a4a"><a href="#031525" label="[03:15:25]">&lt;oriansj&gt;</a></span><span class="message">done</span></div><br /></div></body></html>