<!DOCTYPE html><html><head><title>IRC channel logs</title><style>html {
  background: #fdfdfd;
}

h1 {
  font-weight: 300;
}

h2 {
  font-weight: 200;
}

h3 {
  padding: .5em 0;
  border-top: 3px dotted #ddd;
  margin-bottom: 0;
}

form {
  width: 400px;
  display: flex;
}

input {
  width: 100%;
  display: flex;
  border-radius: .25em 0 0 .25em;
  border: 1px solid #aaa;
  border-right: 0;
  padding: 0.5em;
}

button {
  display: flex;
  border-radius: 0 .25em .25em 0;
  background-color: #007bff;
  border: 1px solid #007bff;
  padding: .5em;
  cursor: pointer;
  color: white;
}

button:hover {
  background-color: #0069d9;
  border-color: #0062cc;
}

a {
  color: #007bff;
  text-decoration: none;
}

a:hover {
  text-decoration: underline;
}

h4 {
  margin-bottom: .5em;
}

table td {
  padding: 0.75em;
}

table tr:hover {
  background: #eee;
}

.year {
  display: table;
}

.month {
  display: table-cell;
  padding-right: 1em;
}

ul {
  margin: 0;
  padding: 0;
  list-style: none;
}

.nick {
  padding-right: 0.6rem;
  font-weight: bold;
  text-align: right;
  width: 13rem;
  display: table-cell;
}

.nick a {
  color: inherit;
  text-decoration: none;
}

.message {
  display: table-cell;
  padding-left: 0.6rem;
  border-left: 2px solid #333;
}

.notice {
  color: #859900;
  font-style: italic;
}

.line {
  line-height: 1.8rem;
  display: table;
}

#logs {
  margin-top: 1.5rem;
  padding: 1.5rem;
}
</style></head><body><h1>IRC channel logs</h1><h2>2023-05-24.log</h2><p><a href="/bootstrappable">back to list of logs</a></p><div id="logs"><div class="line" id="080855"><span class="nick" style="color:#389600"><a href="#080855" label="[08:08:55]">&lt;emilytrau[m]&gt;</a></span><span class="message">ACTION uploaded an image: (3664KiB) &lt; <a rel="nofollow" href="https://libera.ems.host/_matrix/media/v3/download/matrix.org/WUybOtgwmYsfvAaUeeYwsmua/ima_56f6fbb.jpeg">https://libera.ems.host/_matrix/media/v3/download/matrix.org/WUybOtgwmYsfvAaUeeYwsmua/ima_56f6fbb.jpeg</a>  &gt;</span></div><div class="line" id="080923"><span class="nick" style="color:#389600"><a href="#080923" label="[08:09:23]">&lt;emilytrau[m]&gt;</a></span><span class="message">my risc-v dev board is here! so much testing to do 😋</span></div><div class="line" id="081059"><span class="nick" style="color:#8dd3c7"><a href="#081059" label="[08:10:59]">&lt;muurkha&gt;</a></span><span class="message">awesome!  a VisionFive 2!</span></div><div class="line" id="081338"><span class="nick" style="color:#2e2a4a"><a href="#081338" label="[08:13:38]">&lt;Irvise_&gt;</a></span><span class="message">Ö</span></div><div class="line" id="081421"><span class="nick" style="color:#6b8072"><a href="#081421" label="[08:14:21]">&lt;nektro&gt;</a></span><span class="message">i think its cool how matrix submits attachments at /me statements on irc, really creative</span></div><div class="line" id="084258"><span class="nick" style="color:#80b1d3"><a href="#084258" label="[08:42:58]">&lt;[exa]&gt;</a></span><span class="message">emilytrau[m]: c'mon how can you do this to us, picture of a closed box :D</span></div><div class="line" id="085523"><span class="nick" style="color:#389600"><a href="#085523" label="[08:55:23]">&lt;emilytrau[m]&gt;</a></span><span class="message">courtesy of the risc-v developer board program. keep an eye on it 👀 <a rel="nofollow" href="https://riscv.org/risc-v-developer-boards/details/">https://riscv.org/risc-v-developer-boards/details/</a> </span></div><div class="line" id="085700"><span class="nick" style="color:#389600"><a href="#085700" label="[08:57:00]">&lt;emilytrau[m]&gt;</a></span><span class="message">&lt;[exa]&gt; &quot;emilytrau: c'mon how can you...&quot; &lt;- so many goodies in this box! comes with power supply and acrylic case!</span></div><div class="line" id="092516"><span class="nick" style="color:#6d2462"><a href="#092516" label="[09:25:16]">&lt;janneke&gt;</a></span><span class="message">emilytrau[m]: oh, nice</span></div><div class="line" id="092542"><span class="nick" style="color:#6d2462"><a href="#092542" label="[09:25:42]">&lt;janneke&gt;</a></span><span class="message">i'll be interested how fast it is, compared to say, running QEMU on my laptop</span></div><div class="line" id="092911"><span class="nick" style="color:#389600"><a href="#092911" label="[09:29:11]">&lt;emilytrau[m]&gt;</a></span><span class="message">if you're curious happy to share ssh access between friends :))</span></div><div class="line" id="094058"><span class="nick" style="color:#6d2462"><a href="#094058" label="[09:40:58]">&lt;janneke&gt;</a></span><span class="message">emilytrau[m]: that's very kind, i may come back on that :))</span></div><div class="line" id="094413"><span class="nick" style="color:#389600"><a href="#094413" label="[09:44:13]">&lt;emilytrau[m]&gt;</a></span><span class="message">stikonas if u wanna do some testing hit me up! ☝️</span></div><div class="line" id="100119"><span class="nick" style="color:#234e69"><a href="#100119" label="[10:01:19]">&lt;stikonas[m]&gt;</a></span><span class="message">It's fine. mescc can be developed with x86 mes interpreter</span></div><div class="line" id="103741"><span class="nick" style="color:#80b1d3"><a href="#103741" label="[10:37:41]">&lt;[exa]&gt;</a></span><span class="message">emilytrau[m]: I was actually considering to buy one as a mailing desktop, any comments on how feasible that is very welcome</span></div><div class="line" id="103813"><span class="nick" style="color:#80b1d3"><a href="#103813" label="[10:38:13]">&lt;[exa]&gt;</a></span><span class="message">(actually buy two and use the second one for kernel gore)</span></div><div class="line" id="142313"><span class="nick" style="color:#2e2a4a"><a href="#142313" label="[14:23:13]">&lt;Irvise_&gt;</a></span><span class="message">Afaik, the board is faster than a RPi 3B but slower than RPi 4. it is much slower in tasks that require HW acceleration.</span></div><div class="line" id="181814"><span class="nick" style="color:#6c3d55"><a href="#181814" label="[18:18:14]">&lt;pder&gt;</a></span><span class="message">rickmasters: I was curious to try live-bootstrap in VirtualBox and ran into a strange issue before Fiwix is booted.</span></div><div class="line" id="181834"><span class="nick" style="color:#6c3d55"><a href="#181834" label="[18:18:34]">&lt;pder&gt;</a></span><span class="message">I started by running rootfs.py -b -p to create sysa.img</span></div><div class="line" id="181852"><span class="nick" style="color:#6c3d55"><a href="#181852" label="[18:18:52]">&lt;pder&gt;</a></span><span class="message">Then I ran vboxmanage convertfromraw sysa.img sysa.vdi</span></div><div class="line" id="181948"><span class="nick" style="color:#6c3d55"><a href="#181948" label="[18:19:48]">&lt;pder&gt;</a></span><span class="message">I booted a VM with this sysa.vdi hard drive attached and everything proceeded as normal through building mes, tcc, and make</span></div><div class="line" id="182043"><span class="nick" style="color:#6c3d55"><a href="#182043" label="[18:20:43]">&lt;pder&gt;</a></span><span class="message">The last lines I see before the VM reboots are as follows: cp gzip.c.new gzip.c</span></div><div class="line" id="182049"><span class="nick" style="color:#6c3d55"><a href="#182049" label="[18:20:49]">&lt;pder&gt;</a></span><span class="message">make</span></div><div class="line" id="182103"><span class="nick" style="color:#6c3d55"><a href="#182103" label="[18:21:03]">&lt;pder&gt;</a></span><span class="message">make: *** No targets.  Stop.</span></div><div class="line" id="182128"><span class="nick" style="color:#6c3d55"><a href="#182128" label="[18:21:28]">&lt;pder&gt;</a></span><span class="message">Then the Subprocess error ABORTING HARD several times followed by Build Finished and ERROR: no hda writes!</span></div><div class="line" id="182929"><span class="nick" style="color:#d9d9d9"><a href="#182929" label="[18:29:29]">&lt;rickmasters&gt;</a></span><span class="message">pder: hmm, strange. I can try to reproduce that but there may be a delay as I'm in the middle of something.</span></div><div class="line" id="183020"><span class="nick" style="color:#d9d9d9"><a href="#183020" label="[18:30:20]">&lt;rickmasters&gt;</a></span><span class="message">pder: I know you're around a lot so hopefully I'll be able to ask you for more details if necessary.</span></div><div class="line" id="183903"><span class="nick" style="color:#d9d9d9"><a href="#183903" label="[18:39:03]">&lt;rickmasters&gt;</a></span><span class="message">pder: just checking, have you tried with qemu?</span></div><div class="line" id="190217"><span class="nick" style="color:#6c3d55"><a href="#190217" label="[19:02:17]">&lt;pder&gt;</a></span><span class="message">qemu mode works perfectly for me.  I'll try playing with a few settings in VirtualBox.  Does builder-hex0 require PAE by any chance?</span></div><div class="line" id="192533"><span class="nick" style="color:#bc80bd"><a href="#192533" label="[19:25:33]">&lt;stikonas&gt;</a></span><span class="message">janneke: I've just pushed a couple of fixes and now global-array and local-static-array both work, though anything more complicated such as scaffold/tiny-mes crashes</span></div><div class="line" id="192712"><span class="nick" style="color:#bc80bd"><a href="#192712" label="[19:27:12]">&lt;stikonas&gt;</a></span><span class="message">one was my typo, one issue was in original patch</span></div><div class="line" id="192719"><span class="nick" style="color:#bc80bd"><a href="#192719" label="[19:27:19]">&lt;stikonas&gt;</a></span><span class="message">(32 vs 64-bit issue)</span></div><div class="line" id="193014"><span class="nick" style="color:#d9d9d9"><a href="#193014" label="[19:30:14]">&lt;rickmasters&gt;</a></span><span class="message">pder: no doesn't require PAE but it does make some assumptions about mapped memory:</span></div><div class="line" id="193018"><span class="nick" style="color:#d9d9d9"><a href="#193018" label="[19:30:18]">&lt;rickmasters&gt;</a></span><span class="message">pder: <a rel="nofollow" href="https://github.com/ironmeld/builder-hex0/blob/main/builder-hex0-x86-stage2.hex2#L68">https://github.com/ironmeld/builder-hex0/blob/main/builder-hex0-x86-stage2.hex2#L68</a> </span></div><div class="line" id="193153"><span class="nick" style="color:#d9d9d9"><a href="#193153" label="[19:31:53]">&lt;rickmasters&gt;</a></span><span class="message">pder: how much memory are you providing?</span></div><div class="line" id="193243"><span class="nick" style="color:#6c3d55"><a href="#193243" label="[19:32:43]">&lt;pder&gt;</a></span><span class="message">4096MB</span></div><div class="line" id="193325"><span class="nick" style="color:#d9d9d9"><a href="#193325" label="[19:33:25]">&lt;rickmasters&gt;</a></span><span class="message">pder: ok</span></div><div class="line" id="193503"><span class="nick" style="color:#6c3d55"><a href="#193503" label="[19:35:03]">&lt;pder&gt;</a></span><span class="message">I am seeing a different sha256 checksum of the sysa.vdi image compared to when it was originally created.  Does builder-hex0 write to the disk?</span></div><div class="line" id="193836"><span class="nick" style="color:#d9d9d9"><a href="#193836" label="[19:38:36]">&lt;rickmasters&gt;</a></span><span class="message">pder: no</span></div><div class="line" id="194151"><span class="nick" style="color:#6c3d55"><a href="#194151" label="[19:41:51]">&lt;pder&gt;</a></span><span class="message">ok, could just be virtualbox modifying the file</span></div><div class="line" id="195519"><span class="nick" style="color:#d9d9d9"><a href="#195519" label="[19:55:19]">&lt;rickmasters&gt;</a></span><span class="message">pder: another possibility is small disk geometry that causes cylinder to exceed 1024</span></div><div class="line" id="195642"><span class="nick" style="color:#d9d9d9"><a href="#195642" label="[19:56:42]">&lt;rickmasters&gt;</a></span><span class="message">pder: if there is a monitor that allows examining memory then check 0x7e52</span></div><div class="line" id="195702"><span class="nick" style="color:#d9d9d9"><a href="#195702" label="[19:57:02]">&lt;rickmasters&gt;</a></span><span class="message">pder: that stores max_head reported by BIOS: <a rel="nofollow" href="https://github.com/ironmeld/builder-hex0/blob/main/builder-hex0-x86-stage2.hex0#L213">https://github.com/ironmeld/builder-hex0/blob/main/builder-hex0-x86-stage2.hex0#L213</a> </span></div><div class="line" id="195945"><span class="nick" style="color:#d9d9d9"><a href="#195945" label="[19:59:45]">&lt;rickmasters&gt;</a></span><span class="message">pder: the current disk CHS read location might be relevant:</span></div><div class="line" id="195947"><span class="nick" style="color:#d9d9d9"><a href="#195947" label="[19:59:47]">&lt;rickmasters&gt;</a></span><span class="message"> <a rel="nofollow" href="https://github.com/ironmeld/builder-hex0/blob/main/builder-hex0-x86-stage2.hex0#L74">https://github.com/ironmeld/builder-hex0/blob/main/builder-hex0-x86-stage2.hex0#L74</a> </span></div><div class="line" id="200034"><span class="nick" style="color:#d9d9d9"><a href="#200034" label="[20:00:34]">&lt;rickmasters&gt;</a></span><span class="message">pder: I have to step away for a while; will check back later</span></div><div class="line" id="200350"><span class="nick" style="color:#d9d9d9"><a href="#200350" label="[20:03:50]">&lt;rickmasters&gt;</a></span><span class="message">pder: one last thing, the address of last file by be relevant:</span></div><div class="line" id="200350"><span class="nick" style="color:#d9d9d9"><a href="#200350" label="[20:03:50]">&lt;rickmasters&gt;</a></span><span class="message"> <a rel="nofollow" href="https://github.com/ironmeld/builder-hex0/blob/main/builder-hex0-x86-stage2.hex0#L815">https://github.com/ironmeld/builder-hex0/blob/main/builder-hex0-x86-stage2.hex0#L815</a> </span></div><div class="line" id="200424"><span class="nick" style="color:#d9d9d9"><a href="#200424" label="[20:04:24]">&lt;rickmasters&gt;</a></span><span class="message">s/by/might</span></div><div class="line" id="201605"><span class="nick" style="color:#6c3d55"><a href="#201605" label="[20:16:05]">&lt;pder&gt;</a></span><span class="message">rickmasters: thanks for your help.  might be a bit later for me to try your suggestions</span></div><div class="line" id="201947"><span class="nick" style="color:#6d2462"><a href="#201947" label="[20:19:47]">&lt;janneke&gt;</a></span><span class="message">stikonas: great work!</span></div><div class="line" id="204329"><span class="nick" style="color:#bc80bd"><a href="#204329" label="[20:43:29]">&lt;stikonas&gt;</a></span><span class="message">actually, if I build scaffold apps against full .a libraries from meslibc they also crash (though whey I selected some small set of c files and cat'ed them they passed)</span></div><div class="line" id="234901"><span class="nick" style="color:#d9d9d9"><a href="#234901" label="[23:49:01]">&lt;rickmasters&gt;</a></span><span class="message">pder: I reproduced the problem with VirtualBox and will let you know when I've make any progress.</span></div><div class="line" id="235300"><span class="nick" style="color:#bc80bd"><a href="#235300" label="[23:53:00]">&lt;stikonas&gt;</a></span><span class="message">it might be interesting if somebody tries it on real hardware too...</span></div><div class="line" id="235336"><span class="nick" style="color:#bc80bd"><a href="#235336" label="[23:53:36]">&lt;stikonas&gt;</a></span><span class="message">but one has to be careful to not accidentally format your data if that's your main system</span></div><br /></div></body></html>