<!DOCTYPE html><html><head><title>IRC channel logs</title><style>html {
  background: #fdfdfd;
}

h1 {
  font-weight: 300;
}

h2 {
  font-weight: 200;
}

h3 {
  padding: .5em 0;
  border-top: 3px dotted #ddd;
  margin-bottom: 0;
}

form {
  width: 400px;
  display: flex;
}

input {
  width: 100%;
  display: flex;
  border-radius: .25em 0 0 .25em;
  border: 1px solid #aaa;
  border-right: 0;
  padding: 0.5em;
}

button {
  display: flex;
  border-radius: 0 .25em .25em 0;
  background-color: #007bff;
  border: 1px solid #007bff;
  padding: .5em;
  cursor: pointer;
  color: white;
}

button:hover {
  background-color: #0069d9;
  border-color: #0062cc;
}

a {
  color: #007bff;
  text-decoration: none;
}

a:hover {
  text-decoration: underline;
}

h4 {
  margin-bottom: .5em;
}

table td {
  padding: 0.75em;
}

table tr:hover {
  background: #eee;
}

.year {
  display: table;
}

.month {
  display: table-cell;
  padding-right: 1em;
}

ul {
  margin: 0;
  padding: 0;
  list-style: none;
}

.nick {
  padding-right: 0.6rem;
  font-weight: bold;
  text-align: right;
  width: 13rem;
  display: table-cell;
}

.nick a {
  color: inherit;
  text-decoration: none;
}

.message {
  display: table-cell;
  padding-left: 0.6rem;
  border-left: 2px solid #333;
}

.notice {
  color: #859900;
  font-style: italic;
}

.line {
  line-height: 1.8rem;
  display: table;
}

#logs {
  margin-top: 1.5rem;
  padding: 1.5rem;
}
</style></head><body><h1>IRC channel logs</h1><h2>2023-02-23.log</h2><p><a href="/bootstrappable">back to list of logs</a></p><div id="logs"><div class="line" id="025738"><span class="nick" style="color:#389600"><a href="#025738" label="[02:57:38]">&lt;stikonas&gt;</a></span><span class="message">fossy: looks like I managed to unentangle libtool 2.2.4 and binutils 2.24</span></div><div class="line" id="025755"><span class="nick" style="color:#389600"><a href="#025755" label="[02:57:55]">&lt;stikonas&gt;</a></span><span class="message">with some fairly minor hacks</span></div><div class="line" id="025824"><span class="nick" style="color:#389600"><a href="#025824" label="[02:58:24]">&lt;stikonas&gt;</a></span><span class="message">and then libtool 1.4 is completely unnecessary</span></div><div class="line" id="025852"><span class="nick" style="color:#389600"><a href="#025852" label="[02:58:52]">&lt;stikonas&gt;</a></span><span class="message">perhaps libtool 2.2.4 will be less functional than before but it can build binutils, so not a problem</span></div><div class="line" id="025900"><span class="nick" style="color:#389600"><a href="#025900" label="[02:59:00]">&lt;stikonas&gt;</a></span><span class="message">in the worst case I&quot;ll do pass 2 after binutils</span></div><br /></div></body></html>