<!DOCTYPE html><html><head><title>IRC channel logs</title><style>html {
  background: #fdfdfd;
}

h1 {
  font-weight: 300;
}

h2 {
  font-weight: 200;
}

h3 {
  padding: .5em 0;
  border-top: 3px dotted #ddd;
  margin-bottom: 0;
}

form {
  width: 400px;
  display: flex;
}

input {
  width: 100%;
  display: flex;
  border-radius: .25em 0 0 .25em;
  border: 1px solid #aaa;
  border-right: 0;
  padding: 0.5em;
}

button {
  display: flex;
  border-radius: 0 .25em .25em 0;
  background-color: #007bff;
  border: 1px solid #007bff;
  padding: .5em;
  cursor: pointer;
  color: white;
}

button:hover {
  background-color: #0069d9;
  border-color: #0062cc;
}

a {
  color: #007bff;
  text-decoration: none;
}

a:hover {
  text-decoration: underline;
}

h4 {
  margin-bottom: .5em;
}

table td {
  padding: 0.75em;
}

table tr:hover {
  background: #eee;
}

.year {
  display: table;
}

.month {
  display: table-cell;
  padding-right: 1em;
}

ul {
  margin: 0;
  padding: 0;
  list-style: none;
}

.nick {
  padding-right: 0.6rem;
  font-weight: bold;
  text-align: right;
  width: 13rem;
  display: table-cell;
}

.nick a {
  color: inherit;
  text-decoration: none;
}

.message {
  display: table-cell;
  padding-left: 0.6rem;
  border-left: 2px solid #333;
}

.notice {
  color: #859900;
  font-style: italic;
}

.line {
  line-height: 1.8rem;
  display: table;
}

#logs {
  margin-top: 1.5rem;
  padding: 1.5rem;
}
</style></head><body><h1>IRC channel logs</h1><h2>2023-03-14.log</h2><p><a href="/bootstrappable">back to list of logs</a></p><div id="logs"><div class="line" id="134522"><span class="nick" style="color:#389600"><a href="#134522" label="[13:45:22]">&lt;pder&gt;</a></span><span class="message">fossy: With latest master (db813f5e986a21) in live-bootstrap, I am consistently getting a different checksum for gettext-0.21_0.tar.bz2.  My checksum starts with 36610ec18a01c43 and I have tested in chroot and with qemu and get the same result.</span></div><div class="line" id="144922"><span class="nick" style="color:#8dd3c7"><a href="#144922" label="[14:49:22]">&lt;rickmasters&gt;</a></span><span class="message">pder, fossy: I'm also failing on gettext with the same checksum that pder is getting. Both qemu and chroot.</span></div><div class="line" id="152405"><span class="nick" style="color:#2e2a4a"><a href="#152405" label="[15:24:05]">&lt;stikonas[m]&gt;</a></span><span class="message">We should diffoscope it against old package</span></div><div class="line" id="154021"><span class="nick" style="color:#8dd3c7"><a href="#154021" label="[15:40:21]">&lt;rickmasters&gt;</a></span><span class="message">stikonas: I'm pretty sure its just a missed checksum update from a recent change, maybe binutils. Is anyone getting a different result?</span></div><div class="line" id="154247"><span class="nick" style="color:#2e2a4a"><a href="#154247" label="[15:42:47]">&lt;stikonas[m]&gt;</a></span><span class="message">I haven't ran it recently</span></div><div class="line" id="154308"><span class="nick" style="color:#2e2a4a"><a href="#154308" label="[15:43:08]">&lt;stikonas[m]&gt;</a></span><span class="message">Maybe then just do PR with new checksum</span></div><div class="line" id="161240"><span class="nick" style="color:#389600"><a href="#161240" label="[16:12:40]">&lt;pder&gt;</a></span><span class="message">I'll push the checksum fix and create a PR</span></div><div class="line" id="161724"><span class="nick" style="color:#389600"><a href="#161724" label="[16:17:24]">&lt;pder&gt;</a></span><span class="message"> <a rel="nofollow" href="https://github.com/fosslinux/live-bootstrap/pull/266">https://github.com/fosslinux/live-bootstrap/pull/266</a> </span></div><br /></div></body></html>