<!DOCTYPE html><html><head><title>IRC channel logs</title><style>html {
  background: #fdfdfd;
}

h1 {
  font-weight: 300;
}

h2 {
  font-weight: 200;
}

h3 {
  padding: .5em 0;
  border-top: 3px dotted #ddd;
  margin-bottom: 0;
}

form {
  width: 400px;
  display: flex;
}

input {
  width: 100%;
  display: flex;
  border-radius: .25em 0 0 .25em;
  border: 1px solid #aaa;
  border-right: 0;
  padding: 0.5em;
}

button {
  display: flex;
  border-radius: 0 .25em .25em 0;
  background-color: #007bff;
  border: 1px solid #007bff;
  padding: .5em;
  cursor: pointer;
  color: white;
}

button:hover {
  background-color: #0069d9;
  border-color: #0062cc;
}

a {
  color: #007bff;
  text-decoration: none;
}

a:hover {
  text-decoration: underline;
}

h4 {
  margin-bottom: .5em;
}

table td {
  padding: 0.75em;
}

table tr:hover {
  background: #eee;
}

.year {
  display: table;
}

.month {
  display: table-cell;
  padding-right: 1em;
}

ul {
  margin: 0;
  padding: 0;
  list-style: none;
}

.nick {
  padding-right: 0.6rem;
  font-weight: bold;
  text-align: right;
  width: 13rem;
  display: table-cell;
}

.nick a {
  color: inherit;
  text-decoration: none;
}

.message {
  display: table-cell;
  padding-left: 0.6rem;
  border-left: 2px solid #333;
}

.notice {
  color: #859900;
  font-style: italic;
}

.line {
  line-height: 1.8rem;
  display: table;
}

#logs {
  margin-top: 1.5rem;
  padding: 1.5rem;
}
</style></head><body><h1>IRC channel logs</h1><h2>2023-02-24.log</h2><p><a href="/bootstrappable">back to list of logs</a></p><div id="logs"><div class="line" id="071330"><span class="nick" style="color:#389600"><a href="#071330" label="[07:13:30]">&lt;stikonas&gt;</a></span><span class="message">fossy: <a rel="nofollow" href="https://github.com/fosslinux/live-bootstrap/pull/250">https://github.com/fosslinux/live-bootstrap/pull/250</a> </span></div><div class="line" id="071402"><span class="nick" style="color:#389600"><a href="#071402" label="[07:14:02]">&lt;stikonas&gt;</a></span><span class="message">since this is a new package (binutils-2.24), you might want to double check for pregenerated packages</span></div><div class="line" id="071437"><span class="nick" style="color:#389600"><a href="#071437" label="[07:14:37]">&lt;stikonas&gt;</a></span><span class="message">and it turns out it affects lots of checksums (all the way up to GCC 10)</span></div><div class="line" id="071515"><span class="nick" style="color:#389600"><a href="#071515" label="[07:15:15]">&lt;stikonas&gt;</a></span><span class="message">presumably static libraries that we build early then propagate till the end</span></div><div class="line" id="071610"><span class="nick" style="color:#389600"><a href="#071610" label="[07:16:10]">&lt;stikonas&gt;</a></span><span class="message">there might be some further cleanup, but I'll do it once this is merged</span></div><div class="line" id="071643"><span class="nick" style="color:#389600"><a href="#071643" label="[07:16:43]">&lt;stikonas&gt;</a></span><span class="message">those might not even need review. i.e.  at the very least some older autotools are no longer required (something like autoconf 2.12)</span></div><br /></div></body></html>