<!DOCTYPE html><html><head><title>IRC channel logs</title><style>html {
  background: #fdfdfd;
}

h1 {
  font-weight: 300;
}

h2 {
  font-weight: 200;
}

h3 {
  padding: .5em 0;
  border-top: 3px dotted #ddd;
  margin-bottom: 0;
}

form {
  width: 400px;
  display: flex;
}

input {
  width: 100%;
  display: flex;
  border-radius: .25em 0 0 .25em;
  border: 1px solid #aaa;
  border-right: 0;
  padding: 0.5em;
}

button {
  display: flex;
  border-radius: 0 .25em .25em 0;
  background-color: #007bff;
  border: 1px solid #007bff;
  padding: .5em;
  cursor: pointer;
  color: white;
}

button:hover {
  background-color: #0069d9;
  border-color: #0062cc;
}

a {
  color: #007bff;
  text-decoration: none;
}

a:hover {
  text-decoration: underline;
}

h4 {
  margin-bottom: .5em;
}

table td {
  padding: 0.75em;
}

table tr:hover {
  background: #eee;
}

.year {
  display: table;
}

.month {
  display: table-cell;
  padding-right: 1em;
}

ul {
  margin: 0;
  padding: 0;
  list-style: none;
}

.nick {
  padding-right: 0.6rem;
  font-weight: bold;
  text-align: right;
  width: 13rem;
  display: table-cell;
}

.nick a {
  color: inherit;
  text-decoration: none;
}

.message {
  display: table-cell;
  padding-left: 0.6rem;
  border-left: 2px solid #333;
}

.notice {
  color: #859900;
  font-style: italic;
}

.line {
  line-height: 1.8rem;
  display: table;
}

#logs {
  margin-top: 1.5rem;
  padding: 1.5rem;
}
</style></head><body><h1>IRC channel logs</h1><h2>2023-07-25.log</h2><p><a href="/bootstrappable">back to list of logs</a></p><div id="logs"><div class="line" id="010705"><span class="nick" style="color:#389600"><a href="#010705" label="[01:07:05]">&lt;oriansj&gt;</a></span><span class="message">stikonas: I just saw the meowmeowmeow request to bridge <a rel="nofollow" href="https://matrix.to/#/#bootstrappable:kde.org">https://matrix.to/#/#bootstrappable:kde.org</a>  with #bootstrappable</span></div><div class="line" id="010749"><span class="nick" style="color:#8dd3c7"><a href="#010749" label="[01:07:49]">&lt;stikonas&gt;</a></span><span class="message">oriansj: we might have to redo it...</span></div><div class="line" id="010759"><span class="nick" style="color:#8dd3c7"><a href="#010759" label="[01:07:59]">&lt;stikonas&gt;</a></span><span class="message">I might have gotten some error</span></div><div class="line" id="010820"><span class="nick" style="color:#389600"><a href="#010820" label="[01:08:20]">&lt;oriansj&gt;</a></span><span class="message">it appears it only has a 300 second window to respond</span></div><div class="line" id="010940"><span class="nick" style="color:#8dd3c7"><a href="#010940" label="[01:09:40]">&lt;stikonas&gt;</a></span><span class="message">oriansj: did you get a new one?</span></div><div class="line" id="010956"><span class="nick" style="color:#389600"><a href="#010956" label="[01:09:56]">&lt;oriansj&gt;</a></span><span class="message">just now and I responded &quot;yes&quot;</span></div><div class="line" id="011017"><span class="nick" style="color:#2e2a4a"><a href="#011017" label="[01:10:17]">&lt;stikonas[m]&gt;</a></span><span class="message">and I think we are linked</span></div><div class="line" id="011025"><span class="nick" style="color:#6b8072"><a href="#011025" label="[01:10:25]">&lt;JeremiahOrians[m&gt;</a></span><span class="message">Hi from matrix</span></div><div class="line" id="011035"><span class="nick" style="color:#389600"><a href="#011035" label="[01:10:35]">&lt;oriansj&gt;</a></span><span class="message">yep</span></div><div class="line" id="011349"><span class="nick" style="color:#2e2a4a"><a href="#011349" label="[01:13:49]">&lt;stikonas[m]&gt;</a></span><span class="message">Jeremiah Orians: we might also want to add #bootstrappable:matrix.org alias to this room (though I think only you can do that since I'm not on matrix.org)</span></div><div class="line" id="011400"><span class="nick" style="color:#2e2a4a"><a href="#011400" label="[01:14:00]">&lt;stikonas[m]&gt;</a></span><span class="message">and that's probably blocked by closing the previous room...</span></div><div class="line" id="011522"><span class="nick" style="color:#389600"><a href="#011522" label="[01:15:22]">&lt;oriansj&gt;</a></span><span class="message">well I am still looking up how to redirect a matrix channel</span></div><div class="line" id="012524"><span class="nick" style="color:#389600"><a href="#012524" label="[01:25:24]">&lt;oriansj&gt;</a></span><span class="message">we probably should include the new matrix channel in a few places so that people that prefer matrix know they have that option going forward</span></div><div class="line" id="012605"><span class="nick" style="color:#8dd3c7"><a href="#012605" label="[01:26:05]">&lt;stikonas&gt;</a></span><span class="message">yes, makes sense</span></div><div class="line" id="012625"><span class="nick" style="color:#8dd3c7"><a href="#012625" label="[01:26:25]">&lt;stikonas&gt;</a></span><span class="message">though like I said for now I was only able to register alias on my home server...</span></div><div class="line" id="013312"><span class="nick" style="color:#80b1d3"><a href="#013312" label="[01:33:12]">&lt;theruran&gt;</a></span><span class="message">&quot;Using non-GNU assemblers with the Portable C Compiler&quot; <a rel="nofollow" href="https://briancallahan.net/blog/20230723.html">https://briancallahan.net/blog/20230723.html</a> </span></div><div class="line" id="023345"><span class="nick" style="color:#6d2462"><a href="#023345" label="[02:33:45]">&lt;muurkha&gt;</a></span><span class="message">hmm, much to my surprise the cvs repo is active</span></div><div class="line" id="023405"><span class="nick" style="color:#6d2462"><a href="#023405" label="[02:34:05]">&lt;muurkha&gt;</a></span><span class="message">127 kloc in pcc</span></div><div class="line" id="023526"><span class="nick" style="color:#6d2462"><a href="#023526" label="[02:35:26]">&lt;muurkha&gt;</a></span><span class="message">I think the last time I set up a CVS repo was 15 or 20 years ago, I couldn't remember how</span></div><div class="line" id="032245"><span class="nick" style="color:#389600"><a href="#032245" label="[03:22:45]">&lt;oriansj&gt;</a></span><span class="message">muurkha: usually via cvs -d /$PATH init</span></div><div class="line" id="032357"><span class="nick" style="color:#389600"><a href="#032357" label="[03:23:57]">&lt;oriansj&gt;</a></span><span class="message">and chgrp developers /$PATH  &amp;&amp; chmod g+srwx /$PATH</span></div><div class="line" id="040224"><span class="nick" style="color:#389600"><a href="#040224" label="[04:02:24]">&lt;oriansj&gt;</a></span><span class="message">cvs and subversion have virtually identical notes: <a rel="nofollow" href="https://paste.debian.net/1286861/">https://paste.debian.net/1286861/</a> </span></div><div class="line" id="063144"><span class="nick" style="color:#234e69"><a href="#063144" label="[06:31:44]">&lt;emilytrau[m]&gt;</a></span><span class="message">hihi</span></div><div class="line" id="132633"><span class="nick" style="color:#389600"><a href="#132633" label="[13:26:33]">&lt;oriansj&gt;</a></span><span class="message">emilytrau[m]: *waves*</span></div><div class="line" id="172406"><span class="nick" style="color:#6d2462"><a href="#172406" label="[17:24:06]">&lt;muurkha&gt;</a></span><span class="message">oriansj: yeah, it didn't take me *that* long to figure it out :)</span></div><div class="line" id="172510"><span class="nick" style="color:#6d2462"><a href="#172510" label="[17:25:10]">&lt;muurkha&gt;</a></span><span class="message">it's just funny how in under 20 years I could go from being a CVS expert to not knowing how to do the simplest things</span></div><div class="line" id="172518"><span class="nick" style="color:#6d2462"><a href="#172518" label="[17:25:18]">&lt;muurkha&gt;</a></span><span class="message">hi emilytrau[m]!  welcome</span></div><div class="line" id="172545"><span class="nick" style="color:#6d2462"><a href="#172545" label="[17:25:45]">&lt;muurkha&gt;</a></span><span class="message">I forget if you were here before and I'm welcoming you redundantly.  no offense is intended if so</span></div><div class="line" id="233852"><span class="nick" style="color:#389600"><a href="#233852" label="[23:38:52]">&lt;oriansj&gt;</a></span><span class="message">muurkha: well useful information tends to be used and stick around; useless information tends not to be used and thus forgotten.</span></div><br /></div></body></html>