<!DOCTYPE html><html><head><title>IRC channel logs</title><style>html {
  background: #fdfdfd;
}

h1 {
  font-weight: 300;
}

h2 {
  font-weight: 200;
}

h3 {
  padding: .5em 0;
  border-top: 3px dotted #ddd;
  margin-bottom: 0;
}

form {
  width: 400px;
  display: flex;
}

input {
  width: 100%;
  display: flex;
  border-radius: .25em 0 0 .25em;
  border: 1px solid #aaa;
  border-right: 0;
  padding: 0.5em;
}

button {
  display: flex;
  border-radius: 0 .25em .25em 0;
  background-color: #007bff;
  border: 1px solid #007bff;
  padding: .5em;
  cursor: pointer;
  color: white;
}

button:hover {
  background-color: #0069d9;
  border-color: #0062cc;
}

a {
  color: #007bff;
  text-decoration: none;
}

a:hover {
  text-decoration: underline;
}

h4 {
  margin-bottom: .5em;
}

table td {
  padding: 0.75em;
}

table tr:hover {
  background: #eee;
}

.year {
  display: table;
}

.month {
  display: table-cell;
  padding-right: 1em;
}

ul {
  margin: 0;
  padding: 0;
  list-style: none;
}

.nick {
  padding-right: 0.6rem;
  font-weight: bold;
  text-align: right;
  width: 13rem;
  display: table-cell;
}

.nick a {
  color: inherit;
  text-decoration: none;
}

.message {
  display: table-cell;
  padding-left: 0.6rem;
  border-left: 2px solid #333;
}

.notice {
  color: #859900;
  font-style: italic;
}

.line {
  line-height: 1.8rem;
  display: table;
}

#logs {
  margin-top: 1.5rem;
  padding: 1.5rem;
}
</style></head><body><h1>IRC channel logs</h1><h2>2023-07-08.log</h2><p><a href="/bootstrappable">back to list of logs</a></p><div id="logs"><div class="line" id="095706"><span class="nick" style="color:#389600"><a href="#095706" label="[09:57:06]">&lt;Irvise_&gt;</a></span><span class="message">Hi, one question that hopefully can be answered in this channel. I installed Mes using Guix in my system as I want to play with it.</span></div><div class="line" id="095807"><span class="nick" style="color:#389600"><a href="#095807" label="[09:58:07]">&lt;Irvise_&gt;</a></span><span class="message">However, when I run mes from the shell, it tells me it is missing the file boot-0.scm. Okay, that is not such a problem. I downloaded the src of mes and I can run it if I am on the root folder of the src.</span></div><div class="line" id="095840"><span class="nick" style="color:#389600"><a href="#095840" label="[09:58:40]">&lt;Irvise_&gt;</a></span><span class="message">However, when I write a .scm/.mes file with some code, the REPL gives me issues when I try to load it :/</span></div><div class="line" id="095850"><span class="nick" style="color:#8dd3c7"><a href="#095850" label="[09:58:50]">&lt;janneke&gt;</a></span><span class="message">Irvise_: running: &quot;guix shell mes -- mes&quot; works for me?</span></div><div class="line" id="095909"><span class="nick" style="color:#389600"><a href="#095909" label="[09:59:09]">&lt;Irvise_&gt;</a></span><span class="message">Lemme try that</span></div><div class="line" id="095949"><span class="nick" style="color:#8dd3c7"><a href="#095949" label="[09:59:49]">&lt;janneke&gt;</a></span><span class="message">also, &quot;guix install mes&quot; works for me</span></div><div class="line" id="100007"><span class="nick" style="color:#8dd3c7"><a href="#100007" label="[10:00:07]">&lt;janneke&gt;</a></span><span class="message">did you follow the advice that is subsequently printed?</span></div><div class="line" id="100017"><span class="nick" style="color:#8dd3c7"><a href="#100017" label="[10:00:17]">&lt;janneke&gt;</a></span><span class="message">for me that's:</span></div><div class="line" id="100020"><span class="nick" style="color:#8dd3c7"><a href="#100020" label="[10:00:20]">&lt;janneke&gt;</a></span><span class="message">     GUIX_PROFILE=&quot;/home/janneke/.guix-profile&quot;</span></div><div class="line" id="100020"><span class="nick" style="color:#8dd3c7"><a href="#100020" label="[10:00:20]">&lt;janneke&gt;</a></span><span class="message">     . &quot;$GUIX_PROFILE/etc/profile&quot;</span></div><div class="line" id="100425"><span class="nick" style="color:#389600"><a href="#100425" label="[10:04:25]">&lt;Irvise_&gt;</a></span><span class="message">janneke: the guix shell command did the trick to get mes correctly running without having to be in the src folder :)</span></div><div class="line" id="100458"><span class="nick" style="color:#389600"><a href="#100458" label="[10:04:58]">&lt;Irvise_&gt;</a></span><span class="message">Yes, I have Guix in my profile, I can run other programs installed with it without issues.</span></div><div class="line" id="100507"><span class="nick" style="color:#389600"><a href="#100507" label="[10:05:07]">&lt;Irvise_&gt;</a></span><span class="message">However, loading the file still causes issues.</span></div><div class="line" id="100518"><span class="nick" style="color:#8dd3c7"><a href="#100518" label="[10:05:18]">&lt;janneke&gt;</a></span><span class="message">Irvise_: you need to re-source that file after installing mes</span></div><div class="line" id="100532"><span class="nick" style="color:#8dd3c7"><a href="#100532" label="[10:05:32]">&lt;janneke&gt;</a></span><span class="message">as advised</span></div><div class="line" id="100538"><span class="nick" style="color:#8dd3c7"><a href="#100538" label="[10:05:38]">&lt;janneke&gt;</a></span><span class="message">it sets MES_PREFIX</span></div><div class="line" id="100623"><span class="nick" style="color:#8dd3c7"><a href="#100623" label="[10:06:23]">&lt;janneke&gt;</a></span><span class="message">(we removed the prefix from the binary to make it bit-for-bit identical over distributions)</span></div><div class="line" id="100624"><span class="nick" style="color:#389600"><a href="#100624" label="[10:06:24]">&lt;Irvise_&gt;</a></span><span class="message">May I ask what does re-sourcing the file means?</span></div><div class="line" id="100635"><span class="nick" style="color:#389600"><a href="#100635" label="[10:06:35]">&lt;Irvise_&gt;</a></span><span class="message">Just in case, here is a log of the full error <a rel="nofollow" href="https://paste.debian.net/1285292/">https://paste.debian.net/1285292/</a> </span></div><div class="line" id="100639"><span class="nick" style="color:#8dd3c7"><a href="#100639" label="[10:06:39]">&lt;janneke&gt;</a></span><span class="message">&lt;janneke&gt;      GUIX_PROFILE=&quot;/home/janneke/.guix-profile&quot;</span></div><div class="line" id="100639"><span class="nick" style="color:#8dd3c7"><a href="#100639" label="[10:06:39]">&lt;janneke&gt;</a></span><span class="message">&lt;janneke&gt;      . &quot;$GUIX_PROFILE/etc/profile&quot;</span></div><div class="line" id="100706"><span class="nick" style="color:#389600"><a href="#100706" label="[10:07:06]">&lt;Irvise_&gt;</a></span><span class="message">Ah! it is in my .profile, it gets loaded every time I log in :)</span></div><div class="line" id="100719"><span class="nick" style="color:#389600"><a href="#100719" label="[10:07:19]">&lt;Irvise_&gt;</a></span><span class="message">(gets sourced as in the shell lingo)</span></div><div class="line" id="100753"><span class="nick" style="color:#8dd3c7"><a href="#100753" label="[10:07:53]">&lt;janneke&gt;</a></span><span class="message">yes, but after installing something, you either needs to logout and re-login, OR source it again</span></div><div class="line" id="100821"><span class="nick" style="color:#8dd3c7"><a href="#100821" label="[10:08:21]">&lt;janneke&gt;</a></span><span class="message">it says</span></div><div class="line" id="100828"><span class="nick" style="color:#8dd3c7"><a href="#100828" label="[10:08:28]">&lt;janneke&gt;</a></span><span class="message">hint: Consider setting the necessary environment variables by running: [..]</span></div><div class="line" id="100839"><span class="nick" style="color:#389600"><a href="#100839" label="[10:08:39]">&lt;Irvise_&gt;</a></span><span class="message">Let me try</span></div><div class="line" id="101000"><span class="nick" style="color:#389600"><a href="#101000" label="[10:10:00]">&lt;Irvise_&gt;</a></span><span class="message">I same issue happens. Mes dies after the (load &quot;reciprocal.ss&quot;) sexp is run in the REPL...</span></div><div class="line" id="101022"><span class="nick" style="color:#389600"><a href="#101022" label="[10:10:22]">&lt;Irvise_&gt;</a></span><span class="message">And just in case it was not clear, I had mes already installed from a while ago :) (months)</span></div><div class="line" id="101053"><span class="nick" style="color:#389600"><a href="#101053" label="[10:10:53]">&lt;Irvise_&gt;</a></span><span class="message">I just realised that you are one of the main developers ^^ Hi! o_/</span></div><div class="line" id="101055"><span class="nick" style="color:#8dd3c7"><a href="#101055" label="[10:10:55]">&lt;janneke&gt;</a></span><span class="message">ah sorry, i completely misunderstood</span></div><div class="line" id="101225"><span class="nick" style="color:#8dd3c7"><a href="#101225" label="[10:12:25]">&lt;janneke&gt;</a></span><span class="message">Irvise_: apparently, load does not work from the repl</span></div><div class="line" id="101229"><span class="nick" style="color:#389600"><a href="#101229" label="[10:12:29]">&lt;Irvise_&gt;</a></span><span class="message">How would one normally load external files in the REPL? Does Mes need an external environment varialble that lets it load files outside of its standard library?</span></div><div class="line" id="101309"><span class="nick" style="color:#389600"><a href="#101309" label="[10:13:09]">&lt;Irvise_&gt;</a></span><span class="message">Or maybe that is not possible and it needs to be loaded with the file directly using the command line. I am aware of how limited (and not so limited) mes is :)</span></div><div class="line" id="101420"><span class="nick" style="color:#8dd3c7"><a href="#101420" label="[10:14:20]">&lt;janneke&gt;</a></span><span class="message">it would be nice if load worked from the repl but we'll probably not fix that before we have proper module support</span></div><div class="line" id="101445"><span class="nick" style="color:#8dd3c7"><a href="#101445" label="[10:14:45]">&lt;janneke&gt;</a></span><span class="message">it seems that currently your only option is from the command-line, indeed</span></div><div class="line" id="101449"><span class="nick" style="color:#8dd3c7"><a href="#101449" label="[10:14:49]">&lt;janneke&gt;</a></span><span class="message">something like</span></div><div class="line" id="101503"><span class="nick" style="color:#8dd3c7"><a href="#101503" label="[10:15:03]">&lt;janneke&gt;</a></span><span class="message">guix shell mes -- mes -e '(hello)' hello.scm</span></div><div class="line" id="102411"><span class="nick" style="color:#389600"><a href="#102411" label="[10:24:11]">&lt;Irvise_&gt;</a></span><span class="message">janneke: great! Thanks! It works now ^^</span></div><div class="line" id="102510"><span class="nick" style="color:#389600"><a href="#102510" label="[10:25:10]">&lt;Irvise_&gt;</a></span><span class="message">I had forgotten that mes does integer division :P</span></div><div class="line" id="102533"><span class="nick" style="color:#8dd3c7"><a href="#102533" label="[10:25:33]">&lt;janneke&gt;</a></span><span class="message">Irvise_: great, and thanks for your bug report :)</span></div><div class="line" id="102543"><span class="nick" style="color:#389600"><a href="#102543" label="[10:25:43]">&lt;Irvise_&gt;</a></span><span class="message">Now I shall try to do SICP in Mes. I will probably hit some roadblocks, but it will be fun.</span></div><div class="line" id="102547"><span class="nick" style="color:#8dd3c7"><a href="#102547" label="[10:25:47]">&lt;janneke&gt;</a></span><span class="message">yeah, no floats or rationals</span></div><div class="line" id="102555"><span class="nick" style="color:#8dd3c7"><a href="#102555" label="[10:25:55]">&lt;janneke&gt;</a></span><span class="message">oh fun!</span></div><div class="line" id="102748"><span class="nick" style="color:#389600"><a href="#102748" label="[10:27:48]">&lt;Irvise_&gt;</a></span><span class="message">janneke: btw, does mes or do you have an Emacs mode for it? I can work with it in an terminal buffer, but having a bit more integration with Emacs does help :P</span></div><div class="line" id="104127"><span class="nick" style="color:#8dd3c7"><a href="#104127" label="[10:41:27]">&lt;janneke&gt;</a></span><span class="message">Irvise_: no, i'm using emacs shell</span></div><div class="line" id="104256"><span class="nick" style="color:#389600"><a href="#104256" label="[10:42:56]">&lt;Irvise_&gt;</a></span><span class="message">Okay, thanks :)</span></div><div class="line" id="111844"><span class="nick" style="color:#8dd3c7"><a href="#111844" label="[11:18:44]">&lt;janneke&gt;</a></span><span class="message">Irvise_: i've made a patch fixing load (and ,use MODULE too)</span></div><div class="line" id="111858"><span class="nick" style="color:#8dd3c7"><a href="#111858" label="[11:18:58]">&lt;janneke&gt;</a></span><span class="message"> <a rel="nofollow" href="https://git.savannah.gnu.org/cgit/mes.git/tree/mes/module/mes/repl.mes?h=wip">https://git.savannah.gnu.org/cgit/mes.git/tree/mes/module/mes/repl.mes?h=wip</a> </span></div><div class="line" id="115624"><span class="nick" style="color:#389600"><a href="#115624" label="[11:56:24]">&lt;Irvise_&gt;</a></span><span class="message">janneke: thanks :) That was quick ^^</span></div><div class="line" id="115744"><span class="nick" style="color:#8dd3c7"><a href="#115744" label="[11:57:44]">&lt;janneke&gt;</a></span><span class="message">Irvise_: yeah, your questions got me thinking</span></div><div class="line" id="115853"><span class="nick" style="color:#8dd3c7"><a href="#115853" label="[11:58:53]">&lt;janneke&gt;</a></span><span class="message">it was a long standing bug but i got a new perspective on it</span></div><div class="line" id="123042"><span class="nick" style="color:#389600"><a href="#123042" label="[12:30:42]">&lt;Irvise_&gt;</a></span><span class="message">I am glad my question helped :)</span></div><div class="line" id="123515"><span class="nick" style="color:#8dd3c7"><a href="#123515" label="[12:35:15]">&lt;janneke&gt;</a></span><span class="message">ACTION too :)  good questions can be powerful</span></div><div class="line" id="202107"><span class="nick" style="color:#2e2a4a"><a href="#202107" label="[20:21:07]">&lt;stikonas&gt;</a></span><span class="message">janneke: so I've finally found some time to launch gdb for mes-tcc on x86_64</span></div><div class="line" id="202137"><span class="nick" style="color:#2e2a4a"><a href="#202137" label="[20:21:37]">&lt;stikonas&gt;</a></span><span class="message">looks like infinite loop happens due to o(0xe5894855); (which is negative integer when interpreted as 32 bits)</span></div><div class="line" id="202154"><span class="nick" style="color:#2e2a4a"><a href="#202154" label="[20:21:54]">&lt;stikonas&gt;</a></span><span class="message">so register is 0xffffffffe5894855</span></div><div class="line" id="202320"><span class="nick" style="color:#2e2a4a"><a href="#202320" label="[20:23:20]">&lt;stikonas&gt;</a></span><span class="message">I guess we could patch it out...</span></div><div class="line" id="202525"><span class="nick" style="color:#2e2a4a"><a href="#202525" label="[20:25:25]">&lt;stikonas&gt;</a></span><span class="message">though proper fix might be to support 64-bit immediate in mescc</span></div><div class="line" id="204630"><span class="nick" style="color:#8dd3c7"><a href="#204630" label="[20:46:30]">&lt;janneke&gt;</a></span><span class="message">stikonas: nice find</span></div><div class="line" id="204822"><span class="nick" style="color:#8dd3c7"><a href="#204822" label="[20:48:22]">&lt;janneke&gt;</a></span><span class="message">if we patch it out it would be nice to add a comment, or a note somewhere about this</span></div><div class="line" id="204842"><span class="nick" style="color:#8dd3c7"><a href="#204842" label="[20:48:42]">&lt;janneke&gt;</a></span><span class="message">guess we should add it to Mes' ROADMAP in any case</span></div><div class="line" id="205038"><span class="nick" style="color:#2e2a4a"><a href="#205038" label="[20:50:38]">&lt;stikonas&gt;</a></span><span class="message">yeah, it would be good to fix it in Mes too</span></div><div class="line" id="205103"><span class="nick" style="color:#2e2a4a"><a href="#205103" label="[20:51:03]">&lt;stikonas&gt;</a></span><span class="message">this is something that should be possible to fix and would reduce patchset for tinycc</span></div><div class="line" id="205129"><span class="nick" style="color:#8dd3c7"><a href="#205129" label="[20:51:29]">&lt;janneke&gt;</a></span><span class="message">right</span></div><div class="line" id="205152"><span class="nick" style="color:#8dd3c7"><a href="#205152" label="[20:51:52]">&lt;janneke&gt;</a></span><span class="message">and increase our odds of moving to a more recent tinycc some time</span></div><div class="line" id="205156"><span class="nick" style="color:#2e2a4a"><a href="#205156" label="[20:51:56]">&lt;stikonas&gt;</a></span><span class="message">well, I'll patch it out in tinycc for now and will see if it fixes the issue</span></div><div class="line" id="205208"><span class="nick" style="color:#8dd3c7"><a href="#205208" label="[20:52:08]">&lt;janneke&gt;</a></span><span class="message">sure</span></div><div class="line" id="205324"><span class="nick" style="color:#2e2a4a"><a href="#205324" label="[20:53:24]">&lt;stikonas&gt;</a></span><span class="message">hmm, partial success</span></div><div class="line" id="205353"><span class="nick" style="color:#2e2a4a"><a href="#205353" label="[20:53:53]">&lt;stikonas&gt;</a></span><span class="message">./mes-tcc -c hw.c -o hw.o worked where hw.c is just int main () { return 42; }</span></div><div class="line" id="205400"><span class="nick" style="color:#2e2a4a"><a href="#205400" label="[20:54:00]">&lt;stikonas&gt;</a></span><span class="message">but building crt1.c failed...</span></div><div class="line" id="205416"><span class="nick" style="color:#2e2a4a"><a href="#205416" label="[20:54:16]">&lt;stikonas&gt;</a></span><span class="message">oh, one moment, I might not have installed it yet into PATH</span></div><div class="line" id="205438"><span class="nick" style="color:#2e2a4a"><a href="#205438" label="[20:54:38]">&lt;stikonas&gt;</a></span><span class="message">ok, crt1.o is working too now</span></div><div class="line" id="205445"><span class="nick" style="color:#8dd3c7"><a href="#205445" label="[20:54:45]">&lt;janneke&gt;</a></span><span class="message">ooh, nice</span></div><div class="line" id="205638"><span class="nick" style="color:#2e2a4a"><a href="#205638" label="[20:56:38]">&lt;stikonas&gt;</a></span><span class="message">there are still issues building more complicated files</span></div><div class="line" id="205658"><span class="nick" style="color:#2e2a4a"><a href="#205658" label="[20:56:58]">&lt;stikonas&gt;</a></span><span class="message">it failed to build meslibc (concatenated into a single file)</span></div><div class="line" id="205706"><span class="nick" style="color:#8dd3c7"><a href="#205706" label="[20:57:06]">&lt;janneke&gt;</a></span><span class="message">what i did for x86 when it started to work</span></div><div class="line" id="205719"><span class="nick" style="color:#2e2a4a"><a href="#205719" label="[20:57:19]">&lt;stikonas&gt;</a></span><span class="message">and also lib/libtcc1.s fails with lib/libtcc1.c:143: error: #error unsupported CPU type</span></div><div class="line" id="205722"><span class="nick" style="color:#8dd3c7"><a href="#205722" label="[20:57:22]">&lt;janneke&gt;</a></span><span class="message">(after all the &quot;lotsa debug printing&quot; comparisons with gcc-built tcc</span></div><div class="line" id="205733"><span class="nick" style="color:#8dd3c7"><a href="#205733" label="[20:57:33]">&lt;janneke&gt;</a></span><span class="message">was run the mescc test suite</span></div><div class="line" id="205806"><span class="nick" style="color:#2e2a4a"><a href="#205806" label="[20:58:06]">&lt;stikonas&gt;</a></span><span class="message">well, this time I think we mostly need to focus on x86_64*.c files...</span></div><div class="line" id="205809"><span class="nick" style="color:#8dd3c7"><a href="#205809" label="[20:58:09]">&lt;janneke&gt;</a></span><span class="message">hmm, weird</span></div><div class="line" id="205838"><span class="nick" style="color:#2e2a4a"><a href="#205838" label="[20:58:38]">&lt;stikonas&gt;</a></span><span class="message">janneke: that's because we have &quot;#if defined(TCC_TARGET_I386)&quot;</span></div><div class="line" id="205838"><span class="nick" style="color:#8dd3c7"><a href="#205838" label="[20:58:38]">&lt;janneke&gt;</a></span><span class="message">yeah could be, otoh mescc's c tests are pretty simple</span></div><div class="line" id="205857"><span class="nick" style="color:#8dd3c7"><a href="#205857" label="[20:58:57]">&lt;janneke&gt;</a></span><span class="message">and if tcc fails on some of them, you'd have it pretty narrowed down?</span></div><div class="line" id="205908"><span class="nick" style="color:#8dd3c7"><a href="#205908" label="[20:59:08]">&lt;janneke&gt;</a></span><span class="message">ah, hehe -- silly</span></div><div class="line" id="205945"><span class="nick" style="color:#2e2a4a"><a href="#205945" label="[20:59:45]">&lt;stikonas&gt;</a></span><span class="message">oh, actually it's fine in wip-riscv branch</span></div><div class="line" id="205946"><span class="nick" style="color:#8dd3c7"><a href="#205946" label="[20:59:46]">&lt;janneke&gt;</a></span><span class="message">stikonas: but yeah, possibly it's all new 64bit problems -- could be...</span></div><div class="line" id="205948"><span class="nick" style="color:#2e2a4a"><a href="#205948" label="[20:59:48]">&lt;stikonas&gt;</a></span><span class="message">le me check...</span></div><div class="line" id="210023"><span class="nick" style="color:#2e2a4a"><a href="#210023" label="[21:00:23]">&lt;stikonas&gt;</a></span><span class="message">anyway, this unsupported stuff is fixed in some other branch</span></div><div class="line" id="210055"><span class="nick" style="color:#2e2a4a"><a href="#210055" label="[21:00:55]">&lt;stikonas&gt;</a></span><span class="message">still, I think we are fairly close to have it working...</span></div><div class="line" id="210157"><span class="nick" style="color:#8dd3c7"><a href="#210157" label="[21:01:57]">&lt;janneke&gt;</a></span><span class="message">yeah, pretty exciting</span></div><div class="line" id="210207"><span class="nick" style="color:#8dd3c7"><a href="#210207" label="[21:02:07]">&lt;janneke&gt;</a></span><span class="message">and esp. good news for riscv!</span></div><div class="line" id="210748"><span class="nick" style="color:#2e2a4a"><a href="#210748" label="[21:07:48]">&lt;stikonas&gt;</a></span><span class="message">and there are more issues with 32-bit numbers...</span></div><div class="line" id="210759"><span class="nick" style="color:#2e2a4a"><a href="#210759" label="[21:07:59]">&lt;stikonas&gt;</a></span><span class="message">I think I should first go over the source and patch out all of them</span></div><div class="line" id="211603"><span class="nick" style="color:#6b8072"><a href="#211603" label="[21:16:03]">&lt;muurkha&gt;</a></span><span class="message">death to 32-bit scum!</span></div><div class="line" id="230623"><span class="nick" style="color:#80b1d3"><a href="#230623" label="[23:06:23]">&lt;ekaitz&gt;</a></span><span class="message"> <a rel="nofollow" href="https://riscv-programming.org/">https://riscv-programming.org/</a>  &lt;-- did you know this one?</span></div><div class="line" id="230631"><span class="nick" style="color:#80b1d3"><a href="#230631" label="[23:06:31]">&lt;ekaitz&gt;</a></span><span class="message">it might help us in the short term :)</span></div><div class="line" id="232555"><span class="nick" style="color:#6d2462"><a href="#232555" label="[23:25:55]">&lt;stikonas[m]&gt;</a></span><span class="message">Hmm, maybe it would have been useful for stage0-posix-riscv64...</span></div><div class="line" id="232609"><span class="nick" style="color:#6d2462"><a href="#232609" label="[23:26:09]">&lt;stikonas[m]&gt;</a></span><span class="message">Probably less so now</span></div><div class="line" id="232725"><span class="nick" style="color:#6d2462"><a href="#232725" label="[23:27:25]">&lt;stikonas[m]&gt;</a></span><span class="message">But it's probably still a good book for somebody learning assembly</span></div><div class="line" id="235134"><span class="nick" style="color:#234e69"><a href="#235134" label="[23:51:34]">&lt;oriansj&gt;</a></span><span class="message">stikonas: if it could be read without javascript or bootstrappable javascript</span></div><div class="line" id="235314"><span class="nick" style="color:#2e2a4a"><a href="#235314" label="[23:53:14]">&lt;stikonas&gt;</a></span><span class="message">oriansj: it's just plain html</span></div><div class="line" id="235316"><span class="nick" style="color:#2e2a4a"><a href="#235316" label="[23:53:16]">&lt;stikonas&gt;</a></span><span class="message"> <a rel="nofollow" href="https://riscv-programming.org/book/riscv-book.html">https://riscv-programming.org/book/riscv-book.html</a> </span></div><div class="line" id="235353"><span class="nick" style="color:#2e2a4a"><a href="#235353" label="[23:53:53]">&lt;stikonas&gt;</a></span><span class="message">at least this link opens with noscript enabled</span></div><div class="line" id="235509"><span class="nick" style="color:#234e69"><a href="#235509" label="[23:55:09]">&lt;oriansj&gt;</a></span><span class="message">but  not netsurf nor elinks</span></div><div class="line" id="235537"><span class="nick" style="color:#234e69"><a href="#235537" label="[23:55:37]">&lt;oriansj&gt;</a></span><span class="message">which are html web browsers</span></div><div class="line" id="235622"><span class="nick" style="color:#2e2a4a"><a href="#235622" label="[23:56:22]">&lt;stikonas&gt;</a></span><span class="message">hmm, perhaps... let me see source..</span></div><div class="line" id="235703"><span class="nick" style="color:#2e2a4a"><a href="#235703" label="[23:57:03]">&lt;stikonas&gt;</a></span><span class="message">looks like it's running some kind of pdf2html thingy</span></div><div class="line" id="235809"><span class="nick" style="color:#2e2a4a"><a href="#235809" label="[23:58:09]">&lt;stikonas&gt;</a></span><span class="message">but yes, that's annoying</span></div><div class="line" id="235811"><span class="nick" style="color:#2e2a4a"><a href="#235811" label="[23:58:11]">&lt;stikonas&gt;</a></span><span class="message">I can't see how to download it</span></div><div class="line" id="235923"><span class="nick" style="color:#234e69"><a href="#235923" label="[23:59:23]">&lt;oriansj&gt;</a></span><span class="message">and if you attempt to print to PDF you only get the first page</span></div><br /></div></body></html>