<!DOCTYPE html><html><head><title>IRC channel logs</title><style>html {
  background: #fdfdfd;
}

h1 {
  font-weight: 300;
}

h2 {
  font-weight: 200;
}

h3 {
  padding: .5em 0;
  border-top: 3px dotted #ddd;
  margin-bottom: 0;
}

form {
  width: 400px;
  display: flex;
}

input {
  width: 100%;
  display: flex;
  border-radius: .25em 0 0 .25em;
  border: 1px solid #aaa;
  border-right: 0;
  padding: 0.5em;
}

button {
  display: flex;
  border-radius: 0 .25em .25em 0;
  background-color: #007bff;
  border: 1px solid #007bff;
  padding: .5em;
  cursor: pointer;
  color: white;
}

button:hover {
  background-color: #0069d9;
  border-color: #0062cc;
}

a {
  color: #007bff;
  text-decoration: none;
}

a:hover {
  text-decoration: underline;
}

h4 {
  margin-bottom: .5em;
}

table td {
  padding: 0.75em;
}

table tr:hover {
  background: #eee;
}

.year {
  display: table;
}

.month {
  display: table-cell;
  padding-right: 1em;
}

ul {
  margin: 0;
  padding: 0;
  list-style: none;
}

.nick {
  padding-right: 0.6rem;
  font-weight: bold;
  text-align: right;
  width: 13rem;
  display: table-cell;
}

.nick a {
  color: inherit;
  text-decoration: none;
}

.message {
  display: table-cell;
  padding-left: 0.6rem;
  border-left: 2px solid #333;
}

.notice {
  color: #859900;
  font-style: italic;
}

.line {
  line-height: 1.8rem;
  display: table;
}

#logs {
  margin-top: 1.5rem;
  padding: 1.5rem;
}
</style></head><body><h1>IRC channel logs</h1><h2>2023-11-21.log</h2><p><a href="/bootstrappable">back to list of logs</a></p><div id="logs"><div class="line" id="002317"><span class="nick" style="color:#389600"><a href="#002317" label="[00:23:17]">&lt;ekaitz&gt;</a></span><span class="message">what do you people think about Zig's bootstrapping process?</span></div><div class="line" id="002322"><span class="nick" style="color:#389600"><a href="#002322" label="[00:23:22]">&lt;ekaitz&gt;</a></span><span class="message">they involved wasm in the thing</span></div><div class="line" id="002335"><span class="nick" style="color:#389600"><a href="#002335" label="[00:23:35]">&lt;ekaitz&gt;</a></span><span class="message">and I don't know how to feel about it</span></div><div class="line" id="002929"><span class="nick" style="color:#8dd3c7"><a href="#002929" label="[00:29:29]">&lt;stikonas&gt;</a></span><span class="message">ekaitz: people here mentioned wasm is still binary</span></div><div class="line" id="002941"><span class="nick" style="color:#8dd3c7"><a href="#002941" label="[00:29:41]">&lt;stikonas&gt;</a></span><span class="message">so you would have to still build multiple versions in order to do a proper bootstrap</span></div><div class="line" id="002959"><span class="nick" style="color:#389600"><a href="#002959" label="[00:29:59]">&lt;ekaitz&gt;</a></span><span class="message">yes</span></div><div class="line" id="003004"><span class="nick" style="color:#389600"><a href="#003004" label="[00:30:04]">&lt;ekaitz&gt;</a></span><span class="message">i don't really like it</span></div><div class="line" id="003009"><span class="nick" style="color:#8dd3c7"><a href="#003009" label="[00:30:09]">&lt;stikonas&gt;</a></span><span class="message">wasm is probably something like jar</span></div><div class="line" id="003011"><span class="nick" style="color:#389600"><a href="#003011" label="[00:30:11]">&lt;ekaitz&gt;</a></span><span class="message">and I don't know why they did that</span></div><div class="line" id="003012"><span class="nick" style="color:#8dd3c7"><a href="#003012" label="[00:30:12]">&lt;stikonas&gt;</a></span><span class="message">still a binary</span></div><div class="line" id="003020"><span class="nick" style="color:#8dd3c7"><a href="#003020" label="[00:30:20]">&lt;stikonas&gt;</a></span><span class="message">ekaitz: there was a blog post about that</span></div><div class="line" id="003025"><span class="nick" style="color:#2e2a4a"><a href="#003025" label="[00:30:25]">&lt;muurkha&gt;</a></span><span class="message">kind of, yeah</span></div><div class="line" id="003028"><span class="nick" style="color:#389600"><a href="#003028" label="[00:30:28]">&lt;ekaitz&gt;</a></span><span class="message">yeah, but i didn't really get why</span></div><div class="line" id="003035"><span class="nick" style="color:#8dd3c7"><a href="#003035" label="[00:30:35]">&lt;stikonas&gt;</a></span><span class="message">nobody here got it...</span></div><div class="line" id="003036"><span class="nick" style="color:#389600"><a href="#003036" label="[00:30:36]">&lt;ekaitz&gt;</a></span><span class="message">they really celebrated it</span></div><div class="line" id="003038"><span class="nick" style="color:#389600"><a href="#003038" label="[00:30:38]">&lt;ekaitz&gt;</a></span><span class="message">but...</span></div><div class="line" id="003100"><span class="nick" style="color:#8dd3c7"><a href="#003100" label="[00:31:00]">&lt;stikonas&gt;</a></span><span class="message">yeah, like &quot;we got rid of C++ requirement&quot;</span></div><div class="line" id="003113"><span class="nick" style="color:#8dd3c7"><a href="#003113" label="[00:31:13]">&lt;stikonas&gt;</a></span><span class="message">and no longer need to maintain another compiler</span></div><div class="line" id="003120"><span class="nick" style="color:#8dd3c7"><a href="#003120" label="[00:31:20]">&lt;stikonas&gt;</a></span><span class="message">standard reasons...</span></div><div class="line" id="003147"><span class="nick" style="color:#389600"><a href="#003147" label="[00:31:47]">&lt;ekaitz&gt;</a></span><span class="message">yeah but...</span></div><div class="line" id="003301"><span class="nick" style="color:#389600"><a href="#003301" label="[00:33:01]">&lt;ekaitz&gt;</a></span><span class="message">now i'm fucked</span></div><div class="line" id="003304"><span class="nick" style="color:#389600"><a href="#003304" label="[00:33:04]">&lt;ekaitz&gt;</a></span><span class="message">haha</span></div><div class="line" id="003747"><span class="nick" style="color:#8dd3c7"><a href="#003747" label="[00:37:47]">&lt;stikonas&gt;</a></span><span class="message">well, you need to check commits when webassembly was changed</span></div><div class="line" id="003753"><span class="nick" style="color:#8dd3c7"><a href="#003753" label="[00:37:53]">&lt;stikonas&gt;</a></span><span class="message">and do multiple jumps</span></div><div class="line" id="003901"><span class="nick" style="color:#8dd3c7"><a href="#003901" label="[00:39:01]">&lt;stikonas&gt;</a></span><span class="message">ideally they'll have releases then</span></div><div class="line" id="003912"><span class="nick" style="color:#8dd3c7"><a href="#003912" label="[00:39:12]">&lt;stikonas&gt;</a></span><span class="message">but in the worst case you might need git snapshots</span></div><div class="line" id="003935"><span class="nick" style="color:#8dd3c7"><a href="#003935" label="[00:39:35]">&lt;stikonas&gt;</a></span><span class="message">and hope that there aren't any commits  that immediately need new features...</span></div><div class="line" id="003957"><span class="nick" style="color:#8dd3c7"><a href="#003957" label="[00:39:57]">&lt;stikonas&gt;</a></span><span class="message">(there was a commit in bison git repo that already needed itself to build)</span></div><div class="line" id="004112"><span class="nick" style="color:#389600"><a href="#004112" label="[00:41:12]">&lt;ekaitz&gt;</a></span><span class="message">ugh...</span></div><div class="line" id="004120"><span class="nick" style="color:#389600"><a href="#004120" label="[00:41:20]">&lt;ekaitz&gt;</a></span><span class="message">this will be a lot of fun</span></div><div class="line" id="004130"><span class="nick" style="color:#389600"><a href="#004130" label="[00:41:30]">&lt;ekaitz&gt;</a></span><span class="message">i didn't even manage to make a simple package for it</span></div><div class="line" id="004147"><span class="nick" style="color:#389600"><a href="#004147" label="[00:41:47]">&lt;ekaitz&gt;</a></span><span class="message">but webassembly stuff is a pain in the ass</span></div><div class="line" id="004718"><span class="nick" style="color:#389600"><a href="#004718" label="[00:47:18]">&lt;ekaitz&gt;</a></span><span class="message">okay so i just read the post and... yeah</span></div><div class="line" id="004725"><span class="nick" style="color:#389600"><a href="#004725" label="[00:47:25]">&lt;ekaitz&gt;</a></span><span class="message">not very interesting</span></div><div class="line" id="004741"><span class="nick" style="color:#389600"><a href="#004741" label="[00:47:41]">&lt;ekaitz&gt;</a></span><span class="message">that's why I didn't get why, it doesn't really say anything</span></div><div class="line" id="004744"><span class="nick" style="color:#389600"><a href="#004744" label="[00:47:44]">&lt;ekaitz&gt;</a></span><span class="message">less code</span></div><div class="line" id="004755"><span class="nick" style="color:#389600"><a href="#004755" label="[00:47:55]">&lt;ekaitz&gt;</a></span><span class="message">just convenience</span></div><div class="line" id="004802"><span class="nick" style="color:#389600"><a href="#004802" label="[00:48:02]">&lt;ekaitz&gt;</a></span><span class="message">(for them)</span></div><div class="line" id="040153"><span class="nick" style="color:#6b8072"><a href="#040153" label="[04:01:53]">&lt;pabs3&gt;</a></span><span class="message">thats the usual reason</span></div><div class="line" id="213202"><span class="nick" style="color:#80b1d3"><a href="#213202" label="[21:32:02]">&lt;pder&gt;</a></span><span class="message">I recently built a new machine to replace my aging laptop and found that on the new machine live-bootstrap would hang on booting Fiwix.</span></div><div class="line" id="213306"><span class="nick" style="color:#8dd3c7"><a href="#213306" label="[21:33:06]">&lt;stikonas&gt;</a></span><span class="message">and no backtrace?</span></div><div class="line" id="213316"><span class="nick" style="color:#8dd3c7"><a href="#213316" label="[21:33:16]">&lt;stikonas&gt;</a></span><span class="message">(not sure if Fiwix even does those)</span></div><div class="line" id="213342"><span class="nick" style="color:#80b1d3"><a href="#213342" label="[21:33:42]">&lt;pder&gt;</a></span><span class="message">This happens consistently on the master branch- however the playground branch from Googulator works fine on this machine and continues past Fiwix to the end</span></div><div class="line" id="213359"><span class="nick" style="color:#8dd3c7"><a href="#213359" label="[21:33:59]">&lt;stikonas&gt;</a></span><span class="message">pder: oh, that's probably that bios memory map</span></div><div class="line" id="213406"><span class="nick" style="color:#8dd3c7"><a href="#213406" label="[21:34:06]">&lt;stikonas&gt;</a></span><span class="message">that Googulator talked about</span></div><div class="line" id="213622"><span class="nick" style="color:#80b1d3"><a href="#213622" label="[21:36:22]">&lt;pder&gt;</a></span><span class="message">Yeah, thats what I wondered.  Still its not clear why the host machine would make any difference</span></div><div class="line" id="213645"><span class="nick" style="color:#8dd3c7"><a href="#213645" label="[21:36:45]">&lt;stikonas&gt;</a></span><span class="message">well, its memory map might be mapping different memory locations to qemu</span></div><br /></div></body></html>