<!DOCTYPE html><html><head><title>IRC channel logs</title><style>html {
  background: #fdfdfd;
}

h1 {
  font-weight: 300;
}

h2 {
  font-weight: 200;
}

h3 {
  padding: .5em 0;
  border-top: 3px dotted #ddd;
  margin-bottom: 0;
}

form {
  width: 400px;
  display: flex;
}

input {
  width: 100%;
  display: flex;
  border-radius: .25em 0 0 .25em;
  border: 1px solid #aaa;
  border-right: 0;
  padding: 0.5em;
}

button {
  display: flex;
  border-radius: 0 .25em .25em 0;
  background-color: #007bff;
  border: 1px solid #007bff;
  padding: .5em;
  cursor: pointer;
  color: white;
}

button:hover {
  background-color: #0069d9;
  border-color: #0062cc;
}

a {
  color: #007bff;
  text-decoration: none;
}

a:hover {
  text-decoration: underline;
}

h4 {
  margin-bottom: .5em;
}

table td {
  padding: 0.75em;
}

table tr:hover {
  background: #eee;
}

.year {
  display: table;
}

.month {
  display: table-cell;
  padding-right: 1em;
}

ul {
  margin: 0;
  padding: 0;
  list-style: none;
}

.nick {
  padding-right: 0.6rem;
  font-weight: bold;
  text-align: right;
  width: 13rem;
  display: table-cell;
}

.nick a {
  color: inherit;
  text-decoration: none;
}

.message {
  display: table-cell;
  padding-left: 0.6rem;
  border-left: 2px solid #333;
}

.notice {
  color: #859900;
  font-style: italic;
}

.line {
  line-height: 1.8rem;
  display: table;
}

#logs {
  margin-top: 1.5rem;
  padding: 1.5rem;
}
</style></head><body><h1>IRC channel logs</h1><h2>2023-11-26.log</h2><p><a href="/bootstrappable">back to list of logs</a></p><div id="logs"><div class="line" id="004918"><span class="nick" style="color:#389600"><a href="#004918" label="[00:49:18]">&lt;fossy&gt;</a></span><span class="message">ok, i have moved back to using initrd, and removed linux headers 5.x in the PR -- but inexplicably, somehow, the crash issue remains!</span></div><div class="line" id="004938"><span class="nick" style="color:#389600"><a href="#004938" label="[00:49:38]">&lt;fossy&gt;</a></span><span class="message">even when the second disk is removed</span></div><div class="line" id="011028"><span class="nick" style="color:#8dd3c7"><a href="#011028" label="[01:10:28]">&lt;stikonas&gt;</a></span><span class="message">hmm... could you still be over some limit</span></div><div class="line" id="011207"><span class="nick" style="color:#389600"><a href="#011207" label="[01:12:07]">&lt;fossy&gt;</a></span><span class="message">yeah... possibly, looking at sizes now</span></div><br /></div></body></html>