<!DOCTYPE html><html><head><title>IRC channel logs</title><style>html {
  background: #fdfdfd;
}

h1 {
  font-weight: 300;
}

h2 {
  font-weight: 200;
}

h3 {
  padding: .5em 0;
  border-top: 3px dotted #ddd;
  margin-bottom: 0;
}

form {
  width: 400px;
  display: flex;
}

input {
  width: 100%;
  display: flex;
  border-radius: .25em 0 0 .25em;
  border: 1px solid #aaa;
  border-right: 0;
  padding: 0.5em;
}

button {
  display: flex;
  border-radius: 0 .25em .25em 0;
  background-color: #007bff;
  border: 1px solid #007bff;
  padding: .5em;
  cursor: pointer;
  color: white;
}

button:hover {
  background-color: #0069d9;
  border-color: #0062cc;
}

a {
  color: #007bff;
  text-decoration: none;
}

a:hover {
  text-decoration: underline;
}

h4 {
  margin-bottom: .5em;
}

table td {
  padding: 0.75em;
}

table tr:hover {
  background: #eee;
}

.year {
  display: table;
}

.month {
  display: table-cell;
  padding-right: 1em;
}

ul {
  margin: 0;
  padding: 0;
  list-style: none;
}

.nick {
  padding-right: 0.6rem;
  font-weight: bold;
  text-align: right;
  width: 13rem;
  display: table-cell;
}

.nick a {
  color: inherit;
  text-decoration: none;
}

.message {
  display: table-cell;
  padding-left: 0.6rem;
  border-left: 2px solid #333;
}

.notice {
  color: #859900;
  font-style: italic;
}

.line {
  line-height: 1.8rem;
  display: table;
}

#logs {
  margin-top: 1.5rem;
  padding: 1.5rem;
}
</style></head><body><h1>IRC channel logs</h1><h2>2023-10-03.log</h2><p><a href="/bootstrappable">back to list of logs</a></p><div id="logs"><div class="line" id="043246"><span class="nick" style="color:#389600"><a href="#043246" label="[04:32:46]">&lt;Gooberpatrol66&gt;</a></span><span class="message"> <a rel="nofollow" href="https://github.com/gradle/gradle/issues/26516">https://github.com/gradle/gradle/issues/26516</a> </span></div><div class="line" id="043254"><span class="nick" style="color:#389600"><a href="#043254" label="[04:32:54]">&lt;Gooberpatrol66&gt;</a></span><span class="message">gradle team asking for more info about bootstrapping</span></div><div class="line" id="061243"><span class="nick" style="color:#8dd3c7"><a href="#061243" label="[06:12:43]">&lt;pabs3&gt;</a></span><span class="message">ACTION wrote a comment, hope its ok</span></div><div class="line" id="064146"><span class="nick" style="color:#2e2a4a"><a href="#064146" label="[06:41:46]">&lt;janneke&gt;</a></span><span class="message">pabs3: thanks, i think that was pretty ok</span></div><div class="line" id="064252"><span class="nick" style="color:#2e2a4a"><a href="#064252" label="[06:42:52]">&lt;janneke&gt;</a></span><span class="message">if there are more questions you might mention directly why bootstrappable builds become more ipmortant:</span></div><div class="line" id="064255"><span class="nick" style="color:#2e2a4a"><a href="#064255" label="[06:42:55]">&lt;janneke&gt;</a></span><span class="message">* non</span></div><div class="line" id="064351"><span class="nick" style="color:#2e2a4a"><a href="#064351" label="[06:43:51]">&lt;janneke&gt;</a></span><span class="message">* non-bootstrappable builds may require running binary blobs &quot;from the internet&quot;; some modern distributions frown upon that (supply chain security)</span></div><div class="line" id="064456"><span class="nick" style="color:#2e2a4a"><a href="#064456" label="[06:44:56]">&lt;janneke&gt;</a></span><span class="message">* modern distros (nix, guix) have packages in an acyclic graph, they simply _cannot_ have build cycles; and without adding binary blobs, an non-bootstrappable package won't make it into such a distro</span></div><div class="line" id="114504"><span class="nick" style="color:#6b8072"><a href="#114504" label="[11:45:04]">&lt;ekaitz&gt;</a></span><span class="message">do you guys know about ROSE?</span></div><div class="line" id="114522"><span class="nick" style="color:#6b8072"><a href="#114522" label="[11:45:22]">&lt;ekaitz&gt;</a></span><span class="message"> <a rel="nofollow" href="http://rosecompiler.org/ROSE_HTML_Reference/index.html">http://rosecompiler.org/ROSE_HTML_Reference/index.html</a> </span></div><div class="line" id="114608"><span class="nick" style="color:#6b8072"><a href="#114608" label="[11:46:08]">&lt;ekaitz&gt;</a></span><span class="message">it's interesting but I don't think it's really useful for us here at the bootstrapping level</span></div><div class="line" id="114619"><span class="nick" style="color:#6b8072"><a href="#114619" label="[11:46:19]">&lt;ekaitz&gt;</a></span><span class="message">anyone had worked with/on it?</span></div><div class="line" id="145646"><span class="nick" style="color:#80b1d3"><a href="#145646" label="[14:56:46]">&lt;matrix_bridge&gt;</a></span><span class="message">&lt;Andrius Štikonas&gt; gradle closed it as wontfix...</span></div><div class="line" id="152447"><span class="nick" style="color:#2e2a4a"><a href="#152447" label="[15:24:47]">&lt;janneke&gt;</a></span><span class="message">yeah, what a surprise</span></div><div class="line" id="155819"><span class="nick" style="color:#6d2462"><a href="#155819" label="[15:58:19]">&lt;Mikaku&gt;</a></span><span class="message">hi, I'm seeing that tasks in issue #292 are not completing. It says it was expected to reach 1.0 version in July but the project seems completely halted to me</span></div><div class="line" id="155838"><span class="nick" style="color:#8dd3c7"><a href="#155838" label="[15:58:38]">&lt;pabs3&gt;</a></span><span class="message">which issue?</span></div><div class="line" id="155850"><span class="nick" style="color:#6d2462"><a href="#155850" label="[15:58:50]">&lt;Mikaku&gt;</a></span><span class="message">pabs3: &lt;<a rel="nofollow" href="https://github.com/fosslinux/live-bootstrap/issues/292">https://github.com/fosslinux/live-bootstrap/issues/292</a>&gt; </span></div><div class="line" id="160213"><span class="nick" style="color:#6d2462"><a href="#160213" label="[16:02:13]">&lt;Mikaku&gt;</a></span><span class="message">some GitHub graphs (&lt;<a rel="nofollow" href="https://github.com/fosslinux/live-bootstrap/graphs/commit-activity">https://github.com/fosslinux/live-bootstrap/graphs/commit-activity</a>&gt;)  show almost no activity in this project since July</span></div><div class="line" id="211129"><span class="nick" style="color:#234e69"><a href="#211129" label="[21:11:29]">&lt;stikonas&gt;</a></span><span class="message">Mikaku: that's because we found kind of a blocker for 1.0 release</span></div><div class="line" id="211144"><span class="nick" style="color:#234e69"><a href="#211144" label="[21:11:44]">&lt;stikonas&gt;</a></span><span class="message"> <a rel="nofollow" href="https://github.com/fosslinux/live-bootstrap/issues/306">https://github.com/fosslinux/live-bootstrap/issues/306</a> </span></div><div class="line" id="211151"><span class="nick" style="color:#234e69"><a href="#211151" label="[21:11:51]">&lt;stikonas&gt;</a></span><span class="message">and it's not clear how to fix it</span></div><div class="line" id="211205"><span class="nick" style="color:#234e69"><a href="#211205" label="[21:12:05]">&lt;stikonas&gt;</a></span><span class="message">(and despite the text saying, mes 0.26 would not fix it on its own)</span></div><div class="line" id="220500"><span class="nick" style="color:#6d2462"><a href="#220500" label="[22:05:00]">&lt;Mikaku&gt;</a></span><span class="message">stikonas: I see, thanks</span></div><div class="line" id="220549"><span class="nick" style="color:#80b1d3"><a href="#220549" label="[22:05:49]">&lt;matrix_bridge&gt;</a></span><span class="message">&lt;Andrius Štikonas&gt; Mikaku: other than that, live-bootstrap is not in bad shape</span></div><div class="line" id="220612"><span class="nick" style="color:#80b1d3"><a href="#220612" label="[22:06:12]">&lt;matrix_bridge&gt;</a></span><span class="message">&lt;Andrius Štikonas&gt; It wouldn't just break...</span></div><div class="line" id="220639"><span class="nick" style="color:#80b1d3"><a href="#220639" label="[22:06:39]">&lt;matrix_bridge&gt;</a></span><span class="message">&lt;Andrius Štikonas&gt; And I was also busy with bootstrapping on riscv64</span></div><div class="line" id="224557"><span class="nick" style="color:#234e69"><a href="#224557" label="[22:45:57]">&lt;stikonas&gt;</a></span><span class="message">Mikaku: speaking of non-x86 bootstrap, is Fiwix strictly x86 kernel or would ports to other arches be not too hard?</span></div><div class="line" id="224613"><span class="nick" style="color:#234e69"><a href="#224613" label="[22:46:13]">&lt;stikonas&gt;</a></span><span class="message">though we are nowhere close to kernel bootstrapping on riscv64...</span></div><div class="line" id="224648"><span class="nick" style="color:#234e69"><a href="#224648" label="[22:46:48]">&lt;stikonas&gt;</a></span><span class="message">(or x86_64)</span></div><br /></div></body></html>