<!DOCTYPE html><html><head><title>IRC channel logs</title><style>html {
  background: #fdfdfd;
}

h1 {
  font-weight: 300;
}

h2 {
  font-weight: 200;
}

h3 {
  padding: .5em 0;
  border-top: 3px dotted #ddd;
  margin-bottom: 0;
}

form {
  width: 400px;
  display: flex;
}

input {
  width: 100%;
  display: flex;
  border-radius: .25em 0 0 .25em;
  border: 1px solid #aaa;
  border-right: 0;
  padding: 0.5em;
}

button {
  display: flex;
  border-radius: 0 .25em .25em 0;
  background-color: #007bff;
  border: 1px solid #007bff;
  padding: .5em;
  cursor: pointer;
  color: white;
}

button:hover {
  background-color: #0069d9;
  border-color: #0062cc;
}

a {
  color: #007bff;
  text-decoration: none;
}

a:hover {
  text-decoration: underline;
}

h4 {
  margin-bottom: .5em;
}

table td {
  padding: 0.75em;
}

table tr:hover {
  background: #eee;
}

.year {
  display: table;
}

.month {
  display: table-cell;
  padding-right: 1em;
}

ul {
  margin: 0;
  padding: 0;
  list-style: none;
}

.nick {
  padding-right: 0.6rem;
  font-weight: bold;
  text-align: right;
  width: 13rem;
  display: table-cell;
}

.nick a {
  color: inherit;
  text-decoration: none;
}

.message {
  display: table-cell;
  padding-left: 0.6rem;
  border-left: 2px solid #333;
}

.notice {
  color: #859900;
  font-style: italic;
}

.line {
  line-height: 1.8rem;
  display: table;
}

#logs {
  margin-top: 1.5rem;
  padding: 1.5rem;
}
</style></head><body><h1>IRC channel logs</h1><h2>2023-12-13.log</h2><p><a href="/bootstrappable">back to list of logs</a></p><div id="logs"><div class="line" id="082027"><span class="nick" style="color:#389600"><a href="#082027" label="[08:20:27]">&lt;Guest25&gt;</a></span><span class="message">now I have built mes with itself , but now I have permission denied error with new compiled mes</span></div><div class="line" id="222704"><span class="nick" style="color:#8dd3c7"><a href="#222704" label="[22:27:04]">&lt;stikonas&gt;</a></span><span class="message">janneke: the good news is that mes-0.26 has not broken builder-hex0</span></div><div class="line" id="222711"><span class="nick" style="color:#8dd3c7"><a href="#222711" label="[22:27:11]">&lt;stikonas&gt;</a></span><span class="message">at least mes itself is running just fine on it</span></div><div class="line" id="222751"><span class="nick" style="color:#8dd3c7"><a href="#222751" label="[22:27:51]">&lt;stikonas&gt;</a></span><span class="message">though I guess attempting to run gash would cause us to hit all unimplemented syscalls</span></div><div class="line" id="225303"><span class="nick" style="color:#8dd3c7"><a href="#225303" label="[22:53:03]">&lt;stikonas&gt;</a></span><span class="message">fossy: what's the status of your PRs?</span></div><div class="line" id="225321"><span class="nick" style="color:#8dd3c7"><a href="#225321" label="[22:53:21]">&lt;stikonas&gt;</a></span><span class="message">I guess it's better to merge those first before bumping mes to 0.26?</span></div><div class="line" id="233028"><span class="nick" style="color:#2e2a4a"><a href="#233028" label="[23:30:28]">&lt;matrix_bridge&gt;</a></span><span class="message">&lt;Andrius Štikonas&gt; cosinusoidally: just tried your branch, it's indeed very fast!</span></div><br /></div></body></html>