<!DOCTYPE html><html><head><title>IRC channel logs</title><style>html {
  background: #fdfdfd;
}

h1 {
  font-weight: 300;
}

h2 {
  font-weight: 200;
}

h3 {
  padding: .5em 0;
  border-top: 3px dotted #ddd;
  margin-bottom: 0;
}

form {
  width: 400px;
  display: flex;
}

input {
  width: 100%;
  display: flex;
  border-radius: .25em 0 0 .25em;
  border: 1px solid #aaa;
  border-right: 0;
  padding: 0.5em;
}

button {
  display: flex;
  border-radius: 0 .25em .25em 0;
  background-color: #007bff;
  border: 1px solid #007bff;
  padding: .5em;
  cursor: pointer;
  color: white;
}

button:hover {
  background-color: #0069d9;
  border-color: #0062cc;
}

a {
  color: #007bff;
  text-decoration: none;
}

a:hover {
  text-decoration: underline;
}

h4 {
  margin-bottom: .5em;
}

table td {
  padding: 0.75em;
}

table tr:hover {
  background: #eee;
}

.year {
  display: table;
}

.month {
  display: table-cell;
  padding-right: 1em;
}

ul {
  margin: 0;
  padding: 0;
  list-style: none;
}

.nick {
  padding-right: 0.6rem;
  font-weight: bold;
  text-align: right;
  width: 13rem;
  display: table-cell;
}

.nick a {
  color: inherit;
  text-decoration: none;
}

.message {
  display: table-cell;
  padding-left: 0.6rem;
  border-left: 2px solid #333;
}

.notice {
  color: #859900;
  font-style: italic;
}

.line {
  line-height: 1.8rem;
  display: table;
}

#logs {
  margin-top: 1.5rem;
  padding: 1.5rem;
}
</style></head><body><h1>IRC channel logs</h1><h2>2023-07-18.log</h2><p><a href="/bootstrappable">back to list of logs</a></p><div id="logs"><div class="line" id="022950"><span class="nick" style="color:#389600"><a href="#022950" label="[02:29:50]">&lt;oriansj&gt;</a></span><span class="message">well there is a bootstrappable matrix channel as well already (which I can turn anyone into an admin or mod) which I probably should have plumbed into IRC (I just didn't know how and didn't think it was a priority)</span></div><div class="line" id="023030"><span class="nick" style="color:#389600"><a href="#023030" label="[02:30:30]">&lt;oriansj&gt;</a></span><span class="message">and it looks like my client can't do integrations; so I guess I need to figure out an alternate client that would enable that.</span></div><div class="line" id="023041"><span class="nick" style="color:#8dd3c7"><a href="#023041" label="[02:30:41]">&lt;muurkha&gt;</a></span><span class="message">whitequark has set up a bridge for #risc-v</span></div><div class="line" id="023057"><span class="nick" style="color:#8dd3c7"><a href="#023057" label="[02:30:57]">&lt;muurkha&gt;</a></span><span class="message">maybe they'd be interested in doing it for #bootstrappable too</span></div><div class="line" id="030110"><span class="nick" style="color:#2e2a4a"><a href="#030110" label="[03:01:10]">&lt;pabs3&gt;</a></span><span class="message">vagrantc's talk slides, for those not on #reproducible-builds <a rel="nofollow" href="https://www.aikidev.net/~vagrant/talks/2023/fossy/Breaking_the_Chains_of_Trusting_Trust.pdf">https://www.aikidev.net/~vagrant/talks/2023/fossy/Breaking_the_Chains_of_Trusting_Trust.pdf</a> </span></div><div class="line" id="030409"><span class="nick" style="color:#2e2a4a"><a href="#030409" label="[03:04:09]">&lt;pabs3&gt;</a></span><span class="message">(lots of bootstrappable stuff)</span></div><div class="line" id="030712"><span class="nick" style="color:#2e2a4a"><a href="#030712" label="[03:07:12]">&lt;pabs3&gt;</a></span><span class="message">hmm, that last slide misses something about distributed code review, like github.com/crev-dev</span></div><div class="line" id="032039"><span class="nick" style="color:#389600"><a href="#032039" label="[03:20:39]">&lt;oriansj&gt;</a></span><span class="message">and incorrectly fails to credit builder-hex0 and fiwix for the bare metal work done</span></div><div class="line" id="042204"><span class="nick" style="color:#389600"><a href="#042204" label="[04:22:04]">&lt;oriansj&gt;</a></span><span class="message">in semi-related news, looks like someone made a bootstrappable in the fediverse: <a rel="nofollow" href="https://slrpnk.net/c/bootstrappable">https://slrpnk.net/c/bootstrappable</a> </span></div><div class="line" id="070202"><span class="nick" style="color:#6b8072"><a href="#070202" label="[07:02:02]">&lt;stikonas[m]&gt;</a></span><span class="message">oriansj: which channel? Looks like the one on libera.chat (portalled room) will be closed</span></div><div class="line" id="084658"><span class="nick" style="color:#80b1d3"><a href="#084658" label="[08:46:58]">&lt;stikonas&gt;</a></span><span class="message">oriansj: oh I think I found it... Yeah, I think we need to plumb it to here</span></div><div class="line" id="085109"><span class="nick" style="color:#80b1d3"><a href="#085109" label="[08:51:09]">&lt;stikonas&gt;</a></span><span class="message">(unless everybody from here moves to that channel)</span></div><div class="line" id="104629"><span class="nick" style="color:#6d2462"><a href="#104629" label="[10:46:29]">&lt;nektro&gt;</a></span><span class="message">the website mentions maintaining gcc 4.7. is there a group doing this already or is it still an open issue?</span></div><div class="line" id="122320"><span class="nick" style="color:#389600"><a href="#122320" label="[12:23:20]">&lt;oriansj&gt;</a></span><span class="message">stikonas[m]: I made you an admin on that channel</span></div><div class="line" id="123648"><span class="nick" style="color:#234e69"><a href="#123648" label="[12:36:48]">&lt;ekaitz&gt;</a></span><span class="message">oriansj: I think mes is waiting for a release on M2-planet to finally merge riscv support, what do we need to make that release?</span></div><div class="line" id="135614"><span class="nick" style="color:#80b1d3"><a href="#135614" label="[13:56:14]">&lt;stikonas&gt;</a></span><span class="message">oriansj: so that room can't be plumbed...</span></div><div class="line" id="135626"><span class="nick" style="color:#80b1d3"><a href="#135626" label="[13:56:26]">&lt;stikonas&gt;</a></span><span class="message">hmm, so not sure how should we proceed</span></div><div class="line" id="135654"><span class="nick" style="color:#80b1d3"><a href="#135654" label="[13:56:54]">&lt;stikonas&gt;</a></span><span class="message">(looks like it's due to encryption)</span></div><div class="line" id="141830"><span class="nick" style="color:#389600"><a href="#141830" label="[14:18:30]">&lt;oriansj&gt;</a></span><span class="message">stikonas: guess that is entirely my fault using default settings...</span></div><div class="line" id="141922"><span class="nick" style="color:#6c3d55"><a href="#141922" label="[14:19:22]">&lt;msavoritias&gt;</a></span><span class="message">what room are we talking about?</span></div><div class="line" id="141923"><span class="nick" style="color:#80b1d3"><a href="#141923" label="[14:19:23]">&lt;stikonas&gt;</a></span><span class="message">well, nobody's fault really</span></div><div class="line" id="141944"><span class="nick" style="color:#389600"><a href="#141944" label="[14:19:44]">&lt;oriansj&gt;</a></span><span class="message">ekaitz: M2-Planet has  had riscv support since 1.10 back in 2022</span></div><div class="line" id="141948"><span class="nick" style="color:#80b1d3"><a href="#141948" label="[14:19:48]">&lt;stikonas&gt;</a></span><span class="message">msavoritias: !pjgbXsWcSQWPczRBUk:matrix.org</span></div><div class="line" id="141959"><span class="nick" style="color:#80b1d3"><a href="#141959" label="[14:19:59]">&lt;stikonas&gt;</a></span><span class="message">oriansj: riscv64 support was broken</span></div><div class="line" id="142007"><span class="nick" style="color:#6c3d55"><a href="#142007" label="[14:20:07]">&lt;msavoritias&gt;</a></span><span class="message">ah. noted</span></div><div class="line" id="142007"><span class="nick" style="color:#80b1d3"><a href="#142007" label="[14:20:07]">&lt;stikonas&gt;</a></span><span class="message">i.e. not good enough to build mes</span></div><div class="line" id="142031"><span class="nick" style="color:#80b1d3"><a href="#142031" label="[14:20:31]">&lt;stikonas&gt;</a></span><span class="message">and same for x86_64 (same bug)</span></div><div class="line" id="142045"><span class="nick" style="color:#80b1d3"><a href="#142045" label="[14:20:45]">&lt;stikonas&gt;</a></span><span class="message">so the new mes 0.25 release will need new M2-Planet release</span></div><div class="line" id="142122"><span class="nick" style="color:#389600"><a href="#142122" label="[14:21:22]">&lt;oriansj&gt;</a></span><span class="message">ah, fair enough</span></div><div class="line" id="142201"><span class="nick" style="color:#80b1d3"><a href="#142201" label="[14:22:01]">&lt;stikonas&gt;</a></span><span class="message">and as for matrix, I'm not sure what should we do now...</span></div><div class="line" id="142219"><span class="nick" style="color:#234e69"><a href="#142219" label="[14:22:19]">&lt;ekaitz&gt;</a></span><span class="message">stikonas: what can we do to make the fixes for rv64?</span></div><div class="line" id="142233"><span class="nick" style="color:#80b1d3"><a href="#142233" label="[14:22:33]">&lt;stikonas&gt;</a></span><span class="message">ekaitz: it's already fixed in M2-Planet</span></div><div class="line" id="142235"><span class="nick" style="color:#80b1d3"><a href="#142235" label="[14:22:35]">&lt;stikonas&gt;</a></span><span class="message">just needs a release</span></div><div class="line" id="142238"><span class="nick" style="color:#234e69"><a href="#142238" label="[14:22:38]">&lt;ekaitz&gt;</a></span><span class="message">oh</span></div><div class="line" id="142239"><span class="nick" style="color:#80b1d3"><a href="#142239" label="[14:22:39]">&lt;stikonas&gt;</a></span><span class="message">that bug was not rv64 specific</span></div><div class="line" id="142245"><span class="nick" style="color:#80b1d3"><a href="#142245" label="[14:22:45]">&lt;stikonas&gt;</a></span><span class="message">it was general 64-bit issue</span></div><div class="line" id="142254"><span class="nick" style="color:#234e69"><a href="#142254" label="[14:22:54]">&lt;ekaitz&gt;</a></span><span class="message">and what's preventing us from doing it?</span></div><div class="line" id="142259"><span class="nick" style="color:#80b1d3"><a href="#142259" label="[14:22:59]">&lt;stikonas&gt;</a></span><span class="message">release?</span></div><div class="line" id="142307"><span class="nick" style="color:#80b1d3"><a href="#142307" label="[14:23:07]">&lt;stikonas&gt;</a></span><span class="message">hmm, I don't really know any blockers</span></div><div class="line" id="142313"><span class="nick" style="color:#80b1d3"><a href="#142313" label="[14:23:13]">&lt;stikonas&gt;</a></span><span class="message">maybe oriansj has something</span></div><div class="line" id="142442"><span class="nick" style="color:#389600"><a href="#142442" label="[14:24:42]">&lt;oriansj&gt;</a></span><span class="message">I didn't have any objection to doing a release; just needed to update the release notes and do it (if that is needed)</span></div><div class="line" id="142457"><span class="nick" style="color:#80b1d3"><a href="#142457" label="[14:24:57]">&lt;stikonas&gt;</a></span><span class="message">release notes are mostly there</span></div><div class="line" id="142501"><span class="nick" style="color:#80b1d3"><a href="#142501" label="[14:25:01]">&lt;stikonas&gt;</a></span><span class="message">I've created a file for that</span></div><div class="line" id="142524"><span class="nick" style="color:#6b8072"><a href="#142524" label="[14:25:24]">&lt;stikonas[m]&gt;</a></span><span class="message"> <a rel="nofollow" href="https://github.com/oriansj/stage0-posix/blob/master/CHANGELOG.org">https://github.com/oriansj/stage0-posix/blob/master/CHANGELOG.org</a> </span></div><div class="line" id="142533"><span class="nick" style="color:#6b8072"><a href="#142533" label="[14:25:33]">&lt;stikonas[m]&gt;</a></span><span class="message">well, this is for the whole stage0-posix repo</span></div><div class="line" id="142541"><span class="nick" style="color:#6b8072"><a href="#142541" label="[14:25:41]">&lt;stikonas[m]&gt;</a></span><span class="message">but we can copy M2-Planet bits into there</span></div><div class="line" id="142814"><span class="nick" style="color:#80b1d3"><a href="#142814" label="[14:28:14]">&lt;stikonas&gt;</a></span><span class="message">oriansj: and I guess we have the following options: 1. lose matrix/irc bridging, move to IRC, 2. create a new unencrypted channel, plumb it to irc, redirect matrix users from encrypted channel to new one. 3. everybody from irc moves to existing encrypted matrix channel</span></div><div class="line" id="143002"><span class="nick" style="color:#389600"><a href="#143002" label="[14:30:02]">&lt;oriansj&gt;</a></span><span class="message">lets go with option 2</span></div><div class="line" id="143048"><span class="nick" style="color:#80b1d3"><a href="#143048" label="[14:30:48]">&lt;stikonas&gt;</a></span><span class="message">yeah, I suspect this is path of least pain</span></div><div class="line" id="190659"><span class="nick" style="color:#8dd3c7"><a href="#190659" label="[19:06:59]">&lt;muurkha&gt;</a></span><span class="message">I've been playing with some ideas about how to do higher-order programming without GC and without a clever compiler, using a sort of asymmetric coroutine calling convention: <a rel="nofollow" href="https://news.ycombinator.com/item?id=36768304">https://news.ycombinator.com/item?id=36768304</a> </span></div><div class="line" id="190800"><span class="nick" style="color:#8dd3c7"><a href="#190800" label="[19:08:00]">&lt;muurkha&gt;</a></span><span class="message">maybe that's only marginally on topic</span></div><div class="line" id="191137"><span class="nick" style="color:#8dd3c7"><a href="#191137" label="[19:11:37]">&lt;muurkha&gt;</a></span><span class="message">but it seems like probably some people here will enjoy it</span></div><br /></div></body></html>