<!DOCTYPE html><html><head><title>IRC channel logs</title><style>html {
  background: #fdfdfd;
}

h1 {
  font-weight: 300;
}

h2 {
  font-weight: 200;
}

h3 {
  padding: .5em 0;
  border-top: 3px dotted #ddd;
  margin-bottom: 0;
}

form {
  width: 400px;
  display: flex;
}

input {
  width: 100%;
  display: flex;
  border-radius: .25em 0 0 .25em;
  border: 1px solid #aaa;
  border-right: 0;
  padding: 0.5em;
}

button {
  display: flex;
  border-radius: 0 .25em .25em 0;
  background-color: #007bff;
  border: 1px solid #007bff;
  padding: .5em;
  cursor: pointer;
  color: white;
}

button:hover {
  background-color: #0069d9;
  border-color: #0062cc;
}

a {
  color: #007bff;
  text-decoration: none;
}

a:hover {
  text-decoration: underline;
}

h4 {
  margin-bottom: .5em;
}

table td {
  padding: 0.75em;
}

table tr:hover {
  background: #eee;
}

.year {
  display: table;
}

.month {
  display: table-cell;
  padding-right: 1em;
}

ul {
  margin: 0;
  padding: 0;
  list-style: none;
}

.nick {
  padding-right: 0.6rem;
  font-weight: bold;
  text-align: right;
  width: 13rem;
  display: table-cell;
}

.nick a {
  color: inherit;
  text-decoration: none;
}

.message {
  display: table-cell;
  padding-left: 0.6rem;
  border-left: 2px solid #333;
}

.notice {
  color: #859900;
  font-style: italic;
}

.line {
  line-height: 1.8rem;
  display: table;
}

#logs {
  margin-top: 1.5rem;
  padding: 1.5rem;
}
</style></head><body><h1>IRC channel logs</h1><h2>2023-02-14.log</h2><p><a href="/bootstrappable">back to list of logs</a></p><div id="logs"><div class="line" id="001659"><span class="nick" style="color:#389600"><a href="#001659" label="[00:16:59]">&lt;doras&gt;</a></span><span class="message">I see.</span></div><div class="line" id="064628"><span class="nick" style="color:#8dd3c7"><a href="#064628" label="[06:46:28]">&lt;fossy&gt;</a></span><span class="message">doras: good catch, thanks</span></div><div class="line" id="065002"><span class="nick" style="color:#8dd3c7"><a href="#065002" label="[06:50:02]">&lt;fossy&gt;</a></span><span class="message">stikonas[m]: do you have a link to gentoo stripping process?</span></div><div class="line" id="101225"><span class="nick" style="color:#2e2a4a"><a href="#101225" label="[10:12:25]">&lt;stikonas[m]&gt;</a></span><span class="message">fossy: <a rel="nofollow" href="https://gitweb.gentoo.org/proj/portage.git/tree/bin/estrip">https://gitweb.gentoo.org/proj/portage.git/tree/bin/estrip</a> </span></div><div class="line" id="111012"><span class="nick" style="color:#8dd3c7"><a href="#111012" label="[11:10:12]">&lt;fossy&gt;</a></span><span class="message">danke</span></div><div class="line" id="111641"><span class="nick" style="color:#8dd3c7"><a href="#111641" label="[11:16:41]">&lt;fossy&gt;</a></span><span class="message">Piraty: nodejs can stay, lets just get rid of electron :P (/hj)</span></div><div class="line" id="111717"><span class="nick" style="color:#6b8072"><a href="#111717" label="[11:17:17]">&lt;Piraty&gt;</a></span><span class="message">ACTION hands soap to fossy</span></div><div class="line" id="111717"><span class="nick" style="color:#6b8072"><a href="#111717" label="[11:17:17]">&lt;Piraty&gt;</a></span><span class="message">please go wash your mouth</span></div><div class="line" id="111756"><span class="nick" style="color:#6b8072"><a href="#111756" label="[11:17:56]">&lt;Piraty&gt;</a></span><span class="message"> <a rel="nofollow" href="https://josephg.com/blog/electron-is-flash-for-the-desktop/">https://josephg.com/blog/electron-is-flash-for-the-desktop/</a>  comes to mind</span></div><div class="line" id="111806"><span class="nick" style="color:#6b8072"><a href="#111806" label="[11:18:06]">&lt;Piraty&gt;</a></span><span class="message">everybody hated flash</span></div><div class="line" id="111822"><span class="nick" style="color:#6b8072"><a href="#111822" label="[11:18:22]">&lt;Piraty&gt;</a></span><span class="message">wait... is flash part of the bootstrap proj? ;)</span></div><div class="line" id="113900"><span class="nick" style="color:#2e2a4a"><a href="#113900" label="[11:39:00]">&lt;stikonas[m]&gt;</a></span><span class="message">Neither flash nor electron are</span></div><div class="line" id="113908"><span class="nick" style="color:#2e2a4a"><a href="#113908" label="[11:39:08]">&lt;stikonas[m]&gt;</a></span><span class="message">They are quite different though</span></div><div class="line" id="113926"><span class="nick" style="color:#2e2a4a"><a href="#113926" label="[11:39:26]">&lt;stikonas[m]&gt;</a></span><span class="message">Flash was proprietary with poor free alternatives</span></div><div class="line" id="113946"><span class="nick" style="color:#2e2a4a"><a href="#113946" label="[11:39:46]">&lt;stikonas[m]&gt;</a></span><span class="message">Electron is free and anybody can compile</span></div><div class="line" id="114006"><span class="nick" style="color:#2e2a4a"><a href="#114006" label="[11:40:06]">&lt;stikonas[m]&gt;</a></span><span class="message">Yes technically I prefer native apps</span></div><div class="line" id="114038"><span class="nick" style="color:#2e2a4a"><a href="#114038" label="[11:40:38]">&lt;stikonas[m]&gt;</a></span><span class="message">But that's nothing to do with ability to bootstrap them</span></div><div class="line" id="135104"><span class="nick" style="color:#6b8072"><a href="#135104" label="[13:51:04]">&lt;Piraty&gt;</a></span><span class="message">i'm aware and just kidding</span></div><div class="line" id="135241"><span class="nick" style="color:#80b1d3"><a href="#135241" label="[13:52:41]">&lt;muurkha&gt;</a></span><span class="message">Electron is theoretically free, but in practice it's very difficult to modify it</span></div><div class="line" id="135351"><span class="nick" style="color:#80b1d3"><a href="#135351" label="[13:53:51]">&lt;muurkha&gt;</a></span><span class="message">just because of the enormous API surface area and humongous codebase</span></div><div class="line" id="135518"><span class="nick" style="color:#6d2462"><a href="#135518" label="[13:55:18]">&lt;stikonas&gt;</a></span><span class="message">yes, but the same is true of chromium</span></div><div class="line" id="140410"><span class="nick" style="color:#80b1d3"><a href="#140410" label="[14:04:10]">&lt;muurkha&gt;</a></span><span class="message">not only is the same true of Chromium, it's literally the same API and codebase</span></div><div class="line" id="144906"><span class="nick" style="color:#6b8072"><a href="#144906" label="[14:49:06]">&lt;Piraty&gt;</a></span><span class="message">lol</span></div><div class="line" id="144909"><span class="nick" style="color:#6b8072"><a href="#144909" label="[14:49:09]">&lt;Piraty&gt;</a></span><span class="message">yes</span></div><div class="line" id="144957"><span class="nick" style="color:#6b8072"><a href="#144957" label="[14:49:57]">&lt;Piraty&gt;</a></span><span class="message">also, electron is marketed as cross platform but in fact most electron applications suck to build, even more if the target arch is != x86_64</span></div><div class="line" id="150405"><span class="nick" style="color:#6d2462"><a href="#150405" label="[15:04:05]">&lt;stikonas&gt;</a></span><span class="message">I've only tried building on x86_64...</span></div><div class="line" id="150426"><span class="nick" style="color:#6d2462"><a href="#150426" label="[15:04:26]">&lt;stikonas&gt;</a></span><span class="message">the most annoying thing is that it's just another chomium to build, so takes the whole day on my old laptop</span></div><div class="line" id="150448"><span class="nick" style="color:#6d2462"><a href="#150448" label="[15:04:48]">&lt;stikonas&gt;</a></span><span class="message">all those chromium variants are incompatible</span></div><div class="line" id="150524"><span class="nick" style="color:#6d2462"><a href="#150524" label="[15:05:24]">&lt;stikonas&gt;</a></span><span class="message">ungoogled-chromium, electron, qtwebengine are already 3, soon I'll have to build qtwebengine for Qt6 too</span></div><div class="line" id="205000"><span class="nick" style="color:#234e69"><a href="#205000" label="[20:50:00]">&lt;plasma41&gt;</a></span><span class="message">I've found the bootstrapper's dream machine :-P <a rel="nofollow" href="https://commons.wikimedia.org/wiki/File:Altair_8800_and_Model_33_ASR_Teletype_.jpg">https://commons.wikimedia.org/wiki/File:Altair_8800_and_Model_33_ASR_Teletype_.jpg</a> </span></div><div class="line" id="205040"><span class="nick" style="color:#234e69"><a href="#205040" label="[20:50:40]">&lt;plasma41&gt;</a></span><span class="message">joking, not joking</span></div><div class="line" id="205227"><span class="nick" style="color:#80b1d3"><a href="#205227" label="[20:52:27]">&lt;muurkha&gt;</a></span><span class="message">CP/M has its advantages; it can self-host, and now it's free software</span></div><br /></div></body></html>