<!DOCTYPE html><html><head><title>IRC channel logs</title><style>html {
  background: #fdfdfd;
}

h1 {
  font-weight: 300;
}

h2 {
  font-weight: 200;
}

h3 {
  padding: .5em 0;
  border-top: 3px dotted #ddd;
  margin-bottom: 0;
}

form {
  width: 400px;
  display: flex;
}

input {
  width: 100%;
  display: flex;
  border-radius: .25em 0 0 .25em;
  border: 1px solid #aaa;
  border-right: 0;
  padding: 0.5em;
}

button {
  display: flex;
  border-radius: 0 .25em .25em 0;
  background-color: #007bff;
  border: 1px solid #007bff;
  padding: .5em;
  cursor: pointer;
  color: white;
}

button:hover {
  background-color: #0069d9;
  border-color: #0062cc;
}

a {
  color: #007bff;
  text-decoration: none;
}

a:hover {
  text-decoration: underline;
}

h4 {
  margin-bottom: .5em;
}

table td {
  padding: 0.75em;
}

table tr:hover {
  background: #eee;
}

.year {
  display: table;
}

.month {
  display: table-cell;
  padding-right: 1em;
}

ul {
  margin: 0;
  padding: 0;
  list-style: none;
}

.nick {
  padding-right: 0.6rem;
  font-weight: bold;
  text-align: right;
  width: 13rem;
  display: table-cell;
}

.nick a {
  color: inherit;
  text-decoration: none;
}

.message {
  display: table-cell;
  padding-left: 0.6rem;
  border-left: 2px solid #333;
}

.notice {
  color: #859900;
  font-style: italic;
}

.line {
  line-height: 1.8rem;
  display: table;
}

#logs {
  margin-top: 1.5rem;
  padding: 1.5rem;
}
</style></head><body><h1>IRC channel logs</h1><h2>2024-07-30.log</h2><p><a href="/bootstrappable">back to list of logs</a></p><div id="logs"><div class="line" id="094053"><span class="nick" style="color:#389600"><a href="#094053" label="[09:40:53]">&lt;mid-kid&gt;</a></span><span class="message">out of curiosity, can the bare metal bootstrap be ran from UEFI?</span></div><div class="line" id="094114"><span class="nick" style="color:#389600"><a href="#094114" label="[09:41:14]">&lt;mid-kid&gt;</a></span><span class="message">alternatively I wonder if there's a setup using an initrd, and sourcing a kernel myself</span></div><div class="line" id="094300"><span class="nick" style="color:#389600"><a href="#094300" label="[09:43:00]">&lt;mid-kid&gt;</a></span><span class="message">though, I guess I'll just run the chroot mode</span></div><div class="line" id="094639"><span class="nick" style="color:#389600"><a href="#094639" label="[09:46:39]">&lt;mid-kid&gt;</a></span><span class="message">oh, the -qk option applies to the bare metal bootstrap as well, I see</span></div><div class="line" id="104554"><span class="nick" style="color:#8dd3c7"><a href="#104554" label="[10:45:54]">&lt;matrix_bridge&gt;</a></span><span class="message">&lt;Andrius Štikonas&gt; mid-kid: not MBR bare metal bootstrap</span></div><div class="line" id="104611"><span class="nick" style="color:#8dd3c7"><a href="#104611" label="[10:46:11]">&lt;matrix_bridge&gt;</a></span><span class="message">&lt;Andrius Štikonas&gt; I worked a bit on stage0-uefi</span></div><div class="line" id="104634"><span class="nick" style="color:#8dd3c7"><a href="#104634" label="[10:46:34]">&lt;matrix_bridge&gt;</a></span><span class="message">&lt;Andrius Štikonas&gt; <a rel="nofollow" href="https://git.stikonas.eu/andrius/stage0-uefi">https://git.stikonas.eu/andrius/stage0-uefi</a> </span></div><div class="line" id="104654"><span class="nick" style="color:#8dd3c7"><a href="#104654" label="[10:46:54]">&lt;matrix_bridge&gt;</a></span><span class="message">&lt;Andrius Štikonas&gt; But it won't get you usable system</span></div><div class="line" id="104816"><span class="nick" style="color:#8dd3c7"><a href="#104816" label="[10:48:16]">&lt;matrix_bridge&gt;</a></span><span class="message">&lt;Andrius Štikonas&gt; stage0-uefi itself works, then you can build posix-runner that is able to load some position independent ELF files</span></div><div class="line" id="104856"><span class="nick" style="color:#8dd3c7"><a href="#104856" label="[10:48:56]">&lt;matrix_bridge&gt;</a></span><span class="message">&lt;Andrius Štikonas&gt; And you can use it to build and run POSIX versions of mes-m2 and mes</span></div><div class="line" id="104910"><span class="nick" style="color:#8dd3c7"><a href="#104910" label="[10:49:10]">&lt;matrix_bridge&gt;</a></span><span class="message">&lt;Andrius Štikonas&gt; But that's all you get to at the moment</span></div><div class="line" id="105005"><span class="nick" style="color:#8dd3c7"><a href="#105005" label="[10:50:05]">&lt;matrix_bridge&gt;</a></span><span class="message">&lt;Andrius Štikonas&gt; As for the other option, you can run it in initrd with external kernel</span></div><div class="line" id="105029"><span class="nick" style="color:#8dd3c7"><a href="#105029" label="[10:50:29]">&lt;matrix_bridge&gt;</a></span><span class="message">&lt;Andrius Štikonas&gt; Though it might need some tweaking of configuration file...</span></div><div class="line" id="112729"><span class="nick" style="color:#389600"><a href="#112729" label="[11:27:29]">&lt;mid-kid&gt;</a></span><span class="message">I see</span></div><div class="line" id="112741"><span class="nick" style="color:#389600"><a href="#112741" label="[11:27:41]">&lt;mid-kid&gt;</a></span><span class="message">yeah I guess I'll bootstrap from a linux kernel</span></div><div class="line" id="112758"><span class="nick" style="color:#389600"><a href="#112758" label="[11:27:58]">&lt;mid-kid&gt;</a></span><span class="message">I'm just trying to figure out how to get it to build an initrd instead of a disk image</span></div><div class="line" id="112851"><span class="nick" style="color:#389600"><a href="#112851" label="[11:28:51]">&lt;mid-kid&gt;</a></span><span class="message">because the `./rootfs.py -b -qk &lt;thing&gt;` doesn't seem to be working</span></div><div class="line" id="113552"><span class="nick" style="color:#389600"><a href="#113552" label="[11:35:52]">&lt;mid-kid&gt;</a></span><span class="message">giving up...</span></div><div class="line" id="113613"><span class="nick" style="color:#389600"><a href="#113613" label="[11:36:13]">&lt;mid-kid&gt;</a></span><span class="message">seems like target/disk isn't created properly and then target/disk/initramfs doesn't exist</span></div><div class="line" id="113701"><span class="nick" style="color:#389600"><a href="#113701" label="[11:37:01]">&lt;mid-kid&gt;</a></span><span class="message">so I'll just do a chroot build</span></div><br /></div></body></html>