<!DOCTYPE html><html><head><title>IRC channel logs</title><style>html {
  background: #fdfdfd;
}

h1 {
  font-weight: 300;
}

h2 {
  font-weight: 200;
}

h3 {
  padding: .5em 0;
  border-top: 3px dotted #ddd;
  margin-bottom: 0;
}

form {
  width: 400px;
  display: flex;
}

input {
  width: 100%;
  display: flex;
  border-radius: .25em 0 0 .25em;
  border: 1px solid #aaa;
  border-right: 0;
  padding: 0.5em;
}

button {
  display: flex;
  border-radius: 0 .25em .25em 0;
  background-color: #007bff;
  border: 1px solid #007bff;
  padding: .5em;
  cursor: pointer;
  color: white;
}

button:hover {
  background-color: #0069d9;
  border-color: #0062cc;
}

a {
  color: #007bff;
  text-decoration: none;
}

a:hover {
  text-decoration: underline;
}

h4 {
  margin-bottom: .5em;
}

table td {
  padding: 0.75em;
}

table tr:hover {
  background: #eee;
}

.year {
  display: table;
}

.month {
  display: table-cell;
  padding-right: 1em;
}

ul {
  margin: 0;
  padding: 0;
  list-style: none;
}

.nick {
  padding-right: 0.6rem;
  font-weight: bold;
  text-align: right;
  width: 13rem;
  display: table-cell;
}

.nick a {
  color: inherit;
  text-decoration: none;
}

.message {
  display: table-cell;
  padding-left: 0.6rem;
  border-left: 2px solid #333;
}

.notice {
  color: #859900;
  font-style: italic;
}

.line {
  line-height: 1.8rem;
  display: table;
}

#logs {
  margin-top: 1.5rem;
  padding: 1.5rem;
}
</style></head><body><h1>IRC channel logs</h1><h2>2024-02-26.log</h2><p><a href="/bootstrappable">back to list of logs</a></p><div id="logs"><div class="line" id="010254"><span class="nick" style="color:#389600"><a href="#010254" label="[01:02:54]">&lt;vagrantc&gt;</a></span><span class="message">/30/30</span></div><div class="line" id="124134"><span class="nick" style="color:#8dd3c7"><a href="#124134" label="[12:41:34]">&lt;webczat&gt;</a></span><span class="message">hi, when I try to compile make i get mescc errors like &quot;ast-&gt;type: not supported&quot; without any other indication. what do they mean?</span></div><div class="line" id="124151"><span class="nick" style="color:#8dd3c7"><a href="#124151" label="[12:41:51]">&lt;webczat&gt;</a></span><span class="message">the file really doesn't look like it contained anything special, but idk</span></div><div class="line" id="132040"><span class="nick" style="color:#8dd3c7"><a href="#132040" label="[13:20:40]">&lt;webczat&gt;</a></span><span class="message">would be nice to learn how to actually debug problems.</span></div><div class="line" id="155030"><span class="nick" style="color:#2e2a4a"><a href="#155030" label="[15:50:30]">&lt;ekaitz&gt;</a></span><span class="message">webczat: error or warning?</span></div><div class="line" id="155115"><span class="nick" style="color:#2e2a4a"><a href="#155115" label="[15:51:15]">&lt;ekaitz&gt;</a></span><span class="message">webczat: what file are you building?</span></div><div class="line" id="155417"><span class="nick" style="color:#8dd3c7"><a href="#155417" label="[15:54:17]">&lt;webczat&gt;</a></span><span class="message">error</span></div><div class="line" id="155422"><span class="nick" style="color:#8dd3c7"><a href="#155422" label="[15:54:22]">&lt;webczat&gt;</a></span><span class="message">building the...</span></div><div class="line" id="155433"><span class="nick" style="color:#8dd3c7"><a href="#155433" label="[15:54:33]">&lt;webczat&gt;</a></span><span class="message">concat-filename.c in make</span></div><div class="line" id="155440"><span class="nick" style="color:#8dd3c7"><a href="#155440" label="[15:54:40]">&lt;webczat&gt;</a></span><span class="message">building it with mescc directly</span></div><div class="line" id="175724"><span class="nick" style="color:#2e2a4a"><a href="#175724" label="[17:57:24]">&lt;ekaitz&gt;</a></span><span class="message">webczat: hmm</span></div><div class="line" id="175754"><span class="nick" style="color:#2e2a4a"><a href="#175754" label="[17:57:54]">&lt;ekaitz&gt;</a></span><span class="message">probably something unsupported</span></div><div class="line" id="191443"><span class="nick" style="color:#8dd3c7"><a href="#191443" label="[19:14:43]">&lt;webczat&gt;</a></span><span class="message">ekaitz: okay. but what? where? how to check that?</span></div><div class="line" id="191502"><span class="nick" style="color:#8dd3c7"><a href="#191502" label="[19:15:02]">&lt;webczat&gt;</a></span><span class="message">that's the problem. i have not enough info or anything to even try to debug that</span></div><div class="line" id="191520"><span class="nick" style="color:#2e2a4a"><a href="#191520" label="[19:15:20]">&lt;ekaitz&gt;</a></span><span class="message">yeah i know</span></div><div class="line" id="191528"><span class="nick" style="color:#8dd3c7"><a href="#191528" label="[19:15:28]">&lt;webczat&gt;</a></span><span class="message">also this file really doesn't look like containing anything unsupported</span></div><div class="line" id="191528"><span class="nick" style="color:#2e2a4a"><a href="#191528" label="[19:15:28]">&lt;ekaitz&gt;</a></span><span class="message">do you have a link to that file?</span></div><div class="line" id="191545"><span class="nick" style="color:#2e2a4a"><a href="#191545" label="[19:15:45]">&lt;ekaitz&gt;</a></span><span class="message">so i can read it</span></div><div class="line" id="191550"><span class="nick" style="color:#8dd3c7"><a href="#191550" label="[19:15:50]">&lt;webczat&gt;</a></span><span class="message">ekaitz: i might probablyy transport it o  ut of that environment.  unless i fifind it inn the souurce control</span></div><div class="line" id="191905"><span class="nick" style="color:#2e2a4a"><a href="#191905" label="[19:19:05]">&lt;ekaitz&gt;</a></span><span class="message">i have make a checkout but i didn't find that file</span></div><div class="line" id="192517"><span class="nick" style="color:#8dd3c7"><a href="#192517" label="[19:25:17]">&lt;webczat&gt;</a></span><span class="message">ekaitz: it seems like it's either generated or copied to the destination place either during autoreconf or configure</span></div><div class="line" id="192542"><span class="nick" style="color:#2e2a4a"><a href="#192542" label="[19:25:42]">&lt;ekaitz&gt;</a></span><span class="message">can you paste it in a pastebin or something?</span></div><div class="line" id="192557"><span class="nick" style="color:#8dd3c7"><a href="#192557" label="[19:25:57]">&lt;webczat&gt;</a></span><span class="message">ekaitz: yes, but i need to transport it out first, sec</span></div><div class="line" id="192559"><span class="nick" style="color:#2e2a4a"><a href="#192559" label="[19:25:59]">&lt;ekaitz&gt;</a></span><span class="message">the error message you get contains some line information or it's just that?</span></div><div class="line" id="192802"><span class="nick" style="color:#8dd3c7"><a href="#192802" label="[19:28:02]">&lt;webczat&gt;</a></span><span class="message">ekaitz: i have never seen accurate line info coming from mescc tbh</span></div><div class="line" id="192807"><span class="nick" style="color:#8dd3c7"><a href="#192807" label="[19:28:07]">&lt;webczat&gt;</a></span><span class="message"> <a rel="nofollow" href="https://paste.mod.gg/ioojmeemvdhz/0">https://paste.mod.gg/ioojmeemvdhz/0</a> </span></div><div class="line" id="192833"><span class="nick" style="color:#8dd3c7"><a href="#192833" label="[19:28:33]">&lt;webczat&gt;</a></span><span class="message">no headers included. there are some light macro usages there so\</span></div><div class="line" id="193050"><span class="nick" style="color:#8dd3c7"><a href="#193050" label="[19:30:50]">&lt;webczat&gt;</a></span><span class="message">btw it might lack some lines because it is a copy i made to check if after I remove some of them it magically starts working, to try to isolate the error.</span></div><div class="line" id="193058"><span class="nick" style="color:#8dd3c7"><a href="#193058" label="[19:30:58]">&lt;webczat&gt;</a></span><span class="message">forgot about it. but nothing changed</span></div><div class="line" id="193114"><span class="nick" style="color:#8dd3c7"><a href="#193114" label="[19:31:14]">&lt;webczat&gt;</a></span><span class="message">btw, when i run mescc with the -v switch it shows the function name before the error.</span></div><div class="line" id="193412"><span class="nick" style="color:#2e2a4a"><a href="#193412" label="[19:34:12]">&lt;ekaitz&gt;</a></span><span class="message">oh this is not that large</span></div><div class="line" id="193450"><span class="nick" style="color:#2e2a4a"><a href="#193450" label="[19:34:50]">&lt;ekaitz&gt;</a></span><span class="message">pretty weird</span></div><div class="line" id="193458"><span class="nick" style="color:#2e2a4a"><a href="#193458" label="[19:34:58]">&lt;ekaitz&gt;</a></span><span class="message">i was expecting something more obvious</span></div><div class="line" id="193504"><span class="nick" style="color:#8dd3c7"><a href="#193504" label="[19:35:04]">&lt;webczat&gt;</a></span><span class="message">ekaitz: no. that's why I was surprised because it's very small and very... hmm usuall I'd say</span></div><div class="line" id="193508"><span class="nick" style="color:#2e2a4a"><a href="#193508" label="[19:35:08]">&lt;ekaitz&gt;</a></span><span class="message">but I don't see where it can be failing</span></div><div class="line" id="193514"><span class="nick" style="color:#8dd3c7"><a href="#193514" label="[19:35:14]">&lt;webczat&gt;</a></span><span class="message">me too</span></div><div class="line" id="193547"><span class="nick" style="color:#8dd3c7"><a href="#193547" label="[19:35:47]">&lt;webczat&gt;</a></span><span class="message">the problem is i have the impression any and all files are failing that way. considering it can compile the mes and things like bootstrappable tcc, this code is something really trivial</span></div><div class="line" id="193611"><span class="nick" style="color:#2e2a4a"><a href="#193611" label="[19:36:11]">&lt;ekaitz&gt;</a></span><span class="message">yep</span></div><div class="line" id="193622"><span class="nick" style="color:#2e2a4a"><a href="#193622" label="[19:36:22]">&lt;ekaitz&gt;</a></span><span class="message">it's probably something stupid we didn't think about</span></div><div class="line" id="193640"><span class="nick" style="color:#2e2a4a"><a href="#193640" label="[19:36:40]">&lt;ekaitz&gt;</a></span><span class="message">did you try with mescc that uses guile? i think that has better error reporting</span></div><div class="line" id="193727"><span class="nick" style="color:#8dd3c7"><a href="#193727" label="[19:37:27]">&lt;webczat&gt;</a></span><span class="message">ekaitz: i am in a bootstrap environment. i don't have enough support to build make, so also not guile :)</span></div><div class="line" id="193803"><span class="nick" style="color:#8dd3c7"><a href="#193803" label="[19:38:03]">&lt;webczat&gt;</a></span><span class="message">although might it be bugs in mes that would disappear when rebuilding mes with mescc? although i am pretty sure the mes is built with mescc as a part of normal bootstrap</span></div><div class="line" id="193942"><span class="nick" style="color:#2e2a4a"><a href="#193942" label="[19:39:42]">&lt;ekaitz&gt;</a></span><span class="message">yes it is</span></div><div class="line" id="194008"><span class="nick" style="color:#2e2a4a"><a href="#194008" label="[19:40:08]">&lt;ekaitz&gt;</a></span><span class="message">maybe it's some of those macro expansions in the file?</span></div><div class="line" id="194056"><span class="nick" style="color:#8dd3c7"><a href="#194056" label="[19:40:56]">&lt;webczat&gt;</a></span><span class="message">maybe, but ... i removed calls to stpcpy which is probably one of them. and other ones are kinda trivial I think. unless mescc preprocessor has problems with parameterized macros, although not sure if any of them is even used</span></div><div class="line" id="194135"><span class="nick" style="color:#2e2a4a"><a href="#194135" label="[19:41:35]">&lt;ekaitz&gt;</a></span><span class="message">hmmm</span></div><div class="line" id="194139"><span class="nick" style="color:#2e2a4a"><a href="#194139" label="[19:41:39]">&lt;ekaitz&gt;</a></span><span class="message">idk mate</span></div><div class="line" id="194218"><span class="nick" style="color:#2e2a4a"><a href="#194218" label="[19:42:18]">&lt;ekaitz&gt;</a></span><span class="message">you can try to expand it first?</span></div><div class="line" id="194253"><span class="nick" style="color:#8dd3c7"><a href="#194253" label="[19:42:53]">&lt;webczat&gt;</a></span><span class="message">ekaitz: hmm passing it through preprocessor? mb</span></div><div class="line" id="194306"><span class="nick" style="color:#2e2a4a"><a href="#194306" label="[19:43:06]">&lt;ekaitz&gt;</a></span><span class="message">yes</span></div><div class="line" id="194346"><span class="nick" style="color:#8dd3c7"><a href="#194346" label="[19:43:46]">&lt;webczat&gt;</a></span><span class="message">might be a good idea. i get a similar but a bit different error when I am missing headers. it errors out about headers, then gives an error about &quot;expr-&gt;register: not supported&quot; which is a bit different than the one I get, but</span></div><div class="line" id="194405"><span class="nick" style="color:#8dd3c7"><a href="#194405" label="[19:44:05]">&lt;webczat&gt;</a></span><span class="message">these errors really say nothing. or maybe they do? can you tell me what these errors mean, in theory?</span></div><div class="line" id="195010"><span class="nick" style="color:#8dd3c7"><a href="#195010" label="[19:50:10]">&lt;webczat&gt;</a></span><span class="message">also this is a bit older mes. although the same/similar was happening with newest one</span></div><div class="line" id="195202"><span class="nick" style="color:#8dd3c7"><a href="#195202" label="[19:52:02]">&lt;webczat&gt;</a></span><span class="message">hmm after passing this through preprocessor I really don't recognize wtf is the output.</span></div><div class="line" id="195357"><span class="nick" style="color:#8dd3c7"><a href="#195357" label="[19:53:57]">&lt;webczat&gt;</a></span><span class="message">it became kinda unreadable. it's definitely not looking like a normal preproc result</span></div><div class="line" id="195512"><span class="nick" style="color:#2e2a4a"><a href="#195512" label="[19:55:12]">&lt;ekaitz&gt;</a></span><span class="message">the error expr-&gt;register means it's trying to compile an expression and it's not able to do it</span></div><div class="line" id="195524"><span class="nick" style="color:#2e2a4a"><a href="#195524" label="[19:55:24]">&lt;ekaitz&gt;</a></span><span class="message">maybe because the expression is not implemented</span></div><div class="line" id="195540"><span class="nick" style="color:#2e2a4a"><a href="#195540" label="[19:55:40]">&lt;ekaitz&gt;</a></span><span class="message">or because it's interpreting something as an expression where it shouldn't</span></div><div class="line" id="195543"><span class="nick" style="color:#2e2a4a"><a href="#195543" label="[19:55:43]">&lt;ekaitz&gt;</a></span><span class="message">it's hard to know</span></div><div class="line" id="195617"><span class="nick" style="color:#8dd3c7"><a href="#195617" label="[19:56:17]">&lt;webczat&gt;</a></span><span class="message">what about as-&gt;type?</span></div><div class="line" id="195649"><span class="nick" style="color:#8dd3c7"><a href="#195649" label="[19:56:49]">&lt;webczat&gt;</a></span><span class="message">ekaitz: i am pretty sure you could make nicer error messages :P although unsure, haven't written any parser in my lifetime. although this seems to happen after actual parsing</span></div><div class="line" id="195657"><span class="nick" style="color:#8dd3c7"><a href="#195657" label="[19:56:57]">&lt;webczat&gt;</a></span><span class="message">*ast-&gt;type</span></div><div class="line" id="195722"><span class="nick" style="color:#2e2a4a"><a href="#195722" label="[19:57:22]">&lt;ekaitz&gt;</a></span><span class="message">haha</span></div><div class="line" id="195734"><span class="nick" style="color:#2e2a4a"><a href="#195734" label="[19:57:34]">&lt;ekaitz&gt;</a></span><span class="message">they can be improved, for sure</span></div><div class="line" id="195755"><span class="nick" style="color:#2e2a4a"><a href="#195755" label="[19:57:55]">&lt;ekaitz&gt;</a></span><span class="message">ast-&gt;type is trying to obtain the type of an expression i think</span></div><div class="line" id="195757"><span class="nick" style="color:#2e2a4a"><a href="#195757" label="[19:57:57]">&lt;ekaitz&gt;</a></span><span class="message">but i'm not sure</span></div><div class="line" id="195810"><span class="nick" style="color:#2e2a4a"><a href="#195810" label="[19:58:10]">&lt;ekaitz&gt;</a></span><span class="message">ACTION has to go</span></div><div class="line" id="195901"><span class="nick" style="color:#8dd3c7"><a href="#195901" label="[19:59:01]">&lt;webczat&gt;</a></span><span class="message">okay</span></div><br /></div></body></html>