<!DOCTYPE html><html><head><title>IRC channel logs</title><style>html {
  background: #fdfdfd;
}

h1 {
  font-weight: 300;
}

h2 {
  font-weight: 200;
}

h3 {
  padding: .5em 0;
  border-top: 3px dotted #ddd;
  margin-bottom: 0;
}

form {
  width: 400px;
  display: flex;
}

input {
  width: 100%;
  display: flex;
  border-radius: .25em 0 0 .25em;
  border: 1px solid #aaa;
  border-right: 0;
  padding: 0.5em;
}

button {
  display: flex;
  border-radius: 0 .25em .25em 0;
  background-color: #007bff;
  border: 1px solid #007bff;
  padding: .5em;
  cursor: pointer;
  color: white;
}

button:hover {
  background-color: #0069d9;
  border-color: #0062cc;
}

a {
  color: #007bff;
  text-decoration: none;
}

a:hover {
  text-decoration: underline;
}

h4 {
  margin-bottom: .5em;
}

table td {
  padding: 0.75em;
}

table tr:hover {
  background: #eee;
}

.year {
  display: table;
}

.month {
  display: table-cell;
  padding-right: 1em;
}

ul {
  margin: 0;
  padding: 0;
  list-style: none;
}

.nick {
  padding-right: 0.6rem;
  font-weight: bold;
  text-align: right;
  width: 13rem;
  display: table-cell;
}

.nick a {
  color: inherit;
  text-decoration: none;
}

.message {
  display: table-cell;
  padding-left: 0.6rem;
  border-left: 2px solid #333;
}

.notice {
  color: #859900;
  font-style: italic;
}

.line {
  line-height: 1.8rem;
  display: table;
}

#logs {
  margin-top: 1.5rem;
  padding: 1.5rem;
}
</style></head><body><h1>IRC channel logs</h1><h2>2024-03-23.log</h2><p><a href="/bootstrappable">back to list of logs</a></p><div id="logs"><div class="line" id="200634"><span class="nick" style="color:#389600"><a href="#200634" label="[20:06:34]">&lt;oriansj&gt;</a></span><span class="message">theruran: it would be more interesting if the repair manaual and replacement parts could be found.</span></div><div class="line" id="210704"><span class="nick" style="color:#8dd3c7"><a href="#210704" label="[21:07:04]">&lt;theruran&gt;</a></span><span class="message">oriansj: ain't that the truth.</span></div><div class="line" id="215409"><span class="nick" style="color:#389600"><a href="#215409" label="[21:54:09]">&lt;oriansj&gt;</a></span><span class="message">yeah, my rules for purchase are getting harder and harder to find products that qualify. <a rel="nofollow" href="https://paste.debian.net/1311788/">https://paste.debian.net/1311788/</a> </span></div><div class="line" id="215903"><span class="nick" style="color:#389600"><a href="#215903" label="[21:59:03]">&lt;oriansj&gt;</a></span><span class="message">If I knew more about manufacturing, I'd probably pick and old product (like the x200) which has readily available replacement parts and sell compatible upgrades with instruction manuals and designs (hoping that someone else comes in stealing the work and selling it at a cheaper price)</span></div><br /></div></body></html>