<!DOCTYPE html><html><head><title>IRC channel logs</title><style>html {
  background: #fdfdfd;
}

h1 {
  font-weight: 300;
}

h2 {
  font-weight: 200;
}

h3 {
  padding: .5em 0;
  border-top: 3px dotted #ddd;
  margin-bottom: 0;
}

form {
  width: 400px;
  display: flex;
}

input {
  width: 100%;
  display: flex;
  border-radius: .25em 0 0 .25em;
  border: 1px solid #aaa;
  border-right: 0;
  padding: 0.5em;
}

button {
  display: flex;
  border-radius: 0 .25em .25em 0;
  background-color: #007bff;
  border: 1px solid #007bff;
  padding: .5em;
  cursor: pointer;
  color: white;
}

button:hover {
  background-color: #0069d9;
  border-color: #0062cc;
}

a {
  color: #007bff;
  text-decoration: none;
}

a:hover {
  text-decoration: underline;
}

h4 {
  margin-bottom: .5em;
}

table td {
  padding: 0.75em;
}

table tr:hover {
  background: #eee;
}

.year {
  display: table;
}

.month {
  display: table-cell;
  padding-right: 1em;
}

ul {
  margin: 0;
  padding: 0;
  list-style: none;
}

.nick {
  padding-right: 0.6rem;
  font-weight: bold;
  text-align: right;
  width: 13rem;
  display: table-cell;
}

.nick a {
  color: inherit;
  text-decoration: none;
}

.message {
  display: table-cell;
  padding-left: 0.6rem;
  border-left: 2px solid #333;
}

.notice {
  color: #859900;
  font-style: italic;
}

.line {
  line-height: 1.8rem;
  display: table;
}

#logs {
  margin-top: 1.5rem;
  padding: 1.5rem;
}
</style></head><body><h1>IRC channel logs</h1><h2>2024-06-18.log</h2><p><a href="/bootstrappable">back to list of logs</a></p><div id="logs"><div class="line" id="010856"><span class="nick" style="color:#389600"><a href="#010856" label="[01:08:56]">&lt;pabs3&gt;</a></span><span class="message">oriansj mihi - that isn't me, just passing on the link</span></div><div class="line" id="010938"><span class="nick" style="color:#389600"><a href="#010938" label="[01:09:38]">&lt;pabs3&gt;</a></span><span class="message">mihi - in case you read logs, I don't know anything about cargo/rust sorry</span></div><div class="line" id="011152"><span class="nick" style="color:#8dd3c7"><a href="#011152" label="[01:11:52]">&lt;stikonas&gt;</a></span><span class="message">I don't know for sure, but I doubt it allows these kind of plugins...</span></div><div class="line" id="211634"><span class="nick" style="color:#2e2a4a"><a href="#211634" label="[21:16:34]">&lt;Googulator&gt;</a></span><span class="message">oriansj: do we have <a rel="nofollow" href="https://darcs.haskell.org/">https://darcs.haskell.org/</a>  archived?</span></div><div class="line" id="211804"><span class="nick" style="color:#6b8072"><a href="#211804" label="[21:18:04]">&lt;oriansj&gt;</a></span><span class="message">Googulator: not that I know of (other people were doing the haskell work so they would know better)</span></div><br /></div></body></html>