<!DOCTYPE html><html><head><title>IRC channel logs</title><style>html {
  background: #fdfdfd;
}

h1 {
  font-weight: 300;
}

h2 {
  font-weight: 200;
}

h3 {
  padding: .5em 0;
  border-top: 3px dotted #ddd;
  margin-bottom: 0;
}

form {
  width: 400px;
  display: flex;
}

input {
  width: 100%;
  display: flex;
  border-radius: .25em 0 0 .25em;
  border: 1px solid #aaa;
  border-right: 0;
  padding: 0.5em;
}

button {
  display: flex;
  border-radius: 0 .25em .25em 0;
  background-color: #007bff;
  border: 1px solid #007bff;
  padding: .5em;
  cursor: pointer;
  color: white;
}

button:hover {
  background-color: #0069d9;
  border-color: #0062cc;
}

a {
  color: #007bff;
  text-decoration: none;
}

a:hover {
  text-decoration: underline;
}

h4 {
  margin-bottom: .5em;
}

table td {
  padding: 0.75em;
}

table tr:hover {
  background: #eee;
}

.year {
  display: table;
}

.month {
  display: table-cell;
  padding-right: 1em;
}

ul {
  margin: 0;
  padding: 0;
  list-style: none;
}

.nick {
  padding-right: 0.6rem;
  font-weight: bold;
  text-align: right;
  width: 13rem;
  display: table-cell;
}

.nick a {
  color: inherit;
  text-decoration: none;
}

.message {
  display: table-cell;
  padding-left: 0.6rem;
  border-left: 2px solid #333;
}

.notice {
  color: #859900;
  font-style: italic;
}

.line {
  line-height: 1.8rem;
  display: table;
}

#logs {
  margin-top: 1.5rem;
  padding: 1.5rem;
}
</style></head><body><h1>IRC channel logs</h1><h2>2024-04-02.log</h2><p><a href="/bootstrappable">back to list of logs</a></p><div id="logs"><div class="line" id="011239"><span class="nick" style="color:#389600"><a href="#011239" label="[01:12:39]">&lt;oriansj&gt;</a></span><span class="message">fossy: well, not everyone has yet been taught proper IRC manners but they'll learn (or get themselves kicked/banned)</span></div><div class="line" id="011401"><span class="nick" style="color:#389600"><a href="#011401" label="[01:14:01]">&lt;oriansj&gt;</a></span><span class="message">stikonas: yeah, it is good that the Nexus Intruder attack is slowly starting to seep into their collective understanding of the world.</span></div><div class="line" id="182937"><span class="nick" style="color:#389600"><a href="#182937" label="[18:29:37]">&lt;oriansj&gt;</a></span><span class="message">hmmm, what if we could replace kaem build scripts with something a little more general purpose?</span></div><div class="line" id="203756"><span class="nick" style="color:#8dd3c7"><a href="#203756" label="[20:37:56]">&lt;stikonas&gt;</a></span><span class="message">oriansj: like what?</span></div><div class="line" id="204047"><span class="nick" style="color:#389600"><a href="#204047" label="[20:40:47]">&lt;oriansj&gt;</a></span><span class="message">I was looking at <a rel="nofollow" href="https://github.com/racket/zuo">https://github.com/racket/zuo</a>  and wondering how much effort it might take to get mes.c to do something similiar; thus potentially giving us a path to removing autotools</span></div><div class="line" id="204108"><span class="nick" style="color:#389600"><a href="#204108" label="[20:41:08]">&lt;oriansj&gt;</a></span><span class="message">but it is a little bit of a crazy idea</span></div><div class="line" id="205211"><span class="nick" style="color:#389600"><a href="#205211" label="[20:52:11]">&lt;oriansj&gt;</a></span><span class="message">I am pretty sure we could build it with tcc (if the effort of porting looks too hard) but again just an idea to consider</span></div><div class="line" id="222222"><span class="nick" style="color:#2e2a4a"><a href="#222222" label="[22:22:22]">&lt;mcf&gt;</a></span><span class="message">i'm having trouble with mescc (`unhandled exception: unbound-variable: (make-parameter)`), but my scheme knowledge is very limited. any idea what's going wrong? full configure and build log is here: <a rel="nofollow" href="https://0x0.st/XzE5.log">https://0x0.st/XzE5.log</a> </span></div><div class="line" id="222520"><span class="nick" style="color:#6b8072"><a href="#222520" label="[22:25:20]">&lt;Googulator&gt;</a></span><span class="message">oriansj: if replacing kaem &amp; autotools comes at the price of introducing more Lisp-syntax code, then I can't support it - too much risk of deterring future would-be-contributors</span></div><div class="line" id="231329"><span class="nick" style="color:#80b1d3"><a href="#231329" label="[23:13:29]">&lt;janneke&gt;</a></span><span class="message">mcf: it's a terribly cryptic message; you're probably not using nyacc-1.00.2</span></div><div class="line" id="232036"><span class="nick" style="color:#2e2a4a"><a href="#232036" label="[23:20:36]">&lt;mcf&gt;</a></span><span class="message">janneke: ah, yeah. i had just installed the latest nyacc (1.09.3)</span></div><div class="line" id="233842"><span class="nick" style="color:#80b1d3"><a href="#233842" label="[23:38:42]">&lt;janneke&gt;</a></span><span class="message">mcf: there will probably be support for newer versions of nyacc, but none of the recent releases are backwards compatible, so that takes some effort</span></div><div class="line" id="233915"><span class="nick" style="color:#2e2a4a"><a href="#233915" label="[23:39:15]">&lt;mcf&gt;</a></span><span class="message">i see</span></div><div class="line" id="233922"><span class="nick" style="color:#2e2a4a"><a href="#233922" label="[23:39:22]">&lt;mcf&gt;</a></span><span class="message">1.00.2 seems to have fixed it, thanks!</span></div><br /></div></body></html>