<!DOCTYPE html><html><head><title>IRC channel logs</title><style>html {
  background: #fdfdfd;
}

h1 {
  font-weight: 300;
}

h2 {
  font-weight: 200;
}

h3 {
  padding: .5em 0;
  border-top: 3px dotted #ddd;
  margin-bottom: 0;
}

form {
  width: 400px;
  display: flex;
}

input {
  width: 100%;
  display: flex;
  border-radius: .25em 0 0 .25em;
  border: 1px solid #aaa;
  border-right: 0;
  padding: 0.5em;
}

button {
  display: flex;
  border-radius: 0 .25em .25em 0;
  background-color: #007bff;
  border: 1px solid #007bff;
  padding: .5em;
  cursor: pointer;
  color: white;
}

button:hover {
  background-color: #0069d9;
  border-color: #0062cc;
}

a {
  color: #007bff;
  text-decoration: none;
}

a:hover {
  text-decoration: underline;
}

h4 {
  margin-bottom: .5em;
}

table td {
  padding: 0.75em;
}

table tr:hover {
  background: #eee;
}

.year {
  display: table;
}

.month {
  display: table-cell;
  padding-right: 1em;
}

ul {
  margin: 0;
  padding: 0;
  list-style: none;
}

.nick {
  padding-right: 0.6rem;
  font-weight: bold;
  text-align: right;
  width: 13rem;
  display: table-cell;
}

.nick a {
  color: inherit;
  text-decoration: none;
}

.message {
  display: table-cell;
  padding-left: 0.6rem;
  border-left: 2px solid #333;
}

.notice {
  color: #859900;
  font-style: italic;
}

.line {
  line-height: 1.8rem;
  display: table;
}

#logs {
  margin-top: 1.5rem;
  padding: 1.5rem;
}
</style></head><body><h1>IRC channel logs</h1><h2>2024-08-23.log</h2><p><a href="/bootstrappable">back to list of logs</a></p><div id="logs"><div class="line" id="012527"><span class="nick" style="color:#389600"><a href="#012527" label="[01:25:27]">&lt;oriansj&gt;</a></span><span class="message">my preferred way of disassembling hex0 binaries: ndisasm -e 84 -b 32 $Binary_Name</span></div><div class="line" id="213416"><span class="nick" style="color:#8dd3c7"><a href="#213416" label="[21:34:16]">&lt;ekaitz&gt;</a></span><span class="message">hi</span></div><div class="line" id="213448"><span class="nick" style="color:#8dd3c7"><a href="#213448" label="[21:34:48]">&lt;ekaitz&gt;</a></span><span class="message">i'm reading a paper: Toward a Trustable, Self-Hosting Computer System - Gabriel L. Somlo</span></div><div class="line" id="213454"><span class="nick" style="color:#8dd3c7"><a href="#213454" label="[21:34:54]">&lt;ekaitz&gt;</a></span><span class="message">is he one of us?</span></div><div class="line" id="222650"><span class="nick" style="color:#2e2a4a"><a href="#222650" label="[22:26:50]">&lt;lanodan&gt;</a></span><span class="message">Wow even went to FPGAs</span></div><div class="line" id="222837"><span class="nick" style="color:#8dd3c7"><a href="#222837" label="[22:28:37]">&lt;ekaitz&gt;</a></span><span class="message">lanodan: but is missing a real bootstrapping path :)</span></div><div class="line" id="222919"><span class="nick" style="color:#8dd3c7"><a href="#222919" label="[22:29:19]">&lt;ekaitz&gt;</a></span><span class="message">i'll send him an email about our bootstrapping project for RISC-V</span></div><div class="line" id="234943"><span class="nick" style="color:#6b8072"><a href="#234943" label="[23:49:43]">&lt;lrvick&gt;</a></span><span class="message">Anyone bootstrapped glibc from live-bootstap yet? Seems like it boils down to building glibc from a x86_64-linux-musl host, which I can't find any documented path to do.</span></div><br /></div></body></html>