<!DOCTYPE html><html><head><title>IRC channel logs</title><style>html {
  background: #fdfdfd;
}

h1 {
  font-weight: 300;
}

h2 {
  font-weight: 200;
}

h3 {
  padding: .5em 0;
  border-top: 3px dotted #ddd;
  margin-bottom: 0;
}

form {
  width: 400px;
  display: flex;
}

input {
  width: 100%;
  display: flex;
  border-radius: .25em 0 0 .25em;
  border: 1px solid #aaa;
  border-right: 0;
  padding: 0.5em;
}

button {
  display: flex;
  border-radius: 0 .25em .25em 0;
  background-color: #007bff;
  border: 1px solid #007bff;
  padding: .5em;
  cursor: pointer;
  color: white;
}

button:hover {
  background-color: #0069d9;
  border-color: #0062cc;
}

a {
  color: #007bff;
  text-decoration: none;
}

a:hover {
  text-decoration: underline;
}

h4 {
  margin-bottom: .5em;
}

table td {
  padding: 0.75em;
}

table tr:hover {
  background: #eee;
}

.year {
  display: table;
}

.month {
  display: table-cell;
  padding-right: 1em;
}

ul {
  margin: 0;
  padding: 0;
  list-style: none;
}

.nick {
  padding-right: 0.6rem;
  font-weight: bold;
  text-align: right;
  width: 13rem;
  display: table-cell;
}

.nick a {
  color: inherit;
  text-decoration: none;
}

.message {
  display: table-cell;
  padding-left: 0.6rem;
  border-left: 2px solid #333;
}

.notice {
  color: #859900;
  font-style: italic;
}

.line {
  line-height: 1.8rem;
  display: table;
}

#logs {
  margin-top: 1.5rem;
  padding: 1.5rem;
}
</style></head><body><h1>IRC channel logs</h1><h2>2024-05-28.log</h2><p><a href="/bootstrappable">back to list of logs</a></p><div id="logs"><div class="line" id="011507"><span class="nick" style="color:#389600"><a href="#011507" label="[01:15:07]">&lt;GoogulatorMobile&gt;</a></span><span class="message">Really, FSF?! <a rel="nofollow" href="https://gcdnb.pbrd.co/images/GeZdYlDtg2x0.jpg?o=1">https://gcdnb.pbrd.co/images/GeZdYlDtg2x0.jpg?o=1</a> </span></div><div class="line" id="011515"><span class="nick" style="color:#389600"><a href="#011515" label="[01:15:15]">&lt;GoogulatorMobile&gt;</a></span><span class="message">This is just... childish!</span></div><div class="line" id="011638"><span class="nick" style="color:#389600"><a href="#011638" label="[01:16:38]">&lt;GoogulatorMobile&gt;</a></span><span class="message">That's the kernel Guix built for the bootstrapped install image. I didn't alter that massive framebuffer logo in any way.</span></div><div class="line" id="043053"><span class="nick" style="color:#8dd3c7"><a href="#043053" label="[04:30:53]">&lt;oriansj&gt;</a></span><span class="message">Googulator: well no one claimed the FSF was a bunch of graphic design majors. Bad art is kinda expected from a group of programmers.</span></div><div class="line" id="113124"><span class="nick" style="color:#2e2a4a"><a href="#113124" label="[11:31:24]">&lt;clemens3&gt;</a></span><span class="message">the artists who did the early apple icons also made the early windows 95 icons</span></div><div class="line" id="113137"><span class="nick" style="color:#2e2a4a"><a href="#113137" label="[11:31:37]">&lt;clemens3&gt;</a></span><span class="message">go figure</span></div><div class="line" id="113151"><span class="nick" style="color:#2e2a4a"><a href="#113151" label="[11:31:51]">&lt;clemens3&gt;</a></span><span class="message">in hindsight, windows 95 user interface was not so bad</span></div><div class="line" id="113208"><span class="nick" style="color:#2e2a4a"><a href="#113208" label="[11:32:08]">&lt;clemens3&gt;</a></span><span class="message">even already back hand i hated everything microsucks</span></div><div class="line" id="113215"><span class="nick" style="color:#2e2a4a"><a href="#113215" label="[11:32:15]">&lt;clemens3&gt;</a></span><span class="message">hand=then</span></div><div class="line" id="135854"><span class="nick" style="color:#6b8072"><a href="#135854" label="[13:58:54]">&lt;matrix_bridge&gt;</a></span><span class="message">&lt;cosinusoidally&gt; <a rel="nofollow" href="https://logs.guix.gnu.org/bootstrappable/2024-05-28.log#011507">https://logs.guix.gnu.org/bootstrappable/2024-05-28.log#011507</a>  I agree, it seems a bit petty. I don't think the designer of that logo realise how that looks. To me that logo looks like tux is just there to scrub GNU's back.</span></div><div class="line" id="135858"><span class="nick" style="color:#80b1d3"><a href="#135858" label="[13:58:58]">&lt;fossy&gt;</a></span><span class="message">GoogulatorMobile: LOL</span></div><div class="line" id="135909"><span class="nick" style="color:#80b1d3"><a href="#135909" label="[13:59:09]">&lt;fossy&gt;</a></span><span class="message">Who approved that</span></div><div class="line" id="135934"><span class="nick" style="color:#6d2462"><a href="#135934" label="[13:59:34]">&lt;katia&gt;</a></span><span class="message">u g l y</span></div><div class="line" id="140000"><span class="nick" style="color:#80b1d3"><a href="#140000" label="[14:00:00]">&lt;fossy&gt;</a></span><span class="message">it's just .. horrible design if nothing else</span></div><div class="line" id="140052"><span class="nick" style="color:#80b1d3"><a href="#140052" label="[14:00:52]">&lt;fossy&gt;</a></span><span class="message">excessive shadows, too much text, too many logos within the logo, why the heck are the circles in the % got other little graphics on them</span></div><div class="line" id="140106"><span class="nick" style="color:#80b1d3"><a href="#140106" label="[14:01:06]">&lt;fossy&gt;</a></span><span class="message">Painful to look at</span></div><div class="line" id="140111"><span class="nick" style="color:#389600"><a href="#140111" label="[14:01:11]">&lt;GoogulatorMobile&gt;</a></span><span class="message">And the cherry on top: it *locks up* at that screen</span></div><div class="line" id="140122"><span class="nick" style="color:#80b1d3"><a href="#140122" label="[14:01:22]">&lt;fossy&gt;</a></span><span class="message">and why is it in triplicate</span></div><div class="line" id="140139"><span class="nick" style="color:#389600"><a href="#140139" label="[14:01:39]">&lt;GoogulatorMobile&gt;</a></span><span class="message">Quad-core system, but no space to render the 4th one</span></div><div class="line" id="140148"><span class="nick" style="color:#80b1d3"><a href="#140148" label="[14:01:48]">&lt;fossy&gt;</a></span><span class="message">wth</span></div><div class="line" id="140202"><span class="nick" style="color:#80b1d3"><a href="#140202" label="[14:02:02]">&lt;fossy&gt;</a></span><span class="message">is that a normal Linux kernel thing</span></div><div class="line" id="140205"><span class="nick" style="color:#234e69"><a href="#140205" label="[14:02:05]">&lt;FireFly&gt;</a></span><span class="message">yep</span></div><div class="line" id="140212"><span class="nick" style="color:#234e69"><a href="#140212" label="[14:02:12]">&lt;FireFly&gt;</a></span><span class="message">uusally its tuxes thugh</span></div><div class="line" id="140214"><span class="nick" style="color:#80b1d3"><a href="#140214" label="[14:02:14]">&lt;fossy&gt;</a></span><span class="message">tbh i haven't booted a kernel with the tux logo enabled for a very long time</span></div><div class="line" id="140215"><span class="nick" style="color:#389600"><a href="#140215" label="[14:02:15]">&lt;GoogulatorMobile&gt;</a></span><span class="message">Regular Linux renders 4 Tuxes on the same system</span></div><div class="line" id="140216"><span class="nick" style="color:#80b1d3"><a href="#140216" label="[14:02:16]">&lt;fossy&gt;</a></span><span class="message">yea</span></div><div class="line" id="140217"><span class="nick" style="color:#234e69"><a href="#140217" label="[14:02:17]">&lt;FireFly&gt;</a></span><span class="message">though*</span></div><div class="line" id="140242"><span class="nick" style="color:#80b1d3"><a href="#140242" label="[14:02:42]">&lt;fossy&gt;</a></span><span class="message">or, at least a kernel where i see the tux logo on any regularity</span></div><div class="line" id="140242"><span class="nick" style="color:#389600"><a href="#140242" label="[14:02:42]">&lt;GoogulatorMobile&gt;</a></span><span class="message">LB kernel shows tuxes too if it can detect the framebuffer properly</span></div><div class="line" id="140309"><span class="nick" style="color:#80b1d3"><a href="#140309" label="[14:03:09]">&lt;fossy&gt;</a></span><span class="message">yeah i was gonna say i suspect LB does but i don't run bare metal enough to remember</span></div><div class="line" id="140427"><span class="nick" style="color:#234e69"><a href="#140427" label="[14:04:27]">&lt;FireFly&gt;</a></span><span class="message">but yeah, that graphic is.. a choice heh</span></div><div class="line" id="140444"><span class="nick" style="color:#389600"><a href="#140444" label="[14:04:44]">&lt;GoogulatorMobile&gt;</a></span><span class="message">But, not only is it atrociously ugly and also rather offensive to the Linux kernel dev community - it also _doesn't work_</span></div><div class="line" id="140547"><span class="nick" style="color:#389600"><a href="#140547" label="[14:05:47]">&lt;GoogulatorMobile&gt;</a></span><span class="message">&amp; I did run a linux-libre kernel in this exact board before (the LB 4.9.10 one), it worked, except for the 2 Realtek NICs (wired &amp; wireless)</span></div><div class="line" id="140646"><span class="nick" style="color:#389600"><a href="#140646" label="[14:06:46]">&lt;GoogulatorMobile&gt;</a></span><span class="message">So it's not even due to hardware that requires a blob to work</span></div><div class="line" id="142812"><span class="nick" style="color:#6b8072"><a href="#142812" label="[14:28:12]">&lt;matrix_bridge&gt;</a></span><span class="message">&lt;Andrius Štikonas&gt; fossy, GoogulatorMobile by the way, why do we have so many nested kaems?</span></div><div class="line" id="142831"><span class="nick" style="color:#6b8072"><a href="#142831" label="[14:28:31]">&lt;matrix_bridge&gt;</a></span><span class="message">&lt;Andrius Štikonas&gt; Maybe we should use exec a bit more there</span></div><div class="line" id="142917"><span class="nick" style="color:#6b8072"><a href="#142917" label="[14:29:17]">&lt;matrix_bridge&gt;</a></span><span class="message">&lt;Andrius Štikonas&gt; exec is not supported in hex handwritten minimal kaem but works in C version of kaem</span></div><br /></div></body></html>