<!DOCTYPE html><html><head><title>IRC channel logs</title><style>html {
  background: #fdfdfd;
}

h1 {
  font-weight: 300;
}

h2 {
  font-weight: 200;
}

h3 {
  padding: .5em 0;
  border-top: 3px dotted #ddd;
  margin-bottom: 0;
}

form {
  width: 400px;
  display: flex;
}

input {
  width: 100%;
  display: flex;
  border-radius: .25em 0 0 .25em;
  border: 1px solid #aaa;
  border-right: 0;
  padding: 0.5em;
}

button {
  display: flex;
  border-radius: 0 .25em .25em 0;
  background-color: #007bff;
  border: 1px solid #007bff;
  padding: .5em;
  cursor: pointer;
  color: white;
}

button:hover {
  background-color: #0069d9;
  border-color: #0062cc;
}

a {
  color: #007bff;
  text-decoration: none;
}

a:hover {
  text-decoration: underline;
}

h4 {
  margin-bottom: .5em;
}

table td {
  padding: 0.75em;
}

table tr:hover {
  background: #eee;
}

.year {
  display: table;
}

.month {
  display: table-cell;
  padding-right: 1em;
}

ul {
  margin: 0;
  padding: 0;
  list-style: none;
}

.nick {
  padding-right: 0.6rem;
  font-weight: bold;
  text-align: right;
  width: 13rem;
  display: table-cell;
}

.nick a {
  color: inherit;
  text-decoration: none;
}

.message {
  display: table-cell;
  padding-left: 0.6rem;
  border-left: 2px solid #333;
}

.notice {
  color: #859900;
  font-style: italic;
}

.line {
  line-height: 1.8rem;
  display: table;
}

#logs {
  margin-top: 1.5rem;
  padding: 1.5rem;
}
</style></head><body><h1>IRC channel logs</h1><h2>2024-08-29.log</h2><p><a href="/bootstrappable">back to list of logs</a></p><div id="logs"><div class="line" id="192031"><span class="nick" style="color:#389600"><a href="#192031" label="[19:20:31]">&lt;jleightcap&gt;</a></span><span class="message">hey all, reading about this effort in-depth for the first time. extremely cool stuff going on here</span></div><div class="line" id="192047"><span class="nick" style="color:#389600"><a href="#192047" label="[19:20:47]">&lt;jleightcap&gt;</a></span><span class="message">i do a decent amount of HDL work and am interested in the efforts towards bootstrapping from hardware</span></div><div class="line" id="192128"><span class="nick" style="color:#389600"><a href="#192128" label="[19:21:28]">&lt;jleightcap&gt;</a></span><span class="message">can someone point me towards more documentation about this &quot;knight-native&quot; ISA?</span></div><div class="line" id="192220"><span class="nick" style="color:#389600"><a href="#192220" label="[19:22:20]">&lt;jleightcap&gt;</a></span><span class="message">or let me know if there's other directions being considered since <a rel="nofollow" href="https://github.com/oriansj/stage0/blob/master/Programming%20notes.org#what-is-it">https://github.com/oriansj/stage0/blob/master/Programming%20notes.org#what-is-it</a> </span></div><br /></div></body></html>