<!DOCTYPE html><html><head><title>IRC channel logs</title><style>html {
  background: #fdfdfd;
}

h1 {
  font-weight: 300;
}

h2 {
  font-weight: 200;
}

h3 {
  padding: .5em 0;
  border-top: 3px dotted #ddd;
  margin-bottom: 0;
}

form {
  width: 400px;
  display: flex;
}

input {
  width: 100%;
  display: flex;
  border-radius: .25em 0 0 .25em;
  border: 1px solid #aaa;
  border-right: 0;
  padding: 0.5em;
}

button {
  display: flex;
  border-radius: 0 .25em .25em 0;
  background-color: #007bff;
  border: 1px solid #007bff;
  padding: .5em;
  cursor: pointer;
  color: white;
}

button:hover {
  background-color: #0069d9;
  border-color: #0062cc;
}

a {
  color: #007bff;
  text-decoration: none;
}

a:hover {
  text-decoration: underline;
}

h4 {
  margin-bottom: .5em;
}

table td {
  padding: 0.75em;
}

table tr:hover {
  background: #eee;
}

.year {
  display: table;
}

.month {
  display: table-cell;
  padding-right: 1em;
}

ul {
  margin: 0;
  padding: 0;
  list-style: none;
}

.nick {
  padding-right: 0.6rem;
  font-weight: bold;
  text-align: right;
  width: 13rem;
  display: table-cell;
}

.nick a {
  color: inherit;
  text-decoration: none;
}

.message {
  display: table-cell;
  padding-left: 0.6rem;
  border-left: 2px solid #333;
}

.notice {
  color: #859900;
  font-style: italic;
}

.line {
  line-height: 1.8rem;
  display: table;
}

#logs {
  margin-top: 1.5rem;
  padding: 1.5rem;
}
</style></head><body><h1>IRC channel logs</h1><h2>2024-05-03.log</h2><p><a href="/bootstrappable">back to list of logs</a></p><div id="logs"><div class="line" id="041541"><span class="nick" style="color:#389600"><a href="#041541" label="[04:15:41]">&lt;pabs3&gt;</a></span><span class="message">kpcyrd: re code review, have you looked at crev? <a rel="nofollow" href="https://github.com/crev-dev/">https://github.com/crev-dev/</a> </span></div><div class="line" id="095944"><span class="nick" style="color:#8dd3c7"><a href="#095944" label="[09:59:44]">&lt;kpcyrd&gt;</a></span><span class="message">pabs3: <a rel="nofollow" href="https://github.com/kpcyrd/crev-proofs">https://github.com/kpcyrd/crev-proofs</a>  :)</span></div><div class="line" id="100043"><span class="nick" style="color:#389600"><a href="#100043" label="[10:00:43]">&lt;pabs3&gt;</a></span><span class="message">ah, guess that counts as endorsement :)</span></div><div class="line" id="100139"><span class="nick" style="color:#389600"><a href="#100139" label="[10:01:39]">&lt;pabs3&gt;</a></span><span class="message">you might want to update the link in your README, it redirects elsewhere, and that links to a new location <a rel="nofollow" href="https://github.com/crev-dev/crev/wiki/Proof-Repository">https://github.com/crev-dev/crev/wiki/Proof-Repository</a> </span></div><div class="line" id="100218"><span class="nick" style="color:#8dd3c7"><a href="#100218" label="[10:02:18]">&lt;kpcyrd&gt;</a></span><span class="message">I did 15 reviews, 7 in 2019, 4 in 2021, 4 in 2023</span></div><div class="line" id="100233"><span class="nick" style="color:#8dd3c7"><a href="#100233" label="[10:02:33]">&lt;kpcyrd&gt;</a></span><span class="message">the readme is auto-generated from back then</span></div><div class="line" id="100315"><span class="nick" style="color:#8dd3c7"><a href="#100315" label="[10:03:15]">&lt;kpcyrd&gt;</a></span><span class="message">&lt;!-- Feel free to customize this file below this line --&gt;</span></div><div class="line" id="100317"><span class="nick" style="color:#8dd3c7"><a href="#100317" label="[10:03:17]">&lt;kpcyrd&gt;</a></span><span class="message">mhm</span></div><br /></div></body></html>