<!DOCTYPE html><html><head><title>IRC channel logs</title><style>html {
  background: #fdfdfd;
}

h1 {
  font-weight: 300;
}

h2 {
  font-weight: 200;
}

h3 {
  padding: .5em 0;
  border-top: 3px dotted #ddd;
  margin-bottom: 0;
}

form {
  width: 400px;
  display: flex;
}

input {
  width: 100%;
  display: flex;
  border-radius: .25em 0 0 .25em;
  border: 1px solid #aaa;
  border-right: 0;
  padding: 0.5em;
}

button {
  display: flex;
  border-radius: 0 .25em .25em 0;
  background-color: #007bff;
  border: 1px solid #007bff;
  padding: .5em;
  cursor: pointer;
  color: white;
}

button:hover {
  background-color: #0069d9;
  border-color: #0062cc;
}

a {
  color: #007bff;
  text-decoration: none;
}

a:hover {
  text-decoration: underline;
}

h4 {
  margin-bottom: .5em;
}

table td {
  padding: 0.75em;
}

table tr:hover {
  background: #eee;
}

.year {
  display: table;
}

.month {
  display: table-cell;
  padding-right: 1em;
}

ul {
  margin: 0;
  padding: 0;
  list-style: none;
}

.nick {
  padding-right: 0.6rem;
  font-weight: bold;
  text-align: right;
  width: 13rem;
  display: table-cell;
}

.nick a {
  color: inherit;
  text-decoration: none;
}

.message {
  display: table-cell;
  padding-left: 0.6rem;
  border-left: 2px solid #333;
}

.notice {
  color: #859900;
  font-style: italic;
}

.line {
  line-height: 1.8rem;
  display: table;
}

#logs {
  margin-top: 1.5rem;
  padding: 1.5rem;
}
</style></head><body><h1>IRC channel logs</h1><h2>2024-08-27.log</h2><p><a href="/bootstrappable">back to list of logs</a></p><div id="logs"><div class="line" id="030616"><span class="nick" style="color:#389600"><a href="#030616" label="[03:06:16]">&lt;kpcyrd&gt;</a></span><span class="message">I've added live-bootstrap inputs to whatsrc.org: <a rel="nofollow" href="https://whatsrc.org/artifact/sha256:c365874794187f8444e5d22998cd5888ffa47f36def4b77517a808dec27c0600">https://whatsrc.org/artifact/sha256:c365874794187f8444e5d22998cd5888ffa47f36def4b77517a808dec27c0600</a> </span></div><div class="line" id="221055"><span class="nick" style="color:#8dd3c7"><a href="#221055" label="[22:10:55]">&lt;matrix_bridge&gt;</a></span><span class="message">&lt;Andrius Štikonas&gt; Dozer sounds interesting indeed (if it gets somewhere)</span></div><div class="line" id="221143"><span class="nick" style="color:#8dd3c7"><a href="#221143" label="[22:11:43]">&lt;matrix_bridge&gt;</a></span><span class="message">&lt;Andrius Štikonas&gt; Potentially giving us completely different bootstrap path</span></div><div class="line" id="221238"><span class="nick" style="color:#8dd3c7"><a href="#221238" label="[22:12:38]">&lt;matrix_bridge&gt;</a></span><span class="message">&lt;Andrius Štikonas&gt; Current bootstrap path works but is quite convoluted</span></div><div class="line" id="221435"><span class="nick" style="color:#8dd3c7"><a href="#221435" label="[22:14:35]">&lt;matrix_bridge&gt;</a></span><span class="message">&lt;Andrius Štikonas&gt; Partially due to overly complex build system</span></div><br /></div></body></html>