<!DOCTYPE html><html><head><title>IRC channel logs</title><style>html {
  background: #fdfdfd;
}

h1 {
  font-weight: 300;
}

h2 {
  font-weight: 200;
}

h3 {
  padding: .5em 0;
  border-top: 3px dotted #ddd;
  margin-bottom: 0;
}

form {
  width: 400px;
  display: flex;
}

input {
  width: 100%;
  display: flex;
  border-radius: .25em 0 0 .25em;
  border: 1px solid #aaa;
  border-right: 0;
  padding: 0.5em;
}

button {
  display: flex;
  border-radius: 0 .25em .25em 0;
  background-color: #007bff;
  border: 1px solid #007bff;
  padding: .5em;
  cursor: pointer;
  color: white;
}

button:hover {
  background-color: #0069d9;
  border-color: #0062cc;
}

a {
  color: #007bff;
  text-decoration: none;
}

a:hover {
  text-decoration: underline;
}

h4 {
  margin-bottom: .5em;
}

table td {
  padding: 0.75em;
}

table tr:hover {
  background: #eee;
}

.year {
  display: table;
}

.month {
  display: table-cell;
  padding-right: 1em;
}

ul {
  margin: 0;
  padding: 0;
  list-style: none;
}

.nick {
  padding-right: 0.6rem;
  font-weight: bold;
  text-align: right;
  width: 13rem;
  display: table-cell;
}

.nick a {
  color: inherit;
  text-decoration: none;
}

.message {
  display: table-cell;
  padding-left: 0.6rem;
  border-left: 2px solid #333;
}

.notice {
  color: #859900;
  font-style: italic;
}

.line {
  line-height: 1.8rem;
  display: table;
}

#logs {
  margin-top: 1.5rem;
  padding: 1.5rem;
}
</style></head><body><h1>IRC channel logs</h1><h2>2024-06-05.log</h2><p><a href="/bootstrappable">back to list of logs</a></p><div id="logs"><div class="line" id="005944"><span class="nick" style="color:#389600"><a href="#005944" label="[00:59:44]">&lt;Googulator&gt;</a></span><span class="message">oriansj: notably, unmarked pregenerated files create a sort of unintentional double standard towards languages: because Haskell / GHC always shipped its pregenerated .hc files separately from the main sources, we're fully aware of the potential risks of Haskell not being bootstrapped, and there's work ongoing to solve it. By contrast, Ruby &amp; Vala</span></div><div class="line" id="005945"><span class="nick" style="color:#389600"><a href="#005945" label="[00:59:45]">&lt;Googulator&gt;</a></span><span class="message">include pregenerated C &quot;sources&quot; in their regular packages - as a result, even Guix just uses pregenerated code to bring up these languages, without much awareness.</span></div><div class="line" id="010506"><span class="nick" style="color:#8dd3c7"><a href="#010506" label="[01:05:06]">&lt;stikonas&gt;</a></span><span class="message">yeah, but on the other hand ruby probably has far smaller header files compares to .hc</span></div><div class="line" id="010614"><span class="nick" style="color:#389600"><a href="#010614" label="[01:06:14]">&lt;Googulator&gt;</a></span><span class="message">well, Haskell is probably one of the most complex languages in existence, which is part of why it's so difficult to bootstrap</span></div><div class="line" id="033533"><span class="nick" style="color:#2e2a4a"><a href="#033533" label="[03:35:33]">&lt;pabs3&gt;</a></span><span class="message">ACTION wrote some things about generated files for Debian <a rel="nofollow" href="https://wiki.debian.org/AutoGeneratedFiles">https://wiki.debian.org/AutoGeneratedFiles</a>  </span></div><div class="line" id="033554"><span class="nick" style="color:#2e2a4a"><a href="#033554" label="[03:35:54]">&lt;pabs3&gt;</a></span><span class="message">and a long time ago one for games upstreams: <a rel="nofollow" href="https://www.freedesktop.org/wiki/Games/Upstream/#source">https://www.freedesktop.org/wiki/Games/Upstream/#source</a> </span></div><div class="line" id="035644"><span class="nick" style="color:#2e2a4a"><a href="#035644" label="[03:56:44]">&lt;pabs3&gt;</a></span><span class="message">are there other pages about pregenerated files? for eg one on bootstrappable.org or the wiki?</span></div><div class="line" id="090405"><span class="nick" style="color:#6b8072"><a href="#090405" label="[09:04:05]">&lt;janus&gt;</a></span><span class="message">there is a haskell conference starting tomorrow outside Zurich, in Rapperswil</span></div><div class="line" id="090455"><span class="nick" style="color:#6b8072"><a href="#090455" label="[09:04:55]">&lt;janus&gt;</a></span><span class="message">during the last year, a retired haskell OG named Lennart has started a small implementation of Haskell called MicroHs</span></div><div class="line" id="090505"><span class="nick" style="color:#6b8072"><a href="#090505" label="[09:05:05]">&lt;janus&gt;</a></span><span class="message">and a build system called MicroCabal</span></div><div class="line" id="090514"><span class="nick" style="color:#6b8072"><a href="#090514" label="[09:05:14]">&lt;janus&gt;</a></span><span class="message">it might make it easier to bootstrap haskell eventually</span></div><div class="line" id="090543"><span class="nick" style="color:#6b8072"><a href="#090543" label="[09:05:43]">&lt;janus&gt;</a></span><span class="message">but there are just so many versions of GHC haskell over the years</span></div><div class="line" id="090622"><span class="nick" style="color:#6b8072"><a href="#090622" label="[09:06:22]">&lt;janus&gt;</a></span><span class="message">if MicroHs were to build one of them, both the GHC to build and MicroHs itself needs changes</span></div><div class="line" id="090629"><span class="nick" style="color:#6b8072"><a href="#090629" label="[09:06:29]">&lt;janus&gt;</a></span><span class="message">anyway i'll be at the conference</span></div><div class="line" id="174938"><span class="nick" style="color:#2e2a4a"><a href="#174938" label="[17:49:38]">&lt;pabs3&gt;</a></span><span class="message">presumably these? <a rel="nofollow" href="https://github.com/augustss/MicroHs">https://github.com/augustss/MicroHs</a>  <a rel="nofollow" href="https://github.com/augustss/MicroCabal">https://github.com/augustss/MicroCabal</a> </span></div><div class="line" id="175424"><span class="nick" style="color:#80b1d3"><a href="#175424" label="[17:54:24]">&lt;lanodan&gt;</a></span><span class="message">Seems blobbed <a rel="nofollow" href="https://github.com/augustss/MicroHs/blob/master/Makefile#L39">https://github.com/augustss/MicroHs/blob/master/Makefile#L39</a>  <a rel="nofollow" href="https://github.com/augustss/MicroHs/blob/master/generated/mhs.c">https://github.com/augustss/MicroHs/blob/master/generated/mhs.c</a> </span></div><div class="line" id="175626"><span class="nick" style="color:#80b1d3"><a href="#175626" label="[17:56:26]">&lt;lanodan&gt;</a></span><span class="message">That said a small implementation could make it easier bootstrap</span></div><div class="line" id="183722"><span class="nick" style="color:#6b8072"><a href="#183722" label="[18:37:22]">&lt;janus&gt;</a></span><span class="message">it's blobbed if you wanna go from C... would be nice if it was in Guile, i agree ;)</span></div><div class="line" id="183747"><span class="nick" style="color:#6b8072"><a href="#183747" label="[18:37:47]">&lt;janus&gt;</a></span><span class="message">but it's an improvement over shipping .hc files right?</span></div><div class="line" id="193921"><span class="nick" style="color:#8dd3c7"><a href="#193921" label="[19:39:21]">&lt;stikonas&gt;</a></span><span class="message">still, there is no reason it has to be blobbed...</span></div><div class="line" id="193937"><span class="nick" style="color:#8dd3c7"><a href="#193937" label="[19:39:37]">&lt;stikonas&gt;</a></span><span class="message">if blob is huge, then it's no different from .hs files</span></div><div class="line" id="205324"><span class="nick" style="color:#6b8072"><a href="#205324" label="[20:53:24]">&lt;janus&gt;</a></span><span class="message">i suppose it depends what you mean by 'blobbed'</span></div><div class="line" id="205343"><span class="nick" style="color:#6b8072"><a href="#205343" label="[20:53:43]">&lt;janus&gt;</a></span><span class="message">stikonas: i suspect the c file is shipped such that you can start using MicroHs without having GHC available</span></div><div class="line" id="205433"><span class="nick" style="color:#6b8072"><a href="#205433" label="[20:54:33]">&lt;janus&gt;</a></span><span class="message">not sure if 'there is no reason' is hyperbole or not</span></div><div class="line" id="211232"><span class="nick" style="color:#8dd3c7"><a href="#211232" label="[21:12:32]">&lt;stikonas&gt;</a></span><span class="message">well that might be the reason, but that's not useful for bootstrapping</span></div><div class="line" id="211239"><span class="nick" style="color:#8dd3c7"><a href="#211239" label="[21:12:39]">&lt;stikonas&gt;</a></span><span class="message">for bootstrapping you want an implementation in another language</span></div><div class="line" id="211302"><span class="nick" style="color:#8dd3c7"><a href="#211302" label="[21:13:02]">&lt;stikonas&gt;</a></span><span class="message">not a array in C file that is secretly a binary</span></div><br /></div></body></html>