<!DOCTYPE html><html><head><title>IRC channel logs</title><style>html {
  background: #fdfdfd;
}

h1 {
  font-weight: 300;
}

h2 {
  font-weight: 200;
}

h3 {
  padding: .5em 0;
  border-top: 3px dotted #ddd;
  margin-bottom: 0;
}

form {
  width: 400px;
  display: flex;
}

input {
  width: 100%;
  display: flex;
  border-radius: .25em 0 0 .25em;
  border: 1px solid #aaa;
  border-right: 0;
  padding: 0.5em;
}

button {
  display: flex;
  border-radius: 0 .25em .25em 0;
  background-color: #007bff;
  border: 1px solid #007bff;
  padding: .5em;
  cursor: pointer;
  color: white;
}

button:hover {
  background-color: #0069d9;
  border-color: #0062cc;
}

a {
  color: #007bff;
  text-decoration: none;
}

a:hover {
  text-decoration: underline;
}

h4 {
  margin-bottom: .5em;
}

table td {
  padding: 0.75em;
}

table tr:hover {
  background: #eee;
}

.year {
  display: table;
}

.month {
  display: table-cell;
  padding-right: 1em;
}

ul {
  margin: 0;
  padding: 0;
  list-style: none;
}

.nick {
  padding-right: 0.6rem;
  font-weight: bold;
  text-align: right;
  width: 13rem;
  display: table-cell;
}

.nick a {
  color: inherit;
  text-decoration: none;
}

.message {
  display: table-cell;
  padding-left: 0.6rem;
  border-left: 2px solid #333;
}

.notice {
  color: #859900;
  font-style: italic;
}

.line {
  line-height: 1.8rem;
  display: table;
}

#logs {
  margin-top: 1.5rem;
  padding: 1.5rem;
}
</style></head><body><h1>IRC channel logs</h1><h2>2024-04-26.log</h2><p><a href="/bootstrappable">back to list of logs</a></p><div id="logs"><div class="line" id="000132"><span class="nick" style="color:#389600"><a href="#000132" label="[00:01:32]">&lt;stikonas&gt;</a></span><span class="message">oriansj: I did another test with unxz just now</span></div><div class="line" id="000141"><span class="nick" style="color:#389600"><a href="#000141" label="[00:01:41]">&lt;stikonas&gt;</a></span><span class="message">so tcc/musl toolchain is able to build unxz just fine</span></div><div class="line" id="000149"><span class="nick" style="color:#389600"><a href="#000149" label="[00:01:49]">&lt;stikonas&gt;</a></span><span class="message">(i.e. it doens't crash)</span></div><div class="line" id="000512"><span class="nick" style="color:#389600"><a href="#000512" label="[00:05:12]">&lt;stikonas&gt;</a></span><span class="message">tcc/meslibc also works (though was significantly slower)</span></div><div class="line" id="000624"><span class="nick" style="color:#389600"><a href="#000624" label="[00:06:24]">&lt;stikonas&gt;</a></span><span class="message">probably some M2-Planet bug then</span></div><div class="line" id="040823"><span class="nick" style="color:#8dd3c7"><a href="#040823" label="[04:08:23]">&lt;plasma41&gt;</a></span><span class="message"> <a rel="nofollow" href="https://cloudblogs.microsoft.com/opensource/2024/04/25/open-sourcing-ms-dos-4-0/">https://cloudblogs.microsoft.com/opensource/2024/04/25/open-sourcing-ms-dos-4-0/</a>  !!!</span></div><div class="line" id="040958"><span class="nick" style="color:#8dd3c7"><a href="#040958" label="[04:09:58]">&lt;plasma41&gt;</a></span><span class="message">Looks to include BIOS source code too!</span></div><div class="line" id="044813"><span class="nick" style="color:#8dd3c7"><a href="#044813" label="[04:48:13]">&lt;plasma41&gt;</a></span><span class="message">(hmm, maybe not the whole BIOS. Might just be parts that DOS hooks into the interrupt vector table to divert calls away from the ROM BIOS. Still reading through it.)</span></div><div class="line" id="052151"><span class="nick" style="color:#2e2a4a"><a href="#052151" label="[05:21:51]">&lt;matrix_bridge&gt;</a></span><span class="message">&lt;Christoph&gt; There's an interview with a Haskell engeneer which might explain something about why bootstrappability has no priority in the Haskell community: <a rel="nofollow" href="https://haskell.foundation/podcast/41/">https://haskell.foundation/podcast/41/</a>  They have much bigger problems. There are many much easier ways to attack instead of trusting trust. Maybe it's similar to car traffic in Germany: before a speed limit is put up, someone has to die in an accident first.</span></div><br /></div></body></html>