<!DOCTYPE html><html><head><title>IRC channel logs</title><style>html {
  background: #fdfdfd;
}

h1 {
  font-weight: 300;
}

h2 {
  font-weight: 200;
}

h3 {
  padding: .5em 0;
  border-top: 3px dotted #ddd;
  margin-bottom: 0;
}

form {
  width: 400px;
  display: flex;
}

input {
  width: 100%;
  display: flex;
  border-radius: .25em 0 0 .25em;
  border: 1px solid #aaa;
  border-right: 0;
  padding: 0.5em;
}

button {
  display: flex;
  border-radius: 0 .25em .25em 0;
  background-color: #007bff;
  border: 1px solid #007bff;
  padding: .5em;
  cursor: pointer;
  color: white;
}

button:hover {
  background-color: #0069d9;
  border-color: #0062cc;
}

a {
  color: #007bff;
  text-decoration: none;
}

a:hover {
  text-decoration: underline;
}

h4 {
  margin-bottom: .5em;
}

table td {
  padding: 0.75em;
}

table tr:hover {
  background: #eee;
}

.year {
  display: table;
}

.month {
  display: table-cell;
  padding-right: 1em;
}

ul {
  margin: 0;
  padding: 0;
  list-style: none;
}

.nick {
  padding-right: 0.6rem;
  font-weight: bold;
  text-align: right;
  width: 13rem;
  display: table-cell;
}

.nick a {
  color: inherit;
  text-decoration: none;
}

.message {
  display: table-cell;
  padding-left: 0.6rem;
  border-left: 2px solid #333;
}

.notice {
  color: #859900;
  font-style: italic;
}

.line {
  line-height: 1.8rem;
  display: table;
}

#logs {
  margin-top: 1.5rem;
  padding: 1.5rem;
}
</style></head><body><h1>IRC channel logs</h1><h2>2024-03-11.log</h2><p><a href="/bootstrappable">back to list of logs</a></p><div id="logs"><div class="line" id="013719"><span class="nick" style="color:#389600"><a href="#013719" label="[01:37:19]">&lt;oriansj&gt;</a></span><span class="message">pabs3: I like the idea; it is a logical extension of the idea of using glass transistors which enable optical inspection.</span></div><div class="line" id="040924"><span class="nick" style="color:#8dd3c7"><a href="#040924" label="[04:09:24]">&lt;pabs3&gt;</a></span><span class="message">not suitable for every malicious change (like that doping paper some time ago) but a useful technique yeah</span></div><div class="line" id="081035"><span class="nick" style="color:#2e2a4a"><a href="#081035" label="[08:10:35]">&lt;Guest85&gt;</a></span><span class="message">Hello, I wanted to change the rootfs.py file to bash, help me find the error #!/bin/bash</span></div><div class="line" id="081035"><span class="nick" style="color:#2e2a4a"><a href="#081035" label="[08:10:35]">&lt;Guest85&gt;</a></span><span class="message">create_config() {</span></div><div class="line" id="081036"><span class="nick" style="color:#2e2a4a"><a href="#081036" label="[08:10:36]">&lt;Guest85&gt;</a></span><span class="message">    local config_path=&quot;steps/bootstrap.cfg&quot;</span></div><div class="line" id="081036"><span class="nick" style="color:#2e2a4a"><a href="#081036" label="[08:10:36]">&lt;Guest85&gt;</a></span><span class="message">    cat &gt; &quot;$config_path&quot; &lt;&lt;EOF</span></div><div class="line" id="081037"><span class="nick" style="color:#2e2a4a"><a href="#081037" label="[08:10:37]">&lt;Guest85&gt;</a></span><span class="message">FORCE_TIMESTAMPS=$1</span></div><div class="line" id="081037"><span class="nick" style="color:#2e2a4a"><a href="#081037" label="[08:10:37]">&lt;Guest85&gt;</a></span><span class="message">CHROOT=${2:-$3}</span></div><div class="line" id="081038"><span class="nick" style="color:#2e2a4a"><a href="#081038" label="[08:10:38]">&lt;Guest85&gt;</a></span><span class="message">UPDATE_CHECKSUMS=$4</span></div><div class="line" id="081038"><span class="nick" style="color:#2e2a4a"><a href="#081038" label="[08:10:38]">&lt;Guest85&gt;</a></span><span class="message">JOBS=$5</span></div><div class="line" id="081039"><span class="nick" style="color:#2e2a4a"><a href="#081039" label="[08:10:39]">&lt;Guest85&gt;</a></span><span class="message">SWAP_SIZE=$6</span></div><div class="line" id="081039"><span class="nick" style="color:#2e2a4a"><a href="#081039" label="[08:10:39]">&lt;Guest85&gt;</a></span><span class="message">FINAL_JOBS=$5</span></div><div class="line" id="081040"><span class="nick" style="color:#2e2a4a"><a href="#081040" label="[08:10:40]">&lt;Guest85&gt;</a></span><span class="message">INTERNAL_CI=${7:-false}</span></div><div class="line" id="081040"><span class="nick" style="color:#2e2a4a"><a href="#081040" label="[08:10:40]">&lt;Guest85&gt;</a></span><span class="message">INTERACTIVE=$8</span></div><div class="line" id="081041"><span class="nick" style="color:#2e2a4a"><a href="#081041" label="[08:10:41]">&lt;Guest85&gt;</a></span><span class="message">BARE_METAL=$9</span></div><div class="line" id="081041"><span class="nick" style="color:#2e2a4a"><a href="#081041" label="[08:10:41]">&lt;Guest85&gt;</a></span><span class="message">EOF</span></div><div class="line" id="081042"><span class="nick" style="color:#2e2a4a"><a href="#081042" label="[08:10:42]">&lt;Guest85&gt;</a></span><span class="message">    if [[ ($9 || $10) &amp;&amp; -z $11 ]]; then</span></div><div class="line" id="081042"><span class="nick" style="color:#2e2a4a"><a href="#081042" label="[08:10:42]">&lt;Guest85&gt;</a></span><span class="message">        echo &quot;DISK=sdb1&quot; &gt;&gt; &quot;$config_path&quot;</span></div><div class="line" id="081043"><span class="nick" style="color:#2e2a4a"><a href="#081043" label="[08:10:43]">&lt;Guest85&gt;</a></span><span class="message">        echo &quot;KERNEL_BOOTSTRAP=True&quot; &gt;&gt; &quot;$config_path&quot;</span></div><div class="line" id="081043"><span class="nick" style="color:#2e2a4a"><a href="#081043" label="[08:10:43]">&lt;Guest85&gt;</a></span><span class="message">    else</span></div><div class="line" id="081055"><span class="nick" style="color:#2e2a4a"><a href="#081055" label="[08:10:55]">&lt;Guest85&gt;</a></span><span class="message">    elif [[ $bare_metal ]]; then</span></div><div class="line" id="081055"><span class="nick" style="color:#2e2a4a"><a href="#081055" label="[08:10:55]">&lt;Guest85&gt;</a></span><span class="message">        if [[ $kernel ]]; then</span></div><div class="line" id="081056"><span class="nick" style="color:#2e2a4a"><a href="#081056" label="[08:10:56]">&lt;Guest85&gt;</a></span><span class="message">            local path=&quot;$target/$(bash -c &quot;generator_relpath \&quot;$target\&quot;&quot;)&quot;</span></div><div class="line" id="081056"><span class="nick" style="color:#2e2a4a"><a href="#081056" label="[08:10:56]">&lt;Guest85&gt;</a></span><span class="message">            echo &quot;Please: 1. Take $path/initramfs and your kernel, boot using this. 2. Take $path/disk.img and put this on a writable storage medium.&quot;</span></div><div class="line" id="081057"><span class="nick" style="color:#2e2a4a"><a href="#081057" label="[08:10:57]">&lt;Guest85&gt;</a></span><span class="message">        else</span></div><div class="line" id="081057"><span class="nick" style="color:#2e2a4a"><a href="#081057" label="[08:10:57]">&lt;Guest85&gt;</a></span><span class="message">            local path=&quot;$target/$(bash -c &quot;generator_relpath \&quot;$target\&quot;&quot;)&quot;</span></div><div class="line" id="081058"><span class="nick" style="color:#2e2a4a"><a href="#081058" label="[08:10:58]">&lt;Guest85&gt;</a></span><span class="message">            echo &quot;Please: 1. Take $path.img and write it to a boot drive and then boot it.&quot;</span></div><div class="line" id="081058"><span class="nick" style="color:#2e2a4a"><a href="#081058" label="[08:10:58]">&lt;Guest85&gt;</a></span><span class="message">        fi</span></div><div class="line" id="081059"><span class="nick" style="color:#2e2a4a"><a href="#081059" label="[08:10:59]">&lt;Guest85&gt;</a></span><span class="message">    fi</span></div><div class="line" id="081059"><span class="nick" style="color:#2e2a4a"><a href="#081059" label="[08:10:59]">&lt;Guest85&gt;</a></span><span class="message">}</span></div><div class="line" id="081100"><span class="nick" style="color:#2e2a4a"><a href="#081100" label="[08:11:00]">&lt;Guest85&gt;</a></span><span class="message">main() {</span></div><div class="line" id="081100"><span class="nick" style="color:#2e2a4a"><a href="#081100" label="[08:11:00]">&lt;Guest85&gt;</a></span><span class="message">    local arch target cores swap qemu_cmd qemu_ram target_size</span></div><div class="line" id="081101"><span class="nick" style="color:#2e2a4a"><a href="#081101" label="[08:11:01]">&lt;Guest85&gt;</a></span><span class="message">    local chroot bwrap bare_metal kernel</span></div><div class="line" id="081101"><span class="nick" style="color:#2e2a4a"><a href="#081101" label="[08:11:01]">&lt;Guest85&gt;</a></span><span class="message">    while [[ $# -gt 0 ]]; do</span></div><div class="line" id="081102"><span class="nick" style="color:#2e2a4a"><a href="#081102" label="[08:11:02]">&lt;Guest85&gt;</a></span><span class="message">        case &quot;$1&quot; in</span></div><div class="line" id="081102"><span class="nick" style="color:#2e2a4a"><a href="#081102" label="[08:11:02]">&lt;Guest85&gt;</a></span><span class="message">            -a|--arch) arch=$2; shift 2;;</span></div><div class="line" id="081103"><span class="nick" style="color:#2e2a4a"><a href="#081103" label="[08:11:03]">&lt;Guest85&gt;</a></span><span class="message">            -c|--chroot) chroot=true; shift;;</span></div><div class="line" id="081103"><span class="nick" style="color:#2e2a4a"><a href="#081103" label="[08:11:03]">&lt;Guest85&gt;</a></span><span class="message">            -bw|--bwrap) bwrap=true; shift;;</span></div><div class="line" id="081115"><span class="nick" style="color:#2e2a4a"><a href="#081115" label="[08:11:15]">&lt;Guest85&gt;</a></span><span class="message">    qemu_cmd=${qemu_cmd:-qemu-system-x86_64}</span></div><div class="line" id="081115"><span class="nick" style="color:#2e2a4a"><a href="#081115" label="[08:11:15]">&lt;Guest85&gt;</a></span><span class="message">    qemu_ram=${qemu_ram:-4096}</span></div><div class="line" id="081116"><span class="nick" style="color:#2e2a4a"><a href="#081116" label="[08:11:16]">&lt;Guest85&gt;</a></span><span class="message">    target_size=${target_size:-16G}</span></div><div class="line" id="081116"><span class="nick" style="color:#2e2a4a"><a href="#081116" label="[08:11:16]">&lt;Guest85&gt;</a></span><span class="message">    if [[ $qemu &amp;&amp; $chroot ]] || [[ $qemu &amp;&amp; $bwrap ]] || [[ $qemu &amp;&amp; $bare_metal ]] || \</span></div><div class="line" id="081117"><span class="nick" style="color:#2e2a4a"><a href="#081117" label="[08:11:17]">&lt;Guest85&gt;</a></span><span class="message">       [[ $chroot &amp;&amp; $bwrap ]] || [[ $chroot &amp;&amp; $bare_metal ]] || [[ $bwrap &amp;&amp; $bare_metal ]]; then</span></div><div class="line" id="081117"><span class="nick" style="color:#2e2a4a"><a href="#081117" label="[08:11:17]">&lt;Guest85&gt;</a></span><span class="message">        echo &quot;Error: No more than one of qemu, chroot, bwrap, bare metal may be used.&quot;; exit 1</span></div><div class="line" id="081118"><span class="nick" style="color:#2e2a4a"><a href="#081118" label="[08:11:18]">&lt;Guest85&gt;</a></span><span class="message">    elif [[ ! $qemu &amp;&amp; ! $chroot &amp;&amp; ! $bwrap &amp;&amp; ! $bare_metal ]]; then</span></div><div class="line" id="081118"><span class="nick" style="color:#2e2a4a"><a href="#081118" label="[08:11:18]">&lt;Guest85&gt;</a></span><span class="message">        echo &quot;Error: One of qemu, chroot, bwrap, or bare metal must be selected.&quot;; exit 1</span></div><div class="line" id="081119"><span class="nick" style="color:#2e2a4a"><a href="#081119" label="[08:11:19]">&lt;Guest85&gt;</a></span><span class="message">    fi</span></div><div class="line" id="081119"><span class="nick" style="color:#2e2a4a"><a href="#081119" label="[08:11:19]">&lt;Guest85&gt;</a></span><span class="message">    if [[ $arch != &quot;x86&quot; ]]; then</span></div><div class="line" id="081120"><span class="nick" style="color:#2e2a4a"><a href="#081120" label="[08:11:20]">&lt;Guest85&gt;</a></span><span class="message">        echo &quot;Only x86 is supported at the moment, other arches are for development only.&quot;</span></div><div class="line" id="081120"><span class="nick" style="color:#2e2a4a"><a href="#081120" label="[08:11:20]">&lt;Guest85&gt;</a></span><span class="message">    fi</span></div><div class="line" id="081121"><span class="nick" style="color:#2e2a4a"><a href="#081121" label="[08:11:21]">&lt;Guest85&gt;</a></span><span class="message">    if [[ $bwrap &amp;&amp; $tmpfs ]]; then</span></div><div class="line" id="081121"><span class="nick" style="color:#2e2a4a"><a href="#081121" label="[08:11:21]">&lt;Guest85&gt;</a></span><span class="message">        echo &quot;Error: tmpfs cannot be used with bwrap.&quot;; exit 1</span></div><div class="line" id="081122"><span class="nick" style="color:#2e2a4a"><a href="#081122" label="[08:11:22]">&lt;Guest85&gt;</a></span><span class="message">    fi</span></div><div class="line" id="081122"><span class="nick" style="color:#2e2a4a"><a href="#081122" label="[08:11:22]">&lt;Guest85&gt;</a></span><span class="message">    if [[ $cores -lt 1 ]]; then</span></div><div class="line" id="081123"><span class="nick" style="color:#2e2a4a"><a href="#081123" label="[08:11:23]">&lt;Guest85&gt;</a></span><span class="message">        echo &quot;Error: Must use one or more cores.&quot;; exit 1</span></div><div class="line" id="081123"><span class="nick" style="color:#2e2a4a"><a href="#081123" label="[08:11:23]">&lt;Guest85&gt;</a></span><span class="message">    fi</span></div><div class="line" id="081235"><span class="nick" style="color:#6b8072"><a href="#081235" label="[08:12:35]">&lt;Foxboron&gt;</a></span><span class="message">Generally refrain from pasting code into IRC. It spams the channel</span></div><div class="line" id="081520"><span class="nick" style="color:#2e2a4a"><a href="#081520" label="[08:15:20]">&lt;Guest85&gt;</a></span><span class="message">sorry</span></div><div class="line" id="191402"><span class="nick" style="color:#389600"><a href="#191402" label="[19:14:02]">&lt;oriansj&gt;</a></span><span class="message">Guest85: you can use sites like paste.debian.net and just share those links (it also provides syntax highlighting)</span></div><div class="line" id="192832"><span class="nick" style="color:#80b1d3"><a href="#192832" label="[19:28:32]">&lt;stikonas&gt;</a></span><span class="message">newer qemu versions seems to be randomly segfaulting with stage0-posix-riscv64 and aarch64...</span></div><div class="line" id="192848"><span class="nick" style="color:#80b1d3"><a href="#192848" label="[19:28:48]">&lt;stikonas&gt;</a></span><span class="message">riscv32 seems to work though</span></div><div class="line" id="193653"><span class="nick" style="color:#389600"><a href="#193653" label="[19:36:53]">&lt;oriansj&gt;</a></span><span class="message">hmm, either qemu regression or we need to improve compliance with some standard I don't know about yet.</span></div><div class="line" id="204634"><span class="nick" style="color:#6d2462"><a href="#204634" label="[20:46:34]">&lt;matrix_bridge&gt;</a></span><span class="message">&lt;Andrius Štikonas&gt; Could again be some brk issue, qemu is not that good with brk</span></div><br /></div></body></html>