<!DOCTYPE html><html><head><title>IRC channel logs</title><style>html {
  background: #fdfdfd;
}

h1 {
  font-weight: 300;
}

h2 {
  font-weight: 200;
}

h3 {
  padding: .5em 0;
  border-top: 3px dotted #ddd;
  margin-bottom: 0;
}

form {
  width: 400px;
  display: flex;
}

input {
  width: 100%;
  display: flex;
  border-radius: .25em 0 0 .25em;
  border: 1px solid #aaa;
  border-right: 0;
  padding: 0.5em;
}

button {
  display: flex;
  border-radius: 0 .25em .25em 0;
  background-color: #007bff;
  border: 1px solid #007bff;
  padding: .5em;
  cursor: pointer;
  color: white;
}

button:hover {
  background-color: #0069d9;
  border-color: #0062cc;
}

a {
  color: #007bff;
  text-decoration: none;
}

a:hover {
  text-decoration: underline;
}

h4 {
  margin-bottom: .5em;
}

table td {
  padding: 0.75em;
}

table tr:hover {
  background: #eee;
}

.year {
  display: table;
}

.month {
  display: table-cell;
  padding-right: 1em;
}

ul {
  margin: 0;
  padding: 0;
  list-style: none;
}

.nick {
  padding-right: 0.6rem;
  font-weight: bold;
  text-align: right;
  width: 13rem;
  display: table-cell;
}

.nick a {
  color: inherit;
  text-decoration: none;
}

.message {
  display: table-cell;
  padding-left: 0.6rem;
  border-left: 2px solid #333;
}

.notice {
  color: #859900;
  font-style: italic;
}

.line {
  line-height: 1.8rem;
  display: table;
}

#logs {
  margin-top: 1.5rem;
  padding: 1.5rem;
}
</style></head><body><h1>IRC channel logs</h1><h2>2024-07-18.log</h2><p><a href="/bootstrappable">back to list of logs</a></p><div id="logs"><div class="line" id="000746"><span class="nick" style="color:#389600"><a href="#000746" label="[00:07:46]">&lt;oriansj&gt;</a></span><span class="message">aggi: well there will likely be future porting work to GCC-4.7 as we will be wishing to preserve it as part of the chain until something better comes along.</span></div><div class="line" id="000808"><span class="nick" style="color:#389600"><a href="#000808" label="[00:08:08]">&lt;oriansj&gt;</a></span><span class="message">and new architectures are expected to appear over the next 10-50 years.</span></div><div class="line" id="234627"><span class="nick" style="color:#389600"><a href="#234627" label="[23:46:27]">&lt;oriansj&gt;</a></span><span class="message">tfgbvhrdjeugvbithnejbdlbdtnvejijjebdrfgcjegc</span></div><div class="line" id="234754"><span class="nick" style="color:#8dd3c7"><a href="#234754" label="[23:47:54]">&lt;stikonas&gt;</a></span><span class="message">yubikey?</span></div><br /></div></body></html>