<!DOCTYPE html><html><head><title>IRC channel logs</title><style>html {
  background: #fdfdfd;
}

h1 {
  font-weight: 300;
}

h2 {
  font-weight: 200;
}

h3 {
  padding: .5em 0;
  border-top: 3px dotted #ddd;
  margin-bottom: 0;
}

form {
  width: 400px;
  display: flex;
}

input {
  width: 100%;
  display: flex;
  border-radius: .25em 0 0 .25em;
  border: 1px solid #aaa;
  border-right: 0;
  padding: 0.5em;
}

button {
  display: flex;
  border-radius: 0 .25em .25em 0;
  background-color: #007bff;
  border: 1px solid #007bff;
  padding: .5em;
  cursor: pointer;
  color: white;
}

button:hover {
  background-color: #0069d9;
  border-color: #0062cc;
}

a {
  color: #007bff;
  text-decoration: none;
}

a:hover {
  text-decoration: underline;
}

h4 {
  margin-bottom: .5em;
}

table td {
  padding: 0.75em;
}

table tr:hover {
  background: #eee;
}

.year {
  display: table;
}

.month {
  display: table-cell;
  padding-right: 1em;
}

ul {
  margin: 0;
  padding: 0;
  list-style: none;
}

.nick {
  padding-right: 0.6rem;
  font-weight: bold;
  text-align: right;
  width: 13rem;
  display: table-cell;
}

.nick a {
  color: inherit;
  text-decoration: none;
}

.message {
  display: table-cell;
  padding-left: 0.6rem;
  border-left: 2px solid #333;
}

.notice {
  color: #859900;
  font-style: italic;
}

.line {
  line-height: 1.8rem;
  display: table;
}

#logs {
  margin-top: 1.5rem;
  padding: 1.5rem;
}
</style></head><body><h1>IRC channel logs</h1><h2>2024-04-19.log</h2><p><a href="/bootstrappable">back to list of logs</a></p><div id="logs"><div class="line" id="002057"><span class="nick" style="color:#389600"><a href="#002057" label="[00:20:57]">&lt;Googulator&gt;</a></span><span class="message">stikonas: please test <a rel="nofollow" href="https://github.com/fosslinux/live-bootstrap/pull/464">https://github.com/fosslinux/live-bootstrap/pull/464</a> </span></div><div class="line" id="002130"><span class="nick" style="color:#8dd3c7"><a href="#002130" label="[00:21:30]">&lt;stikonas&gt;</a></span><span class="message">yeah, ok</span></div><div class="line" id="002136"><span class="nick" style="color:#8dd3c7"><a href="#002136" label="[00:21:36]">&lt;stikonas&gt;</a></span><span class="message">probably won't know till tomorrow</span></div><div class="line" id="002139"><span class="nick" style="color:#8dd3c7"><a href="#002139" label="[00:21:39]">&lt;stikonas&gt;</a></span><span class="message">though this has to work</span></div><div class="line" id="002332"><span class="nick" style="color:#8dd3c7"><a href="#002332" label="[00:23:32]">&lt;stikonas&gt;</a></span><span class="message">Googulator: by the way, it's strange that heirloom yacc was not working with musl...</span></div><div class="line" id="002336"><span class="nick" style="color:#8dd3c7"><a href="#002336" label="[00:23:36]">&lt;stikonas&gt;</a></span><span class="message">but oh well...</span></div><div class="line" id="002352"><span class="nick" style="color:#8dd3c7"><a href="#002352" label="[00:23:52]">&lt;stikonas&gt;</a></span><span class="message">I initially took the recipe from musl sytem that gio created</span></div><div class="line" id="002404"><span class="nick" style="color:#389600"><a href="#002404" label="[00:24:04]">&lt;Googulator&gt;</a></span><span class="message">It runs, but generates code that confuses tcc</span></div><div class="line" id="002405"><span class="nick" style="color:#8dd3c7"><a href="#002405" label="[00:24:05]">&lt;stikonas&gt;</a></span><span class="message"> <a rel="nofollow" href="https://gitlab.com/giomasce/nbs">https://gitlab.com/giomasce/nbs</a> </span></div><div class="line" id="002413"><span class="nick" style="color:#8dd3c7"><a href="#002413" label="[00:24:13]">&lt;stikonas&gt;</a></span><span class="message">oh well...</span></div><div class="line" id="002421"><span class="nick" style="color:#8dd3c7"><a href="#002421" label="[00:24:21]">&lt;stikonas&gt;</a></span><span class="message">things work now anyway</span></div><div class="line" id="122427"><span class="nick" style="color:#2e2a4a"><a href="#122427" label="[12:24:27]">&lt;Hagfish&gt;</a></span><span class="message">Very recent Python versions allow for the use of SOURCE_DATE_EPOCH to remove determinism from precompiled Python libraries (.pyc).</span></div><div class="line" id="122450"><span class="nick" style="color:#2e2a4a"><a href="#122450" label="[12:24:50]">&lt;Hagfish&gt;</a></span><span class="message">should that say &quot;non-determinism&quot;, or am i getting confused by some sort of triple negative?</span></div><div class="line" id="124459"><span class="nick" style="color:#6b8072"><a href="#124459" label="[12:44:59]">&lt;lanodan&gt;</a></span><span class="message">Seems like confusion, as SOURCE_DATE_EPOCH is to achieve/get deterministic builds.</span></div><div class="line" id="131757"><span class="nick" style="color:#80b1d3"><a href="#131757" label="[13:17:57]">&lt;matrix_bridge&gt;</a></span><span class="message">&lt;Andrius Štikonas&gt; Yeah, probably a typo</span></div><div class="line" id="134349"><span class="nick" style="color:#2e2a4a"><a href="#134349" label="[13:43:49]">&lt;Hagfish&gt;</a></span><span class="message">yes, i like &quot;achieve determinism in&quot; more than &quot;remove non-determinism from&quot;, and i can see how those two ideas got merged into one contradiction</span></div><div class="line" id="134509"><span class="nick" style="color:#2e2a4a"><a href="#134509" label="[13:45:09]">&lt;Hagfish&gt;</a></span><span class="message">this was something i noticed in parts.rst, which i still think is one of the greatest documents to ever be committed to any software repo</span></div><div class="line" id="135820"><span class="nick" style="color:#6d2462"><a href="#135820" label="[13:58:20]">&lt;oriansj&gt;</a></span><span class="message">Hagfish: I agree, Live-bootstrap is a priceless gem.</span></div><br /></div></body></html>